#
# There is insufficient memory for the Java Runtime Environment to continue.
# Native memory allocation (malloc) failed to allocate 32744 bytes. Error detail: Chunk::new
# Possible reasons:
#   The system is out of physical RAM or swap space
#   This process is running with CompressedOops enabled, and the Java Heap may be blocking the growth of the native heap
# Possible solutions:
#   Reduce memory load on the system
#   Increase physical memory or swap space
#   Check if swap backing store is full
#   Decrease Java heap size (-Xmx/-Xms)
#   Decrease number of Java threads
#   Decrease Java thread stack sizes (-Xss)
#   Set larger code cache with -XX:ReservedCodeCacheSize=
#   JVM is running with Zero Based Compressed Oops mode in which the Java heap is
#     placed in the first 32GB address space. The Java Heap base address is the
#     maximum limit for the native heap growth. Please use -XX:HeapBaseMinAddress
#     to set the Java Heap base and to place the Java Heap above 32GB virtual address.
# This output file may be truncated or incomplete.
#
#  Out of Memory Error (arena.cpp:168), pid=22192, tid=22504
#
# JRE version: OpenJDK Runtime Environment Temurin-21.0.10+7 (21.0.10+7) (build 21.0.10+7-LTS)
# Java VM: OpenJDK 64-Bit Server VM Temurin-21.0.10+7 (21.0.10+7-LTS, mixed mode, sharing, tiered, compressed oops, compressed class ptrs, g1 gc, windows-amd64)
# No core dump will be written. Minidumps are not enabled by default on client versions of Windows
#

---------------  S U M M A R Y ------------

Command Line: -Dcom.sun.management.jmxremote -Dcom.sun.management.jmxremote.port=53447 -Dcom.sun.management.jmxremote.authenticate=false -Dcom.sun.management.jmxremote.ssl=false -Dspring.jmx.enabled=true -Djava.rmi.server.hostname=localhost -Dspring.application.admin.enabled=true -Dspring.boot.project.name=BE_DUANTOTNGHIEP_BANVEXEMPHIM -XX:+ShowCodeDetailsInExceptionMessages com.fpoly.duan.BeDuantotnghiepBanvexemphimApplication

Host: 12th Gen Intel(R) Core(TM) i5-12450H, 12 cores, 15G,  Windows 11 , 64 bit Build 22621 (10.0.22621.5415)
Time: Sun Apr 19 23:40:58 2026 SE Asia Standard Time elapsed time: 98.872813 seconds (0d 0h 1m 38s)

---------------  T H R E A D  ---------------

Current thread (0x00000280b39f5f10):  JavaThread "C2 CompilerThread0" daemon [_thread_in_native, id=22504, stack(0x000000f3f8100000,0x000000f3f8200000) (1024K)]


Current CompileTask:
C2:98872 12944       4       org.springframework.security.web.util.OnCommittedResponseWrapper$SaveContextServletOutputStream::write (20 bytes)

Stack: [0x000000f3f8100000,0x000000f3f8200000]
Native frames: (J=compiled Java code, j=interpreted, Vv=VM code, C=native code)
V  [jvm.dll+0x6d7a39]
V  [jvm.dll+0x8b4b26]
V  [jvm.dll+0x8b70de]
V  [jvm.dll+0x8b77c3]
V  [jvm.dll+0x284346]
V  [jvm.dll+0xc66ed]
V  [jvm.dll+0xc6c31]
V  [jvm.dll+0x3c3ea5]
V  [jvm.dll+0x5def44]
V  [jvm.dll+0x1e3d7b]
V  [jvm.dll+0x24c6b3]
V  [jvm.dll+0x24bb40]
V  [jvm.dll+0x1cb34e]
V  [jvm.dll+0x25b85d]
V  [jvm.dll+0x259dea]
V  [jvm.dll+0x3f857e]
V  [jvm.dll+0x85f59d]
V  [jvm.dll+0x6d626d]
C  [ucrtbase.dll+0x29333]
C  [KERNEL32.DLL+0x1259d]
C  [ntdll.dll+0x5af78]


---------------  P R O C E S S  ---------------

Threads class SMR info:
_java_thread_list=0x00000280fb062390, length=36, elements={
0x00000280b39e54c0, 0x00000280b39e70a0, 0x00000280b39e7a70, 0x00000280b39e80e0,
0x00000280b39f1a60, 0x00000280b39f4eb0, 0x00000280b39f5f10, 0x00000280b3a005e0,
0x00000280b3b6a7f0, 0x00000280b3bd6eb0, 0x00000280f957bb90, 0x00000280f9430760,
0x00000280f948af20, 0x00000280fb509b80, 0x00000280fb508e60, 0x00000280fb506d90,
0x00000280fa415590, 0x00000280fa417660, 0x00000280fa415c20, 0x00000280feb93460,
0x00000280feb8f2c0, 0x00000280feb8df10, 0x00000280feb8e5a0, 0x00000280feb90d00,
0x00000280feb91390, 0x00000280feb91a20, 0x00000280feb920b0, 0x00000280feb92740,
0x00000280feb92dd0, 0x00000280feb93af0, 0x00000280feb94180, 0x00000280fa416fd0,
0x00000280fa4141e0, 0x00000280fb507ab0, 0x00000280fd97a210, 0x00000280fd976070
}

Java Threads: ( => current thread )
  0x00000280b39e54c0 JavaThread "Reference Handler"          daemon [_thread_blocked, id=1988, stack(0x000000f3f7b00000,0x000000f3f7c00000) (1024K)]
  0x00000280b39e70a0 JavaThread "Finalizer"                  daemon [_thread_blocked, id=19740, stack(0x000000f3f7c00000,0x000000f3f7d00000) (1024K)]
  0x00000280b39e7a70 JavaThread "Signal Dispatcher"          daemon [_thread_blocked, id=14396, stack(0x000000f3f7d00000,0x000000f3f7e00000) (1024K)]
  0x00000280b39e80e0 JavaThread "Attach Listener"            daemon [_thread_blocked, id=21336, stack(0x000000f3f7e00000,0x000000f3f7f00000) (1024K)]
  0x00000280b39f1a60 JavaThread "Service Thread"             daemon [_thread_blocked, id=20840, stack(0x000000f3f7f00000,0x000000f3f8000000) (1024K)]
  0x00000280b39f4eb0 JavaThread "Monitor Deflation Thread"   daemon [_thread_blocked, id=20904, stack(0x000000f3f8000000,0x000000f3f8100000) (1024K)]
=>0x00000280b39f5f10 JavaThread "C2 CompilerThread0"         daemon [_thread_in_native, id=22504, stack(0x000000f3f8100000,0x000000f3f8200000) (1024K)]
  0x00000280b3a005e0 JavaThread "C1 CompilerThread0"         daemon [_thread_in_vm, id=21812, stack(0x000000f3f8200000,0x000000f3f8300000) (1024K)]
  0x00000280b3b6a7f0 JavaThread "Notification Thread"        daemon [_thread_blocked, id=9964, stack(0x000000f3f8300000,0x000000f3f8400000) (1024K)]
  0x00000280b3bd6eb0 JavaThread "Common-Cleaner"             daemon [_thread_blocked, id=18804, stack(0x000000f3f8400000,0x000000f3f8500000) (1024K)]
  0x00000280f957bb90 JavaThread "RMI TCP Accept-0"           daemon [_thread_in_native, id=21872, stack(0x000000f3f8700000,0x000000f3f8800000) (1024K)]
  0x00000280f9430760 JavaThread "RMI TCP Accept-53447"       daemon [_thread_in_native, id=1020, stack(0x000000f3f8800000,0x000000f3f8900000) (1024K)]
  0x00000280f948af20 JavaThread "RMI TCP Accept-0"           daemon [_thread_in_native, id=21284, stack(0x000000f3f8900000,0x000000f3f8a00000) (1024K)]
  0x00000280fb509b80 JavaThread "mysql-cj-abandoned-connection-cleanup" daemon [_thread_blocked, id=19096, stack(0x000000f3f8600000,0x000000f3f8700000) (1024K)]
  0x00000280fb508e60 JavaThread "mssql-jdbc-shared-timer-core-0" daemon [_thread_blocked, id=15212, stack(0x000000f3f9900000,0x000000f3f9a00000) (1024K)]
  0x00000280fb506d90 JavaThread "HikariPool-1:housekeeper"   daemon [_thread_blocked, id=20828, stack(0x000000f3f9a00000,0x000000f3f9b00000) (1024K)]
  0x00000280fa415590 JavaThread "Catalina-utility-1"                [_thread_blocked, id=15688, stack(0x000000f3f9c00000,0x000000f3f9d00000) (1024K)]
  0x00000280fa417660 JavaThread "Catalina-utility-2"                [_thread_blocked, id=1428, stack(0x000000f3f9d00000,0x000000f3f9e00000) (1024K)]
  0x00000280fa415c20 JavaThread "container-0"                       [_thread_blocked, id=6396, stack(0x000000f3f9e00000,0x000000f3f9f00000) (1024K)]
  0x00000280feb93460 JavaThread "HttpClient-1-SelectorManager" daemon [_thread_in_native, id=20888, stack(0x000000f3f9500000,0x000000f3f9600000) (1024K)]
  0x00000280feb8f2c0 JavaThread "File Watcher"               daemon [_thread_blocked, id=21524, stack(0x000000f3f9f00000,0x000000f3fa000000) (1024K)]
  0x00000280feb8df10 JavaThread "Live Reload Server"         daemon [_thread_in_native, id=9812, stack(0x000000f3fa000000,0x000000f3fa100000) (1024K)]
  0x00000280feb8e5a0 JavaThread "http-nio-8080-exec-1"       daemon [_thread_blocked, id=16400, stack(0x000000f3fa100000,0x000000f3fa200000) (1024K)]
  0x00000280feb90d00 JavaThread "http-nio-8080-exec-2"       daemon [_thread_blocked, id=12976, stack(0x000000f3fa200000,0x000000f3fa300000) (1024K)]
  0x00000280feb91390 JavaThread "http-nio-8080-exec-3"       daemon [_thread_in_Java, id=18964, stack(0x000000f3fa300000,0x000000f3fa400000) (1024K)]
  0x00000280feb91a20 JavaThread "http-nio-8080-exec-4"       daemon [_thread_blocked, id=12304, stack(0x000000f3fa400000,0x000000f3fa500000) (1024K)]
  0x00000280feb920b0 JavaThread "http-nio-8080-exec-5"       daemon [_thread_blocked, id=20780, stack(0x000000f3fa500000,0x000000f3fa600000) (1024K)]
  0x00000280feb92740 JavaThread "http-nio-8080-exec-6"       daemon [_thread_blocked, id=10160, stack(0x000000f3fa600000,0x000000f3fa700000) (1024K)]
  0x00000280feb92dd0 JavaThread "http-nio-8080-exec-7"       daemon [_thread_in_Java, id=728, stack(0x000000f3fa700000,0x000000f3fa800000) (1024K)]
  0x00000280feb93af0 JavaThread "http-nio-8080-exec-8"       daemon [_thread_blocked, id=21768, stack(0x000000f3fa800000,0x000000f3fa900000) (1024K)]
  0x00000280feb94180 JavaThread "http-nio-8080-exec-9"       daemon [_thread_blocked, id=21468, stack(0x000000f3fa900000,0x000000f3faa00000) (1024K)]
  0x00000280fa416fd0 JavaThread "http-nio-8080-exec-10"      daemon [_thread_blocked, id=19108, stack(0x000000f3faa00000,0x000000f3fab00000) (1024K)]
  0x00000280fa4141e0 JavaThread "http-nio-8080-Poller"       daemon [_thread_in_native, id=5276, stack(0x000000f3fab00000,0x000000f3fac00000) (1024K)]
  0x00000280fb507ab0 JavaThread "http-nio-8080-Acceptor"     daemon [_thread_in_native, id=13572, stack(0x000000f3fac00000,0x000000f3fad00000) (1024K)]
  0x00000280fd97a210 JavaThread "scheduling-1"                      [_thread_blocked, id=5496, stack(0x000000f3fad00000,0x000000f3fae00000) (1024K)]
  0x00000280fd976070 JavaThread "DestroyJavaVM"                     [_thread_blocked, id=17436, stack(0x000000f3f7300000,0x000000f3f7400000) (1024K)]
Total: 36

Other Threads:
  0x00000280b0f1ed50 VMThread "VM Thread"                           [id=8276, stack(0x000000f3f7a00000,0x000000f3f7b00000) (1024K)]
  0x00000280b0f0b450 WatcherThread "VM Periodic Task Thread"        [id=16672, stack(0x000000f3f7900000,0x000000f3f7a00000) (1024K)]
  0x000002809773a030 WorkerThread "GC Thread#0"                     [id=14680, stack(0x000000f3f7400000,0x000000f3f7500000) (1024K)]
  0x00000280f98a67b0 WorkerThread "GC Thread#1"                     [id=10136, stack(0x000000f3f8a00000,0x000000f3f8b00000) (1024K)]
  0x00000280f98a6b60 WorkerThread "GC Thread#2"                     [id=20352, stack(0x000000f3f8b00000,0x000000f3f8c00000) (1024K)]
  0x00000280f98a6f10 WorkerThread "GC Thread#3"                     [id=22308, stack(0x000000f3f8c00000,0x000000f3f8d00000) (1024K)]
  0x00000280f98a72c0 WorkerThread "GC Thread#4"                     [id=13164, stack(0x000000f3f8d00000,0x000000f3f8e00000) (1024K)]
  0x00000280f98a7670 WorkerThread "GC Thread#5"                     [id=21180, stack(0x000000f3f8e00000,0x000000f3f8f00000) (1024K)]
  0x00000280f951cee0 WorkerThread "GC Thread#6"                     [id=9060, stack(0x000000f3f8f00000,0x000000f3f9000000) (1024K)]
  0x00000280f951d290 WorkerThread "GC Thread#7"                     [id=11796, stack(0x000000f3f9000000,0x000000f3f9100000) (1024K)]
  0x00000280f9b27060 WorkerThread "GC Thread#8"                     [id=14188, stack(0x000000f3f9300000,0x000000f3f9400000) (1024K)]
  0x00000280f9b27410 WorkerThread "GC Thread#9"                     [id=2204, stack(0x000000f3f9400000,0x000000f3f9500000) (1024K)]
  0x000002809774cad0 ConcurrentGCThread "G1 Main Marker"            [id=18984, stack(0x000000f3f7500000,0x000000f3f7600000) (1024K)]
  0x000002809774d6a0 WorkerThread "G1 Conc#0"                       [id=6260, stack(0x000000f3f7600000,0x000000f3f7700000) (1024K)]
  0x00000280f9b26550 WorkerThread "G1 Conc#1"                       [id=19392, stack(0x000000f3f9600000,0x000000f3f9700000) (1024K)]
  0x00000280f9b26900 WorkerThread "G1 Conc#2"                       [id=18456, stack(0x000000f3f9700000,0x000000f3f9800000) (1024K)]
  0x00000280b0ddd270 ConcurrentGCThread "G1 Refine#0"               [id=7228, stack(0x000000f3f7700000,0x000000f3f7800000) (1024K)]
  0x00000280b0ddd910 ConcurrentGCThread "G1 Service"                [id=10040, stack(0x000000f3f7800000,0x000000f3f7900000) (1024K)]
Total: 18

Threads with active compile tasks:
C2 CompilerThread0  98904 12944       4       org.springframework.security.web.util.OnCommittedResponseWrapper$SaveContextServletOutputStream::write (20 bytes)
C1 CompilerThread0  98904 12961       3       com.microsoft.sqlserver.jdbc.SQLServerConnection::isStatementPoolingEnabled (29 bytes)
Total: 2

VM state: not at safepoint (normal execution)

VM Mutex/Monitor currently owned by a thread: None

Heap address: 0x0000000704800000, size: 4024 MB, Compressed Oops mode: Zero based, Oop shift amount: 3

CDS archive(s) mapped at: [0x00000280b4000000-0x00000280b4ba0000-0x00000280b4ba0000), size 12189696, SharedBaseAddress: 0x00000280b4000000, ArchiveRelocationMode: 1.
Compressed class space mapped at: 0x00000280b5000000-0x00000280f5000000, reserved size: 1073741824
Narrow klass base: 0x00000280b4000000, Narrow klass shift: 0, Narrow klass range: 0x100000000

GC Precious Log:
 CardTable entry size: 512
 Card Set container configuration: InlinePtr #cards 4 size 8 Array Of Cards #cards 16 size 48 Howl #buckets 8 coarsen threshold 3686 Howl Bitmap #cards 512 size 80 coarsen threshold 460 Card regions per heap region 1 cards per card region 4096
 CPUs: 12 total, 12 available
 Memory: 16088M
 Large Page Support: Disabled
 NUMA Support: Disabled
 Compressed Oops: Enabled (Zero based)
 Heap Region Size: 2M
 Heap Min Capacity: 8M
 Heap Initial Capacity: 252M
 Heap Max Capacity: 4024M
 Pre-touch: Disabled
 Parallel Workers: 10
 Concurrent Workers: 3
 Concurrent Refinement Workers: 10
 Periodic GC: Disabled

Heap:
 garbage-first heap   total 378880K, used 153095K [0x0000000704800000, 0x0000000800000000)
  region size 2048K, 20 young (40960K), 6 survivors (12288K)
 Metaspace       used 102288K, committed 103360K, reserved 1179648K
  class space    used 13668K, committed 14144K, reserved 1048576K

Heap Regions: E=young(eden), S=young(survivor), O=old, HS=humongous(starts), HC=humongous(continues), CS=collection set, F=free, TAMS=top-at-mark-start, PB=parsable bottom
|   0|0x0000000704800000, 0x0000000704a00000, 0x0000000704a00000|100%| O|  |TAMS 0x0000000704800000| PB 0x0000000704800000| Untracked 
|   1|0x0000000704a00000, 0x0000000704c00000, 0x0000000704c00000|100%| O|  |TAMS 0x0000000704a00000| PB 0x0000000704a00000| Untracked 
|   2|0x0000000704c00000, 0x0000000704e00000, 0x0000000704e00000|100%| O|  |TAMS 0x0000000704c00000| PB 0x0000000704c00000| Untracked 
|   3|0x0000000704e00000, 0x0000000705000000, 0x0000000705000000|100%| O|  |TAMS 0x0000000704e00000| PB 0x0000000704e00000| Untracked 
|   4|0x0000000705000000, 0x0000000705000000, 0x0000000705200000|  0%| F|  |TAMS 0x0000000705000000| PB 0x0000000705000000| Untracked 
|   5|0x0000000705200000, 0x0000000705400000, 0x0000000705400000|100%| O|  |TAMS 0x0000000705200000| PB 0x0000000705200000| Untracked 
|   6|0x0000000705400000, 0x0000000705600000, 0x0000000705600000|100%| O|  |TAMS 0x0000000705400000| PB 0x0000000705400000| Untracked 
|   7|0x0000000705600000, 0x0000000705800000, 0x0000000705800000|100%| O|  |TAMS 0x0000000705600000| PB 0x0000000705600000| Untracked 
|   8|0x0000000705800000, 0x0000000705a00000, 0x0000000705a00000|100%| O|  |TAMS 0x0000000705800000| PB 0x0000000705800000| Untracked 
|   9|0x0000000705a00000, 0x0000000705c00000, 0x0000000705c00000|100%| O|  |TAMS 0x0000000705a00000| PB 0x0000000705a00000| Untracked 
|  10|0x0000000705c00000, 0x0000000705e00000, 0x0000000705e00000|100%| O|  |TAMS 0x0000000705c00000| PB 0x0000000705c00000| Untracked 
|  11|0x0000000705e00000, 0x0000000706000000, 0x0000000706000000|100%| O|  |TAMS 0x0000000705e00000| PB 0x0000000705e00000| Untracked 
|  12|0x0000000706000000, 0x0000000706200000, 0x0000000706200000|100%| O|  |TAMS 0x0000000706000000| PB 0x0000000706000000| Untracked 
|  13|0x0000000706200000, 0x0000000706400000, 0x0000000706400000|100%| O|  |TAMS 0x0000000706200000| PB 0x0000000706200000| Untracked 
|  14|0x0000000706400000, 0x0000000706600000, 0x0000000706600000|100%| O|  |TAMS 0x0000000706400000| PB 0x0000000706400000| Untracked 
|  15|0x0000000706600000, 0x0000000706800000, 0x0000000706800000|100%| O|  |TAMS 0x0000000706600000| PB 0x0000000706600000| Untracked 
|  16|0x0000000706800000, 0x0000000706a00000, 0x0000000706a00000|100%| O|  |TAMS 0x0000000706800000| PB 0x0000000706800000| Untracked 
|  17|0x0000000706a00000, 0x0000000706c00000, 0x0000000706c00000|100%| O|  |TAMS 0x0000000706a00000| PB 0x0000000706a00000| Untracked 
|  18|0x0000000706c00000, 0x0000000706e00000, 0x0000000706e00000|100%| O|  |TAMS 0x0000000706c00000| PB 0x0000000706c00000| Untracked 
|  19|0x0000000706e00000, 0x0000000707000000, 0x0000000707000000|100%| O|  |TAMS 0x0000000706e00000| PB 0x0000000706e00000| Untracked 
|  20|0x0000000707000000, 0x0000000707200000, 0x0000000707200000|100%| O|  |TAMS 0x0000000707000000| PB 0x0000000707000000| Untracked 
|  21|0x0000000707200000, 0x0000000707400000, 0x0000000707400000|100%| O|  |TAMS 0x0000000707200000| PB 0x0000000707200000| Untracked 
|  22|0x0000000707400000, 0x0000000707600000, 0x0000000707600000|100%| O|  |TAMS 0x0000000707400000| PB 0x0000000707400000| Untracked 
|  23|0x0000000707600000, 0x0000000707600000, 0x0000000707800000|  0%| F|  |TAMS 0x0000000707600000| PB 0x0000000707600000| Untracked 
|  24|0x0000000707800000, 0x0000000707a00000, 0x0000000707a00000|100%| O|  |TAMS 0x0000000707800000| PB 0x0000000707800000| Untracked 
|  25|0x0000000707a00000, 0x0000000707c00000, 0x0000000707c00000|100%|HS|  |TAMS 0x0000000707a00000| PB 0x0000000707a00000| Complete 
|  26|0x0000000707c00000, 0x0000000707e00000, 0x0000000707e00000|100%|HC|  |TAMS 0x0000000707c00000| PB 0x0000000707c00000| Complete 
|  27|0x0000000707e00000, 0x0000000708000000, 0x0000000708000000|100%| O|  |TAMS 0x0000000707e00000| PB 0x0000000707e00000| Untracked 
|  28|0x0000000708000000, 0x0000000708200000, 0x0000000708200000|100%|HS|  |TAMS 0x0000000708000000| PB 0x0000000708000000| Complete 
|  29|0x0000000708200000, 0x0000000708400000, 0x0000000708400000|100%|HC|  |TAMS 0x0000000708200000| PB 0x0000000708200000| Complete 
|  30|0x0000000708400000, 0x0000000708600000, 0x0000000708600000|100%|HC|  |TAMS 0x0000000708400000| PB 0x0000000708400000| Complete 
|  31|0x0000000708600000, 0x0000000708800000, 0x0000000708800000|100%|HC|  |TAMS 0x0000000708600000| PB 0x0000000708600000| Complete 
|  32|0x0000000708800000, 0x0000000708a00000, 0x0000000708a00000|100%|HS|  |TAMS 0x0000000708800000| PB 0x0000000708800000| Complete 
|  33|0x0000000708a00000, 0x0000000708c00000, 0x0000000708c00000|100%|HC|  |TAMS 0x0000000708a00000| PB 0x0000000708a00000| Complete 
|  34|0x0000000708c00000, 0x0000000708e00000, 0x0000000708e00000|100%|HC|  |TAMS 0x0000000708c00000| PB 0x0000000708c00000| Complete 
|  35|0x0000000708e00000, 0x0000000709000000, 0x0000000709000000|100%|HC|  |TAMS 0x0000000708e00000| PB 0x0000000708e00000| Complete 
|  36|0x0000000709000000, 0x0000000709200000, 0x0000000709200000|100%|HC|  |TAMS 0x0000000709000000| PB 0x0000000709000000| Complete 
|  37|0x0000000709200000, 0x0000000709400000, 0x0000000709400000|100%|HC|  |TAMS 0x0000000709200000| PB 0x0000000709200000| Complete 
|  38|0x0000000709400000, 0x0000000709600000, 0x0000000709600000|100%|HC|  |TAMS 0x0000000709400000| PB 0x0000000709400000| Complete 
|  39|0x0000000709600000, 0x0000000709600000, 0x0000000709800000|  0%| F|  |TAMS 0x0000000709600000| PB 0x0000000709600000| Untracked 
|  40|0x0000000709800000, 0x0000000709800000, 0x0000000709a00000|  0%| F|  |TAMS 0x0000000709800000| PB 0x0000000709800000| Untracked 
|  41|0x0000000709a00000, 0x0000000709a00000, 0x0000000709c00000|  0%| F|  |TAMS 0x0000000709a00000| PB 0x0000000709a00000| Untracked 
|  42|0x0000000709c00000, 0x0000000709c00000, 0x0000000709e00000|  0%| F|  |TAMS 0x0000000709c00000| PB 0x0000000709c00000| Untracked 
|  43|0x0000000709e00000, 0x0000000709e00000, 0x000000070a000000|  0%| F|  |TAMS 0x0000000709e00000| PB 0x0000000709e00000| Untracked 
|  44|0x000000070a000000, 0x000000070a000000, 0x000000070a200000|  0%| F|  |TAMS 0x000000070a000000| PB 0x000000070a000000| Untracked 
|  45|0x000000070a200000, 0x000000070a200000, 0x000000070a400000|  0%| F|  |TAMS 0x000000070a200000| PB 0x000000070a200000| Untracked 
|  46|0x000000070a400000, 0x000000070a400000, 0x000000070a600000|  0%| F|  |TAMS 0x000000070a400000| PB 0x000000070a400000| Untracked 
|  47|0x000000070a600000, 0x000000070a600000, 0x000000070a800000|  0%| F|  |TAMS 0x000000070a600000| PB 0x000000070a600000| Untracked 
|  48|0x000000070a800000, 0x000000070a800000, 0x000000070aa00000|  0%| F|  |TAMS 0x000000070a800000| PB 0x000000070a800000| Untracked 
|  49|0x000000070aa00000, 0x000000070aa00000, 0x000000070ac00000|  0%| F|  |TAMS 0x000000070aa00000| PB 0x000000070aa00000| Untracked 
|  50|0x000000070ac00000, 0x000000070ac00000, 0x000000070ae00000|  0%| F|  |TAMS 0x000000070ac00000| PB 0x000000070ac00000| Untracked 
|  51|0x000000070ae00000, 0x000000070ae00000, 0x000000070b000000|  0%| F|  |TAMS 0x000000070ae00000| PB 0x000000070ae00000| Untracked 
|  52|0x000000070b000000, 0x000000070b000000, 0x000000070b200000|  0%| F|  |TAMS 0x000000070b000000| PB 0x000000070b000000| Untracked 
|  53|0x000000070b200000, 0x000000070b200000, 0x000000070b400000|  0%| F|  |TAMS 0x000000070b200000| PB 0x000000070b200000| Untracked 
|  54|0x000000070b400000, 0x000000070b400000, 0x000000070b600000|  0%| F|  |TAMS 0x000000070b400000| PB 0x000000070b400000| Untracked 
|  55|0x000000070b600000, 0x000000070b600000, 0x000000070b800000|  0%| F|  |TAMS 0x000000070b600000| PB 0x000000070b600000| Untracked 
|  56|0x000000070b800000, 0x000000070b800000, 0x000000070ba00000|  0%| F|  |TAMS 0x000000070b800000| PB 0x000000070b800000| Untracked 
|  57|0x000000070ba00000, 0x000000070ba00000, 0x000000070bc00000|  0%| F|  |TAMS 0x000000070ba00000| PB 0x000000070ba00000| Untracked 
|  58|0x000000070bc00000, 0x000000070bc00000, 0x000000070be00000|  0%| F|  |TAMS 0x000000070bc00000| PB 0x000000070bc00000| Untracked 
|  59|0x000000070be00000, 0x000000070be00000, 0x000000070c000000|  0%| F|  |TAMS 0x000000070be00000| PB 0x000000070be00000| Untracked 
|  60|0x000000070c000000, 0x000000070c000000, 0x000000070c200000|  0%| F|  |TAMS 0x000000070c000000| PB 0x000000070c000000| Untracked 
|  61|0x000000070c200000, 0x000000070c200000, 0x000000070c400000|  0%| F|  |TAMS 0x000000070c200000| PB 0x000000070c200000| Untracked 
|  62|0x000000070c400000, 0x000000070c400000, 0x000000070c600000|  0%| F|  |TAMS 0x000000070c400000| PB 0x000000070c400000| Untracked 
|  63|0x000000070c600000, 0x000000070c600000, 0x000000070c800000|  0%| F|  |TAMS 0x000000070c600000| PB 0x000000070c600000| Untracked 
|  64|0x000000070c800000, 0x000000070c800000, 0x000000070ca00000|  0%| F|  |TAMS 0x000000070c800000| PB 0x000000070c800000| Untracked 
|  65|0x000000070ca00000, 0x000000070ca00000, 0x000000070cc00000|  0%| F|  |TAMS 0x000000070ca00000| PB 0x000000070ca00000| Untracked 
|  66|0x000000070cc00000, 0x000000070cc00000, 0x000000070ce00000|  0%| F|  |TAMS 0x000000070cc00000| PB 0x000000070cc00000| Untracked 
|  67|0x000000070ce00000, 0x000000070ce00000, 0x000000070d000000|  0%| F|  |TAMS 0x000000070ce00000| PB 0x000000070ce00000| Untracked 
|  68|0x000000070d000000, 0x000000070d000000, 0x000000070d200000|  0%| F|  |TAMS 0x000000070d000000| PB 0x000000070d000000| Untracked 
|  69|0x000000070d200000, 0x000000070d200000, 0x000000070d400000|  0%| F|  |TAMS 0x000000070d200000| PB 0x000000070d200000| Untracked 
|  70|0x000000070d400000, 0x000000070d400000, 0x000000070d600000|  0%| F|  |TAMS 0x000000070d400000| PB 0x000000070d400000| Untracked 
|  71|0x000000070d600000, 0x000000070d600000, 0x000000070d800000|  0%| F|  |TAMS 0x000000070d600000| PB 0x000000070d600000| Untracked 
|  72|0x000000070d800000, 0x000000070d800000, 0x000000070da00000|  0%| F|  |TAMS 0x000000070d800000| PB 0x000000070d800000| Untracked 
|  73|0x000000070da00000, 0x000000070da00000, 0x000000070dc00000|  0%| F|  |TAMS 0x000000070da00000| PB 0x000000070da00000| Untracked 
|  74|0x000000070dc00000, 0x000000070dc00000, 0x000000070de00000|  0%| F|  |TAMS 0x000000070dc00000| PB 0x000000070dc00000| Untracked 
|  75|0x000000070de00000, 0x000000070de00000, 0x000000070e000000|  0%| F|  |TAMS 0x000000070de00000| PB 0x000000070de00000| Untracked 
|  76|0x000000070e000000, 0x000000070e000000, 0x000000070e200000|  0%| F|  |TAMS 0x000000070e000000| PB 0x000000070e000000| Untracked 
|  77|0x000000070e200000, 0x000000070e200000, 0x000000070e400000|  0%| F|  |TAMS 0x000000070e200000| PB 0x000000070e200000| Untracked 
|  78|0x000000070e400000, 0x000000070e400000, 0x000000070e600000|  0%| F|  |TAMS 0x000000070e400000| PB 0x000000070e400000| Untracked 
|  79|0x000000070e600000, 0x000000070e600000, 0x000000070e800000|  0%| F|  |TAMS 0x000000070e600000| PB 0x000000070e600000| Untracked 
|  80|0x000000070e800000, 0x000000070e800000, 0x000000070ea00000|  0%| F|  |TAMS 0x000000070e800000| PB 0x000000070e800000| Untracked 
|  81|0x000000070ea00000, 0x000000070ea00000, 0x000000070ec00000|  0%| F|  |TAMS 0x000000070ea00000| PB 0x000000070ea00000| Untracked 
|  82|0x000000070ec00000, 0x000000070ec00000, 0x000000070ee00000|  0%| F|  |TAMS 0x000000070ec00000| PB 0x000000070ec00000| Untracked 
|  83|0x000000070ee00000, 0x000000070ee00000, 0x000000070f000000|  0%| F|  |TAMS 0x000000070ee00000| PB 0x000000070ee00000| Untracked 
|  84|0x000000070f000000, 0x000000070f000000, 0x000000070f200000|  0%| F|  |TAMS 0x000000070f000000| PB 0x000000070f000000| Untracked 
|  85|0x000000070f200000, 0x000000070f400000, 0x000000070f400000|100%|HS|  |TAMS 0x000000070f200000| PB 0x000000070f200000| Complete 
|  86|0x000000070f400000, 0x000000070f600000, 0x000000070f600000|100%|HC|  |TAMS 0x000000070f400000| PB 0x000000070f400000| Complete 
|  87|0x000000070f600000, 0x000000070f800000, 0x000000070f800000|100%|HS|  |TAMS 0x000000070f600000| PB 0x000000070f600000| Complete 
|  88|0x000000070f800000, 0x000000070fa00000, 0x000000070fa00000|100%|HC|  |TAMS 0x000000070f800000| PB 0x000000070f800000| Complete 
|  89|0x000000070fa00000, 0x000000070fa00000, 0x000000070fc00000|  0%| F|  |TAMS 0x000000070fa00000| PB 0x000000070fa00000| Untracked 
|  90|0x000000070fc00000, 0x000000070fc00000, 0x000000070fe00000|  0%| F|  |TAMS 0x000000070fc00000| PB 0x000000070fc00000| Untracked 
|  91|0x000000070fe00000, 0x000000070fe00000, 0x0000000710000000|  0%| F|  |TAMS 0x000000070fe00000| PB 0x000000070fe00000| Untracked 
|  92|0x0000000710000000, 0x0000000710000000, 0x0000000710200000|  0%| F|  |TAMS 0x0000000710000000| PB 0x0000000710000000| Untracked 
|  93|0x0000000710200000, 0x0000000710200000, 0x0000000710400000|  0%| F|  |TAMS 0x0000000710200000| PB 0x0000000710200000| Untracked 
|  94|0x0000000710400000, 0x0000000710400000, 0x0000000710600000|  0%| F|  |TAMS 0x0000000710400000| PB 0x0000000710400000| Untracked 
|  95|0x0000000710600000, 0x0000000710600000, 0x0000000710800000|  0%| F|  |TAMS 0x0000000710600000| PB 0x0000000710600000| Untracked 
|  96|0x0000000710800000, 0x0000000710800000, 0x0000000710a00000|  0%| F|  |TAMS 0x0000000710800000| PB 0x0000000710800000| Untracked 
|  97|0x0000000710a00000, 0x0000000710a00000, 0x0000000710c00000|  0%| F|  |TAMS 0x0000000710a00000| PB 0x0000000710a00000| Untracked 
|  98|0x0000000710c00000, 0x0000000710c00000, 0x0000000710e00000|  0%| F|  |TAMS 0x0000000710c00000| PB 0x0000000710c00000| Untracked 
|  99|0x0000000710e00000, 0x0000000710e00000, 0x0000000711000000|  0%| F|  |TAMS 0x0000000710e00000| PB 0x0000000710e00000| Untracked 
| 100|0x0000000711000000, 0x0000000711000000, 0x0000000711200000|  0%| F|  |TAMS 0x0000000711000000| PB 0x0000000711000000| Untracked 
| 101|0x0000000711200000, 0x0000000711200000, 0x0000000711400000|  0%| F|  |TAMS 0x0000000711200000| PB 0x0000000711200000| Untracked 
| 102|0x0000000711400000, 0x0000000711400000, 0x0000000711600000|  0%| F|  |TAMS 0x0000000711400000| PB 0x0000000711400000| Untracked 
| 103|0x0000000711600000, 0x0000000711600000, 0x0000000711800000|  0%| F|  |TAMS 0x0000000711600000| PB 0x0000000711600000| Untracked 
| 104|0x0000000711800000, 0x0000000711800000, 0x0000000711a00000|  0%| F|  |TAMS 0x0000000711800000| PB 0x0000000711800000| Untracked 
| 105|0x0000000711a00000, 0x0000000711c00000, 0x0000000711c00000|100%|HS|  |TAMS 0x0000000711a00000| PB 0x0000000711a00000| Complete 
| 106|0x0000000711c00000, 0x0000000711e00000, 0x0000000711e00000|100%|HC|  |TAMS 0x0000000711c00000| PB 0x0000000711c00000| Complete 
| 107|0x0000000711e00000, 0x0000000712000000, 0x0000000712000000|100%|HS|  |TAMS 0x0000000711e00000| PB 0x0000000711e00000| Complete 
| 108|0x0000000712000000, 0x0000000712200000, 0x0000000712200000|100%|HC|  |TAMS 0x0000000712000000| PB 0x0000000712000000| Complete 
| 109|0x0000000712200000, 0x0000000712200000, 0x0000000712400000|  0%| F|  |TAMS 0x0000000712200000| PB 0x0000000712200000| Untracked 
| 110|0x0000000712400000, 0x0000000712400000, 0x0000000712600000|  0%| F|  |TAMS 0x0000000712400000| PB 0x0000000712400000| Untracked 
| 111|0x0000000712600000, 0x0000000712600000, 0x0000000712800000|  0%| F|  |TAMS 0x0000000712600000| PB 0x0000000712600000| Untracked 
| 112|0x0000000712800000, 0x0000000712800000, 0x0000000712a00000|  0%| F|  |TAMS 0x0000000712800000| PB 0x0000000712800000| Untracked 
| 113|0x0000000712a00000, 0x0000000712a00000, 0x0000000712c00000|  0%| F|  |TAMS 0x0000000712a00000| PB 0x0000000712a00000| Untracked 
| 114|0x0000000712c00000, 0x0000000712c00000, 0x0000000712e00000|  0%| F|  |TAMS 0x0000000712c00000| PB 0x0000000712c00000| Untracked 
| 115|0x0000000712e00000, 0x0000000712e00000, 0x0000000713000000|  0%| F|  |TAMS 0x0000000712e00000| PB 0x0000000712e00000| Untracked 
| 116|0x0000000713000000, 0x0000000713000000, 0x0000000713200000|  0%| F|  |TAMS 0x0000000713000000| PB 0x0000000713000000| Untracked 
| 117|0x0000000713200000, 0x0000000713200000, 0x0000000713400000|  0%| F|  |TAMS 0x0000000713200000| PB 0x0000000713200000| Untracked 
| 118|0x0000000713400000, 0x0000000713400000, 0x0000000713600000|  0%| F|  |TAMS 0x0000000713400000| PB 0x0000000713400000| Untracked 
| 119|0x0000000713600000, 0x0000000713600000, 0x0000000713800000|  0%| F|  |TAMS 0x0000000713600000| PB 0x0000000713600000| Untracked 
| 120|0x0000000713800000, 0x0000000713800000, 0x0000000713a00000|  0%| F|  |TAMS 0x0000000713800000| PB 0x0000000713800000| Untracked 
| 121|0x0000000713a00000, 0x0000000713a00000, 0x0000000713c00000|  0%| F|  |TAMS 0x0000000713a00000| PB 0x0000000713a00000| Untracked 
| 122|0x0000000713c00000, 0x0000000713c00000, 0x0000000713e00000|  0%| F|  |TAMS 0x0000000713c00000| PB 0x0000000713c00000| Untracked 
| 123|0x0000000713e00000, 0x0000000713e00000, 0x0000000714000000|  0%| F|  |TAMS 0x0000000713e00000| PB 0x0000000713e00000| Untracked 
| 124|0x0000000714000000, 0x0000000714000000, 0x0000000714200000|  0%| F|  |TAMS 0x0000000714000000| PB 0x0000000714000000| Untracked 
| 125|0x0000000714200000, 0x0000000714200000, 0x0000000714400000|  0%| F|  |TAMS 0x0000000714200000| PB 0x0000000714200000| Untracked 
| 126|0x0000000714400000, 0x0000000714400000, 0x0000000714600000|  0%| F|  |TAMS 0x0000000714400000| PB 0x0000000714400000| Untracked 
| 127|0x0000000714600000, 0x0000000714600000, 0x0000000714800000|  0%| F|  |TAMS 0x0000000714600000| PB 0x0000000714600000| Untracked 
| 128|0x0000000714800000, 0x0000000714800000, 0x0000000714a00000|  0%| F|  |TAMS 0x0000000714800000| PB 0x0000000714800000| Untracked 
| 129|0x0000000714a00000, 0x0000000714a00000, 0x0000000714c00000|  0%| F|  |TAMS 0x0000000714a00000| PB 0x0000000714a00000| Untracked 
| 130|0x0000000714c00000, 0x0000000714c00000, 0x0000000714e00000|  0%| F|  |TAMS 0x0000000714c00000| PB 0x0000000714c00000| Untracked 
| 131|0x0000000714e00000, 0x0000000714e00000, 0x0000000715000000|  0%| F|  |TAMS 0x0000000714e00000| PB 0x0000000714e00000| Untracked 
| 132|0x0000000715000000, 0x0000000715000000, 0x0000000715200000|  0%| F|  |TAMS 0x0000000715000000| PB 0x0000000715000000| Untracked 
| 133|0x0000000715200000, 0x0000000715200000, 0x0000000715400000|  0%| F|  |TAMS 0x0000000715200000| PB 0x0000000715200000| Untracked 
| 134|0x0000000715400000, 0x0000000715400000, 0x0000000715600000|  0%| F|  |TAMS 0x0000000715400000| PB 0x0000000715400000| Untracked 
| 135|0x0000000715600000, 0x0000000715600000, 0x0000000715800000|  0%| F|  |TAMS 0x0000000715600000| PB 0x0000000715600000| Untracked 
| 136|0x0000000715800000, 0x0000000715800000, 0x0000000715a00000|  0%| F|  |TAMS 0x0000000715800000| PB 0x0000000715800000| Untracked 
| 137|0x0000000715a00000, 0x0000000715a00000, 0x0000000715c00000|  0%| F|  |TAMS 0x0000000715a00000| PB 0x0000000715a00000| Untracked 
| 138|0x0000000715c00000, 0x0000000715c00000, 0x0000000715e00000|  0%| F|  |TAMS 0x0000000715c00000| PB 0x0000000715c00000| Untracked 
| 139|0x0000000715e00000, 0x0000000715e00000, 0x0000000716000000|  0%| F|  |TAMS 0x0000000715e00000| PB 0x0000000715e00000| Untracked 
| 140|0x0000000716000000, 0x0000000716000000, 0x0000000716200000|  0%| F|  |TAMS 0x0000000716000000| PB 0x0000000716000000| Untracked 
| 141|0x0000000716200000, 0x0000000716200000, 0x0000000716400000|  0%| F|  |TAMS 0x0000000716200000| PB 0x0000000716200000| Untracked 
| 142|0x0000000716400000, 0x0000000716400000, 0x0000000716600000|  0%| F|  |TAMS 0x0000000716400000| PB 0x0000000716400000| Untracked 
| 143|0x0000000716600000, 0x0000000716600000, 0x0000000716800000|  0%| F|  |TAMS 0x0000000716600000| PB 0x0000000716600000| Untracked 
| 144|0x0000000716800000, 0x0000000716800000, 0x0000000716a00000|  0%| F|  |TAMS 0x0000000716800000| PB 0x0000000716800000| Untracked 
| 145|0x0000000716a00000, 0x0000000716a00000, 0x0000000716c00000|  0%| F|  |TAMS 0x0000000716a00000| PB 0x0000000716a00000| Untracked 
| 146|0x0000000716c00000, 0x0000000716c00000, 0x0000000716e00000|  0%| F|  |TAMS 0x0000000716c00000| PB 0x0000000716c00000| Untracked 
| 147|0x0000000716e00000, 0x0000000716e00000, 0x0000000717000000|  0%| F|  |TAMS 0x0000000716e00000| PB 0x0000000716e00000| Untracked 
| 148|0x0000000717000000, 0x0000000717000000, 0x0000000717200000|  0%| F|  |TAMS 0x0000000717000000| PB 0x0000000717000000| Untracked 
| 149|0x0000000717200000, 0x0000000717200000, 0x0000000717400000|  0%| F|  |TAMS 0x0000000717200000| PB 0x0000000717200000| Untracked 
| 150|0x0000000717400000, 0x0000000717400000, 0x0000000717600000|  0%| F|  |TAMS 0x0000000717400000| PB 0x0000000717400000| Untracked 
| 151|0x0000000717600000, 0x0000000717600000, 0x0000000717800000|  0%| F|  |TAMS 0x0000000717600000| PB 0x0000000717600000| Untracked 
| 152|0x0000000717800000, 0x0000000717800000, 0x0000000717a00000|  0%| F|  |TAMS 0x0000000717800000| PB 0x0000000717800000| Untracked 
| 153|0x0000000717a00000, 0x0000000717a00000, 0x0000000717c00000|  0%| F|  |TAMS 0x0000000717a00000| PB 0x0000000717a00000| Untracked 
| 154|0x0000000717c00000, 0x0000000717dac340, 0x0000000717e00000| 83%| E|  |TAMS 0x0000000717c00000| PB 0x0000000717c00000| Complete 
| 155|0x0000000717e00000, 0x0000000718000000, 0x0000000718000000|100%| E|CS|TAMS 0x0000000717e00000| PB 0x0000000717e00000| Complete 
| 156|0x0000000718000000, 0x0000000718200000, 0x0000000718200000|100%| E|CS|TAMS 0x0000000718000000| PB 0x0000000718000000| Complete 
| 157|0x0000000718200000, 0x0000000718400000, 0x0000000718400000|100%| E|CS|TAMS 0x0000000718200000| PB 0x0000000718200000| Complete 
| 158|0x0000000718400000, 0x0000000718600000, 0x0000000718600000|100%| E|CS|TAMS 0x0000000718400000| PB 0x0000000718400000| Complete 
| 159|0x0000000718600000, 0x0000000718800000, 0x0000000718800000|100%| E|CS|TAMS 0x0000000718600000| PB 0x0000000718600000| Complete 
| 160|0x0000000718800000, 0x0000000718a00000, 0x0000000718a00000|100%| E|CS|TAMS 0x0000000718800000| PB 0x0000000718800000| Complete 
| 161|0x0000000718a00000, 0x0000000718c00000, 0x0000000718c00000|100%| S|CS|TAMS 0x0000000718a00000| PB 0x0000000718a00000| Complete 
| 162|0x0000000718c00000, 0x0000000718e00000, 0x0000000718e00000|100%| S|CS|TAMS 0x0000000718c00000| PB 0x0000000718c00000| Complete 
| 163|0x0000000718e00000, 0x0000000719000000, 0x0000000719000000|100%| S|CS|TAMS 0x0000000718e00000| PB 0x0000000718e00000| Complete 
| 164|0x0000000719000000, 0x0000000719200000, 0x0000000719200000|100%| S|CS|TAMS 0x0000000719000000| PB 0x0000000719000000| Complete 
| 165|0x0000000719200000, 0x0000000719400000, 0x0000000719400000|100%| S|CS|TAMS 0x0000000719200000| PB 0x0000000719200000| Complete 
| 166|0x0000000719400000, 0x00000007195b3170, 0x0000000719600000| 84%| S|CS|TAMS 0x0000000719400000| PB 0x0000000719400000| Complete 
|1994|0x00000007fdc00000, 0x00000007fddcee40, 0x00000007fde00000| 90%| O|  |TAMS 0x00000007fdc00000| PB 0x00000007fdc00000| Untracked 
|1995|0x00000007fde00000, 0x00000007fe000000, 0x00000007fe000000|100%| O|  |TAMS 0x00000007fde00000| PB 0x00000007fde00000| Untracked 
|1996|0x00000007fe000000, 0x00000007fe200000, 0x00000007fe200000|100%| O|Cm|TAMS 0x00000007fe000000| PB 0x00000007fe000000| Complete 
|1997|0x00000007fe200000, 0x00000007fe400000, 0x00000007fe400000|100%| E|CS|TAMS 0x00000007fe200000| PB 0x00000007fe200000| Complete 
|1998|0x00000007fe400000, 0x00000007fe600000, 0x00000007fe600000|100%| O|Cm|TAMS 0x00000007fe400000| PB 0x00000007fe400000| Complete 
|1999|0x00000007fe600000, 0x00000007fe800000, 0x00000007fe800000|100%| O|Cm|TAMS 0x00000007fe600000| PB 0x00000007fe600000| Complete 
|2000|0x00000007fe800000, 0x00000007fea00000, 0x00000007fea00000|100%| O|  |TAMS 0x00000007fe800000| PB 0x00000007fe800000| Untracked 
|2001|0x00000007fea00000, 0x00000007fec00000, 0x00000007fec00000|100%| E|CS|TAMS 0x00000007fea00000| PB 0x00000007fea00000| Complete 
|2002|0x00000007fec00000, 0x00000007fee00000, 0x00000007fee00000|100%| E|CS|TAMS 0x00000007fec00000| PB 0x00000007fec00000| Complete 
|2003|0x00000007fee00000, 0x00000007ff000000, 0x00000007ff000000|100%| E|CS|TAMS 0x00000007fee00000| PB 0x00000007fee00000| Complete 
|2004|0x00000007ff000000, 0x00000007ff200000, 0x00000007ff200000|100%| E|CS|TAMS 0x00000007ff000000| PB 0x00000007ff000000| Complete 
|2005|0x00000007ff200000, 0x00000007ff400000, 0x00000007ff400000|100%| E|CS|TAMS 0x00000007ff200000| PB 0x00000007ff200000| Complete 
|2006|0x00000007ff400000, 0x00000007ff600000, 0x00000007ff600000|100%| E|CS|TAMS 0x00000007ff400000| PB 0x00000007ff400000| Complete 
|2007|0x00000007ff600000, 0x00000007ff800000, 0x00000007ff800000|100%| O|  |TAMS 0x00000007ff600000| PB 0x00000007ff600000| Untracked 
|2008|0x00000007ff800000, 0x00000007ffa00000, 0x00000007ffa00000|100%| O|  |TAMS 0x00000007ff800000| PB 0x00000007ff800000| Untracked 
|2009|0x00000007ffa00000, 0x00000007ffc00000, 0x00000007ffc00000|100%| O|  |TAMS 0x00000007ffa00000| PB 0x00000007ffa00000| Untracked 
|2010|0x00000007ffc00000, 0x00000007ffe00000, 0x00000007ffe00000|100%| O|  |TAMS 0x00000007ffc00000| PB 0x00000007ffc00000| Untracked 
|2011|0x00000007ffe00000, 0x0000000800000000, 0x0000000800000000|100%| O|  |TAMS 0x00000007ffe00000| PB 0x00000007ffe00000| Untracked 

Card table byte_map: [0x00000280ac5e0000,0x00000280acdc0000] _byte_map_base: 0x00000280a8dbc000

Marking Bits: (CMBitMap*) 0x000002809773b660
 Bits: [0x00000280acdc0000, 0x00000280b0ca0000)

Polling page: 0x0000028097620000

Metaspace:

Usage:
  Non-class:     86.54 MB used.
      Class:     13.35 MB used.
       Both:     99.89 MB used.

Virtual space:
  Non-class space:      128.00 MB reserved,      87.12 MB ( 68%) committed,  2 nodes.
      Class space:        1.00 GB reserved,      13.81 MB (  1%) committed,  1 nodes.
             Both:        1.12 GB reserved,     100.94 MB (  9%) committed. 

Chunk freelists:
   Non-Class:  8.65 MB
       Class:  2.17 MB
        Both:  10.83 MB

MaxMetaspaceSize: unlimited
CompressedClassSpaceSize: 1.00 GB
Initial GC threshold: 21.00 MB
Current GC threshold: 167.75 MB
CDS: on
 - commit_granule_bytes: 65536.
 - commit_granule_words: 8192.
 - virtual_space_node_default_size: 8388608.
 - enlarge_chunks_in_place: 1.
 - use_allocation_guard: 0.


Internal statistics:

num_allocs_failed_limit: 9.
num_arena_births: 1692.
num_arena_deaths: 30.
num_vsnodes_births: 3.
num_vsnodes_deaths: 0.
num_space_committed: 1615.
num_space_uncommitted: 0.
num_chunks_returned_to_freelist: 54.
num_chunks_taken_from_freelist: 5477.
num_chunk_merges: 6.
num_chunk_splits: 3861.
num_chunks_enlarged: 2893.
num_inconsistent_stats: 0.

CodeHeap 'non-profiled nmethods': size=120000Kb used=7248Kb max_used=7906Kb free=112751Kb
 bounds [0x00000280a3c30000, 0x00000280a43f0000, 0x00000280ab160000]
CodeHeap 'profiled nmethods': size=120000Kb used=18961Kb max_used=19782Kb free=101039Kb
 bounds [0x000002809c160000, 0x000002809d4c0000, 0x00000280a3690000]
CodeHeap 'non-nmethods': size=5760Kb used=2057Kb max_used=2116Kb free=3703Kb
 bounds [0x00000280a3690000, 0x00000280a3900000, 0x00000280a3c30000]
CodeCache: size=245760Kb, used=28266Kb, max_used=29804Kb, free=217493Kb
 total_blobs=11450, nmethods=10539, adapters=813, full_count=0
Compilation: enabled, stopped_count=0, restarted_count=0

Compilation events (20 events):
Event: 98.728 Thread 0x00000280b3a005e0 nmethod 12951 0x000002809d3cf690 code [0x000002809d3cf880, 0x000002809d3cfef0]
Event: 98.728 Thread 0x00000280b3a005e0 12952   !   3       org.springframework.web.filter.OncePerRequestFilter::doFilter (178 bytes)
Event: 98.730 Thread 0x00000280b3a005e0 nmethod 12952 0x000002809c1a5a10 code [0x000002809c1a5ea0, 0x000002809c1a8270]
Event: 98.730 Thread 0x00000280b3a005e0 12956       3       org.apache.catalina.connector.Request::getServletContext (10 bytes)
Event: 98.731 Thread 0x00000280b3a005e0 nmethod 12956 0x000002809d3cf110 code [0x000002809d3cf2c0, 0x000002809d3cf538]
Event: 98.731 Thread 0x00000280b3a005e0 12953       3       org.springframework.web.filter.OncePerRequestFilter::skipDispatch (39 bytes)
Event: 98.731 Thread 0x00000280b3a005e0 nmethod 12953 0x000002809c7b6090 code [0x000002809c7b62a0, 0x000002809c7b6988]
Event: 98.731 Thread 0x00000280b3a005e0 12954       3       org.springframework.web.filter.OncePerRequestFilter::isAsyncDispatch (13 bytes)
Event: 98.731 Thread 0x00000280b3a005e0 nmethod 12954 0x000002809c7b5a10 code [0x000002809c7b5bc0, 0x000002809c7b5e50]
Event: 98.731 Thread 0x00000280b3a005e0 12955       3       org.springframework.web.filter.OncePerRequestFilter::getAlreadyFilteredAttributeName (24 bytes)
Event: 98.733 Thread 0x00000280b3a005e0 nmethod 12955 0x000002809cafa810 code [0x000002809cafab40, 0x000002809cafbd38]
Event: 98.754 Thread 0x00000280b3a005e0 12957       1       org.hibernate.query.sqm.internal.DomainParameterXref::getQueryParameters (5 bytes)
Event: 98.754 Thread 0x00000280b3a005e0 nmethod 12957 0x00000280a3f92090 code [0x00000280a3f92220, 0x00000280a3f922f0]
Event: 98.754 Thread 0x00000280b3a005e0 12958       3       java.util.BitSet::<init> (56 bytes)
Event: 98.755 Thread 0x00000280b3a005e0 nmethod 12958 0x000002809ceee310 code [0x000002809ceee560, 0x000002809ceeed38]
Event: 98.757 Thread 0x00000280b3a005e0 12959       3       org.hibernate.event.spi.AbstractEvent::<init> (10 bytes)
Event: 98.757 Thread 0x00000280b3a005e0 nmethod 12959 0x000002809ceeb410 code [0x000002809ceeb5c0, 0x000002809ceeb780]
Event: 98.869 Thread 0x00000280b3a005e0 12960       3       org.hibernate.sql.results.internal.SqlSelectionImpl::determineValueExtractor (58 bytes)
Event: 98.870 Thread 0x00000280b3a005e0 nmethod 12960 0x000002809c7b2f90 code [0x000002809c7b31c0, 0x000002809c7b3848]
Event: 98.870 Thread 0x00000280b3a005e0 12961       3       com.microsoft.sqlserver.jdbc.SQLServerConnection::isStatementPoolingEnabled (29 bytes)

GC Heap History (20 events):
Event: 13.537 GC heap before
{Heap before GC invocations=26 (full 0):
 garbage-first heap   total 120832K, used 111950K [0x0000000704800000, 0x0000000800000000)
  region size 2048K, 31 young (63488K), 3 survivors (6144K)
 Metaspace       used 88483K, committed 89344K, reserved 1179648K
  class space    used 11869K, committed 12288K, reserved 1048576K
}
Event: 13.542 GC heap after
{Heap after GC invocations=27 (full 0):
 garbage-first heap   total 122880K, used 57472K [0x0000000704800000, 0x0000000800000000)
  region size 2048K, 4 young (8192K), 4 survivors (8192K)
 Metaspace       used 88483K, committed 89344K, reserved 1179648K
  class space    used 11869K, committed 12288K, reserved 1048576K
}
Event: 14.369 GC heap before
{Heap before GC invocations=27 (full 0):
 garbage-first heap   total 122880K, used 112768K [0x0000000704800000, 0x0000000800000000)
  region size 2048K, 31 young (63488K), 4 survivors (8192K)
 Metaspace       used 92379K, committed 93312K, reserved 1179648K
  class space    used 12351K, committed 12800K, reserved 1048576K
}
Event: 14.375 GC heap after
{Heap after GC invocations=28 (full 0):
 garbage-first heap   total 126976K, used 60126K [0x0000000704800000, 0x0000000800000000)
  region size 2048K, 3 young (6144K), 3 survivors (6144K)
 Metaspace       used 92379K, committed 93312K, reserved 1179648K
  class space    used 12351K, committed 12800K, reserved 1048576K
}
Event: 15.307 GC heap before
{Heap before GC invocations=28 (full 0):
 garbage-first heap   total 126976K, used 113374K [0x0000000704800000, 0x0000000800000000)
  region size 2048K, 30 young (61440K), 3 survivors (6144K)
 Metaspace       used 97742K, committed 98880K, reserved 1179648K
  class space    used 13130K, committed 13632K, reserved 1048576K
}
Event: 15.313 GC heap after
{Heap after GC invocations=29 (full 0):
 garbage-first heap   total 126976K, used 64068K [0x0000000704800000, 0x0000000800000000)
  region size 2048K, 4 young (8192K), 4 survivors (8192K)
 Metaspace       used 97742K, committed 98880K, reserved 1179648K
  class space    used 13130K, committed 13632K, reserved 1048576K
}
Event: 23.052 GC heap before
{Heap before GC invocations=30 (full 0):
 garbage-first heap   total 155648K, used 154180K [0x0000000704800000, 0x0000000800000000)
  region size 2048K, 21 young (43008K), 4 survivors (8192K)
 Metaspace       used 100536K, committed 101568K, reserved 1179648K
  class space    used 13481K, committed 13952K, reserved 1048576K
}
Event: 23.060 GC heap after
{Heap after GC invocations=31 (full 0):
 garbage-first heap   total 165888K, used 73287K [0x0000000704800000, 0x0000000800000000)
  region size 2048K, 3 young (6144K), 3 survivors (6144K)
 Metaspace       used 100536K, committed 101568K, reserved 1179648K
  class space    used 13481K, committed 13952K, reserved 1048576K
}
Event: 29.057 GC heap before
{Heap before GC invocations=31 (full 0):
 garbage-first heap   total 165888K, used 161351K [0x0000000704800000, 0x0000000800000000)
  region size 2048K, 20 young (40960K), 3 survivors (6144K)
 Metaspace       used 101314K, committed 102336K, reserved 1179648K
  class space    used 13572K, committed 14016K, reserved 1048576K
}
Event: 29.072 GC heap after
{Heap after GC invocations=32 (full 0):
 garbage-first heap   total 180224K, used 69687K [0x0000000704800000, 0x0000000800000000)
  region size 2048K, 6 young (12288K), 6 survivors (12288K)
 Metaspace       used 101314K, committed 102336K, reserved 1179648K
  class space    used 13572K, committed 14016K, reserved 1048576K
}
Event: 29.080 GC heap before
{Heap before GC invocations=32 (full 0):
 garbage-first heap   total 180224K, used 77879K [0x0000000704800000, 0x0000000800000000)
  region size 2048K, 7 young (14336K), 6 survivors (12288K)
 Metaspace       used 101419K, committed 102464K, reserved 1179648K
  class space    used 13577K, committed 14016K, reserved 1048576K
}
Event: 29.091 GC heap after
{Heap after GC invocations=33 (full 0):
 garbage-first heap   total 180224K, used 78745K [0x0000000704800000, 0x0000000800000000)
  region size 2048K, 1 young (2048K), 1 survivors (2048K)
 Metaspace       used 101419K, committed 102464K, reserved 1179648K
  class space    used 13577K, committed 14016K, reserved 1048576K
}
Event: 29.670 GC heap before
{Heap before GC invocations=34 (full 0):
 garbage-first heap   total 188416K, used 187289K [0x0000000704800000, 0x0000000800000000)
  region size 2048K, 14 young (28672K), 1 survivors (2048K)
 Metaspace       used 101749K, committed 102784K, reserved 1179648K
  class space    used 13623K, committed 14080K, reserved 1048576K
}
Event: 29.691 GC heap after
{Heap after GC invocations=35 (full 0):
 garbage-first heap   total 210944K, used 112640K [0x0000000704800000, 0x0000000800000000)
  region size 2048K, 5 young (10240K), 5 survivors (10240K)
 Metaspace       used 101749K, committed 102784K, reserved 1179648K
  class space    used 13623K, committed 14080K, reserved 1048576K
}
Event: 46.240 GC heap before
{Heap before GC invocations=35 (full 0):
 garbage-first heap   total 262144K, used 262144K [0x0000000704800000, 0x0000000800000000)
  region size 2048K, 24 young (49152K), 5 survivors (10240K)
 Metaspace       used 102004K, committed 103040K, reserved 1179648K
  class space    used 13645K, committed 14080K, reserved 1048576K
}
Event: 46.256 GC heap after
{Heap after GC invocations=36 (full 0):
 garbage-first heap   total 366592K, used 119391K [0x0000000704800000, 0x0000000800000000)
  region size 2048K, 4 young (8192K), 4 survivors (8192K)
 Metaspace       used 102004K, committed 103040K, reserved 1179648K
  class space    used 13645K, committed 14080K, reserved 1048576K
}
Event: 46.351 GC heap before
{Heap before GC invocations=36 (full 0):
 garbage-first heap   total 366592K, used 127583K [0x0000000704800000, 0x0000000800000000)
  region size 2048K, 9 young (18432K), 4 survivors (8192K)
 Metaspace       used 102004K, committed 103040K, reserved 1179648K
  class space    used 13645K, committed 14080K, reserved 1048576K
}
Event: 46.361 GC heap after
{Heap after GC invocations=37 (full 0):
 garbage-first heap   total 366592K, used 126271K [0x0000000704800000, 0x0000000800000000)
  region size 2048K, 8 young (16384K), 8 survivors (16384K)
 Metaspace       used 102004K, committed 103040K, reserved 1179648K
  class space    used 13645K, committed 14080K, reserved 1048576K
}
Event: 98.743 GC heap before
{Heap before GC invocations=38 (full 0):
 garbage-first heap   total 366592K, used 361791K [0x0000000704800000, 0x0000000800000000)
  region size 2048K, 47 young (96256K), 8 survivors (16384K)
 Metaspace       used 102287K, committed 103360K, reserved 1179648K
  class space    used 13668K, committed 14144K, reserved 1048576K
}
Event: 98.750 GC heap after
{Heap after GC invocations=39 (full 0):
 garbage-first heap   total 378880K, used 99847K [0x0000000704800000, 0x0000000800000000)
  region size 2048K, 6 young (12288K), 6 survivors (12288K)
 Metaspace       used 102287K, committed 103360K, reserved 1179648K
  class space    used 13668K, committed 14144K, reserved 1048576K
}

Dll operation events (11 events):
Event: 0.009 Loaded shared library C:\Users\THACH VAN BACH\.vscode\extensions\redhat.java-1.54.0-win32-x64\jre\21.0.10-win32-x86_64\bin\java.dll
Event: 0.039 Loaded shared library C:\Users\THACH VAN BACH\.vscode\extensions\redhat.java-1.54.0-win32-x64\jre\21.0.10-win32-x86_64\bin\zip.dll
Event: 0.176 Loaded shared library C:\Users\THACH VAN BACH\.vscode\extensions\redhat.java-1.54.0-win32-x64\jre\21.0.10-win32-x86_64\bin\jimage.dll
Event: 0.183 Loaded shared library C:\Users\THACH VAN BACH\.vscode\extensions\redhat.java-1.54.0-win32-x64\jre\21.0.10-win32-x86_64\bin\net.dll
Event: 0.185 Loaded shared library C:\Users\THACH VAN BACH\.vscode\extensions\redhat.java-1.54.0-win32-x64\jre\21.0.10-win32-x86_64\bin\nio.dll
Event: 0.188 Loaded shared library C:\Users\THACH VAN BACH\.vscode\extensions\redhat.java-1.54.0-win32-x64\jre\21.0.10-win32-x86_64\bin\zip.dll
Event: 0.294 Loaded shared library C:\Users\THACH VAN BACH\.vscode\extensions\redhat.java-1.54.0-win32-x64\jre\21.0.10-win32-x86_64\bin\management.dll
Event: 0.308 Loaded shared library C:\Users\THACH VAN BACH\.vscode\extensions\redhat.java-1.54.0-win32-x64\jre\21.0.10-win32-x86_64\bin\management_ext.dll
Event: 0.658 Loaded shared library C:\Users\THACH VAN BACH\.vscode\extensions\redhat.java-1.54.0-win32-x64\jre\21.0.10-win32-x86_64\bin\extnet.dll
Event: 0.765 Loaded shared library C:\Users\THACH VAN BACH\.vscode\extensions\redhat.java-1.54.0-win32-x64\jre\21.0.10-win32-x86_64\bin\verify.dll
Event: 2.566 Loaded shared library C:\Users\THACH VAN BACH\.vscode\extensions\redhat.java-1.54.0-win32-x64\jre\21.0.10-win32-x86_64\bin\sunmscapi.dll

Deoptimization events (20 events):
Event: 77.325 Thread 0x00000280fa4141e0 Uncommon trap: trap_request=0xffffffc6 fr.pc=0x00000280a4214450 relative=0x0000000000000bb0
Event: 77.325 Thread 0x00000280fa4141e0 Uncommon trap: reason=bimorphic_or_optimized_type_check action=maybe_recompile pc=0x00000280a4214450 method=java.util.HashMap.removeNode(ILjava/lang/Object;Ljava/lang/Object;ZZ)Ljava/util/HashMap$Node; @ 143 c2
Event: 77.325 Thread 0x00000280fa4141e0 DEOPT PACKING pc=0x00000280a4214450 sp=0x000000f3fabff0b0
Event: 77.325 Thread 0x00000280fa4141e0 DEOPT UNPACKING pc=0x00000280a36e4422 sp=0x000000f3fabfefe8 mode 2
Event: 77.325 Thread 0x00000280fa4141e0 Uncommon trap: trap_request=0xffffffc6 fr.pc=0x00000280a4214450 relative=0x0000000000000bb0
Event: 77.325 Thread 0x00000280fa4141e0 Uncommon trap: reason=bimorphic_or_optimized_type_check action=maybe_recompile pc=0x00000280a4214450 method=java.util.HashMap.removeNode(ILjava/lang/Object;Ljava/lang/Object;ZZ)Ljava/util/HashMap$Node; @ 143 c2
Event: 77.325 Thread 0x00000280fa4141e0 DEOPT PACKING pc=0x00000280a4214450 sp=0x000000f3fabff0b0
Event: 77.325 Thread 0x00000280fa4141e0 DEOPT UNPACKING pc=0x00000280a36e4422 sp=0x000000f3fabfefe8 mode 2
Event: 97.755 Thread 0x00000280feb91a20 Uncommon trap: trap_request=0xffffffde fr.pc=0x00000280a3e8f2c4 relative=0x00000000000002a4
Event: 97.755 Thread 0x00000280feb91a20 Uncommon trap: reason=class_check action=maybe_recompile pc=0x00000280a3e8f2c4 method=org.springframework.core.MethodParameter.getGenericParameterType()Ljava/lang/reflect/Type; @ 17 c2
Event: 97.755 Thread 0x00000280feb91a20 DEOPT PACKING pc=0x00000280a3e8f2c4 sp=0x000000f3fa4fada0
Event: 97.755 Thread 0x00000280feb91a20 DEOPT UNPACKING pc=0x00000280a36e4422 sp=0x000000f3fa4facf0 mode 2
Event: 97.777 Thread 0x00000280fa416fd0 Uncommon trap: trap_request=0xffffffde fr.pc=0x00000280a3e8f2c4 relative=0x00000000000002a4
Event: 97.777 Thread 0x00000280fa416fd0 Uncommon trap: reason=class_check action=maybe_recompile pc=0x00000280a3e8f2c4 method=org.springframework.core.MethodParameter.getGenericParameterType()Ljava/lang/reflect/Type; @ 17 c2
Event: 97.778 Thread 0x00000280fa416fd0 DEOPT PACKING pc=0x00000280a3e8f2c4 sp=0x000000f3faafb0d0
Event: 97.778 Thread 0x00000280fa416fd0 DEOPT UNPACKING pc=0x00000280a36e4422 sp=0x000000f3faafb020 mode 2
Event: 98.673 Thread 0x00000280feb93af0 Uncommon trap: trap_request=0xffffffde fr.pc=0x00000280a3e8f2c4 relative=0x00000000000002a4
Event: 98.673 Thread 0x00000280feb93af0 Uncommon trap: reason=class_check action=maybe_recompile pc=0x00000280a3e8f2c4 method=org.springframework.core.MethodParameter.getGenericParameterType()Ljava/lang/reflect/Type; @ 17 c2
Event: 98.673 Thread 0x00000280feb93af0 DEOPT PACKING pc=0x00000280a3e8f2c4 sp=0x000000f3fa8fae10
Event: 98.673 Thread 0x00000280feb93af0 DEOPT UNPACKING pc=0x00000280a36e4422 sp=0x000000f3fa8fad60 mode 2

Classes loaded (20 events):
Event: 29.043 Loading class java/util/zip/DeflaterOutputStream
Event: 29.044 Loading class java/util/zip/DeflaterOutputStream done
Event: 29.044 Loading class java/util/zip/GZIPInputStream
Event: 29.045 Loading class java/util/zip/GZIPInputStream done
Event: 29.045 Loading class java/util/zip/GZIPOutputStream
Event: 29.045 Loading class java/util/zip/GZIPOutputStream done
Event: 29.241 Loading class javax/crypto/Mac
Event: 29.241 Loading class javax/crypto/Mac done
Event: 29.242 Loading class com/sun/crypto/provider/HmacCore$HmacSHA256
Event: 29.242 Loading class com/sun/crypto/provider/HmacCore
Event: 29.242 Loading class javax/crypto/MacSpi
Event: 29.242 Loading class javax/crypto/MacSpi done
Event: 29.242 Loading class com/sun/crypto/provider/HmacCore done
Event: 29.242 Loading class com/sun/crypto/provider/HmacCore$HmacSHA256 done
Event: 98.717 Loading class java/util/stream/SliceOps
Event: 98.717 Loading class java/util/stream/SliceOps done
Event: 98.717 Loading class java/util/stream/SliceOps$1
Event: 98.717 Loading class java/util/stream/SliceOps$1 done
Event: 98.719 Loading class java/util/stream/SliceOps$1$1
Event: 98.719 Loading class java/util/stream/SliceOps$1$1 done

Classes unloaded (15 events):
Event: 15.351 Thread 0x00000280b0f1ed50 Unloading class 0x00000280b5bb5800 'jdk/internal/reflect/GeneratedSerializationConstructorAccessor7'
Event: 15.351 Thread 0x00000280b0f1ed50 Unloading class 0x00000280b5ba9400 'jdk/internal/reflect/GeneratedSerializationConstructorAccessor6'
Event: 15.351 Thread 0x00000280b0f1ed50 Unloading class 0x00000280b5b99c00 'jdk/internal/reflect/GeneratedSerializationConstructorAccessor5'
Event: 15.351 Thread 0x00000280b0f1ed50 Unloading class 0x00000280b5b99800 'jdk/internal/reflect/GeneratedSerializationConstructorAccessor4'
Event: 29.147 Thread 0x00000280b0f1ed50 Unloading class 0x00000280b5c20400 'jdk/internal/reflect/GeneratedSerializationConstructorAccessor18'
Event: 29.147 Thread 0x00000280b0f1ed50 Unloading class 0x00000280b5c20000 'jdk/internal/reflect/GeneratedSerializationConstructorAccessor17'
Event: 29.147 Thread 0x00000280b0f1ed50 Unloading class 0x00000280b5c18400 'jdk/internal/reflect/GeneratedSerializationConstructorAccessor16'
Event: 29.147 Thread 0x00000280b0f1ed50 Unloading class 0x00000280b5c12800 'jdk/internal/reflect/GeneratedSerializationConstructorAccessor15'
Event: 29.147 Thread 0x00000280b0f1ed50 Unloading class 0x00000280b5c11400 'jdk/internal/reflect/GeneratedSerializationConstructorAccessor14'
Event: 29.147 Thread 0x00000280b0f1ed50 Unloading class 0x00000280b5c11000 'jdk/internal/reflect/GeneratedSerializationConstructorAccessor13'
Event: 29.147 Thread 0x00000280b0f1ed50 Unloading class 0x00000280b5c0e400 'jdk/internal/reflect/GeneratedSerializationConstructorAccessor12'
Event: 29.147 Thread 0x00000280b0f1ed50 Unloading class 0x00000280b5c0cc00 'jdk/internal/reflect/GeneratedSerializationConstructorAccessor11'
Event: 29.147 Thread 0x00000280b0f1ed50 Unloading class 0x00000280b5c03800 'jdk/internal/reflect/GeneratedSerializationConstructorAccessor10'
Event: 29.147 Thread 0x00000280b0f1ed50 Unloading class 0x00000280b5c01800 'jdk/internal/reflect/GeneratedSerializationConstructorAccessor9'
Event: 29.147 Thread 0x00000280b0f1ed50 Unloading class 0x00000280b5bdac00 'jdk/internal/reflect/GeneratedSerializationConstructorAccessor8'

Classes redefined (0 events):
No events

Internal exceptions (20 events):
Event: 15.389 Thread 0x00000280f9b4d490 Implicit null exception at 0x00000280a3ed7dfe to 0x00000280a3ed85ec
Event: 22.212 Thread 0x00000280fb507ab0 Exception <a 'java/lang/NoSuchMethodError'{0x000000070b8df7f0}: 'java.lang.Object java.lang.invoke.DirectMethodHandle$Holder.invokeStatic(java.lang.Object, java.lang.Object, java.lang.Object, int, int)'> (0x000000070b8df7f0) 
thrown [s\src\hotspot\share\interpreter\linkResolver.cpp, line 773]
Event: 22.212 Thread 0x00000280fb507ab0 Exception <a 'java/lang/NoSuchMethodError'{0x000000070b8e2f88}: 'java.lang.Object java.lang.invoke.DirectMethodHandle$Holder.invokeStaticInit(java.lang.Object, java.lang.Object, java.lang.Object, int, int)'> (0x000000070b8e2f88) 
thrown [s\src\hotspot\share\interpreter\linkResolver.cpp, line 773]
Event: 22.251 Thread 0x00000280feb90d00 Exception <a 'java/lang/NoSuchMethodError'{0x000000070b66ffd8}: 'java.lang.Object java.lang.invoke.DirectMethodHandle$Holder.invokeSpecial(java.lang.Object, java.lang.Object, java.lang.Object, java.lang.Object, java.lang.Object, long)'> (0x000000070b66ffd8) 
thrown [s\src\hotspot\share\interpreter\linkResolver.cpp, line 773]
Event: 22.251 Thread 0x00000280feb90d00 Exception <a 'java/lang/NoSuchMethodError'{0x000000070b673770}: 'java.lang.Object java.lang.invoke.Invokers$Holder.linkToTargetMethod(java.lang.Object, java.lang.Object, java.lang.Object, long, java.lang.Object)'> (0x000000070b673770) 
thrown [s\src\hotspot\share\interpreter\linkResolver.cpp, line 773]
Event: 28.984 Thread 0x00000280feb90d00 Exception <a 'java/lang/NoSuchMethodError'{0x000000070bcb4ad0}: 'java.lang.Object java.lang.invoke.DirectMethodHandle$Holder.invokeInterface(java.lang.Object, java.lang.Object, int)'> (0x000000070bcb4ad0) 
thrown [s\src\hotspot\share\interpreter\linkResolver.cpp, line 773]
Event: 28.985 Thread 0x00000280feb90d00 Exception <a 'java/lang/IncompatibleClassChangeError'{0x000000070bcbf6a0}: Found class java.lang.Object, but interface was expected> (0x000000070bcbf6a0) 
thrown [s\src\hotspot\share\interpreter\linkResolver.cpp, line 840]
Event: 40.259 Thread 0x00000280feb91390 Exception <a 'sun/nio/fs/WindowsException'{0x000000070d4f9ad0}> (0x000000070d4f9ad0) 
thrown [s\src\hotspot\share\prims\jni.cpp, line 520]
Event: 40.260 Thread 0x00000280feb91390 Exception <a 'java/io/FileNotFoundException'{0x000000070d4fb048}> (0x000000070d4fb048) 
thrown [s\src\hotspot\share\prims\jni.cpp, line 520]
Event: 40.260 Thread 0x00000280feb91390 Exception <a 'sun/nio/fs/WindowsException'{0x000000070d4fca08}> (0x000000070d4fca08) 
thrown [s\src\hotspot\share\prims\jni.cpp, line 520]
Event: 40.260 Thread 0x00000280feb91390 Exception <a 'java/io/FileNotFoundException'{0x000000070d4fdf60}> (0x000000070d4fdf60) 
thrown [s\src\hotspot\share\prims\jni.cpp, line 520]
Event: 76.323 Thread 0x00000280feb93af0 Exception <a 'java/net/SocketException'{0x0000000716a73688}: Connection reset by peer: shutdown> (0x0000000716a73688) 
thrown [s\src\hotspot\share\prims\jni.cpp, line 539]
Event: 76.324 Thread 0x00000280feb92740 Exception <a 'java/io/IOException'{0x0000000718496f68}> (0x0000000718496f68) 
thrown [s\src\hotspot\share\prims\jni.cpp, line 520]
Event: 76.334 Thread 0x00000280feb92740 Exception <a 'java/io/IOException'{0x00000007184af480}> (0x00000007184af480) 
thrown [s\src\hotspot\share\prims\jni.cpp, line 520]
Event: 76.335 Thread 0x00000280feb92740 Exception <a 'java/io/IOException'{0x00000007184b1738}> (0x00000007184b1738) 
thrown [s\src\hotspot\share\prims\jni.cpp, line 520]
Event: 97.726 Thread 0x00000280feb91a20 Exception <a 'sun/nio/fs/WindowsException'{0x00000007165f5060}> (0x00000007165f5060) 
thrown [s\src\hotspot\share\prims\jni.cpp, line 520]
Event: 97.726 Thread 0x00000280feb91a20 Exception <a 'java/io/FileNotFoundException'{0x00000007165f65b8}> (0x00000007165f65b8) 
thrown [s\src\hotspot\share\prims\jni.cpp, line 520]
Event: 97.727 Thread 0x00000280feb91a20 Exception <a 'sun/nio/fs/WindowsException'{0x00000007165f7f78}> (0x00000007165f7f78) 
thrown [s\src\hotspot\share\prims\jni.cpp, line 520]
Event: 97.727 Thread 0x00000280feb91a20 Exception <a 'java/io/FileNotFoundException'{0x00000007165f94d0}> (0x00000007165f94d0) 
thrown [s\src\hotspot\share\prims\jni.cpp, line 520]
Event: 98.715 Thread 0x00000280feb92740 Exception <a 'java/lang/NoSuchMethodError'{0x000000070761fde8}: 'int java.lang.invoke.DirectMethodHandle$Holder.invokeStatic(java.lang.Object, java.lang.Object, java.lang.Object, java.lang.Object, java.lang.Object)'> (0x000000070761fde8) 
thrown [s\src\hotspot\share\interpreter\linkResolver.cpp, line 773]

ZGC Phase Switch (0 events):
No events

VM Operations (20 events):
Event: 46.474 Executing safepoint VM operation: G1PauseCleanup
Event: 46.474 Executing safepoint VM operation: G1PauseCleanup done
Event: 47.487 Executing safepoint VM operation: Cleanup
Event: 47.487 Executing safepoint VM operation: Cleanup done
Event: 60.047 Executing non-safepoint VM operation: HandshakeAllThreads (HandshakeForDeflation)
Event: 60.047 Executing non-safepoint VM operation: HandshakeAllThreads (HandshakeForDeflation) done
Event: 60.047 Executing non-safepoint VM operation: RendezvousGCThreads
Event: 60.047 Executing non-safepoint VM operation: RendezvousGCThreads done
Event: 77.232 Executing safepoint VM operation: Cleanup
Event: 77.232 Executing safepoint VM operation: Cleanup done
Event: 78.239 Executing safepoint VM operation: Cleanup
Event: 78.239 Executing safepoint VM operation: Cleanup done
Event: 97.430 Executing safepoint VM operation: Cleanup
Event: 97.430 Executing safepoint VM operation: Cleanup done
Event: 98.435 Executing safepoint VM operation: Cleanup
Event: 98.435 Executing safepoint VM operation: Cleanup done
Event: 98.719 Executing non-safepoint VM operation: HandshakeAllThreads (Deoptimize)
Event: 98.719 Executing non-safepoint VM operation: HandshakeAllThreads (Deoptimize) done
Event: 98.743 Executing safepoint VM operation: G1CollectForAllocation (G1 Evacuation Pause)
Event: 98.750 Executing safepoint VM operation: G1CollectForAllocation (G1 Evacuation Pause) done

Memory protections (0 events):
No events

Nmethod flushes (20 events):
Event: 46.428 Thread 0x00000280b0f1ed50 flushing  nmethod 0x000002809d43f890
Event: 46.428 Thread 0x00000280b0f1ed50 flushing  nmethod 0x000002809d43fc90
Event: 46.428 Thread 0x00000280b0f1ed50 flushing  nmethod 0x000002809d440990
Event: 46.428 Thread 0x00000280b0f1ed50 flushing  nmethod 0x000002809d441490
Event: 46.428 Thread 0x00000280b0f1ed50 flushing  nmethod 0x000002809d441910
Event: 46.428 Thread 0x00000280b0f1ed50 flushing  nmethod 0x000002809d442910
Event: 46.428 Thread 0x00000280b0f1ed50 flushing  nmethod 0x000002809d453390
Event: 46.428 Thread 0x00000280b0f1ed50 flushing  nmethod 0x000002809c344790
Event: 46.428 Thread 0x00000280b0f1ed50 flushing  nmethod 0x000002809c368310
Event: 46.428 Thread 0x00000280b0f1ed50 flushing  nmethod 0x000002809c368e90
Event: 46.428 Thread 0x00000280b0f1ed50 flushing  nmethod 0x000002809c369490
Event: 46.428 Thread 0x00000280b0f1ed50 flushing  nmethod 0x000002809c3de910
Event: 46.428 Thread 0x00000280b0f1ed50 flushing  nmethod 0x000002809c68b110
Event: 46.428 Thread 0x00000280b0f1ed50 flushing  nmethod 0x000002809c6ecd10
Event: 46.428 Thread 0x00000280b0f1ed50 flushing  nmethod 0x000002809c6f1810
Event: 46.428 Thread 0x00000280b0f1ed50 flushing  nmethod 0x000002809cb9aa90
Event: 46.428 Thread 0x00000280b0f1ed50 flushing  nmethod 0x000002809cd1c810
Event: 46.428 Thread 0x00000280b0f1ed50 flushing  nmethod 0x000002809d3cf110
Event: 46.428 Thread 0x00000280b0f1ed50 flushing  nmethod 0x000002809d3ecd90
Event: 46.428 Thread 0x00000280b0f1ed50 flushing  nmethod 0x000002809d3f1310

Events (20 events):
Event: 15.122 Thread 0x00000280f9b4d490 Thread added: 0x00000280feb92740
Event: 15.122 Thread 0x00000280f9b4d490 Thread added: 0x00000280feb92dd0
Event: 15.122 Thread 0x00000280f9b4d490 Thread added: 0x00000280feb93af0
Event: 15.122 Thread 0x00000280f9b4d490 Thread added: 0x00000280feb94180
Event: 15.122 Thread 0x00000280f9b4d490 Thread added: 0x00000280fa416fd0
Event: 15.128 Thread 0x00000280f9b4d490 Thread added: 0x00000280fa4141e0
Event: 15.131 Thread 0x00000280f9b4d490 Thread added: 0x00000280fb507ab0
Event: 15.151 Thread 0x00000280f9b4d490 Thread added: 0x00000280fd97a210
Event: 15.480 Thread 0x00000280f9b4d490 Thread exited: 0x00000280f9b4d490
Event: 15.481 Thread 0x00000280f9b17340 Thread exited: 0x00000280f9b17340
Event: 15.481 Thread 0x00000280976ccf10 Thread exited: 0x00000280976ccf10
Event: 15.482 Thread 0x00000280fd976070 Thread added: 0x00000280fd976070
Event: 16.117 Thread 0x00000280f9a6fd30 Thread exited: 0x00000280f9a6fd30
Event: 16.117 Thread 0x00000280fb534670 Thread exited: 0x00000280fb534670
Event: 22.358 Thread 0x00000280b3a005e0 Thread added: 0x00000280fc3d1850
Event: 25.333 Thread 0x00000280fc3d1850 Thread exited: 0x00000280fc3d1850
Event: 28.842 Thread 0x00000280b3a005e0 Thread added: 0x00000280fc3d1850
Event: 29.192 Thread 0x00000280fc3d1850 Thread exited: 0x00000280fc3d1850
Event: 29.730 Thread 0x00000280b39f5f10 Thread added: 0x00000280fb7f0d70
Event: 30.937 Thread 0x00000280fb7f0d70 Thread exited: 0x00000280fb7f0d70


Dynamic libraries:
0x00007ff7f1bc0000 - 0x00007ff7f1bce000 	C:\Users\THACH VAN BACH\.vscode\extensions\redhat.java-1.54.0-win32-x64\jre\21.0.10-win32-x86_64\bin\java.exe
0x00007ffbfd170000 - 0x00007ffbfd388000 	C:\Windows\SYSTEM32\ntdll.dll
0x00007ffbfc550000 - 0x00007ffbfc614000 	C:\Windows\System32\KERNEL32.DLL
0x00007ffbfa890000 - 0x00007ffbfac63000 	C:\Windows\System32\KERNELBASE.dll
0x00007ffbfa3f0000 - 0x00007ffbfa501000 	C:\Windows\System32\ucrtbase.dll
0x00007ffb93dc0000 - 0x00007ffb93dd8000 	C:\Users\THACH VAN BACH\.vscode\extensions\redhat.java-1.54.0-win32-x64\jre\21.0.10-win32-x86_64\bin\jli.dll
0x00007ffb93de0000 - 0x00007ffb93dfe000 	C:\Users\THACH VAN BACH\.vscode\extensions\redhat.java-1.54.0-win32-x64\jre\21.0.10-win32-x86_64\bin\VCRUNTIME140.dll
0x00007ffbfcf70000 - 0x00007ffbfd122000 	C:\Windows\System32\USER32.dll
0x00007ffbfa860000 - 0x00007ffbfa886000 	C:\Windows\System32\win32u.dll
0x00007ffbe0530000 - 0x00007ffbe07cc000 	C:\Windows\WinSxS\amd64_microsoft.windows.common-controls_6595b64144ccf1df_6.0.22621.6060_none_2712eda17382d24b\COMCTL32.dll
0x00007ffbfca40000 - 0x00007ffbfca69000 	C:\Windows\System32\GDI32.dll
0x00007ffbfa740000 - 0x00007ffbfa85b000 	C:\Windows\System32\gdi32full.dll
0x00007ffbfcec0000 - 0x00007ffbfcf67000 	C:\Windows\System32\msvcrt.dll
0x00007ffbfacf0000 - 0x00007ffbfad8a000 	C:\Windows\System32\msvcp_win.dll
0x00007ffbfc170000 - 0x00007ffbfc1a1000 	C:\Windows\System32\IMM32.DLL
0x00000000666f0000 - 0x00000000666fd000 	C:\Program Files (x86)\360\Total Security\safemon\SafeWrapper.dll
0x00007ffbfb3e0000 - 0x00007ffbfb491000 	C:\Windows\System32\ADVAPI32.dll
0x00007ffbfc990000 - 0x00007ffbfca38000 	C:\Windows\System32\sechost.dll
0x00007ffbfa510000 - 0x00007ffbfa538000 	C:\Windows\System32\bcrypt.dll
0x00007ffbfcb50000 - 0x00007ffbfcc68000 	C:\Windows\System32\RPCRT4.dll
0x00007ffbef450000 - 0x00007ffbef555000 	C:\Program Files (x86)\360\Total Security\safemon\libzdtp64.dll
0x00007ffbfb620000 - 0x00007ffbfbebc000 	C:\Windows\System32\SHELL32.dll
0x00007ffbfa540000 - 0x00007ffbfa67f000 	C:\Windows\System32\wintypes.dll
0x00007ffbfc1b0000 - 0x00007ffbfc541000 	C:\Windows\System32\combase.dll
0x00007ffbfc6a0000 - 0x00007ffbfc709000 	C:\Windows\System32\SHLWAPI.dll
0x00007ffbf9ee0000 - 0x00007ffbf9eea000 	C:\Windows\SYSTEM32\VERSION.dll
0x00007ffbc3610000 - 0x00007ffbc361c000 	C:\Users\THACH VAN BACH\.vscode\extensions\redhat.java-1.54.0-win32-x64\jre\21.0.10-win32-x86_64\bin\vcruntime140_1.dll
0x00007ffb5e430000 - 0x00007ffb5e4bd000 	C:\Users\THACH VAN BACH\.vscode\extensions\redhat.java-1.54.0-win32-x64\jre\21.0.10-win32-x86_64\bin\msvcp140.dll
0x00007ffb56070000 - 0x00007ffb56e11000 	C:\Users\THACH VAN BACH\.vscode\extensions\redhat.java-1.54.0-win32-x64\jre\21.0.10-win32-x86_64\bin\server\jvm.dll
0x00007ffbfcad0000 - 0x00007ffbfcb41000 	C:\Windows\System32\WS2_32.dll
0x00007ffbf0070000 - 0x00007ffbf00a4000 	C:\Windows\SYSTEM32\WINMM.dll
0x00007ffbf9030000 - 0x00007ffbf907d000 	C:\Windows\SYSTEM32\POWRPROF.dll
0x00007ffbf9010000 - 0x00007ffbf9023000 	C:\Windows\SYSTEM32\UMPDC.dll
0x00007ffbf92b0000 - 0x00007ffbf92c8000 	C:\Windows\SYSTEM32\kernel.appcore.dll
0x00007ffbc26c0000 - 0x00007ffbc26ca000 	C:\Users\THACH VAN BACH\.vscode\extensions\redhat.java-1.54.0-win32-x64\jre\21.0.10-win32-x86_64\bin\jimage.dll
0x00007ffbf7b00000 - 0x00007ffbf7d33000 	C:\Windows\SYSTEM32\DBGHELP.DLL
0x00007ffbfbf80000 - 0x00007ffbfc058000 	C:\Windows\System32\OLEAUT32.dll
0x00007ffbe6380000 - 0x00007ffbe63b2000 	C:\Windows\SYSTEM32\dbgcore.DLL
0x00007ffbfac70000 - 0x00007ffbfaceb000 	C:\Windows\System32\bcryptPrimitives.dll
0x00007ffb93da0000 - 0x00007ffb93dc0000 	C:\Users\THACH VAN BACH\.vscode\extensions\redhat.java-1.54.0-win32-x64\jre\21.0.10-win32-x86_64\bin\java.dll
0x00007ffbf80d0000 - 0x00007ffbf89ea000 	C:\Windows\SYSTEM32\windows.storage.dll
0x00007ffbfb2d0000 - 0x00007ffbfb3d4000 	C:\Windows\System32\SHCORE.dll
0x00007ffbfa1b0000 - 0x00007ffbfa1d5000 	C:\Windows\SYSTEM32\profapi.dll
0x00007ffb93d80000 - 0x00007ffb93d98000 	C:\Users\THACH VAN BACH\.vscode\extensions\redhat.java-1.54.0-win32-x64\jre\21.0.10-win32-x86_64\bin\zip.dll
0x00007ffbbe960000 - 0x00007ffbbe970000 	C:\Users\THACH VAN BACH\.vscode\extensions\redhat.java-1.54.0-win32-x64\jre\21.0.10-win32-x86_64\bin\net.dll
0x00007ffbf5a10000 - 0x00007ffbf5b3c000 	C:\Windows\SYSTEM32\WINHTTP.dll
0x00007ffbf97c0000 - 0x00007ffbf9829000 	C:\Windows\system32\mswsock.dll
0x00007ffb93d60000 - 0x00007ffb93d76000 	C:\Users\THACH VAN BACH\.vscode\extensions\redhat.java-1.54.0-win32-x64\jre\21.0.10-win32-x86_64\bin\nio.dll
0x00007ffbbc3e0000 - 0x00007ffbbc3ea000 	C:\Users\THACH VAN BACH\.vscode\extensions\redhat.java-1.54.0-win32-x64\jre\21.0.10-win32-x86_64\bin\management.dll
0x00007ffbb23d0000 - 0x00007ffbb23dc000 	C:\Users\THACH VAN BACH\.vscode\extensions\redhat.java-1.54.0-win32-x64\jre\21.0.10-win32-x86_64\bin\management_ext.dll
0x00007ffbfb600000 - 0x00007ffbfb608000 	C:\Windows\System32\PSAPI.DLL
0x00007ffbcdb90000 - 0x00007ffbcdba7000 	C:\Windows\system32\napinsp.dll
0x00007ffbcd240000 - 0x00007ffbcd25b000 	C:\Windows\system32\pnrpnsp.dll
0x00007ffbf8d30000 - 0x00007ffbf8e28000 	C:\Windows\SYSTEM32\DNSAPI.dll
0x00007ffbf8d00000 - 0x00007ffbf8d2d000 	C:\Windows\SYSTEM32\IPHLPAPI.DLL
0x00007ffbfae20000 - 0x00007ffbfae29000 	C:\Windows\System32\NSI.dll
0x00007ffbcd220000 - 0x00007ffbcd231000 	C:\Windows\System32\winrnr.dll
0x00007ffbf0400000 - 0x00007ffbf0415000 	C:\Windows\system32\wshbth.dll
0x00007ffbcd020000 - 0x00007ffbcd041000 	C:\Windows\system32\nlansp_c.dll
0x00000000666c0000 - 0x00000000666e6000 	C:\Program Files\Bonjour\mdnsNSP.dll
0x00007ffbf03f0000 - 0x00007ffbf03fa000 	C:\Windows\System32\rasadhlp.dll
0x00007ffbefc30000 - 0x00007ffbefcb4000 	C:\Windows\System32\fwpuclnt.dll
0x00007ffbf9a10000 - 0x00007ffbf9a2b000 	C:\Windows\SYSTEM32\CRYPTSP.dll
0x00007ffbf9210000 - 0x00007ffbf9247000 	C:\Windows\system32\rsaenh.dll
0x00007ffbf98b0000 - 0x00007ffbf98d8000 	C:\Windows\SYSTEM32\USERENV.dll
0x00007ffbf9a30000 - 0x00007ffbf9a3c000 	C:\Windows\SYSTEM32\CRYPTBASE.dll
0x00007ffbb23c0000 - 0x00007ffbb23c9000 	C:\Users\THACH VAN BACH\.vscode\extensions\redhat.java-1.54.0-win32-x64\jre\21.0.10-win32-x86_64\bin\extnet.dll
0x00007ffbbdbb0000 - 0x00007ffbbdbc0000 	C:\Users\THACH VAN BACH\.vscode\extensions\redhat.java-1.54.0-win32-x64\jre\21.0.10-win32-x86_64\bin\verify.dll
0x00007ffbc2930000 - 0x00007ffbc293e000 	C:\Users\THACH VAN BACH\.vscode\extensions\redhat.java-1.54.0-win32-x64\jre\21.0.10-win32-x86_64\bin\sunmscapi.dll
0x00007ffbfa280000 - 0x00007ffbfa3e8000 	C:\Windows\System32\CRYPT32.dll
0x00007ffbf9bd0000 - 0x00007ffbf9bfe000 	C:\Windows\SYSTEM32\ncrypt.dll
0x00007ffbf9b90000 - 0x00007ffbf9bc7000 	C:\Windows\SYSTEM32\NTASN1.dll
0x00007ffbf1f60000 - 0x00007ffbf1f68000 	C:\Windows\system32\wshunix.dll

JVMTI agents: none

dbghelp: loaded successfully - version: 4.0.5 - missing functions: none
symbol engine: initialized successfully - sym options: 0x614 - pdb path: .;C:\Users\THACH VAN BACH\.vscode\extensions\redhat.java-1.54.0-win32-x64\jre\21.0.10-win32-x86_64\bin;C:\Windows\SYSTEM32;C:\Windows\WinSxS\amd64_microsoft.windows.common-controls_6595b64144ccf1df_6.0.22621.6060_none_2712eda17382d24b;C:\Program Files (x86)\360\Total Security\safemon;C:\Users\THACH VAN BACH\.vscode\extensions\redhat.java-1.54.0-win32-x64\jre\21.0.10-win32-x86_64\bin\server;C:\Program Files\Bonjour

VM Arguments:
jvm_args: -Dcom.sun.management.jmxremote -Dcom.sun.management.jmxremote.port=53447 -Dcom.sun.management.jmxremote.authenticate=false -Dcom.sun.management.jmxremote.ssl=false -Dspring.jmx.enabled=true -Djava.rmi.server.hostname=localhost -Dspring.application.admin.enabled=true -Dspring.boot.project.name=BE_DUANTOTNGHIEP_BANVEXEMPHIM -XX:+ShowCodeDetailsInExceptionMessages 
java_command: com.fpoly.duan.BeDuantotnghiepBanvexemphimApplication
java_class_path (initial): D:\FPT\DATN\DATN\BE_DUANTOTNGHIEP_BANVEXEMPHIM\target\classes;C:\Users\THACH VAN BACH\.m2\repository\org\springframework\boot\spring-boot-starter-web\3.5.11\spring-boot-starter-web-3.5.11.jar;C:\Users\THACH VAN BACH\.m2\repository\org\springframework\boot\spring-boot-starter\3.5.11\spring-boot-starter-3.5.11.jar;C:\Users\THACH VAN BACH\.m2\repository\org\springframework\boot\spring-boot-starter-logging\3.5.11\spring-boot-starter-logging-3.5.11.jar;C:\Users\THACH VAN BACH\.m2\repository\ch\qos\logback\logback-classic\1.5.32\logback-classic-1.5.32.jar;C:\Users\THACH VAN BACH\.m2\repository\ch\qos\logback\logback-core\1.5.32\logback-core-1.5.32.jar;C:\Users\THACH VAN BACH\.m2\repository\org\apache\logging\log4j\log4j-to-slf4j\2.24.3\log4j-to-slf4j-2.24.3.jar;C:\Users\THACH VAN BACH\.m2\repository\org\apache\logging\log4j\log4j-api\2.24.3\log4j-api-2.24.3.jar;C:\Users\THACH VAN BACH\.m2\repository\org\slf4j\jul-to-slf4j\2.0.17\jul-to-slf4j-2.0.17.jar;C:\Users\THACH VAN BACH\.m2\repository\org\yaml\snakeyaml\2.4\snakeyaml-2.4.jar;C:\Users\THACH VAN BACH\.m2\repository\org\springframework\boot\spring-boot-starter-json\3.5.11\spring-boot-starter-json-3.5.11.jar;C:\Users\THACH VAN BACH\.m2\repository\com\fasterxml\jackson\datatype\jackson-datatype-jdk8\2.19.4\jackson-datatype-jdk8-2.19.4.jar;C:\Users\THACH VAN BACH\.m2\repository\com\fasterxml\jackson\datatype\jackson-datatype-jsr310\2.19.4\jackson-datatype-jsr310-2.19.4.jar;C:\Users\THACH VAN BACH\.m2\repository\com\fasterxml\jackson\module\jackson-module-parameter-names\2.19.4\jackson-module-parameter-names-2.19.4.jar;C:\Users\THACH VAN BACH\.m2\repository\org\springframework\spring-web\6.2.16\spring-web-6.2.16.jar;C:\Users\THACH VAN BACH\.m2\repository\org\springframework\spring-beans\6.2.16\spring-beans-6.2.16.jar;C:\Users\THACH VAN BACH\.m2\repository\io\micrometer\micrometer-observation\1.15.9\micrometer-observation-1.15.9.jar;C:\Users\THACH VAN BACH\.m2\repository\io\micrometer\micrometer-commons\1.15.9\micrometer-commons-1.15.9.jar;C:\Users\THACH VAN BACH\.m2\repository\org\springframework\spring-webmvc\6.2.16\spring-webmvc-6.2.16.jar;C:\Users\THACH VAN BACH\.m2\repository\org\springframework\spring-context\6.2.16\spring-context-6.2.16.jar;C:\Users\THACH VAN BACH\.m2\repository\org\springframework\spring-expression\6.2.16\spring-expression-6.2.16.jar;C:\Users\THACH VAN BACH\.m2\repository\org\springframework\boot\spring-boot-starter-tomcat\3.5.11\spring-boot-starter-tomcat-3.5.11.jar;C:\Users\THACH VAN BACH\.m2\repository\jakarta\annotation\jakarta.annotation-api\2.1.1\jakarta.annotation-api-2.1.1.jar;C:\Users\THACH VAN BACH\.m2\repository\org\apache\tomcat\embed\tomcat-embed-core\10.1.52\tomcat-embed-core-10.1.52.jar;C:\Users\THACH VAN BACH\.m2\repository\org\apache\tomcat\embed\tomcat-embed-el\10.1.52\tomcat-embed-el-10.1.52.jar;C:\Users\THACH VAN BACH\.m2\repository\org\apache\tomcat\embed\tomcat-embed-websocket\10.1.52\tomcat-embed-websocket-10.1.52.jar;C:\Users\THACH VAN BACH\.m2\repository\org\springframework\boot\spring-boot-starter-data-jpa\3.5.11\spring-boot-starter-data-jpa-3.5.11.jar;C:\Users\THACH VAN BACH\.m2\repository\org\springframework\boot\spring-boot-starter-jdbc\3.5.11\spring-boot-starter-jdbc-3.5.11.jar;C:\Users\THACH VAN BACH\.m2\repository\com\zaxxer\HikariCP\6.3.3\HikariCP-6.3.3.jar;C:\Users\THACH VAN BACH\.m2\repository\org\springframework\spring-jdbc\6.2.16\spring-jdbc-6.2.16.jar;C:\Users\THACH VAN BACH\.m2\repository\org\hibernate\orm\hibernate-core\6.6.42.Final\hibernate-core-6.6.42.Final.jar;C:\Users\THACH VAN BACH\.m2\repository\jakarta\persistence\jakarta.persistence-api\3.1.0\jakarta.persistence-api-3.1.0.jar;C:\Users\THACH VAN BACH\.m2\repository\jakarta\transaction\jakarta.transaction-api\2.0.1\jakarta.transaction-api-2.0.1.jar;C:\Users\THACH VAN BACH\.m2\repository\org\jboss\logging\jboss-logging\3.6.2.Final\jboss-logging-3.6.2.Final.jar;C:\Users\THACH VAN BACH\.m2\repository\org\hibernate\common\hibernate-commons-annotations\7.0.3.Final\hibernate-commons-annotations-7.0.3.Final.jar;C:\Users\THACH VAN BACH\.m2\repository\io\smallrye\jandex\3.2.0\jandex-3.2.0.jar;C:\Users\THACH VAN BACH\.m2\repository\com\fasterxml\classmate\1.7.3\classmate-1.7.3.jar;C:\Users\THACH VAN BACH\.m2\repository\net\bytebuddy\byte-buddy\1.17.8\byte-buddy-1.17.8.jar;C:\Users\THACH VAN BACH\.m2\repository\org\glassfish\jaxb\jaxb-runtime\4.0.6\jaxb-runtime-4.0.6.jar;C:\Users\THACH VAN BACH\.m2\repository\org\glassfish\jaxb\jaxb-core\4.0.6\jaxb-core-4.0.6.jar;C:\Users\THACH VAN BACH\.m2\repository\org\glassfish\jaxb\txw2\4.0.6\txw2-4.0.6.jar;C:\Users\THACH VAN BACH\.m2\repository\com\sun\istack\istack-commons-runtime\4.1.2\istack-commons-runtime-4.1.2.jar;C:\Users\THACH VAN BACH\.m2\repository\jakarta\inject\jakarta.inject-api\2.0.1\jakarta.inject-api-2.0.1.jar;C:\Users\THACH VAN BACH\.m2\repository\org\antlr\antlr4-runtime\4.13.0\antlr4-runtime-4.13.0.jar;C:\Users\THACH VAN BACH\.m2\repository\org\springframework\data\spring-data-jpa\3.5.9\spring-data-jpa-3.5.9.jar;C:\Users\THACH VAN BACH\.m2\repository\org\springframework\data\spring-data-commons\3.5.9\spring-data-commons-3.5.9.jar;C:\Users\THACH VAN BACH\.m2\repository\org\springframework\spring-orm\6.2.16\spring-orm-6.2.16.jar;C:\Users\THACH VAN BACH\.m2\repository\org\springframework\spring-tx\6.2.16\spring-tx-6.2.16.jar;C:\Users\THACH VAN BACH\.m2\repository\org\springframework\spring-aspects\6.2.16\spring-aspects-6.2.16.jar;C:\Users\THACH VAN BACH\.m2\repository\org\springframework\boot\spring-boot-starter-validation\3.5.11\spring-boot-starter-validation-3.5.11.jar;C:\Users\THACH VAN BACH\.m2\repository\org\hibernate\validator\hibernate-validator\8.0.3.Final\hibernate-validator-8.0.3.Final.jar;C:\Users\THACH VAN BACH\.m2\repository\jakarta\validation\jakarta.validation-api\3.0.2\jakarta.validation-api-3.0.2.jar;C:\Users\THACH VAN BACH\.m2\repository\org\springframework\boot\spring-boot-starter-security\3.5.11\spring-boot-starter-security-3.5.11.jar;C:\Users\THACH VAN BACH\.m2\repository\org\springframework\spring-aop\6.2.16\spring-aop-6.2.16.jar;C:\Users\THACH VAN BACH\.m2\repository\org\springframework\security\spring-security-config\6.5.8\spring-security-config-6.5.8.jar;C:\Users\THACH VAN BACH\.m2\repository\org\springframework\security\spring-security-core\6.5.8\spring-security-core-6.5.8.jar;C:\Users\THACH VAN BACH\.m2\repository\org\springframework\security\spring-security-crypto\6.5.8\spring-security-crypto-6.5.8.jar;C:\Users\THACH VAN BACH\.m2\repository\org\springframework\security\spring-security-web\6.5.8\spring-security-web-6.5.8.jar;C:\Users\THACH VAN BACH\.m2\repository\org\springframework\boot\spring-boot-starter-aop\3.5.11\spring-boot-starter-aop-3.5.11.jar;C:\Users\THACH VAN BACH\.m2\repository\org\aspectj\aspectjweaver\1.9.25.1\aspectjweaver-1.9.25.1.jar;C:\Users\THACH VAN BACH\.m2\repository\org\springframework\boot\spring-boot-devtools\3.5.11\spring-boot-devtools-3.5.11.jar;C:\Users\THACH VAN BACH\.m2\repository\org\springframework\boot\spring-boot\3.5.11\spring-boot-3.5.11.jar;C:\Users\THACH VAN BACH\.m2\repository\org\springframework\boot\spring-boot-autoconfigure\3.5.11\spring-boot-autoconfigure-3.5.11.jar;C:\Users\THACH VAN BACH\.m2\repository\com\microsoft\sqlserver\mssql-jdbc\12.10.2.jre11\mssql-jdbc-12.10.2.jre11.jar;C:\Users\THACH VAN BACH\.m2\repository\com\mysql\mysql-connector-j\9.6.0\mysql-connector-j-9.6.0.jar;C:\Users\THACH VAN BACH\.m2\repository\org\projectlombok\lombok\1.18.42\lombok-1.18.42.jar;C:\Users\THACH VAN BACH\.m2\repository\io\jsonwebtoken\jjwt-api\0.11.5\jjwt-api-0.11.5.jar;C:\Users\THACH VAN BACH\.m2\repository\io\jsonwebtoken\jjwt-impl\0.11.5\jjwt-impl-0.11.5.jar;C:\Users\THACH VAN BACH\.m2\repository\io\jsonwebtoken\jjwt-jackson\0.11.5\jjwt-jackson-0.11.5.jar;C:\Users\THACH VAN BACH\.m2\repository\com\fasterxml\jackson\core\jackson-databind\2.19.4\jackson-databind-2.19.4.jar;C:\Users\THACH VAN BACH\.m2\repository\com\fasterxml\jackson\core\jackson-annotations\2.19.4\jackson-annotations-2.19.4.jar;C:\Users\THACH VAN BACH\.m2\repository\com\fasterxml\jackson\core\jackson-core\2.19.4\jackson-core-2.19.4.jar;C:\Users\THACH VAN BACH\.m2\repository\com\cloudinary\cloudinary-http44\1.33.0\cloudinary-http44-1.33.0.jar;C:\Users\THACH VAN BACH\.m2\repository\com\cloudinary\cloudinary-core\1.33.0\cloudinary-core-1.33.0.jar;C:\Users\THACH VAN BACH\.m2\repository\org\apache\commons\commons-lang3\3.17.0\commons-lang3-3.17.0.jar;C:\Users\THACH VAN BACH\.m2\repository\org\apache\httpcomponents\httpclient\4.4\httpclient-4.4.jar;C:\Users\THACH VAN BACH\.m2\repository\org\apache\httpcomponents\httpcore\4.4.16\httpcore-4.4.16.jar;C:\Users\THACH VAN BACH\.m2\repository\commons-logging\commons-logging\1.2\commons-logging-1.2.jar;C:\Users\THACH VAN BACH\.m2\repository\commons-codec\commons-codec\1.18.0\commons-codec-1.18.0.jar;C:\Users\THACH VAN BACH\.m2\repository\org\apache\httpcomponents\httpmime\4.4\httpmime-4.4.jar;C:\Users\THACH VAN BACH\.m2\repository\com\squareup\okhttp3\okhttp\4.12.0\okhttp-4.12.0.jar;C:\Users\THACH VAN BACH\.m2\repository\com\squareup\okio\okio\3.6.0\okio-3.6.0.jar;C:\Users\THACH VAN BACH\.m2\repository\com\squareup\okio\okio-jvm\3.6.0\okio-jvm-3.6.0.jar;C:\Users\THACH VAN BACH\.m2\repository\org\jetbrains\kotlin\kotlin-stdlib-common\1.9.25\kotlin-stdlib-common-1.9.25.jar;C:\Users\THACH VAN BACH\.m2\repository\org\jetbrains\kotlin\kotlin-stdlib-jdk8\1.9.25\kotlin-stdlib-jdk8-1.9.25.jar;C:\Users\THACH VAN BACH\.m2\repository\org\jetbrains\kotlin\kotlin-stdlib\1.9.25\kotlin-stdlib-1.9.25.jar;C:\Users\THACH VAN BACH\.m2\repository\org\jetbrains\annotations\13.0\annotations-13.0.jar;C:\Users\THACH VAN BACH\.m2\repository\org\jetbrains\kotlin\kotlin-stdlib-jdk7\1.9.25\kotlin-stdlib-jdk7-1.9.25.jar;C:\Users\THACH VAN BACH\.m2\repository\org\json\json\20231013\json-20231013.jar;C:\Users\THACH VAN BACH\.m2\repository\org\springframework\boot\spring-boot-starter-mail\3.5.11\spring-boot-starter-mail-3.5.11.jar;C:\Users\THACH VAN BACH\.m2\repository\org\springframework\spring-context-support\6.2.16\spring-context-support-6.2.16.jar;C:\Users\THACH VAN BACH\.m2\repository\org\eclipse\angus\jakarta.mail\2.0.5\jakarta.mail-2.0.5.jar;C:\Users\THACH VAN BACH\.m2\repository\jakarta\activation\jakarta.activation-api\2.1.4\jakarta.activation-api-2.1.4.jar;C:\Users\THACH VAN BACH\.m2\repository\org\eclipse\angus\angus-activation\2.0.3\angus-activation-2.0.3.jar;C:\Users\THACH VAN BACH\.m2\repository\org\springframework\boot\spring-boot-starter-thymeleaf\3.5.11\spring-boot-starter-thymeleaf-3.5.11.jar;C:\Users\THACH VAN BACH\.m2\repository\org\thymeleaf\thymeleaf-spring6\3.1.3.RELEASE\thymeleaf-spring6-3.1.3.RELEASE.jar;C:\Users\THACH VAN BACH\.m2\repository\nz\net\ultraq\thymeleaf\thymeleaf-layout-dialect\3.4.0\thymeleaf-layout-dialect-3.4.0.jar;C:\Users\THACH VAN BACH\.m2\repository\org\apache\groovy\groovy\4.0.30\groovy-4.0.30.jar;C:\Users\THACH VAN BACH\.m2\repository\nz\net\ultraq\groovy\groovy-extensions\2.3.3\groovy-extensions-2.3.3.jar;C:\Users\THACH VAN BACH\.m2\repository\nz\net\ultraq\thymeleaf\thymeleaf-expression-processor\3.2.0\thymeleaf-expression-processor-3.2.0.jar;C:\Users\THACH VAN BACH\.m2\repository\org\thymeleaf\thymeleaf\3.1.3.RELEASE\thymeleaf-3.1.3.RELEASE.jar;C:\Users\THACH VAN BACH\.m2\repository\ognl\ognl\3.3.4\ognl-3.3.4.jar;C:\Users\THACH VAN BACH\.m2\repository\org\javassist\javassist\3.29.0-GA\javassist-3.29.0-GA.jar;C:\Users\THACH VAN BACH\.m2\repository\org\attoparser\attoparser\2.0.7.RELEASE\attoparser-2.0.7.RELEASE.jar;C:\Users\THACH VAN BACH\.m2\repository\org\unbescape\unbescape\1.1.6.RELEASE\unbescape-1.1.6.RELEASE.jar;C:\Users\THACH VAN BACH\.m2\repository\org\slf4j\slf4j-api\2.0.17\slf4j-api-2.0.17.jar;C:\Users\THACH VAN BACH\.m2\repository\org\springdoc\springdoc-openapi-starter-webmvc-ui\2.8.5\springdoc-openapi-starter-webmvc-ui-2.8.5.jar;C:\Users\THACH VAN BACH\.m2\repository\org\springdoc\springdoc-openapi-starter-webmvc-api\2.8.5\springdoc-openapi-starter-webmvc-api-2.8.5.jar;C:\Users\THACH VAN BACH\.m2\repository\org\springdoc\springdoc-openapi-starter-common\2.8.5\springdoc-openapi-starter-common-2.8.5.jar;C:\Users\THACH VAN BACH\.m2\repository\io\swagger\core\v3\swagger-core-jakarta\2.2.28\swagger-core-jakarta-2.2.28.jar;C:\Users\THACH VAN BACH\.m2\repository\io\swagger\core\v3\swagger-annotations-jakarta\2.2.28\swagger-annotations-jakarta-2.2.28.jar;C:\Users\THACH VAN BACH\.m2\repository\io\swagger\core\v3\swagger-models-jakarta\2.2.28\swagger-models-jakarta-2.2.28.jar;C:\Users\THACH VAN BACH\.m2\repository\com\fasterxml\jackson\dataformat\jackson-dataformat-yaml\2.19.4\jackson-dataformat-yaml-2.19.4.jar;C:\Users\THACH VAN BACH\.m2\repository\org\webjars\swagger-ui\5.18.3\swagger-ui-5.18.3.jar;C:\Users\THACH VAN BACH\.m2\repository\org\webjars\webjars-locator-lite\1.1.3\webjars-locator-lite-1.1.3.jar;C:\Users\THACH VAN BACH\.m2\repository\org\jspecify\jspecify\1.0.0\jspecify-1.0.0.jar;C:\Users\THACH VAN BACH\.m2\repository\jakarta\xml\bind\jakarta.xml.bind-api\4.0.4\jakarta.xml.bind-api-4.0.4.jar;C:\Users\THACH VAN BACH\.m2\repository\org\springframework\spring-core\6.2.16\spring-core-6.2.16.jar;C:\Users\THACH VAN BACH\.m2\repository\org\springframework\spring-jcl\6.2.16\spring-jcl-6.2.16.jar
Launcher Type: SUN_STANDARD

[Global flags]
     intx CICompilerCount                          = 4                                         {product} {ergonomic}
     uint ConcGCThreads                            = 3                                         {product} {ergonomic}
     uint G1ConcRefinementThreads                  = 10                                        {product} {ergonomic}
   size_t G1HeapRegionSize                         = 2097152                                   {product} {ergonomic}
    uintx GCDrainStackTargetSize                   = 64                                        {product} {ergonomic}
   size_t InitialHeapSize                          = 264241152                                 {product} {ergonomic}
     bool ManagementServer                         = true                                      {product} {command line}
   size_t MarkStackSize                            = 4194304                                   {product} {ergonomic}
   size_t MaxHeapSize                              = 4219469824                                {product} {ergonomic}
   size_t MaxNewSize                               = 2531262464                                {product} {ergonomic}
   size_t MinHeapDeltaBytes                        = 2097152                                   {product} {ergonomic}
   size_t MinHeapSize                              = 8388608                                   {product} {ergonomic}
    uintx NonNMethodCodeHeapSize                   = 5839372                                {pd product} {ergonomic}
    uintx NonProfiledCodeHeapSize                  = 122909434                              {pd product} {ergonomic}
    uintx ProfiledCodeHeapSize                     = 122909434                              {pd product} {ergonomic}
    uintx ReservedCodeCacheSize                    = 251658240                              {pd product} {ergonomic}
     bool SegmentedCodeCache                       = true                                      {product} {ergonomic}
     bool ShowCodeDetailsInExceptionMessages       = true                                   {manageable} {command line}
   size_t SoftMaxHeapSize                          = 4219469824                             {manageable} {ergonomic}
     bool UseCompressedOops                        = true                           {product lp64_product} {ergonomic}
     bool UseG1GC                                  = true                                      {product} {ergonomic}
     bool UseLargePagesIndividualAllocation        = false                                  {pd product} {ergonomic}

Logging:
Log output configuration:
 #0: stdout all=warning uptime,level,tags foldmultilines=false
 #1: stderr all=off uptime,level,tags foldmultilines=false

Release file:
JAVA_VERSION="21.0.10" 
MODULES="java.base java.compiler java.datatransfer java.xml java.prefs java.desktop java.instrument java.logging java.management java.security.sasl java.naming java.rmi java.management.rmi java.net.http java.scripting java.security.jgss java.transaction.xa java.sql java.sql.rowset java.xml.crypto java.se java.smartcardio jdk.accessibility jdk.internal.jvmstat jdk.attach jdk.charsets jdk.internal.opt jdk.zipfs jdk.compiler jdk.crypto.ec jdk.crypto.cryptoki jdk.crypto.mscapi jdk.dynalink jdk.internal.ed jdk.editpad jdk.hotspot.agent jdk.httpserver jdk.internal.le jdk.internal.vm.ci jdk.internal.vm.compiler jdk.internal.vm.compiler.management jdk.jartool jdk.javadoc jdk.jcmd jdk.management jdk.management.agent jdk.jconsole jdk.jdeps jdk.jdwp.agent jdk.jdi jdk.jfr jdk.jshell jdk.jsobject jdk.jstatd jdk.localedata jdk.management.jfr jdk.naming.dns jdk.naming.rmi jdk.net jdk.nio.mapmode jdk.random jdk.sctp jdk.security.auth jdk.security.jgss jdk.unsupported jdk.unsupported.desktop jdk.xml.dom" 

Environment Variables:
PATH=C:\Users\THACH VAN BACH\AppData\Local\Programs\Microsoft VS Code;C:\Program Files\Common Files\Oracle\Java\javapath;C:\Program Files (x86)\Common Files\Oracle\Java\javapath;C:\Windows\system32;C:\Windows;C:\Windows\System32\Wbem;C:\Windows\System32\WindowsPowerShell\v1.0\;C:\Windows\System32\OpenSSH\;C:\Program Files (x86)\NVIDIA Corporation\PhysX\Common;C:\Program Files (x86)\Microsoft SQL Server\160\Tools\Binn\;C:\Program Files\Microsoft SQL Server\160\Tools\Binn\;C:\Program Files\Microsoft SQL Server\Client SDK\ODBC\170\Tools\Binn\;C:\Program Files\Microsoft SQL Server\160\DTS\Binn\;C:\Program Files (x86)\Microsoft SQL Server\160\DTS\Binn\;C:\Program Files\dotnet\;D:\Git\cmd;C:\Program Files\NVIDIA Corporation\NVIDIA App\NvDLISR;C:\Program Files\Cloudflare\Cloudflare WARP\;D:\note\;C:\Users\THACH VAN BACH\AppData\Local\Microsoft\WindowsApps;F:\Azure Data Studio\bin;C:\Users\THACH VAN BACH\AppData\Local\GitHubDesktop\bin;C:\Users\THACH VAN BACH\AppData\Local\Programs\Microsoft VS Code\bin;C:\Users\THACH VAN BACH\AppData\Roaming\npm;C:\Users\THACH VAN BACH\AppData\Local\Python\bin;E:\cursor\cursor\resources\app\bin;c:\Users\THACH VAN BACH\.vscode\extensions\vscjava.vscode-java-debug-0.59.0\bundled\scripts\noConfigScripts
USERNAME=THACH VAN BACH
LANG=en_US.UTF-8
OS=Windows_NT
PROCESSOR_IDENTIFIER=Intel64 Family 6 Model 154 Stepping 3, GenuineIntel
TMP=C:\Users\THACHV~1\AppData\Local\Temp
TEMP=C:\Users\THACHV~1\AppData\Local\Temp




Periodic native trim disabled

---------------  S Y S T E M  ---------------

OS:
 Windows 11 , 64 bit Build 22621 (10.0.22621.5415)
OS uptime: 0 days 1:18 hours
Hyper-V role detected

CPU: total 12 (initial active 12) (6 cores per cpu, 2 threads per core) family 6 model 154 stepping 3 microcode 0x42a, cx8, cmov, fxsr, ht, mmx, 3dnowpref, sse, sse2, sse3, ssse3, sse4.1, sse4.2, popcnt, lzcnt, tsc, tscinvbit, avx, avx2, aes, erms, clmul, bmi1, bmi2, adx, sha, fma, vzeroupper, clflush, clflushopt, clwb, hv, serialize, rdtscp, rdpid, fsrm, f16c, cet_ibt, cet_ss
Processor Information for processor 0
  Max Mhz: 2000, Current Mhz: 1520, Mhz Limit: 2000
Processor Information for processor 1
  Max Mhz: 2000, Current Mhz: 1520, Mhz Limit: 2000
Processor Information for processor 2
  Max Mhz: 2000, Current Mhz: 2000, Mhz Limit: 2000
Processor Information for processor 3
  Max Mhz: 2000, Current Mhz: 2000, Mhz Limit: 2000
Processor Information for processor 4
  Max Mhz: 2000, Current Mhz: 2000, Mhz Limit: 2000
Processor Information for processor 5
  Max Mhz: 2000, Current Mhz: 2000, Mhz Limit: 2000
Processor Information for processor 6
  Max Mhz: 2000, Current Mhz: 2000, Mhz Limit: 2000
Processor Information for processor 7
  Max Mhz: 2000, Current Mhz: 2000, Mhz Limit: 2000
Processor Information for processor 8
  Max Mhz: 2000, Current Mhz: 1500, Mhz Limit: 1500
Processor Information for processor 9
  Max Mhz: 2000, Current Mhz: 1500, Mhz Limit: 1500
Processor Information for processor 10
  Max Mhz: 2000, Current Mhz: 1500, Mhz Limit: 1500
Processor Information for processor 11
  Max Mhz: 2000, Current Mhz: 1500, Mhz Limit: 1500

Memory: 4k page, system-wide physical 16088M (1986M free)
TotalPageFile size 21378M (AvailPageFile size 185M)
current process WorkingSet (physical memory assigned to process): 630M, peak: 630M
current process commit charge ("private bytes"): 677M, peak: 677M

vm_info: OpenJDK 64-Bit Server VM (21.0.10+7-LTS) for windows-amd64 JRE (21.0.10+7-LTS), built on 2026-01-20T00:00:00Z by "admin" with MS VC++ 17.12 (VS2022)

END.
