#
# There is insufficient memory for the Java Runtime Environment to continue.
# Native memory allocation (mmap) failed to map 60817408 bytes. Error detail: G1 virtual space
# Possible reasons:
#   The system is out of physical RAM or swap space
#   This process is running with CompressedOops enabled, and the Java Heap may be blocking the growth of the native heap
# Possible solutions:
#   Reduce memory load on the system
#   Increase physical memory or swap space
#   Check if swap backing store is full
#   Decrease Java heap size (-Xmx/-Xms)
#   Decrease number of Java threads
#   Decrease Java thread stack sizes (-Xss)
#   Set larger code cache with -XX:ReservedCodeCacheSize=
#   JVM is running with Zero Based Compressed Oops mode in which the Java heap is
#     placed in the first 32GB address space. The Java Heap base address is the
#     maximum limit for the native heap growth. Please use -XX:HeapBaseMinAddress
#     to set the Java Heap base and to place the Java Heap above 32GB virtual address.
# This output file may be truncated or incomplete.
#
#  Out of Memory Error (os_windows.cpp:3714), pid=26160, tid=11904
#
# JRE version: OpenJDK Runtime Environment Temurin-21.0.10+7 (21.0.10+7) (build 21.0.10+7-LTS)
# Java VM: OpenJDK 64-Bit Server VM Temurin-21.0.10+7 (21.0.10+7-LTS, mixed mode, sharing, tiered, compressed oops, compressed class ptrs, g1 gc, windows-amd64)
# No core dump will be written. Minidumps are not enabled by default on client versions of Windows
#

---------------  S U M M A R Y ------------

Command Line: -Dcom.sun.management.jmxremote -Dcom.sun.management.jmxremote.port=54405 -Dcom.sun.management.jmxremote.authenticate=false -Dcom.sun.management.jmxremote.ssl=false -Dspring.jmx.enabled=true -Djava.rmi.server.hostname=localhost -Dspring.application.admin.enabled=true -Dspring.boot.project.name=BE_DUANTOTNGHIEP_BANVEXEMPHIM -XX:+ShowCodeDetailsInExceptionMessages com.fpoly.duan.BeDuantotnghiepBanvexemphimApplication

Host: 12th Gen Intel(R) Core(TM) i5-12450H, 12 cores, 15G,  Windows 11 , 64 bit Build 22621 (10.0.22621.5415)
Time: Sun Apr 19 22:17:42 2026 SE Asia Standard Time elapsed time: 23.880590 seconds (0d 0h 0m 23s)

---------------  T H R E A D  ---------------

Current thread (0x00000210fe07c110):  VMThread "VM Thread"          [id=11904, stack(0x000000ed8cc00000,0x000000ed8cd00000) (1024K)]

Stack: [0x000000ed8cc00000,0x000000ed8cd00000]
Native frames: (J=compiled Java code, j=interpreted, Vv=VM code, C=native code)
V  [jvm.dll+0x6d7a39]
V  [jvm.dll+0x8b4b26]
V  [jvm.dll+0x8b70de]
V  [jvm.dll+0x8b77c3]
V  [jvm.dll+0x284346]
V  [jvm.dll+0x6d4355]
V  [jvm.dll+0x6c808a]
V  [jvm.dll+0x35edb8]
V  [jvm.dll+0x3669f6]
V  [jvm.dll+0x3b7afe]
V  [jvm.dll+0x3b7da8]
V  [jvm.dll+0x332fbc]
V  [jvm.dll+0x333047]
V  [jvm.dll+0x376e1c]
V  [jvm.dll+0x3755be]
V  [jvm.dll+0x332701]
V  [jvm.dll+0x374c2a]
V  [jvm.dll+0x8bd4b0]
V  [jvm.dll+0x8be824]
V  [jvm.dll+0x8bed50]
V  [jvm.dll+0x8beff3]
V  [jvm.dll+0x85f59d]
V  [jvm.dll+0x6d626d]
C  [ucrtbase.dll+0x29333]
C  [KERNEL32.DLL+0x1259d]
C  [ntdll.dll+0x5af78]

VM_Operation (0x000000ed8f4f6e40): G1CollectForAllocation, mode: safepoint, requested by thread 0x00000210c8d13f00


---------------  P R O C E S S  ---------------

Threads class SMR info:
_java_thread_list=0x00000210ccdbe350, length=38, elements={
0x00000210fe094250, 0x00000210fe095580, 0x00000210fe099810, 0x00000210fe099ea0,
0x00000210fe097dd0, 0x00000210fe099180, 0x00000210fe0a7cf0, 0x00000210fe0a83a0,
0x00000210fe09abc0, 0x00000210fe09a530, 0x00000210fe098af0, 0x00000210fe098460,
0x00000210fe097740, 0x00000210c73a5210, 0x00000210c73a37d0, 0x00000210c73a1700,
0x00000210c73a0350, 0x00000210c73a58a0, 0x00000210c73a5f30, 0x00000210c739fcc0,
0x00000210c8d124c0, 0x00000210c8d12b50, 0x00000210c8d11e30, 0x00000210c8d13f00,
0x00000210c8d14c20, 0x00000210c8d14590, 0x00000210c8d152b0, 0x00000210c8d0f6d0,
0x00000210c8d15fd0, 0x00000210c8d0fd60, 0x00000210c8d103f0, 0x00000210c8d16660,
0x00000210c8d131e0, 0x00000210c8d16cf0, 0x00000210c8d11110, 0x00000210c8d10a80,
0x00000210c9cbba10, 0x00000210c9cbd550
}

Java Threads: ( => current thread )
  0x00000210fe094250 JavaThread "Reference Handler"          daemon [_thread_blocked, id=2936, stack(0x000000ed8cd00000,0x000000ed8ce00000) (1024K)]
  0x00000210fe095580 JavaThread "Finalizer"                  daemon [_thread_blocked, id=21356, stack(0x000000ed8ce00000,0x000000ed8cf00000) (1024K)]
  0x00000210fe099810 JavaThread "Signal Dispatcher"          daemon [_thread_blocked, id=27172, stack(0x000000ed8cf00000,0x000000ed8d000000) (1024K)]
  0x00000210fe099ea0 JavaThread "Attach Listener"            daemon [_thread_blocked, id=10448, stack(0x000000ed8d000000,0x000000ed8d100000) (1024K)]
  0x00000210fe097dd0 JavaThread "Service Thread"             daemon [_thread_blocked, id=23256, stack(0x000000ed8d100000,0x000000ed8d200000) (1024K)]
  0x00000210fe099180 JavaThread "Monitor Deflation Thread"   daemon [_thread_blocked, id=24328, stack(0x000000ed8d200000,0x000000ed8d300000) (1024K)]
  0x00000210fe0a7cf0 JavaThread "C2 CompilerThread0"         daemon [_thread_blocked, id=18764, stack(0x000000ed8d300000,0x000000ed8d400000) (1024K)]
  0x00000210fe0a83a0 JavaThread "C1 CompilerThread0"         daemon [_thread_blocked, id=18912, stack(0x000000ed8d400000,0x000000ed8d500000) (1024K)]
  0x00000210fe09abc0 JavaThread "Notification Thread"        daemon [_thread_blocked, id=13720, stack(0x000000ed8d500000,0x000000ed8d600000) (1024K)]
  0x00000210fe09a530 JavaThread "Common-Cleaner"             daemon [_thread_blocked, id=23184, stack(0x000000ed8d600000,0x000000ed8d700000) (1024K)]
  0x00000210fe098af0 JavaThread "RMI TCP Accept-0"           daemon [_thread_in_native, id=21284, stack(0x000000ed8d800000,0x000000ed8d900000) (1024K)]
  0x00000210fe098460 JavaThread "RMI TCP Accept-54405"       daemon [_thread_in_native, id=28168, stack(0x000000ed8d900000,0x000000ed8da00000) (1024K)]
  0x00000210fe097740 JavaThread "RMI TCP Accept-0"           daemon [_thread_in_native, id=26804, stack(0x000000ed8da00000,0x000000ed8db00000) (1024K)]
  0x00000210c73a5210 JavaThread "mysql-cj-abandoned-connection-cleanup" daemon [_thread_blocked, id=19812, stack(0x000000ed8e600000,0x000000ed8e700000) (1024K)]
  0x00000210c73a37d0 JavaThread "mssql-jdbc-shared-timer-core-0" daemon [_thread_blocked, id=28608, stack(0x000000ed8eb00000,0x000000ed8ec00000) (1024K)]
  0x00000210c73a1700 JavaThread "HikariPool-1:housekeeper"   daemon [_thread_blocked, id=27512, stack(0x000000ed8ec00000,0x000000ed8ed00000) (1024K)]
  0x00000210c73a0350 JavaThread "Catalina-utility-1"                [_thread_blocked, id=22724, stack(0x000000ed8ee00000,0x000000ed8ef00000) (1024K)]
  0x00000210c73a58a0 JavaThread "Catalina-utility-2"                [_thread_blocked, id=4408, stack(0x000000ed8ef00000,0x000000ed8f000000) (1024K)]
  0x00000210c73a5f30 JavaThread "container-0"                       [_thread_blocked, id=15992, stack(0x000000ed8f000000,0x000000ed8f100000) (1024K)]
  0x00000210c739fcc0 JavaThread "HttpClient-1-SelectorManager" daemon [_thread_in_native, id=20948, stack(0x000000ed8f100000,0x000000ed8f200000) (1024K)]
  0x00000210c8d124c0 JavaThread "File Watcher"               daemon [_thread_blocked, id=12164, stack(0x000000ed8f200000,0x000000ed8f300000) (1024K)]
  0x00000210c8d12b50 JavaThread "Live Reload Server"         daemon [_thread_in_native, id=11968, stack(0x000000ed8f300000,0x000000ed8f400000) (1024K)]
  0x00000210c8d11e30 JavaThread "http-nio-8080-exec-1"       daemon [_thread_blocked, id=25024, stack(0x000000ed8ed00000,0x000000ed8ee00000) (1024K)]
  0x00000210c8d13f00 JavaThread "http-nio-8080-exec-2"       daemon [_thread_blocked, id=13664, stack(0x000000ed8f400000,0x000000ed8f500000) (1024K)]
  0x00000210c8d14c20 JavaThread "http-nio-8080-exec-3"       daemon [_thread_blocked, id=12184, stack(0x000000ed8f500000,0x000000ed8f600000) (1024K)]
  0x00000210c8d14590 JavaThread "http-nio-8080-exec-4"       daemon [_thread_blocked, id=13228, stack(0x000000ed8f600000,0x000000ed8f700000) (1024K)]
  0x00000210c8d152b0 JavaThread "http-nio-8080-exec-5"       daemon [_thread_blocked, id=1016, stack(0x000000ed8f700000,0x000000ed8f800000) (1024K)]
  0x00000210c8d0f6d0 JavaThread "http-nio-8080-exec-6"       daemon [_thread_blocked, id=6976, stack(0x000000ed8f800000,0x000000ed8f900000) (1024K)]
  0x00000210c8d15fd0 JavaThread "http-nio-8080-exec-7"       daemon [_thread_blocked, id=25836, stack(0x000000ed8f900000,0x000000ed8fa00000) (1024K)]
  0x00000210c8d0fd60 JavaThread "http-nio-8080-exec-8"       daemon [_thread_blocked, id=22616, stack(0x000000ed8fa00000,0x000000ed8fb00000) (1024K)]
  0x00000210c8d103f0 JavaThread "http-nio-8080-exec-9"       daemon [_thread_blocked, id=17908, stack(0x000000ed8fb00000,0x000000ed8fc00000) (1024K)]
  0x00000210c8d16660 JavaThread "http-nio-8080-exec-10"      daemon [_thread_blocked, id=27280, stack(0x000000ed8fc00000,0x000000ed8fd00000) (1024K)]
  0x00000210c8d131e0 JavaThread "http-nio-8080-Poller"       daemon [_thread_in_native, id=26024, stack(0x000000ed8fd00000,0x000000ed8fe00000) (1024K)]
  0x00000210c8d16cf0 JavaThread "http-nio-8080-Acceptor"     daemon [_thread_in_native, id=19640, stack(0x000000ed8fe00000,0x000000ed8ff00000) (1024K)]
  0x00000210c8d11110 JavaThread "scheduling-1"                      [_thread_blocked, id=14880, stack(0x000000ed8ff00000,0x000000ed90000000) (1024K)]
  0x00000210c8d10a80 JavaThread "DestroyJavaVM"                     [_thread_blocked, id=10564, stack(0x000000ed8c500000,0x000000ed8c600000) (1024K)]
  0x00000210c9cbba10 JavaThread "C2 CompilerThread1"         daemon [_thread_blocked, id=18856, stack(0x000000ed8d700000,0x000000ed8d800000) (1024K)]
  0x00000210c9cbd550 JavaThread "C2 CompilerThread2"         daemon [_thread_blocked, id=20984, stack(0x000000ed8e200000,0x000000ed8e300000) (1024K)]
Total: 38

Other Threads:
=>0x00000210fe07c110 VMThread "VM Thread"                           [id=11904, stack(0x000000ed8cc00000,0x000000ed8cd00000) (1024K)]
  0x00000210fec009d0 WatcherThread "VM Periodic Task Thread"        [id=17832, stack(0x000000ed8cb00000,0x000000ed8cc00000) (1024K)]
  0x00000210e699a740 WorkerThread "GC Thread#0"                     [id=12448, stack(0x000000ed8c600000,0x000000ed8c700000) (1024K)]
  0x00000210c71722b0 WorkerThread "GC Thread#1"                     [id=26868, stack(0x000000ed8db00000,0x000000ed8dc00000) (1024K)]
  0x00000210c73c8630 WorkerThread "GC Thread#2"                     [id=25480, stack(0x000000ed8dc00000,0x000000ed8dd00000) (1024K)]
  0x00000210c73c89e0 WorkerThread "GC Thread#3"                     [id=4912, stack(0x000000ed8dd00000,0x000000ed8de00000) (1024K)]
  0x00000210ff4ccb70 WorkerThread "GC Thread#4"                     [id=10784, stack(0x000000ed8de00000,0x000000ed8df00000) (1024K)]
  0x00000210ff4ccf20 WorkerThread "GC Thread#5"                     [id=13936, stack(0x000000ed8df00000,0x000000ed8e000000) (1024K)]
  0x00000210ff6f5ba0 WorkerThread "GC Thread#6"                     [id=19320, stack(0x000000ed8e000000,0x000000ed8e100000) (1024K)]
  0x00000210ff6f5f50 WorkerThread "GC Thread#7"                     [id=10512, stack(0x000000ed8e100000,0x000000ed8e200000) (1024K)]
  0x00000210c76e9290 WorkerThread "GC Thread#8"                     [id=14228, stack(0x000000ed8e400000,0x000000ed8e500000) (1024K)]
  0x00000210c76e9640 WorkerThread "GC Thread#9"                     [id=23252, stack(0x000000ed8e500000,0x000000ed8e600000) (1024K)]
  0x00000210e69ac990 ConcurrentGCThread "G1 Main Marker"            [id=10432, stack(0x000000ed8c700000,0x000000ed8c800000) (1024K)]
  0x00000210e69aeb60 WorkerThread "G1 Conc#0"                       [id=24952, stack(0x000000ed8c800000,0x000000ed8c900000) (1024K)]
  0x00000210c78b4560 WorkerThread "G1 Conc#1"                       [id=15016, stack(0x000000ed8e800000,0x000000ed8e900000) (1024K)]
  0x00000210c78b4910 WorkerThread "G1 Conc#2"                       [id=23248, stack(0x000000ed8e900000,0x000000ed8ea00000) (1024K)]
  0x00000210fdfbcac0 ConcurrentGCThread "G1 Refine#0"               [id=7372, stack(0x000000ed8c900000,0x000000ed8ca00000) (1024K)]
  0x00000210fdfc0250 ConcurrentGCThread "G1 Service"                [id=13168, stack(0x000000ed8ca00000,0x000000ed8cb00000) (1024K)]
Total: 18

Threads with active compile tasks:
Total: 0

VM state: at safepoint (normal execution)

VM Mutex/Monitor currently owned by a thread:  ([mutex/lock_event])
[0x00007fff8c00e560] Threads_lock - owner thread: 0x00000210fe07c110
[0x00007fff8c00e660] Heap_lock - owner thread: 0x00000210c8d13f00

Heap address: 0x0000000704800000, size: 4024 MB, Compressed Oops mode: Zero based, Oop shift amount: 3

CDS archive(s) mapped at: [0x0000021082000000-0x0000021082ba0000-0x0000021082ba0000), size 12189696, SharedBaseAddress: 0x0000021082000000, ArchiveRelocationMode: 1.
Compressed class space mapped at: 0x0000021083000000-0x00000210c3000000, reserved size: 1073741824
Narrow klass base: 0x0000021082000000, Narrow klass shift: 0, Narrow klass range: 0x100000000

GC Precious Log:
 CardTable entry size: 512
 Card Set container configuration: InlinePtr #cards 4 size 8 Array Of Cards #cards 16 size 48 Howl #buckets 8 coarsen threshold 3686 Howl Bitmap #cards 512 size 80 coarsen threshold 460 Card regions per heap region 1 cards per card region 4096
 CPUs: 12 total, 12 available
 Memory: 16088M
 Large Page Support: Disabled
 NUMA Support: Disabled
 Compressed Oops: Enabled (Zero based)
 Heap Region Size: 2M
 Heap Min Capacity: 8M
 Heap Initial Capacity: 252M
 Heap Max Capacity: 4024M
 Pre-touch: Disabled
 Parallel Workers: 10
 Concurrent Workers: 3
 Concurrent Refinement Workers: 10
 Periodic GC: Disabled

Heap:
 garbage-first heap   total 235520K, used 110197K [0x0000000704800000, 0x0000000800000000)
  region size 2048K, 2 young (4096K), 2 survivors (4096K)
 Metaspace       used 100764K, committed 101888K, reserved 1179648K
  class space    used 13500K, committed 14016K, reserved 1048576K

Heap Regions: E=young(eden), S=young(survivor), O=old, HS=humongous(starts), HC=humongous(continues), CS=collection set, F=free, TAMS=top-at-mark-start, PB=parsable bottom
|   0|0x0000000704800000, 0x0000000704a00000, 0x0000000704a00000|100%| O|  |TAMS 0x0000000704800000| PB 0x0000000704800000| Untracked 
|   1|0x0000000704a00000, 0x0000000704c00000, 0x0000000704c00000|100%| O|  |TAMS 0x0000000704a00000| PB 0x0000000704a00000| Untracked 
|   2|0x0000000704c00000, 0x0000000704e00000, 0x0000000704e00000|100%| O|  |TAMS 0x0000000704c00000| PB 0x0000000704c00000| Untracked 
|   3|0x0000000704e00000, 0x0000000705000000, 0x0000000705000000|100%| O|  |TAMS 0x0000000704e00000| PB 0x0000000704e00000| Untracked 
|   4|0x0000000705000000, 0x0000000705000000, 0x0000000705200000|  0%| F|  |TAMS 0x0000000705000000| PB 0x0000000705000000| Untracked 
|   5|0x0000000705200000, 0x0000000705400000, 0x0000000705400000|100%| O|  |TAMS 0x0000000705200000| PB 0x0000000705200000| Untracked 
|   6|0x0000000705400000, 0x0000000705600000, 0x0000000705600000|100%| O|  |TAMS 0x0000000705400000| PB 0x0000000705400000| Untracked 
|   7|0x0000000705600000, 0x0000000705800000, 0x0000000705800000|100%| O|  |TAMS 0x0000000705600000| PB 0x0000000705600000| Untracked 
|   8|0x0000000705800000, 0x0000000705a00000, 0x0000000705a00000|100%| O|  |TAMS 0x0000000705800000| PB 0x0000000705800000| Untracked 
|   9|0x0000000705a00000, 0x0000000705c00000, 0x0000000705c00000|100%| O|  |TAMS 0x0000000705a00000| PB 0x0000000705a00000| Untracked 
|  10|0x0000000705c00000, 0x0000000705e00000, 0x0000000705e00000|100%| O|  |TAMS 0x0000000705c00000| PB 0x0000000705c00000| Untracked 
|  11|0x0000000705e00000, 0x0000000706000000, 0x0000000706000000|100%| O|  |TAMS 0x0000000705e00000| PB 0x0000000705e00000| Untracked 
|  12|0x0000000706000000, 0x0000000706200000, 0x0000000706200000|100%| O|  |TAMS 0x0000000706000000| PB 0x0000000706000000| Untracked 
|  13|0x0000000706200000, 0x0000000706400000, 0x0000000706400000|100%| O|  |TAMS 0x0000000706200000| PB 0x0000000706200000| Untracked 
|  14|0x0000000706400000, 0x0000000706600000, 0x0000000706600000|100%| O|  |TAMS 0x0000000706400000| PB 0x0000000706400000| Untracked 
|  15|0x0000000706600000, 0x0000000706800000, 0x0000000706800000|100%| O|  |TAMS 0x0000000706600000| PB 0x0000000706600000| Untracked 
|  16|0x0000000706800000, 0x0000000706a00000, 0x0000000706a00000|100%| O|  |TAMS 0x0000000706800000| PB 0x0000000706800000| Untracked 
|  17|0x0000000706a00000, 0x0000000706c00000, 0x0000000706c00000|100%| O|  |TAMS 0x0000000706a00000| PB 0x0000000706a00000| Untracked 
|  18|0x0000000706c00000, 0x0000000706e00000, 0x0000000706e00000|100%| O|  |TAMS 0x0000000706c00000| PB 0x0000000706c00000| Untracked 
|  19|0x0000000706e00000, 0x0000000707000000, 0x0000000707000000|100%| O|  |TAMS 0x0000000706e00000| PB 0x0000000706e00000| Untracked 
|  20|0x0000000707000000, 0x0000000707200000, 0x0000000707200000|100%| O|  |TAMS 0x0000000707000000| PB 0x0000000707000000| Untracked 
|  21|0x0000000707200000, 0x0000000707400000, 0x0000000707400000|100%| O|  |TAMS 0x0000000707200000| PB 0x0000000707200000| Untracked 
|  22|0x0000000707400000, 0x0000000707400000, 0x0000000707600000|  0%| F|  |TAMS 0x0000000707400000| PB 0x0000000707400000| Untracked 
|  23|0x0000000707600000, 0x0000000707800000, 0x0000000707800000|100%| O|  |TAMS 0x0000000707600000| PB 0x0000000707600000| Untracked 
|  24|0x0000000707800000, 0x0000000707800000, 0x0000000707a00000|  0%| F|  |TAMS 0x0000000707800000| PB 0x0000000707800000| Untracked 
|  25|0x0000000707a00000, 0x0000000707c00000, 0x0000000707c00000|100%| O|  |TAMS 0x0000000707a00000| PB 0x0000000707a00000| Untracked 
|  26|0x0000000707c00000, 0x0000000707c00000, 0x0000000707e00000|  0%| F|  |TAMS 0x0000000707c00000| PB 0x0000000707c00000| Untracked 
|  27|0x0000000707e00000, 0x0000000707e00000, 0x0000000708000000|  0%| F|  |TAMS 0x0000000707e00000| PB 0x0000000707e00000| Untracked 
|  28|0x0000000708000000, 0x0000000708200000, 0x0000000708200000|100%| O|  |TAMS 0x0000000708000000| PB 0x0000000708000000| Untracked 
|  29|0x0000000708200000, 0x0000000708400000, 0x0000000708400000|100%| O|  |TAMS 0x0000000708200000| PB 0x0000000708200000| Untracked 
|  30|0x0000000708400000, 0x0000000708600000, 0x0000000708600000|100%| O|  |TAMS 0x0000000708400000| PB 0x0000000708400000| Untracked 
|  31|0x0000000708600000, 0x0000000708800000, 0x0000000708800000|100%| O|  |TAMS 0x0000000708600000| PB 0x0000000708600000| Untracked 
|  32|0x0000000708800000, 0x0000000708a00000, 0x0000000708a00000|100%| O|  |TAMS 0x0000000708800000| PB 0x0000000708800000| Untracked 
|  33|0x0000000708a00000, 0x0000000708c00000, 0x0000000708c00000|100%|HS|  |TAMS 0x0000000708a00000| PB 0x0000000708a00000| Complete 
|  34|0x0000000708c00000, 0x0000000708e00000, 0x0000000708e00000|100%|HC|  |TAMS 0x0000000708c00000| PB 0x0000000708c00000| Complete 
|  35|0x0000000708e00000, 0x0000000708e00000, 0x0000000709000000|  0%| F|  |TAMS 0x0000000708e00000| PB 0x0000000708e00000| Untracked 
|  36|0x0000000709000000, 0x0000000709000000, 0x0000000709200000|  0%| F|  |TAMS 0x0000000709000000| PB 0x0000000709000000| Untracked 
|  37|0x0000000709200000, 0x0000000709200000, 0x0000000709400000|  0%| F|  |TAMS 0x0000000709200000| PB 0x0000000709200000| Untracked 
|  38|0x0000000709400000, 0x0000000709400000, 0x0000000709600000|  0%| F|  |TAMS 0x0000000709400000| PB 0x0000000709400000| Untracked 
|  39|0x0000000709600000, 0x0000000709600000, 0x0000000709800000|  0%| F|  |TAMS 0x0000000709600000| PB 0x0000000709600000| Untracked 
|  40|0x0000000709800000, 0x0000000709800000, 0x0000000709a00000|  0%| F|  |TAMS 0x0000000709800000| PB 0x0000000709800000| Untracked 
|  41|0x0000000709a00000, 0x0000000709a00000, 0x0000000709c00000|  0%| F|  |TAMS 0x0000000709a00000| PB 0x0000000709a00000| Untracked 
|  42|0x0000000709c00000, 0x0000000709c00000, 0x0000000709e00000|  0%| F|  |TAMS 0x0000000709c00000| PB 0x0000000709c00000| Untracked 
|  43|0x0000000709e00000, 0x0000000709e00000, 0x000000070a000000|  0%| F|  |TAMS 0x0000000709e00000| PB 0x0000000709e00000| Untracked 
|  44|0x000000070a000000, 0x000000070a000000, 0x000000070a200000|  0%| F|  |TAMS 0x000000070a000000| PB 0x000000070a000000| Untracked 
|  45|0x000000070a200000, 0x000000070a200000, 0x000000070a400000|  0%| F|  |TAMS 0x000000070a200000| PB 0x000000070a200000| Untracked 
|  46|0x000000070a400000, 0x000000070a400000, 0x000000070a600000|  0%| F|  |TAMS 0x000000070a400000| PB 0x000000070a400000| Untracked 
|  47|0x000000070a600000, 0x000000070a600000, 0x000000070a800000|  0%| F|  |TAMS 0x000000070a600000| PB 0x000000070a600000| Untracked 
|  48|0x000000070a800000, 0x000000070a800000, 0x000000070aa00000|  0%| F|  |TAMS 0x000000070a800000| PB 0x000000070a800000| Untracked 
|  49|0x000000070aa00000, 0x000000070aa00000, 0x000000070ac00000|  0%| F|  |TAMS 0x000000070aa00000| PB 0x000000070aa00000| Untracked 
|  50|0x000000070ac00000, 0x000000070ae00000, 0x000000070ae00000|100%|HS|  |TAMS 0x000000070ac00000| PB 0x000000070ac00000| Complete 
|  51|0x000000070ae00000, 0x000000070b000000, 0x000000070b000000|100%|HC|  |TAMS 0x000000070ae00000| PB 0x000000070ae00000| Complete 
|  52|0x000000070b000000, 0x000000070b000000, 0x000000070b200000|  0%| F|  |TAMS 0x000000070b000000| PB 0x000000070b000000| Untracked 
|  53|0x000000070b200000, 0x000000070b200000, 0x000000070b400000|  0%| F|  |TAMS 0x000000070b200000| PB 0x000000070b200000| Untracked 
|  54|0x000000070b400000, 0x000000070b400000, 0x000000070b600000|  0%| F|  |TAMS 0x000000070b400000| PB 0x000000070b400000| Untracked 
|  55|0x000000070b600000, 0x000000070b600000, 0x000000070b800000|  0%| F|  |TAMS 0x000000070b600000| PB 0x000000070b600000| Untracked 
|  56|0x000000070b800000, 0x000000070b800000, 0x000000070ba00000|  0%| F|  |TAMS 0x000000070b800000| PB 0x000000070b800000| Untracked 
|  57|0x000000070ba00000, 0x000000070ba00000, 0x000000070bc00000|  0%| F|  |TAMS 0x000000070ba00000| PB 0x000000070ba00000| Untracked 
|  58|0x000000070bc00000, 0x000000070bc00000, 0x000000070be00000|  0%| F|  |TAMS 0x000000070bc00000| PB 0x000000070bc00000| Untracked 
|  59|0x000000070be00000, 0x000000070be00000, 0x000000070c000000|  0%| F|  |TAMS 0x000000070be00000| PB 0x000000070be00000| Untracked 
|  60|0x000000070c000000, 0x000000070c000000, 0x000000070c200000|  0%| F|  |TAMS 0x000000070c000000| PB 0x000000070c000000| Untracked 
|  61|0x000000070c200000, 0x000000070c200000, 0x000000070c400000|  0%| F|  |TAMS 0x000000070c200000| PB 0x000000070c200000| Untracked 
|  62|0x000000070c400000, 0x000000070c400000, 0x000000070c600000|  0%| F|  |TAMS 0x000000070c400000| PB 0x000000070c400000| Untracked 
|  63|0x000000070c600000, 0x000000070c600000, 0x000000070c800000|  0%| F|  |TAMS 0x000000070c600000| PB 0x000000070c600000| Untracked 
|  64|0x000000070c800000, 0x000000070c800000, 0x000000070ca00000|  0%| F|  |TAMS 0x000000070c800000| PB 0x000000070c800000| Untracked 
|  65|0x000000070ca00000, 0x000000070ca00000, 0x000000070cc00000|  0%| F|  |TAMS 0x000000070ca00000| PB 0x000000070ca00000| Untracked 
|  66|0x000000070cc00000, 0x000000070cc00000, 0x000000070ce00000|  0%| F|  |TAMS 0x000000070cc00000| PB 0x000000070cc00000| Untracked 
|  67|0x000000070ce00000, 0x000000070ce00000, 0x000000070d000000|  0%| F|  |TAMS 0x000000070ce00000| PB 0x000000070ce00000| Untracked 
|  68|0x000000070d000000, 0x000000070d000000, 0x000000070d200000|  0%| F|  |TAMS 0x000000070d000000| PB 0x000000070d000000| Untracked 
|  69|0x000000070d200000, 0x000000070d200000, 0x000000070d400000|  0%| F|  |TAMS 0x000000070d200000| PB 0x000000070d200000| Untracked 
|  70|0x000000070d400000, 0x000000070d400000, 0x000000070d600000|  0%| F|  |TAMS 0x000000070d400000| PB 0x000000070d400000| Untracked 
|  71|0x000000070d600000, 0x000000070d600000, 0x000000070d800000|  0%| F|  |TAMS 0x000000070d600000| PB 0x000000070d600000| Untracked 
|  72|0x000000070d800000, 0x000000070d800000, 0x000000070da00000|  0%| F|  |TAMS 0x000000070d800000| PB 0x000000070d800000| Untracked 
|  73|0x000000070da00000, 0x000000070da00000, 0x000000070dc00000|  0%| F|  |TAMS 0x000000070da00000| PB 0x000000070da00000| Untracked 
|  74|0x000000070dc00000, 0x000000070dc00000, 0x000000070de00000|  0%| F|  |TAMS 0x000000070dc00000| PB 0x000000070dc00000| Untracked 
|  75|0x000000070de00000, 0x000000070de00000, 0x000000070e000000|  0%| F|  |TAMS 0x000000070de00000| PB 0x000000070de00000| Untracked 
|  76|0x000000070e000000, 0x000000070e000000, 0x000000070e200000|  0%| F|  |TAMS 0x000000070e000000| PB 0x000000070e000000| Untracked 
|  77|0x000000070e200000, 0x000000070e200000, 0x000000070e400000|  0%| F|  |TAMS 0x000000070e200000| PB 0x000000070e200000| Untracked 
|  78|0x000000070e400000, 0x000000070e400000, 0x000000070e600000|  0%| F|  |TAMS 0x000000070e400000| PB 0x000000070e400000| Untracked 
|  79|0x000000070e600000, 0x000000070e600000, 0x000000070e800000|  0%| F|  |TAMS 0x000000070e600000| PB 0x000000070e600000| Untracked 
|  80|0x000000070e800000, 0x000000070e800000, 0x000000070ea00000|  0%| F|  |TAMS 0x000000070e800000| PB 0x000000070e800000| Untracked 
|  81|0x000000070ea00000, 0x000000070ea00000, 0x000000070ec00000|  0%| F|  |TAMS 0x000000070ea00000| PB 0x000000070ea00000| Untracked 
|  82|0x000000070ec00000, 0x000000070ec00000, 0x000000070ee00000|  0%| F|  |TAMS 0x000000070ec00000| PB 0x000000070ec00000| Untracked 
|  83|0x000000070ee00000, 0x000000070ee00000, 0x000000070f000000|  0%| F|  |TAMS 0x000000070ee00000| PB 0x000000070ee00000| Untracked 
|  84|0x000000070f000000, 0x000000070f000000, 0x000000070f200000|  0%| F|  |TAMS 0x000000070f000000| PB 0x000000070f000000| Untracked 
|  85|0x000000070f200000, 0x000000070f200000, 0x000000070f400000|  0%| F|  |TAMS 0x000000070f200000| PB 0x000000070f200000| Untracked 
|  86|0x000000070f400000, 0x000000070f400000, 0x000000070f600000|  0%| F|  |TAMS 0x000000070f400000| PB 0x000000070f400000| Untracked 
|  87|0x000000070f600000, 0x000000070f600000, 0x000000070f800000|  0%| F|  |TAMS 0x000000070f600000| PB 0x000000070f600000| Untracked 
|  88|0x000000070f800000, 0x000000070f800000, 0x000000070fa00000|  0%| F|  |TAMS 0x000000070f800000| PB 0x000000070f800000| Untracked 
|  89|0x000000070fa00000, 0x000000070fa00000, 0x000000070fc00000|  0%| F|  |TAMS 0x000000070fa00000| PB 0x000000070fa00000| Untracked 
|  90|0x000000070fc00000, 0x000000070fe00000, 0x000000070fe00000|100%|HS|  |TAMS 0x000000070fc00000| PB 0x000000070fc00000| Complete 
|  91|0x000000070fe00000, 0x0000000710000000, 0x0000000710000000|100%|HC|  |TAMS 0x000000070fe00000| PB 0x000000070fe00000| Complete 
|  92|0x0000000710000000, 0x0000000710200000, 0x0000000710200000|100%|HS|  |TAMS 0x0000000710000000| PB 0x0000000710000000| Complete 
|  93|0x0000000710200000, 0x0000000710400000, 0x0000000710400000|100%|HC|  |TAMS 0x0000000710200000| PB 0x0000000710200000| Complete 
|  94|0x0000000710400000, 0x0000000710600000, 0x0000000710600000|100%| S|CS|TAMS 0x0000000710400000| PB 0x0000000710400000| Complete 
|  95|0x0000000710600000, 0x0000000710800000, 0x0000000710800000|100%| S|CS|TAMS 0x0000000710600000| PB 0x0000000710600000| Complete 
| 125|0x0000000714200000, 0x0000000714200000, 0x0000000714400000|  0%| F|  |TAMS 0x0000000714200000| PB 0x0000000714200000| Untracked 
|1994|0x00000007fdc00000, 0x00000007fdd9d5c0, 0x00000007fde00000| 80%| O|  |TAMS 0x00000007fdc00000| PB 0x00000007fdc00000| Untracked 
|1995|0x00000007fde00000, 0x00000007fe000000, 0x00000007fe000000|100%| O|  |TAMS 0x00000007fde00000| PB 0x00000007fde00000| Untracked 
|1996|0x00000007fe000000, 0x00000007fe200000, 0x00000007fe200000|100%| O|  |TAMS 0x00000007fe000000| PB 0x00000007fe000000| Untracked 
|1997|0x00000007fe200000, 0x00000007fe400000, 0x00000007fe400000|100%| O|  |TAMS 0x00000007fe200000| PB 0x00000007fe200000| Untracked 
|1998|0x00000007fe400000, 0x00000007fe600000, 0x00000007fe600000|100%| O|  |TAMS 0x00000007fe400000| PB 0x00000007fe400000| Untracked 
|1999|0x00000007fe600000, 0x00000007fe800000, 0x00000007fe800000|100%| O|  |TAMS 0x00000007fe600000| PB 0x00000007fe600000| Untracked 
|2000|0x00000007fe800000, 0x00000007fea00000, 0x00000007fea00000|100%| O|  |TAMS 0x00000007fe800000| PB 0x00000007fe800000| Untracked 
|2001|0x00000007fea00000, 0x00000007fec00000, 0x00000007fec00000|100%| O|  |TAMS 0x00000007fea00000| PB 0x00000007fea00000| Untracked 
|2002|0x00000007fec00000, 0x00000007fee00000, 0x00000007fee00000|100%| O|  |TAMS 0x00000007fec00000| PB 0x00000007fec00000| Untracked 
|2003|0x00000007fee00000, 0x00000007ff000000, 0x00000007ff000000|100%| O|  |TAMS 0x00000007fee00000| PB 0x00000007fee00000| Untracked 
|2004|0x00000007ff000000, 0x00000007ff200000, 0x00000007ff200000|100%| O|  |TAMS 0x00000007ff000000| PB 0x00000007ff000000| Untracked 
|2005|0x00000007ff200000, 0x00000007ff400000, 0x00000007ff400000|100%| O|  |TAMS 0x00000007ff200000| PB 0x00000007ff200000| Untracked 
|2006|0x00000007ff400000, 0x00000007ff600000, 0x00000007ff600000|100%| O|  |TAMS 0x00000007ff400000| PB 0x00000007ff400000| Untracked 
|2007|0x00000007ff600000, 0x00000007ff800000, 0x00000007ff800000|100%| O|  |TAMS 0x00000007ff600000| PB 0x00000007ff600000| Untracked 
|2008|0x00000007ff800000, 0x00000007ffa00000, 0x00000007ffa00000|100%| O|  |TAMS 0x00000007ff800000| PB 0x00000007ff800000| Untracked 
|2009|0x00000007ffa00000, 0x00000007ffa00000, 0x00000007ffc00000|  0%| F|  |TAMS 0x00000007ffa00000| PB 0x00000007ffa00000| Untracked 
|2010|0x00000007ffc00000, 0x00000007ffc00000, 0x00000007ffe00000|  0%| F|  |TAMS 0x00000007ffc00000| PB 0x00000007ffc00000| Untracked 
|2011|0x00000007ffe00000, 0x0000000800000000, 0x0000000800000000|100%| O|  |TAMS 0x00000007ffe00000| PB 0x00000007ffe00000| Untracked 

Card table byte_map: [0x00000210f9820000,0x00000210fa000000] _byte_map_base: 0x00000210f5ffc000

Marking Bits: (CMBitMap*) 0x00000210e699ad60
 Bits: [0x00000210fa000000, 0x00000210fdee0000)

Polling page: 0x00000210e4740000

Metaspace:

Usage:
  Non-class:     85.22 MB used.
      Class:     13.18 MB used.
       Both:     98.40 MB used.

Virtual space:
  Non-class space:      128.00 MB reserved,      85.81 MB ( 67%) committed,  2 nodes.
      Class space:        1.00 GB reserved,      13.69 MB (  1%) committed,  1 nodes.
             Both:        1.12 GB reserved,      99.50 MB (  9%) committed. 

Chunk freelists:
   Non-Class:  10.16 MB
       Class:  2.16 MB
        Both:  12.31 MB

MaxMetaspaceSize: unlimited
CompressedClassSpaceSize: 1.00 GB
Initial GC threshold: 21.00 MB
Current GC threshold: 164.06 MB
CDS: on
 - commit_granule_bytes: 65536.
 - commit_granule_words: 8192.
 - virtual_space_node_default_size: 8388608.
 - enlarge_chunks_in_place: 1.
 - use_allocation_guard: 0.


Internal statistics:

num_allocs_failed_limit: 9.
num_arena_births: 1684.
num_arena_deaths: 18.
num_vsnodes_births: 3.
num_vsnodes_deaths: 0.
num_space_committed: 1592.
num_space_uncommitted: 0.
num_chunks_returned_to_freelist: 36.
num_chunks_taken_from_freelist: 5397.
num_chunk_merges: 7.
num_chunk_splits: 3794.
num_chunks_enlarged: 2867.
num_inconsistent_stats: 0.

CodeHeap 'non-profiled nmethods': size=120000Kb used=7695Kb max_used=7695Kb free=112304Kb
 bounds [0x00000210f15c0000, 0x00000210f1d50000, 0x00000210f8af0000]
CodeHeap 'profiled nmethods': size=120000Kb used=19716Kb max_used=19716Kb free=100284Kb
 bounds [0x00000210e9af0000, 0x00000210eae40000, 0x00000210f1020000]
CodeHeap 'non-nmethods': size=5760Kb used=2055Kb max_used=2111Kb free=3704Kb
 bounds [0x00000210f1020000, 0x00000210f1290000, 0x00000210f15c0000]
CodeCache: size=245760Kb, used=29466Kb, max_used=29522Kb, free=216292Kb
 total_blobs=11246, nmethods=10337, adapters=808, full_count=0
Compilation: enabled, stopped_count=0, restarted_count=0

Compilation events (20 events):
Event: 23.851 Thread 0x00000210fe0a83a0 12230       3       java.nio.ByteBuffer::rewind (5 bytes)
Event: 23.851 Thread 0x00000210fe0a83a0 nmethod 12230 0x00000210eae2d210 code [0x00000210eae2d3c0, 0x00000210eae2d588]
Event: 23.851 Thread 0x00000210fe0a83a0 12231       1       org.hibernate.sql.ast.tree.from.StandardTableGroup::getPrimaryTableReference (5 bytes)
Event: 23.852 Thread 0x00000210fe0a83a0 nmethod 12231 0x00000210f1d3f410 code [0x00000210f1d3f5a0, 0x00000210f1d3f670]
Event: 23.852 Thread 0x00000210fe0a83a0 12233       3       org.apache.coyote.http11.filters.ChunkedOutputFilter::calculateChunkHeader (42 bytes)
Event: 23.852 Thread 0x00000210fe0a83a0 nmethod 12233 0x00000210eae2d610 code [0x00000210eae2d7e0, 0x00000210eae2db58]
Event: 23.852 Thread 0x00000210fe0a83a0 12234   !   3       org.apache.tomcat.util.net.NioEndpoint$NioSocketWrapper::doWrite (291 bytes)
Event: 23.853 Thread 0x00000210fe0a83a0 nmethod 12234 0x00000210eae2dd10 code [0x00000210eae2e040, 0x00000210eae2fb18]
Event: 23.853 Thread 0x00000210fe0a83a0 12236   !   3       sun.nio.ch.NioSocketImpl::implRead (223 bytes)
Event: 23.854 Thread 0x00000210fe0a7cf0 12237       4       java.nio.HeapByteBuffer::put (12 bytes)
Event: 23.855 Thread 0x00000210fe0a83a0 nmethod 12236 0x00000210eae30310 code [0x00000210eae30600, 0x00000210eae313b0]
Event: 23.855 Thread 0x00000210fe0a83a0 12235       3       sun.nio.ch.NioSocketImpl::isOpen (14 bytes)
Event: 23.855 Thread 0x00000210fe0a83a0 nmethod 12235 0x00000210eae31b90 code [0x00000210eae31d20, 0x00000210eae31e80]
Event: 23.855 Thread 0x00000210fe0a83a0 12232       1       org.hibernate.type.BasicType::getJdbcTypeCount (2 bytes)
Event: 23.855 Thread 0x00000210fe0a83a0 nmethod 12232 0x00000210f1d3f710 code [0x00000210f1d3f8a0, 0x00000210f1d3f968]
Event: 23.855 Thread 0x00000210c9cbba10 nmethod 12223 0x00000210f1d3fa10 code [0x00000210f1d3fc20, 0x00000210f1d40390]
Event: 23.861 Thread 0x00000210c9cbd550 nmethod 12189 0x00000210f1d40b90 code [0x00000210f1d40e20, 0x00000210f1d41ff8]
Event: 23.861 Thread 0x00000210fe0a7cf0 nmethod 12237 0x00000210f1d42a90 code [0x00000210f1d42c80, 0x00000210f1d43278]
Event: 23.868 Thread 0x00000210c9cbba10 12238       4       javax.crypto.Cipher::checkCipherState (53 bytes)
Event: 23.869 Thread 0x00000210c9cbba10 nmethod 12238 0x00000210f1d43990 code [0x00000210f1d43b20, 0x00000210f1d43c08]

GC Heap History (20 events):
Event: 8.628 GC heap after
{Heap after GC invocations=23 (full 0):
 garbage-first heap   total 110592K, used 51699K [0x0000000704800000, 0x0000000800000000)
  region size 2048K, 1 young (2048K), 1 survivors (2048K)
 Metaspace       used 85145K, committed 85888K, reserved 1179648K
  class space    used 11459K, committed 11776K, reserved 1048576K
}
Event: 8.683 GC heap before
{Heap before GC invocations=23 (full 0):
 garbage-first heap   total 110592K, used 96755K [0x0000000704800000, 0x0000000800000000)
  region size 2048K, 23 young (47104K), 1 survivors (2048K)
 Metaspace       used 85220K, committed 85952K, reserved 1179648K
  class space    used 11469K, committed 11776K, reserved 1048576K
}
Event: 8.687 GC heap after
{Heap after GC invocations=24 (full 0):
 garbage-first heap   total 110592K, used 51446K [0x0000000704800000, 0x0000000800000000)
  region size 2048K, 1 young (2048K), 1 survivors (2048K)
 Metaspace       used 85220K, committed 85952K, reserved 1179648K
  class space    used 11469K, committed 11776K, reserved 1048576K
}
Event: 8.777 GC heap before
{Heap before GC invocations=24 (full 0):
 garbage-first heap   total 110592K, used 98550K [0x0000000704800000, 0x0000000800000000)
  region size 2048K, 24 young (49152K), 1 survivors (2048K)
 Metaspace       used 85296K, committed 86016K, reserved 1179648K
  class space    used 11474K, committed 11776K, reserved 1048576K
}
Event: 8.779 GC heap after
{Heap after GC invocations=25 (full 0):
 garbage-first heap   total 110592K, used 52125K [0x0000000704800000, 0x0000000800000000)
  region size 2048K, 2 young (4096K), 2 survivors (4096K)
 Metaspace       used 85296K, committed 86016K, reserved 1179648K
  class space    used 11474K, committed 11776K, reserved 1048576K
}
Event: 8.903 GC heap before
{Heap before GC invocations=26 (full 0):
 garbage-first heap   total 110592K, used 99229K [0x0000000704800000, 0x0000000800000000)
  region size 2048K, 25 young (51200K), 2 survivors (4096K)
 Metaspace       used 85487K, committed 86208K, reserved 1179648K
  class space    used 11484K, committed 11776K, reserved 1048576K
}
Event: 8.905 GC heap after
{Heap after GC invocations=27 (full 0):
 garbage-first heap   total 110592K, used 53347K [0x0000000704800000, 0x0000000800000000)
  region size 2048K, 2 young (4096K), 2 survivors (4096K)
 Metaspace       used 85487K, committed 86208K, reserved 1179648K
  class space    used 11484K, committed 11776K, reserved 1048576K
}
Event: 9.332 GC heap before
{Heap before GC invocations=27 (full 0):
 garbage-first heap   total 110592K, used 100451K [0x0000000704800000, 0x0000000800000000)
  region size 2048K, 25 young (51200K), 2 survivors (4096K)
 Metaspace       used 88563K, committed 89344K, reserved 1179648K
  class space    used 11857K, committed 12224K, reserved 1048576K
}
Event: 9.336 GC heap after
{Heap after GC invocations=28 (full 0):
 garbage-first heap   total 112640K, used 57547K [0x0000000704800000, 0x0000000800000000)
  region size 2048K, 4 young (8192K), 4 survivors (8192K)
 Metaspace       used 88563K, committed 89344K, reserved 1179648K
  class space    used 11857K, committed 12224K, reserved 1048576K
}
Event: 9.433 GC heap before
{Heap before GC invocations=28 (full 0):
 garbage-first heap   total 112640K, used 100555K [0x0000000704800000, 0x0000000800000000)
  region size 2048K, 25 young (51200K), 4 survivors (8192K)
 Metaspace       used 88829K, committed 89728K, reserved 1179648K
  class space    used 11881K, committed 12288K, reserved 1048576K
}
Event: 9.438 GC heap after
{Heap after GC invocations=29 (full 0):
 garbage-first heap   total 116736K, used 62750K [0x0000000704800000, 0x0000000800000000)
  region size 2048K, 3 young (6144K), 3 survivors (6144K)
 Metaspace       used 88829K, committed 89728K, reserved 1179648K
  class space    used 11881K, committed 12288K, reserved 1048576K
}
Event: 9.897 GC heap before
{Heap before GC invocations=30 (full 0):
 garbage-first heap   total 116736K, used 101662K [0x0000000704800000, 0x0000000800000000)
  region size 2048K, 22 young (45056K), 3 survivors (6144K)
 Metaspace       used 91582K, committed 92480K, reserved 1179648K
  class space    used 12207K, committed 12608K, reserved 1048576K
}
Event: 9.901 GC heap after
{Heap after GC invocations=31 (full 0):
 garbage-first heap   total 116736K, used 65797K [0x0000000704800000, 0x0000000800000000)
  region size 2048K, 2 young (4096K), 2 survivors (4096K)
 Metaspace       used 91582K, committed 92480K, reserved 1179648K
  class space    used 12207K, committed 12608K, reserved 1048576K
}
Event: 10.383 GC heap before
{Heap before GC invocations=31 (full 0):
 garbage-first heap   total 116736K, used 104709K [0x0000000704800000, 0x0000000800000000)
  region size 2048K, 21 young (43008K), 2 survivors (4096K)
 Metaspace       used 95010K, committed 96064K, reserved 1179648K
  class space    used 12708K, committed 13184K, reserved 1048576K
}
Event: 10.387 GC heap after
{Heap after GC invocations=32 (full 0):
 garbage-first heap   total 116736K, used 67388K [0x0000000704800000, 0x0000000800000000)
  region size 2048K, 3 young (6144K), 3 survivors (6144K)
 Metaspace       used 95010K, committed 96064K, reserved 1179648K
  class space    used 12708K, committed 13184K, reserved 1048576K
}
Event: 22.932 GC heap before
{Heap before GC invocations=32 (full 0):
 garbage-first heap   total 116736K, used 104252K [0x0000000704800000, 0x0000000800000000)
  region size 2048K, 21 young (43008K), 3 survivors (6144K)
 Metaspace       used 99591K, committed 100672K, reserved 1179648K
  class space    used 13366K, committed 13888K, reserved 1048576K
}
Event: 22.937 GC heap after
{Heap after GC invocations=33 (full 0):
 garbage-first heap   total 116736K, used 69247K [0x0000000704800000, 0x0000000800000000)
  region size 2048K, 3 young (6144K), 3 survivors (6144K)
 Metaspace       used 99591K, committed 100672K, reserved 1179648K
  class space    used 13366K, committed 13888K, reserved 1048576K
}
Event: 23.665 GC heap before
{Heap before GC invocations=34 (full 0):
 garbage-first heap   total 120832K, used 104063K [0x0000000704800000, 0x0000000800000000)
  region size 2048K, 20 young (40960K), 3 survivors (6144K)
 Metaspace       used 100533K, committed 101568K, reserved 1179648K
  class space    used 13475K, committed 13952K, reserved 1048576K
}
Event: 23.678 GC heap after
{Heap after GC invocations=35 (full 0):
 garbage-first heap   total 137216K, used 94726K [0x0000000704800000, 0x0000000800000000)
  region size 2048K, 3 young (6144K), 3 survivors (6144K)
 Metaspace       used 100533K, committed 101568K, reserved 1179648K
  class space    used 13475K, committed 13952K, reserved 1048576K
}
Event: 23.871 GC heap before
{Heap before GC invocations=35 (full 0):
 garbage-first heap   total 217088K, used 213510K [0x0000000704800000, 0x0000000800000000)
  region size 2048K, 8 young (16384K), 3 survivors (6144K)
 Metaspace       used 100764K, committed 101888K, reserved 1179648K
  class space    used 13500K, committed 14016K, reserved 1048576K
}

Dll operation events (11 events):
Event: 0.006 Loaded shared library C:\Users\THACH VAN BACH\.vscode\extensions\redhat.java-1.54.0-win32-x64\jre\21.0.10-win32-x86_64\bin\java.dll
Event: 0.028 Loaded shared library C:\Users\THACH VAN BACH\.vscode\extensions\redhat.java-1.54.0-win32-x64\jre\21.0.10-win32-x86_64\bin\zip.dll
Event: 0.099 Loaded shared library C:\Users\THACH VAN BACH\.vscode\extensions\redhat.java-1.54.0-win32-x64\jre\21.0.10-win32-x86_64\bin\jimage.dll
Event: 0.104 Loaded shared library C:\Users\THACH VAN BACH\.vscode\extensions\redhat.java-1.54.0-win32-x64\jre\21.0.10-win32-x86_64\bin\net.dll
Event: 0.106 Loaded shared library C:\Users\THACH VAN BACH\.vscode\extensions\redhat.java-1.54.0-win32-x64\jre\21.0.10-win32-x86_64\bin\nio.dll
Event: 0.108 Loaded shared library C:\Users\THACH VAN BACH\.vscode\extensions\redhat.java-1.54.0-win32-x64\jre\21.0.10-win32-x86_64\bin\zip.dll
Event: 0.171 Loaded shared library C:\Users\THACH VAN BACH\.vscode\extensions\redhat.java-1.54.0-win32-x64\jre\21.0.10-win32-x86_64\bin\management.dll
Event: 0.180 Loaded shared library C:\Users\THACH VAN BACH\.vscode\extensions\redhat.java-1.54.0-win32-x64\jre\21.0.10-win32-x86_64\bin\management_ext.dll
Event: 0.402 Loaded shared library C:\Users\THACH VAN BACH\.vscode\extensions\redhat.java-1.54.0-win32-x64\jre\21.0.10-win32-x86_64\bin\extnet.dll
Event: 0.446 Loaded shared library C:\Users\THACH VAN BACH\.vscode\extensions\redhat.java-1.54.0-win32-x64\jre\21.0.10-win32-x86_64\bin\verify.dll
Event: 1.485 Loaded shared library C:\Users\THACH VAN BACH\.vscode\extensions\redhat.java-1.54.0-win32-x64\jre\21.0.10-win32-x86_64\bin\sunmscapi.dll

Deoptimization events (20 events):
Event: 23.819 Thread 0x00000210c8d16660 DEOPT PACKING pc=0x00000210eab35190 sp=0x000000ed8fcfa7e0
Event: 23.819 Thread 0x00000210c8d16660 DEOPT UNPACKING pc=0x00000210f1074bc2 sp=0x000000ed8fcf9cd8 mode 0
Event: 23.820 Thread 0x00000210c8d16660 DEOPT PACKING pc=0x00000210eab35190 sp=0x000000ed8fcfa7e0
Event: 23.820 Thread 0x00000210c8d16660 DEOPT UNPACKING pc=0x00000210f1074bc2 sp=0x000000ed8fcf9cd8 mode 0
Event: 23.820 Thread 0x00000210c8d16660 DEOPT PACKING pc=0x00000210eab35190 sp=0x000000ed8fcfa7e0
Event: 23.820 Thread 0x00000210c8d16660 DEOPT UNPACKING pc=0x00000210f1074bc2 sp=0x000000ed8fcf9cd8 mode 0
Event: 23.820 Thread 0x00000210c8d16660 DEOPT PACKING pc=0x00000210eab35190 sp=0x000000ed8fcfa7e0
Event: 23.820 Thread 0x00000210c8d16660 DEOPT UNPACKING pc=0x00000210f1074bc2 sp=0x000000ed8fcf9cd8 mode 0
Event: 23.820 Thread 0x00000210c8d16660 DEOPT PACKING pc=0x00000210eab35190 sp=0x000000ed8fcfa7e0
Event: 23.820 Thread 0x00000210c8d16660 DEOPT UNPACKING pc=0x00000210f1074bc2 sp=0x000000ed8fcf9cd8 mode 0
Event: 23.821 Thread 0x00000210c8d16660 DEOPT PACKING pc=0x00000210eab35190 sp=0x000000ed8fcfa7e0
Event: 23.821 Thread 0x00000210c8d16660 DEOPT UNPACKING pc=0x00000210f1074bc2 sp=0x000000ed8fcf9cd8 mode 0
Event: 23.821 Thread 0x00000210c8d16660 DEOPT PACKING pc=0x00000210eab35190 sp=0x000000ed8fcfa7e0
Event: 23.821 Thread 0x00000210c8d16660 DEOPT UNPACKING pc=0x00000210f1074bc2 sp=0x000000ed8fcf9cd8 mode 0
Event: 23.822 Thread 0x00000210c8d16660 DEOPT PACKING pc=0x00000210eab35190 sp=0x000000ed8fcfa7e0
Event: 23.822 Thread 0x00000210c8d16660 DEOPT UNPACKING pc=0x00000210f1074bc2 sp=0x000000ed8fcf9cd8 mode 0
Event: 23.822 Thread 0x00000210c8d16660 DEOPT PACKING pc=0x00000210eab35190 sp=0x000000ed8fcfa7e0
Event: 23.822 Thread 0x00000210c8d16660 DEOPT UNPACKING pc=0x00000210f1074bc2 sp=0x000000ed8fcf9cd8 mode 0
Event: 23.822 Thread 0x00000210c8d16660 DEOPT PACKING pc=0x00000210eab35190 sp=0x000000ed8fcfa7e0
Event: 23.822 Thread 0x00000210c8d16660 DEOPT UNPACKING pc=0x00000210f1074bc2 sp=0x000000ed8fcf9cd8 mode 0

Classes loaded (20 events):
Event: 22.768 Loading class java/nio/channels/SelectionKey
Event: 22.768 Loading class java/nio/channels/SelectionKey done
Event: 22.768 Loading class java/nio/channels/spi/AbstractSelectionKey done
Event: 22.768 Loading class sun/nio/ch/SelectionKeyImpl done
Event: 22.768 Loading class java/lang/invoke/ConstantBootstraps
Event: 22.768 Loading class java/lang/invoke/ConstantBootstraps done
Event: 22.808 Loading class sun/nio/cs/ThreadLocalCoders
Event: 22.808 Loading class sun/nio/cs/ThreadLocalCoders done
Event: 22.808 Loading class sun/nio/cs/ThreadLocalCoders$1
Event: 22.808 Loading class sun/nio/cs/ThreadLocalCoders$Cache
Event: 22.808 Loading class sun/nio/cs/ThreadLocalCoders$Cache done
Event: 22.808 Loading class sun/nio/cs/ThreadLocalCoders$1 done
Event: 22.808 Loading class sun/nio/cs/ThreadLocalCoders$2
Event: 22.808 Loading class sun/nio/cs/ThreadLocalCoders$2 done
Event: 22.842 Loading class java/util/concurrent/locks/ReentrantReadWriteLock$Sync$HoldCounter
Event: 22.842 Loading class java/util/concurrent/locks/ReentrantReadWriteLock$Sync$HoldCounter done
Event: 23.055 Loading class org/w3c/dom/Node
Event: 23.055 Loading class org/w3c/dom/Node done
Event: 23.055 Loading class org/w3c/dom/Document
Event: 23.055 Loading class org/w3c/dom/Document done

Classes unloaded (9 events):
Event: 22.977 Thread 0x00000210fe07c110 Unloading class 0x0000021083bf2800 'jdk/internal/reflect/GeneratedSerializationConstructorAccessor12'
Event: 22.977 Thread 0x00000210fe07c110 Unloading class 0x0000021083bf1400 'jdk/internal/reflect/GeneratedSerializationConstructorAccessor11'
Event: 22.977 Thread 0x00000210fe07c110 Unloading class 0x0000021083be8000 'jdk/internal/reflect/GeneratedSerializationConstructorAccessor10'
Event: 22.977 Thread 0x00000210fe07c110 Unloading class 0x0000021083be2400 'jdk/internal/reflect/GeneratedSerializationConstructorAccessor9'
Event: 22.977 Thread 0x00000210fe07c110 Unloading class 0x0000021083bdec00 'jdk/internal/reflect/GeneratedSerializationConstructorAccessor8'
Event: 22.977 Thread 0x00000210fe07c110 Unloading class 0x0000021083bb9800 'jdk/internal/reflect/GeneratedSerializationConstructorAccessor7'
Event: 22.977 Thread 0x00000210fe07c110 Unloading class 0x0000021083bb0c00 'jdk/internal/reflect/GeneratedSerializationConstructorAccessor6'
Event: 22.977 Thread 0x00000210fe07c110 Unloading class 0x0000021083b99c00 'jdk/internal/reflect/GeneratedSerializationConstructorAccessor5'
Event: 22.977 Thread 0x00000210fe07c110 Unloading class 0x0000021083b99800 'jdk/internal/reflect/GeneratedSerializationConstructorAccessor4'

Classes redefined (0 events):
No events

Internal exceptions (20 events):
Event: 10.232 Thread 0x00000210c73a1d90 Exception <a 'java/lang/ClassNotFoundException'{0x0000000709b13fb0}: org/thymeleaf/dialect/AbstractDialectCustomizer> (0x0000000709b13fb0) 
thrown [s\src\hotspot\share\classfile\systemDictionary.cpp, line 312]
Event: 10.233 Thread 0x00000210c73a1d90 Exception <a 'java/lang/ClassNotFoundException'{0x0000000709b1c3d8}: org/thymeleaf/dialect/AbstractProcessorDialectCustomizer> (0x0000000709b1c3d8) 
thrown [s\src\hotspot\share\classfile\systemDictionary.cpp, line 312]
Event: 10.234 Thread 0x00000210c73a1d90 Exception <a 'java/lang/ClassNotFoundException'{0x0000000709b25b08}: nz/net/ultraq/thymeleaf/layoutdialect/LayoutDialectCustomizer> (0x0000000709b25b08) 
thrown [s\src\hotspot\share\classfile\systemDictionary.cpp, line 312]
Event: 10.239 Thread 0x00000210c73a1d90 Exception <a 'java/lang/NoSuchMethodError'{0x0000000709b6d6a0}: 'int java.lang.invoke.DelegatingMethodHandle$Holder.reinvoke_L(java.lang.Object)'> (0x0000000709b6d6a0) 
thrown [s\src\hotspot\share\interpreter\linkResolver.cpp, line 773]
Event: 10.288 Thread 0x00000210c73a1d90 Exception <a 'java/lang/NoSuchMethodError'{0x0000000709799530}: 'java.lang.Object java.lang.invoke.DirectMethodHandle$Holder.invokeVirtual(java.lang.Object, java.lang.Object, java.lang.Object, java.lang.Object, java.lang.Object, java.lang.Object, java.lang.Object, java.lang.Object, java.lang.Object)'> (0x0000000709799530) 
thrown [s\src\hotspot\share\interpreter\linkResolver.cpp, line 773]
Event: 10.312 Thread 0x00000210c73a1d90 Exception <a 'java/lang/NoSuchMethodError'{0x000000070954c460}: 'java.lang.Object java.lang.invoke.DirectMethodHandle$Holder.invokeVirtual(java.lang.Object, java.lang.Object, java.lang.Object, java.lang.Object, java.lang.Object, java.lang.Object, java.lang.Object)'> (0x000000070954c460) 
thrown [s\src\hotspot\share\interpreter\linkResolver.cpp, line 773]
Event: 10.323 Thread 0x00000210c73a1d90 Exception <a 'java/lang/NoSuchMethodError'{0x00000007092424a8}: 'java.lang.Object java.lang.invoke.DirectMethodHandle$Holder.invokeVirtual(java.lang.Object, java.lang.Object, java.lang.Object, java.lang.Object, java.lang.Object, java.lang.Object, java.lang.Object, java.lang.Object, java.lang.Object, java.lang.Object)'> (0x00000007092424a8) 
thrown [s\src\hotspot\share\interpreter\linkResolver.cpp, line 773]
Event: 10.379 Thread 0x00000210c73a1d90 Exception <a 'java/lang/IncompatibleClassChangeError'{0x0000000708f75f48}: Found class java.lang.Object, but interface was expected> (0x0000000708f75f48) 
thrown [s\src\hotspot\share\interpreter\linkResolver.cpp, line 840]
Event: 10.416 Thread 0x00000210c73a1d90 Exception <a 'java/lang/NoSuchMethodError'{0x000000070b04ee88}: 'java.lang.Object java.lang.invoke.Invokers$Holder.invoke_MT(java.lang.Object, java.lang.Object, java.lang.Object, java.lang.Object, java.lang.Object, java.lang.Object, java.lang.Object, java.lang.Object, java.lang.Object, java.lang.Object, java.lang.Object)'> (0x000000070b04ee88) 
thrown [s\src\hotspot\share\interpreter\linkResolver.cpp, line 773]
Event: 10.515 Thread 0x00000210c73a1d90 Exception <a 'java/lang/NoSuchMethodError'{0x000000070a9b9e90}: 'java.lang.Object java.lang.invoke.DirectMethodHandle$Holder.newInvokeSpecial(java.lang.Object, java.lang.Object, int, java.lang.Object, java.lang.Object)'> (0x000000070a9b9e90) 
thrown [s\src\hotspot\share\interpreter\linkResolver.cpp, line 773]
Event: 10.596 Thread 0x00000210c8d11110 Exception <a 'java/lang/IncompatibleClassChangeError'{0x0000000709e0a7c0}: Found class java.lang.Object, but interface was expected> (0x0000000709e0a7c0) 
thrown [s\src\hotspot\share\interpreter\linkResolver.cpp, line 840]
Event: 10.596 Thread 0x00000210c73a1d90 Exception <a 'java/lang/IncompatibleClassChangeError'{0x000000070a1baca8}: Found class java.lang.Object, but interface was expected> (0x000000070a1baca8) 
thrown [s\src\hotspot\share\interpreter\linkResolver.cpp, line 840]
Event: 10.619 Thread 0x00000210c73a1d90 Exception <a 'java/lang/NoSuchMethodError'{0x0000000709fd3ba8}: 'void java.lang.invoke.DirectMethodHandle$Holder.invokeSpecialIFC(java.lang.Object, java.lang.Object, int, java.lang.Object, java.lang.Object, java.lang.Object, java.lang.Object)'> (0x0000000709fd3ba8) 
thrown [s\src\hotspot\share\interpreter\linkResolver.cpp, line 773]
Event: 10.652 Thread 0x00000210c8d11110 Exception <a 'java/lang/IncompatibleClassChangeError'{0x0000000709d8c460}: Found class java.lang.Object, but interface was expected> (0x0000000709d8c460) 
thrown [s\src\hotspot\share\interpreter\linkResolver.cpp, line 840]
Event: 10.682 Thread 0x00000210c8d11110 Exception <a 'java/lang/IncompatibleClassChangeError'{0x0000000709afc240}: Found class java.lang.Object, but interface was expected> (0x0000000709afc240) 
thrown [s\src\hotspot\share\interpreter\linkResolver.cpp, line 840]
Event: 10.698 Thread 0x00000210c73a1d90 Implicit null exception at 0x00000210f185ec7e to 0x00000210f185f468
Event: 22.764 Thread 0x00000210c8d16cf0 Exception <a 'java/lang/NoSuchMethodError'{0x000000070a29df08}: 'java.lang.Object java.lang.invoke.DirectMethodHandle$Holder.invokeStatic(java.lang.Object, java.lang.Object, java.lang.Object, int, int)'> (0x000000070a29df08) 
thrown [s\src\hotspot\share\interpreter\linkResolver.cpp, line 773]
Event: 22.764 Thread 0x00000210c8d16cf0 Exception <a 'java/lang/NoSuchMethodError'{0x000000070a2a1670}: 'java.lang.Object java.lang.invoke.DirectMethodHandle$Holder.invokeStaticInit(java.lang.Object, java.lang.Object, java.lang.Object, int, int)'> (0x000000070a2a1670) 
thrown [s\src\hotspot\share\interpreter\linkResolver.cpp, line 773]
Event: 22.804 Thread 0x00000210c8d13f00 Exception <a 'java/lang/NoSuchMethodError'{0x0000000709330c50}: 'java.lang.Object java.lang.invoke.DirectMethodHandle$Holder.invokeSpecial(java.lang.Object, java.lang.Object, java.lang.Object, java.lang.Object, java.lang.Object, long)'> (0x0000000709330c50) 
thrown [s\src\hotspot\share\interpreter\linkResolver.cpp, line 773]
Event: 22.804 Thread 0x00000210c8d13f00 Exception <a 'java/lang/NoSuchMethodError'{0x00000007093343d8}: 'java.lang.Object java.lang.invoke.Invokers$Holder.linkToTargetMethod(java.lang.Object, java.lang.Object, java.lang.Object, long, java.lang.Object)'> (0x00000007093343d8) 
thrown [s\src\hotspot\share\interpreter\linkResolver.cpp, line 773]

ZGC Phase Switch (0 events):
No events

VM Operations (20 events):
Event: 22.828 Executing safepoint VM operation: Cleanup done
Event: 22.830 Executing non-safepoint VM operation: HandshakeAllThreads (Deoptimize)
Event: 22.830 Executing non-safepoint VM operation: HandshakeAllThreads (Deoptimize) done
Event: 22.932 Executing safepoint VM operation: G1CollectForAllocation (G1 Evacuation Pause)
Event: 22.937 Executing safepoint VM operation: G1CollectForAllocation (G1 Evacuation Pause) done
Event: 22.960 Executing non-safepoint VM operation: HandshakeAllThreads (Deoptimize)
Event: 22.960 Executing non-safepoint VM operation: HandshakeAllThreads (Deoptimize) done
Event: 22.977 Executing safepoint VM operation: G1PauseRemark
Event: 22.989 Executing safepoint VM operation: G1PauseRemark done
Event: 23.011 Executing safepoint VM operation: G1PauseCleanup
Event: 23.011 Executing safepoint VM operation: G1PauseCleanup done
Event: 23.018 Executing non-safepoint VM operation: HandshakeAllThreads (Deoptimize)
Event: 23.018 Executing non-safepoint VM operation: HandshakeAllThreads (Deoptimize) done
Event: 23.038 Executing non-safepoint VM operation: HandshakeAllThreads (Deoptimize)
Event: 23.038 Executing non-safepoint VM operation: HandshakeAllThreads (Deoptimize) done
Event: 23.665 Executing safepoint VM operation: G1CollectForAllocation (G1 Evacuation Pause)
Event: 23.678 Executing safepoint VM operation: G1CollectForAllocation (G1 Evacuation Pause) done
Event: 23.808 Executing non-safepoint VM operation: HandshakeAllThreads (Deoptimize)
Event: 23.808 Executing non-safepoint VM operation: HandshakeAllThreads (Deoptimize) done
Event: 23.870 Executing safepoint VM operation: G1CollectForAllocation (G1 Evacuation Pause)

Memory protections (0 events):
No events

Nmethod flushes (20 events):
Event: 22.988 Thread 0x00000210fe07c110 flushing  nmethod 0x00000210ea66b010
Event: 22.988 Thread 0x00000210fe07c110 flushing  nmethod 0x00000210ea86e690
Event: 22.988 Thread 0x00000210fe07c110 flushing  nmethod 0x00000210ea98b890
Event: 22.988 Thread 0x00000210fe07c110 flushing  nmethod 0x00000210ea99ca10
Event: 22.988 Thread 0x00000210fe07c110 flushing  nmethod 0x00000210ea9a2410
Event: 22.988 Thread 0x00000210fe07c110 flushing  nmethod 0x00000210ea9d4290
Event: 22.988 Thread 0x00000210fe07c110 flushing  nmethod 0x00000210ea9d9190
Event: 22.988 Thread 0x00000210fe07c110 flushing  nmethod 0x00000210ea9e2490
Event: 22.988 Thread 0x00000210fe07c110 flushing  nmethod 0x00000210ea9e7d90
Event: 22.988 Thread 0x00000210fe07c110 flushing  nmethod 0x00000210eaa8be90
Event: 22.988 Thread 0x00000210fe07c110 flushing  nmethod 0x00000210f1794990
Event: 22.988 Thread 0x00000210fe07c110 flushing  nmethod 0x00000210e9cb7510
Event: 22.988 Thread 0x00000210fe07c110 flushing  nmethod 0x00000210e9e04110
Event: 22.988 Thread 0x00000210fe07c110 flushing  nmethod 0x00000210e9e53390
Event: 22.988 Thread 0x00000210fe07c110 flushing  nmethod 0x00000210e9fce090
Event: 22.988 Thread 0x00000210fe07c110 flushing  nmethod 0x00000210ea0c6890
Event: 22.988 Thread 0x00000210fe07c110 flushing  nmethod 0x00000210ea5fcd10
Event: 22.988 Thread 0x00000210fe07c110 flushing  nmethod 0x00000210ea63e090
Event: 22.988 Thread 0x00000210fe07c110 flushing  nmethod 0x00000210ea992890
Event: 22.988 Thread 0x00000210fe07c110 flushing  nmethod 0x00000210ea9c5790

Events (20 events):
Event: 10.521 Thread 0x00000210c73a1d90 Thread added: 0x00000210c8d14590
Event: 10.521 Thread 0x00000210c73a1d90 Thread added: 0x00000210c8d152b0
Event: 10.521 Thread 0x00000210c73a1d90 Thread added: 0x00000210c8d0f6d0
Event: 10.521 Thread 0x00000210c73a1d90 Thread added: 0x00000210c8d15fd0
Event: 10.521 Thread 0x00000210c73a1d90 Thread added: 0x00000210c8d0fd60
Event: 10.521 Thread 0x00000210c73a1d90 Thread added: 0x00000210c8d103f0
Event: 10.522 Thread 0x00000210c73a1d90 Thread added: 0x00000210c8d16660
Event: 10.526 Thread 0x00000210c73a1d90 Thread added: 0x00000210c8d131e0
Event: 10.527 Thread 0x00000210c73a1d90 Thread added: 0x00000210c8d16cf0
Event: 10.543 Thread 0x00000210c73a1d90 Thread added: 0x00000210c8d11110
Event: 10.772 Thread 0x00000210c73a1d90 Thread exited: 0x00000210c73a1d90
Event: 10.773 Thread 0x00000210c73a3140 Thread exited: 0x00000210c73a3140
Event: 10.773 Thread 0x00000210e44b5970 Thread exited: 0x00000210e44b5970
Event: 10.773 Thread 0x00000210c8d10a80 Thread added: 0x00000210c8d10a80
Event: 11.536 Thread 0x00000210ca75d010 Thread exited: 0x00000210ca75d010
Event: 11.536 Thread 0x00000210ca9a5020 Thread exited: 0x00000210ca9a5020
Event: 22.946 Thread 0x00000210fe0a83a0 Thread added: 0x00000210c9cbe2f0
Event: 23.476 Thread 0x00000210c9cbe2f0 Thread exited: 0x00000210c9cbe2f0
Event: 23.489 Thread 0x00000210fe0a83a0 Thread added: 0x00000210c9cbba10
Event: 23.689 Thread 0x00000210fe0a83a0 Thread added: 0x00000210c9cbd550


Dynamic libraries:
0x00007ff7b4c30000 - 0x00007ff7b4c3e000 	C:\Users\THACH VAN BACH\.vscode\extensions\redhat.java-1.54.0-win32-x64\jre\21.0.10-win32-x86_64\bin\java.exe
0x00007ff850cd0000 - 0x00007ff850ee8000 	C:\Windows\SYSTEM32\ntdll.dll
0x00007ff84f480000 - 0x00007ff84f544000 	C:\Windows\System32\KERNEL32.DLL
0x00007ff84e380000 - 0x00007ff84e753000 	C:\Windows\System32\KERNELBASE.dll
0x00007ff84df80000 - 0x00007ff84e091000 	C:\Windows\System32\ucrtbase.dll
0x00007ffff1b10000 - 0x00007ffff1b2e000 	C:\Users\THACH VAN BACH\.vscode\extensions\redhat.java-1.54.0-win32-x64\jre\21.0.10-win32-x86_64\bin\VCRUNTIME140.dll
0x00007ffff1af0000 - 0x00007ffff1b08000 	C:\Users\THACH VAN BACH\.vscode\extensions\redhat.java-1.54.0-win32-x64\jre\21.0.10-win32-x86_64\bin\jli.dll
0x00007ff850110000 - 0x00007ff8502c2000 	C:\Windows\System32\USER32.dll
0x00007ff84e0a0000 - 0x00007ff84e0c6000 	C:\Windows\System32\win32u.dll
0x00007ff830880000 - 0x00007ff830b1c000 	C:\Windows\WinSxS\amd64_microsoft.windows.common-controls_6595b64144ccf1df_6.0.22621.6060_none_2712eda17382d24b\COMCTL32.dll
0x00007ff84feb0000 - 0x00007ff84fed9000 	C:\Windows\System32\GDI32.dll
0x00007ff84eed0000 - 0x00007ff84ef77000 	C:\Windows\System32\msvcrt.dll
0x00007ff84dde0000 - 0x00007ff84defb000 	C:\Windows\System32\gdi32full.dll
0x00007ff84e8d0000 - 0x00007ff84e96a000 	C:\Windows\System32\msvcp_win.dll
0x00007ff850040000 - 0x00007ff850071000 	C:\Windows\System32\IMM32.DLL
0x000000005c5d0000 - 0x000000005c5dd000 	C:\Program Files (x86)\360\Total Security\safemon\SafeWrapper.dll
0x00007ff84ee10000 - 0x00007ff84eec1000 	C:\Windows\System32\ADVAPI32.dll
0x00007ff84f550000 - 0x00007ff84f5f8000 	C:\Windows\System32\sechost.dll
0x00007ff84e0d0000 - 0x00007ff84e0f8000 	C:\Windows\System32\bcrypt.dll
0x00007ff850670000 - 0x00007ff850788000 	C:\Windows\System32\RPCRT4.dll
0x00007ff842e40000 - 0x00007ff842f45000 	C:\Program Files (x86)\360\Total Security\safemon\libzdtp64.dll
0x00007ff84f610000 - 0x00007ff84feac000 	C:\Windows\System32\SHELL32.dll
0x00007ff84e1c0000 - 0x00007ff84e2ff000 	C:\Windows\System32\wintypes.dll
0x00007ff8502d0000 - 0x00007ff850661000 	C:\Windows\System32\combase.dll
0x00007ff84eb20000 - 0x00007ff84eb89000 	C:\Windows\System32\SHLWAPI.dll
0x00007ff84da40000 - 0x00007ff84da4a000 	C:\Windows\SYSTEM32\VERSION.dll
0x00007ff834910000 - 0x00007ff83491c000 	C:\Users\THACH VAN BACH\.vscode\extensions\redhat.java-1.54.0-win32-x64\jre\21.0.10-win32-x86_64\bin\vcruntime140_1.dll
0x00007fffee3e0000 - 0x00007fffee46d000 	C:\Users\THACH VAN BACH\.vscode\extensions\redhat.java-1.54.0-win32-x64\jre\21.0.10-win32-x86_64\bin\msvcp140.dll
0x00007fff8b350000 - 0x00007fff8c0f1000 	C:\Users\THACH VAN BACH\.vscode\extensions\redhat.java-1.54.0-win32-x64\jre\21.0.10-win32-x86_64\bin\server\jvm.dll
0x00007ff84f400000 - 0x00007ff84f471000 	C:\Windows\System32\WS2_32.dll
0x00007ff84cb90000 - 0x00007ff84cbdd000 	C:\Windows\SYSTEM32\POWRPROF.dll
0x00007ff848160000 - 0x00007ff848194000 	C:\Windows\SYSTEM32\WINMM.dll
0x00007ff84cb70000 - 0x00007ff84cb83000 	C:\Windows\SYSTEM32\UMPDC.dll
0x00007ff84ce10000 - 0x00007ff84ce28000 	C:\Windows\SYSTEM32\kernel.appcore.dll
0x00007ff833c40000 - 0x00007ff833c4a000 	C:\Users\THACH VAN BACH\.vscode\extensions\redhat.java-1.54.0-win32-x64\jre\21.0.10-win32-x86_64\bin\jimage.dll
0x00007ff84b1e0000 - 0x00007ff84b413000 	C:\Windows\SYSTEM32\DBGHELP.DLL
0x00007ff8508d0000 - 0x00007ff8509a8000 	C:\Windows\System32\OLEAUT32.dll
0x00007ff83d540000 - 0x00007ff83d572000 	C:\Windows\SYSTEM32\dbgcore.DLL
0x00007ff84df00000 - 0x00007ff84df7b000 	C:\Windows\System32\bcryptPrimitives.dll
0x00007ffff1a40000 - 0x00007ffff1a60000 	C:\Users\THACH VAN BACH\.vscode\extensions\redhat.java-1.54.0-win32-x64\jre\21.0.10-win32-x86_64\bin\java.dll
0x00007ff84bc30000 - 0x00007ff84c54a000 	C:\Windows\SYSTEM32\windows.storage.dll
0x00007ff850a20000 - 0x00007ff850b24000 	C:\Windows\System32\SHCORE.dll
0x00007ff84dd10000 - 0x00007ff84dd35000 	C:\Windows\SYSTEM32\profapi.dll
0x00007ffff1a20000 - 0x00007ffff1a38000 	C:\Users\THACH VAN BACH\.vscode\extensions\redhat.java-1.54.0-win32-x64\jre\21.0.10-win32-x86_64\bin\zip.dll
0x00007ff832800000 - 0x00007ff832810000 	C:\Users\THACH VAN BACH\.vscode\extensions\redhat.java-1.54.0-win32-x64\jre\21.0.10-win32-x86_64\bin\net.dll
0x00007ff8494e0000 - 0x00007ff84960c000 	C:\Windows\SYSTEM32\WINHTTP.dll
0x00007ff84d320000 - 0x00007ff84d389000 	C:\Windows\system32\mswsock.dll
0x00007fffee9a0000 - 0x00007fffee9b6000 	C:\Users\THACH VAN BACH\.vscode\extensions\redhat.java-1.54.0-win32-x64\jre\21.0.10-win32-x86_64\bin\nio.dll
0x00007ff82dfb0000 - 0x00007ff82dfba000 	C:\Users\THACH VAN BACH\.vscode\extensions\redhat.java-1.54.0-win32-x64\jre\21.0.10-win32-x86_64\bin\management.dll
0x00007ff82cde0000 - 0x00007ff82cdec000 	C:\Users\THACH VAN BACH\.vscode\extensions\redhat.java-1.54.0-win32-x64\jre\21.0.10-win32-x86_64\bin\management_ext.dll
0x00007ff84ee00000 - 0x00007ff84ee08000 	C:\Windows\System32\PSAPI.DLL
0x00007ff81e1b0000 - 0x00007ff81e1c7000 	C:\Windows\system32\napinsp.dll
0x00007ff81e190000 - 0x00007ff81e1ab000 	C:\Windows\system32\pnrpnsp.dll
0x00007ff84c8e0000 - 0x00007ff84c9d8000 	C:\Windows\SYSTEM32\DNSAPI.dll
0x00007ff84c8b0000 - 0x00007ff84c8dd000 	C:\Windows\SYSTEM32\IPHLPAPI.DLL
0x00007ff8508c0000 - 0x00007ff8508c9000 	C:\Windows\System32\NSI.dll
0x00007ff81e170000 - 0x00007ff81e181000 	C:\Windows\System32\winrnr.dll
0x00007ff842f50000 - 0x00007ff842f65000 	C:\Windows\system32\wshbth.dll
0x00007ff81e140000 - 0x00007ff81e161000 	C:\Windows\system32\nlansp_c.dll
0x000000005c5a0000 - 0x000000005c5c6000 	C:\Program Files\Bonjour\mdnsNSP.dll
0x00007ff8483b0000 - 0x00007ff8483ba000 	C:\Windows\System32\rasadhlp.dll
0x00007ff845ac0000 - 0x00007ff845b44000 	C:\Windows\System32\fwpuclnt.dll
0x00007ff84d570000 - 0x00007ff84d58b000 	C:\Windows\SYSTEM32\CRYPTSP.dll
0x00007ff84cd70000 - 0x00007ff84cda7000 	C:\Windows\system32\rsaenh.dll
0x00007ff84d410000 - 0x00007ff84d438000 	C:\Windows\SYSTEM32\USERENV.dll
0x00007ff84d590000 - 0x00007ff84d59c000 	C:\Windows\SYSTEM32\CRYPTBASE.dll
0x00007ff8252e0000 - 0x00007ff8252e9000 	C:\Users\THACH VAN BACH\.vscode\extensions\redhat.java-1.54.0-win32-x64\jre\21.0.10-win32-x86_64\bin\extnet.dll
0x00007ff831950000 - 0x00007ff831960000 	C:\Users\THACH VAN BACH\.vscode\extensions\redhat.java-1.54.0-win32-x64\jre\21.0.10-win32-x86_64\bin\verify.dll
0x00007ff82e000000 - 0x00007ff82e00e000 	C:\Users\THACH VAN BACH\.vscode\extensions\redhat.java-1.54.0-win32-x64\jre\21.0.10-win32-x86_64\bin\sunmscapi.dll
0x00007ff84e760000 - 0x00007ff84e8c8000 	C:\Windows\System32\CRYPT32.dll
0x00007ff84d730000 - 0x00007ff84d75e000 	C:\Windows\SYSTEM32\ncrypt.dll
0x00007ff84d6f0000 - 0x00007ff84d727000 	C:\Windows\SYSTEM32\NTASN1.dll
0x00007ff81f4e0000 - 0x00007ff81f4e8000 	C:\Windows\system32\wshunix.dll

JVMTI agents: none

dbghelp: loaded successfully - version: 4.0.5 - missing functions: none
symbol engine: initialized successfully - sym options: 0x614 - pdb path: .;C:\Users\THACH VAN BACH\.vscode\extensions\redhat.java-1.54.0-win32-x64\jre\21.0.10-win32-x86_64\bin;C:\Windows\SYSTEM32;C:\Windows\WinSxS\amd64_microsoft.windows.common-controls_6595b64144ccf1df_6.0.22621.6060_none_2712eda17382d24b;C:\Program Files (x86)\360\Total Security\safemon;C:\Users\THACH VAN BACH\.vscode\extensions\redhat.java-1.54.0-win32-x64\jre\21.0.10-win32-x86_64\bin\server;C:\Program Files\Bonjour

VM Arguments:
jvm_args: -Dcom.sun.management.jmxremote -Dcom.sun.management.jmxremote.port=54405 -Dcom.sun.management.jmxremote.authenticate=false -Dcom.sun.management.jmxremote.ssl=false -Dspring.jmx.enabled=true -Djava.rmi.server.hostname=localhost -Dspring.application.admin.enabled=true -Dspring.boot.project.name=BE_DUANTOTNGHIEP_BANVEXEMPHIM -XX:+ShowCodeDetailsInExceptionMessages 
java_command: com.fpoly.duan.BeDuantotnghiepBanvexemphimApplication
java_class_path (initial): D:\FPT\DATN\DATN\BE_DUANTOTNGHIEP_BANVEXEMPHIM\target\classes;C:\Users\THACH VAN BACH\.m2\repository\org\springframework\boot\spring-boot-starter-web\3.5.11\spring-boot-starter-web-3.5.11.jar;C:\Users\THACH VAN BACH\.m2\repository\org\springframework\boot\spring-boot-starter\3.5.11\spring-boot-starter-3.5.11.jar;C:\Users\THACH VAN BACH\.m2\repository\org\springframework\boot\spring-boot-starter-logging\3.5.11\spring-boot-starter-logging-3.5.11.jar;C:\Users\THACH VAN BACH\.m2\repository\ch\qos\logback\logback-classic\1.5.32\logback-classic-1.5.32.jar;C:\Users\THACH VAN BACH\.m2\repository\ch\qos\logback\logback-core\1.5.32\logback-core-1.5.32.jar;C:\Users\THACH VAN BACH\.m2\repository\org\apache\logging\log4j\log4j-to-slf4j\2.24.3\log4j-to-slf4j-2.24.3.jar;C:\Users\THACH VAN BACH\.m2\repository\org\apache\logging\log4j\log4j-api\2.24.3\log4j-api-2.24.3.jar;C:\Users\THACH VAN BACH\.m2\repository\org\slf4j\jul-to-slf4j\2.0.17\jul-to-slf4j-2.0.17.jar;C:\Users\THACH VAN BACH\.m2\repository\org\yaml\snakeyaml\2.4\snakeyaml-2.4.jar;C:\Users\THACH VAN BACH\.m2\repository\org\springframework\boot\spring-boot-starter-json\3.5.11\spring-boot-starter-json-3.5.11.jar;C:\Users\THACH VAN BACH\.m2\repository\com\fasterxml\jackson\datatype\jackson-datatype-jdk8\2.19.4\jackson-datatype-jdk8-2.19.4.jar;C:\Users\THACH VAN BACH\.m2\repository\com\fasterxml\jackson\datatype\jackson-datatype-jsr310\2.19.4\jackson-datatype-jsr310-2.19.4.jar;C:\Users\THACH VAN BACH\.m2\repository\com\fasterxml\jackson\module\jackson-module-parameter-names\2.19.4\jackson-module-parameter-names-2.19.4.jar;C:\Users\THACH VAN BACH\.m2\repository\org\springframework\spring-web\6.2.16\spring-web-6.2.16.jar;C:\Users\THACH VAN BACH\.m2\repository\org\springframework\spring-beans\6.2.16\spring-beans-6.2.16.jar;C:\Users\THACH VAN BACH\.m2\repository\io\micrometer\micrometer-observation\1.15.9\micrometer-observation-1.15.9.jar;C:\Users\THACH VAN BACH\.m2\repository\io\micrometer\micrometer-commons\1.15.9\micrometer-commons-1.15.9.jar;C:\Users\THACH VAN BACH\.m2\repository\org\springframework\spring-webmvc\6.2.16\spring-webmvc-6.2.16.jar;C:\Users\THACH VAN BACH\.m2\repository\org\springframework\spring-context\6.2.16\spring-context-6.2.16.jar;C:\Users\THACH VAN BACH\.m2\repository\org\springframework\spring-expression\6.2.16\spring-expression-6.2.16.jar;C:\Users\THACH VAN BACH\.m2\repository\org\springframework\boot\spring-boot-starter-tomcat\3.5.11\spring-boot-starter-tomcat-3.5.11.jar;C:\Users\THACH VAN BACH\.m2\repository\jakarta\annotation\jakarta.annotation-api\2.1.1\jakarta.annotation-api-2.1.1.jar;C:\Users\THACH VAN BACH\.m2\repository\org\apache\tomcat\embed\tomcat-embed-core\10.1.52\tomcat-embed-core-10.1.52.jar;C:\Users\THACH VAN BACH\.m2\repository\org\apache\tomcat\embed\tomcat-embed-el\10.1.52\tomcat-embed-el-10.1.52.jar;C:\Users\THACH VAN BACH\.m2\repository\org\apache\tomcat\embed\tomcat-embed-websocket\10.1.52\tomcat-embed-websocket-10.1.52.jar;C:\Users\THACH VAN BACH\.m2\repository\org\springframework\boot\spring-boot-starter-data-jpa\3.5.11\spring-boot-starter-data-jpa-3.5.11.jar;C:\Users\THACH VAN BACH\.m2\repository\org\springframework\boot\spring-boot-starter-jdbc\3.5.11\spring-boot-starter-jdbc-3.5.11.jar;C:\Users\THACH VAN BACH\.m2\repository\com\zaxxer\HikariCP\6.3.3\HikariCP-6.3.3.jar;C:\Users\THACH VAN BACH\.m2\repository\org\springframework\spring-jdbc\6.2.16\spring-jdbc-6.2.16.jar;C:\Users\THACH VAN BACH\.m2\repository\org\hibernate\orm\hibernate-core\6.6.42.Final\hibernate-core-6.6.42.Final.jar;C:\Users\THACH VAN BACH\.m2\repository\jakarta\persistence\jakarta.persistence-api\3.1.0\jakarta.persistence-api-3.1.0.jar;C:\Users\THACH VAN BACH\.m2\repository\jakarta\transaction\jakarta.transaction-api\2.0.1\jakarta.transaction-api-2.0.1.jar;C:\Users\THACH VAN BACH\.m2\repository\org\jboss\logging\jboss-logging\3.6.2.Final\jboss-logging-3.6.2.Final.jar;C:\Users\THACH VAN BACH\.m2\repository\org\hibernate\common\hibernate-commons-annotations\7.0.3.Final\hibernate-commons-annotations-7.0.3.Final.jar;C:\Users\THACH VAN BACH\.m2\repository\io\smallrye\jandex\3.2.0\jandex-3.2.0.jar;C:\Users\THACH VAN BACH\.m2\repository\com\fasterxml\classmate\1.7.3\classmate-1.7.3.jar;C:\Users\THACH VAN BACH\.m2\repository\net\bytebuddy\byte-buddy\1.17.8\byte-buddy-1.17.8.jar;C:\Users\THACH VAN BACH\.m2\repository\org\glassfish\jaxb\jaxb-runtime\4.0.6\jaxb-runtime-4.0.6.jar;C:\Users\THACH VAN BACH\.m2\repository\org\glassfish\jaxb\jaxb-core\4.0.6\jaxb-core-4.0.6.jar;C:\Users\THACH VAN BACH\.m2\repository\org\glassfish\jaxb\txw2\4.0.6\txw2-4.0.6.jar;C:\Users\THACH VAN BACH\.m2\repository\com\sun\istack\istack-commons-runtime\4.1.2\istack-commons-runtime-4.1.2.jar;C:\Users\THACH VAN BACH\.m2\repository\jakarta\inject\jakarta.inject-api\2.0.1\jakarta.inject-api-2.0.1.jar;C:\Users\THACH VAN BACH\.m2\repository\org\antlr\antlr4-runtime\4.13.0\antlr4-runtime-4.13.0.jar;C:\Users\THACH VAN BACH\.m2\repository\org\springframework\data\spring-data-jpa\3.5.9\spring-data-jpa-3.5.9.jar;C:\Users\THACH VAN BACH\.m2\repository\org\springframework\data\spring-data-commons\3.5.9\spring-data-commons-3.5.9.jar;C:\Users\THACH VAN BACH\.m2\repository\org\springframework\spring-orm\6.2.16\spring-orm-6.2.16.jar;C:\Users\THACH VAN BACH\.m2\repository\org\springframework\spring-tx\6.2.16\spring-tx-6.2.16.jar;C:\Users\THACH VAN BACH\.m2\repository\org\springframework\spring-aspects\6.2.16\spring-aspects-6.2.16.jar;C:\Users\THACH VAN BACH\.m2\repository\org\springframework\boot\spring-boot-starter-validation\3.5.11\spring-boot-starter-validation-3.5.11.jar;C:\Users\THACH VAN BACH\.m2\repository\org\hibernate\validator\hibernate-validator\8.0.3.Final\hibernate-validator-8.0.3.Final.jar;C:\Users\THACH VAN BACH\.m2\repository\jakarta\validation\jakarta.validation-api\3.0.2\jakarta.validation-api-3.0.2.jar;C:\Users\THACH VAN BACH\.m2\repository\org\springframework\boot\spring-boot-starter-security\3.5.11\spring-boot-starter-security-3.5.11.jar;C:\Users\THACH VAN BACH\.m2\repository\org\springframework\spring-aop\6.2.16\spring-aop-6.2.16.jar;C:\Users\THACH VAN BACH\.m2\repository\org\springframework\security\spring-security-config\6.5.8\spring-security-config-6.5.8.jar;C:\Users\THACH VAN BACH\.m2\repository\org\springframework\security\spring-security-core\6.5.8\spring-security-core-6.5.8.jar;C:\Users\THACH VAN BACH\.m2\repository\org\springframework\security\spring-security-crypto\6.5.8\spring-security-crypto-6.5.8.jar;C:\Users\THACH VAN BACH\.m2\repository\org\springframework\security\spring-security-web\6.5.8\spring-security-web-6.5.8.jar;C:\Users\THACH VAN BACH\.m2\repository\org\springframework\boot\spring-boot-starter-aop\3.5.11\spring-boot-starter-aop-3.5.11.jar;C:\Users\THACH VAN BACH\.m2\repository\org\aspectj\aspectjweaver\1.9.25.1\aspectjweaver-1.9.25.1.jar;C:\Users\THACH VAN BACH\.m2\repository\org\springframework\boot\spring-boot-devtools\3.5.11\spring-boot-devtools-3.5.11.jar;C:\Users\THACH VAN BACH\.m2\repository\org\springframework\boot\spring-boot\3.5.11\spring-boot-3.5.11.jar;C:\Users\THACH VAN BACH\.m2\repository\org\springframework\boot\spring-boot-autoconfigure\3.5.11\spring-boot-autoconfigure-3.5.11.jar;C:\Users\THACH VAN BACH\.m2\repository\com\microsoft\sqlserver\mssql-jdbc\12.10.2.jre11\mssql-jdbc-12.10.2.jre11.jar;C:\Users\THACH VAN BACH\.m2\repository\com\mysql\mysql-connector-j\9.6.0\mysql-connector-j-9.6.0.jar;C:\Users\THACH VAN BACH\.m2\repository\org\projectlombok\lombok\1.18.42\lombok-1.18.42.jar;C:\Users\THACH VAN BACH\.m2\repository\io\jsonwebtoken\jjwt-api\0.11.5\jjwt-api-0.11.5.jar;C:\Users\THACH VAN BACH\.m2\repository\io\jsonwebtoken\jjwt-impl\0.11.5\jjwt-impl-0.11.5.jar;C:\Users\THACH VAN BACH\.m2\repository\io\jsonwebtoken\jjwt-jackson\0.11.5\jjwt-jackson-0.11.5.jar;C:\Users\THACH VAN BACH\.m2\repository\com\fasterxml\jackson\core\jackson-databind\2.19.4\jackson-databind-2.19.4.jar;C:\Users\THACH VAN BACH\.m2\repository\com\fasterxml\jackson\core\jackson-annotations\2.19.4\jackson-annotations-2.19.4.jar;C:\Users\THACH VAN BACH\.m2\repository\com\fasterxml\jackson\core\jackson-core\2.19.4\jackson-core-2.19.4.jar;C:\Users\THACH VAN BACH\.m2\repository\com\cloudinary\cloudinary-http44\1.33.0\cloudinary-http44-1.33.0.jar;C:\Users\THACH VAN BACH\.m2\repository\com\cloudinary\cloudinary-core\1.33.0\cloudinary-core-1.33.0.jar;C:\Users\THACH VAN BACH\.m2\repository\org\apache\commons\commons-lang3\3.17.0\commons-lang3-3.17.0.jar;C:\Users\THACH VAN BACH\.m2\repository\org\apache\httpcomponents\httpclient\4.4\httpclient-4.4.jar;C:\Users\THACH VAN BACH\.m2\repository\org\apache\httpcomponents\httpcore\4.4.16\httpcore-4.4.16.jar;C:\Users\THACH VAN BACH\.m2\repository\commons-logging\commons-logging\1.2\commons-logging-1.2.jar;C:\Users\THACH VAN BACH\.m2\repository\commons-codec\commons-codec\1.18.0\commons-codec-1.18.0.jar;C:\Users\THACH VAN BACH\.m2\repository\org\apache\httpcomponents\httpmime\4.4\httpmime-4.4.jar;C:\Users\THACH VAN BACH\.m2\repository\com\squareup\okhttp3\okhttp\4.12.0\okhttp-4.12.0.jar;C:\Users\THACH VAN BACH\.m2\repository\com\squareup\okio\okio\3.6.0\okio-3.6.0.jar;C:\Users\THACH VAN BACH\.m2\repository\com\squareup\okio\okio-jvm\3.6.0\okio-jvm-3.6.0.jar;C:\Users\THACH VAN BACH\.m2\repository\org\jetbrains\kotlin\kotlin-stdlib-common\1.9.25\kotlin-stdlib-common-1.9.25.jar;C:\Users\THACH VAN BACH\.m2\repository\org\jetbrains\kotlin\kotlin-stdlib-jdk8\1.9.25\kotlin-stdlib-jdk8-1.9.25.jar;C:\Users\THACH VAN BACH\.m2\repository\org\jetbrains\kotlin\kotlin-stdlib\1.9.25\kotlin-stdlib-1.9.25.jar;C:\Users\THACH VAN BACH\.m2\repository\org\jetbrains\annotations\13.0\annotations-13.0.jar;C:\Users\THACH VAN BACH\.m2\repository\org\jetbrains\kotlin\kotlin-stdlib-jdk7\1.9.25\kotlin-stdlib-jdk7-1.9.25.jar;C:\Users\THACH VAN BACH\.m2\repository\org\json\json\20231013\json-20231013.jar;C:\Users\THACH VAN BACH\.m2\repository\org\springframework\boot\spring-boot-starter-mail\3.5.11\spring-boot-starter-mail-3.5.11.jar;C:\Users\THACH VAN BACH\.m2\repository\org\springframework\spring-context-support\6.2.16\spring-context-support-6.2.16.jar;C:\Users\THACH VAN BACH\.m2\repository\org\eclipse\angus\jakarta.mail\2.0.5\jakarta.mail-2.0.5.jar;C:\Users\THACH VAN BACH\.m2\repository\jakarta\activation\jakarta.activation-api\2.1.4\jakarta.activation-api-2.1.4.jar;C:\Users\THACH VAN BACH\.m2\repository\org\eclipse\angus\angus-activation\2.0.3\angus-activation-2.0.3.jar;C:\Users\THACH VAN BACH\.m2\repository\org\springframework\boot\spring-boot-starter-thymeleaf\3.5.11\spring-boot-starter-thymeleaf-3.5.11.jar;C:\Users\THACH VAN BACH\.m2\repository\org\thymeleaf\thymeleaf-spring6\3.1.3.RELEASE\thymeleaf-spring6-3.1.3.RELEASE.jar;C:\Users\THACH VAN BACH\.m2\repository\nz\net\ultraq\thymeleaf\thymeleaf-layout-dialect\3.4.0\thymeleaf-layout-dialect-3.4.0.jar;C:\Users\THACH VAN BACH\.m2\repository\org\apache\groovy\groovy\4.0.30\groovy-4.0.30.jar;C:\Users\THACH VAN BACH\.m2\repository\nz\net\ultraq\groovy\groovy-extensions\2.3.3\groovy-extensions-2.3.3.jar;C:\Users\THACH VAN BACH\.m2\repository\nz\net\ultraq\thymeleaf\thymeleaf-expression-processor\3.2.0\thymeleaf-expression-processor-3.2.0.jar;C:\Users\THACH VAN BACH\.m2\repository\org\thymeleaf\thymeleaf\3.1.3.RELEASE\thymeleaf-3.1.3.RELEASE.jar;C:\Users\THACH VAN BACH\.m2\repository\ognl\ognl\3.3.4\ognl-3.3.4.jar;C:\Users\THACH VAN BACH\.m2\repository\org\javassist\javassist\3.29.0-GA\javassist-3.29.0-GA.jar;C:\Users\THACH VAN BACH\.m2\repository\org\attoparser\attoparser\2.0.7.RELEASE\attoparser-2.0.7.RELEASE.jar;C:\Users\THACH VAN BACH\.m2\repository\org\unbescape\unbescape\1.1.6.RELEASE\unbescape-1.1.6.RELEASE.jar;C:\Users\THACH VAN BACH\.m2\repository\org\slf4j\slf4j-api\2.0.17\slf4j-api-2.0.17.jar;C:\Users\THACH VAN BACH\.m2\repository\org\springdoc\springdoc-openapi-starter-webmvc-ui\2.8.5\springdoc-openapi-starter-webmvc-ui-2.8.5.jar;C:\Users\THACH VAN BACH\.m2\repository\org\springdoc\springdoc-openapi-starter-webmvc-api\2.8.5\springdoc-openapi-starter-webmvc-api-2.8.5.jar;C:\Users\THACH VAN BACH\.m2\repository\org\springdoc\springdoc-openapi-starter-common\2.8.5\springdoc-openapi-starter-common-2.8.5.jar;C:\Users\THACH VAN BACH\.m2\repository\io\swagger\core\v3\swagger-core-jakarta\2.2.28\swagger-core-jakarta-2.2.28.jar;C:\Users\THACH VAN BACH\.m2\repository\io\swagger\core\v3\swagger-annotations-jakarta\2.2.28\swagger-annotations-jakarta-2.2.28.jar;C:\Users\THACH VAN BACH\.m2\repository\io\swagger\core\v3\swagger-models-jakarta\2.2.28\swagger-models-jakarta-2.2.28.jar;C:\Users\THACH VAN BACH\.m2\repository\com\fasterxml\jackson\dataformat\jackson-dataformat-yaml\2.19.4\jackson-dataformat-yaml-2.19.4.jar;C:\Users\THACH VAN BACH\.m2\repository\org\webjars\swagger-ui\5.18.3\swagger-ui-5.18.3.jar;C:\Users\THACH VAN BACH\.m2\repository\org\webjars\webjars-locator-lite\1.1.3\webjars-locator-lite-1.1.3.jar;C:\Users\THACH VAN BACH\.m2\repository\org\jspecify\jspecify\1.0.0\jspecify-1.0.0.jar;C:\Users\THACH VAN BACH\.m2\repository\jakarta\xml\bind\jakarta.xml.bind-api\4.0.4\jakarta.xml.bind-api-4.0.4.jar;C:\Users\THACH VAN BACH\.m2\repository\org\springframework\spring-core\6.2.16\spring-core-6.2.16.jar;C:\Users\THACH VAN BACH\.m2\repository\org\springframework\spring-jcl\6.2.16\spring-jcl-6.2.16.jar
Launcher Type: SUN_STANDARD

[Global flags]
     intx CICompilerCount                          = 4                                         {product} {ergonomic}
     uint ConcGCThreads                            = 3                                         {product} {ergonomic}
     uint G1ConcRefinementThreads                  = 10                                        {product} {ergonomic}
   size_t G1HeapRegionSize                         = 2097152                                   {product} {ergonomic}
    uintx GCDrainStackTargetSize                   = 64                                        {product} {ergonomic}
   size_t InitialHeapSize                          = 264241152                                 {product} {ergonomic}
     bool ManagementServer                         = true                                      {product} {command line}
   size_t MarkStackSize                            = 4194304                                   {product} {ergonomic}
   size_t MaxHeapSize                              = 4219469824                                {product} {ergonomic}
   size_t MaxNewSize                               = 2531262464                                {product} {ergonomic}
   size_t MinHeapDeltaBytes                        = 2097152                                   {product} {ergonomic}
   size_t MinHeapSize                              = 8388608                                   {product} {ergonomic}
    uintx NonNMethodCodeHeapSize                   = 5839372                                {pd product} {ergonomic}
    uintx NonProfiledCodeHeapSize                  = 122909434                              {pd product} {ergonomic}
    uintx ProfiledCodeHeapSize                     = 122909434                              {pd product} {ergonomic}
    uintx ReservedCodeCacheSize                    = 251658240                              {pd product} {ergonomic}
     bool SegmentedCodeCache                       = true                                      {product} {ergonomic}
     bool ShowCodeDetailsInExceptionMessages       = true                                   {manageable} {command line}
   size_t SoftMaxHeapSize                          = 4219469824                             {manageable} {ergonomic}
     bool UseCompressedOops                        = true                           {product lp64_product} {ergonomic}
     bool UseG1GC                                  = true                                      {product} {ergonomic}
     bool UseLargePagesIndividualAllocation        = false                                  {pd product} {ergonomic}

Logging:
Log output configuration:
 #0: stdout all=warning uptime,level,tags foldmultilines=false
 #1: stderr all=off uptime,level,tags foldmultilines=false

Release file:
JAVA_VERSION="21.0.10" 
MODULES="java.base java.compiler java.datatransfer java.xml java.prefs java.desktop java.instrument java.logging java.management java.security.sasl java.naming java.rmi java.management.rmi java.net.http java.scripting java.security.jgss java.transaction.xa java.sql java.sql.rowset java.xml.crypto java.se java.smartcardio jdk.accessibility jdk.internal.jvmstat jdk.attach jdk.charsets jdk.internal.opt jdk.zipfs jdk.compiler jdk.crypto.ec jdk.crypto.cryptoki jdk.crypto.mscapi jdk.dynalink jdk.internal.ed jdk.editpad jdk.hotspot.agent jdk.httpserver jdk.internal.le jdk.internal.vm.ci jdk.internal.vm.compiler jdk.internal.vm.compiler.management jdk.jartool jdk.javadoc jdk.jcmd jdk.management jdk.management.agent jdk.jconsole jdk.jdeps jdk.jdwp.agent jdk.jdi jdk.jfr jdk.jshell jdk.jsobject jdk.jstatd jdk.localedata jdk.management.jfr jdk.naming.dns jdk.naming.rmi jdk.net jdk.nio.mapmode jdk.random jdk.sctp jdk.security.auth jdk.security.jgss jdk.unsupported jdk.unsupported.desktop jdk.xml.dom" 

Environment Variables:
PATH=C:\Users\THACH VAN BACH\AppData\Local\Programs\Microsoft VS Code;C:\Program Files\Common Files\Oracle\Java\javapath;C:\Program Files (x86)\Common Files\Oracle\Java\javapath;C:\Windows\system32;C:\Windows;C:\Windows\System32\Wbem;C:\Windows\System32\WindowsPowerShell\v1.0\;C:\Windows\System32\OpenSSH\;C:\Program Files (x86)\NVIDIA Corporation\PhysX\Common;C:\Program Files (x86)\Microsoft SQL Server\160\Tools\Binn\;C:\Program Files\Microsoft SQL Server\160\Tools\Binn\;C:\Program Files\Microsoft SQL Server\Client SDK\ODBC\170\Tools\Binn\;C:\Program Files\Microsoft SQL Server\160\DTS\Binn\;C:\Program Files (x86)\Microsoft SQL Server\160\DTS\Binn\;C:\Program Files\dotnet\;D:\Git\cmd;C:\Program Files\NVIDIA Corporation\NVIDIA App\NvDLISR;C:\Program Files\Cloudflare\Cloudflare WARP\;D:\note\;C:\Users\THACH VAN BACH\AppData\Local\Microsoft\WindowsApps;F:\Azure Data Studio\bin;C:\Users\THACH VAN BACH\AppData\Local\GitHubDesktop\bin;C:\Users\THACH VAN BACH\AppData\Local\Programs\Microsoft VS Code\bin;C:\Users\THACH VAN BACH\AppData\Roaming\npm;C:\Users\THACH VAN BACH\AppData\Local\Python\bin;E:\cursor\cursor\resources\app\bin;c:\Users\THACH VAN BACH\.vscode\extensions\vscjava.vscode-java-debug-0.59.0\bundled\scripts\noConfigScripts
USERNAME=THACH VAN BACH
LANG=en_US.UTF-8
OS=Windows_NT
PROCESSOR_IDENTIFIER=Intel64 Family 6 Model 154 Stepping 3, GenuineIntel
TMP=C:\Users\THACHV~1\AppData\Local\Temp
TEMP=C:\Users\THACHV~1\AppData\Local\Temp




Periodic native trim disabled

---------------  S Y S T E M  ---------------

OS:
 Windows 11 , 64 bit Build 22621 (10.0.22621.5415)
OS uptime: 3 days 1:27 hours
Hyper-V role detected

CPU: total 12 (initial active 12) (6 cores per cpu, 2 threads per core) family 6 model 154 stepping 3 microcode 0x42a, cx8, cmov, fxsr, ht, mmx, 3dnowpref, sse, sse2, sse3, ssse3, sse4.1, sse4.2, popcnt, lzcnt, tsc, tscinvbit, avx, avx2, aes, erms, clmul, bmi1, bmi2, adx, sha, fma, vzeroupper, clflush, clflushopt, clwb, hv, serialize, rdtscp, rdpid, fsrm, f16c, cet_ibt, cet_ss
Processor Information for processor 0
  Max Mhz: 2000, Current Mhz: 2000, Mhz Limit: 2000
Processor Information for processor 1
  Max Mhz: 2000, Current Mhz: 2000, Mhz Limit: 2000
Processor Information for processor 2
  Max Mhz: 2000, Current Mhz: 2000, Mhz Limit: 2000
Processor Information for processor 3
  Max Mhz: 2000, Current Mhz: 2000, Mhz Limit: 2000
Processor Information for processor 4
  Max Mhz: 2000, Current Mhz: 2000, Mhz Limit: 2000
Processor Information for processor 5
  Max Mhz: 2000, Current Mhz: 2000, Mhz Limit: 2000
Processor Information for processor 6
  Max Mhz: 2000, Current Mhz: 2000, Mhz Limit: 2000
Processor Information for processor 7
  Max Mhz: 2000, Current Mhz: 2000, Mhz Limit: 2000
Processor Information for processor 8
  Max Mhz: 2000, Current Mhz: 1500, Mhz Limit: 1500
Processor Information for processor 9
  Max Mhz: 2000, Current Mhz: 1500, Mhz Limit: 1500
Processor Information for processor 10
  Max Mhz: 2000, Current Mhz: 1500, Mhz Limit: 1500
Processor Information for processor 11
  Max Mhz: 2000, Current Mhz: 1500, Mhz Limit: 1500

Memory: 4k page, system-wide physical 16088M (2228M free)
TotalPageFile size 20676M (AvailPageFile size 34M)
current process WorkingSet (physical memory assigned to process): 480M, peak: 480M
current process commit charge ("private bytes"): 525M, peak: 583M

vm_info: OpenJDK 64-Bit Server VM (21.0.10+7-LTS) for windows-amd64 JRE (21.0.10+7-LTS), built on 2026-01-20T00:00:00Z by "admin" with MS VC++ 17.12 (VS2022)

END.
