#
# There is insufficient memory for the Java Runtime Environment to continue.
# Native memory allocation (malloc) failed to allocate 1229904 bytes. Error detail: Chunk::new
# Possible reasons:
#   The system is out of physical RAM or swap space
#   This process is running with CompressedOops enabled, and the Java Heap may be blocking the growth of the native heap
# Possible solutions:
#   Reduce memory load on the system
#   Increase physical memory or swap space
#   Check if swap backing store is full
#   Decrease Java heap size (-Xmx/-Xms)
#   Decrease number of Java threads
#   Decrease Java thread stack sizes (-Xss)
#   Set larger code cache with -XX:ReservedCodeCacheSize=
#   JVM is running with Zero Based Compressed Oops mode in which the Java heap is
#     placed in the first 32GB address space. The Java Heap base address is the
#     maximum limit for the native heap growth. Please use -XX:HeapBaseMinAddress
#     to set the Java Heap base and to place the Java Heap above 32GB virtual address.
# This output file may be truncated or incomplete.
#
#  Out of Memory Error (arena.cpp:168), pid=14128, tid=15164
#
# JRE version: OpenJDK Runtime Environment Temurin-21.0.10+7 (21.0.10+7) (build 21.0.10+7-LTS)
# Java VM: OpenJDK 64-Bit Server VM Temurin-21.0.10+7 (21.0.10+7-LTS, mixed mode, sharing, tiered, compressed oops, compressed class ptrs, g1 gc, windows-amd64)
# No core dump will be written. Minidumps are not enabled by default on client versions of Windows
#

---------------  S U M M A R Y ------------

Command Line: -Dcom.sun.management.jmxremote -Dcom.sun.management.jmxremote.port=53447 -Dcom.sun.management.jmxremote.authenticate=false -Dcom.sun.management.jmxremote.ssl=false -Dspring.jmx.enabled=true -Djava.rmi.server.hostname=localhost -Dspring.application.admin.enabled=true -Dspring.boot.project.name=BE_DUANTOTNGHIEP_BANVEXEMPHIM -XX:+ShowCodeDetailsInExceptionMessages com.fpoly.duan.BeDuantotnghiepBanvexemphimApplication

Host: 12th Gen Intel(R) Core(TM) i5-12450H, 12 cores, 15G,  Windows 11 , 64 bit Build 22621 (10.0.22621.5415)
Time: Sun Apr 19 23:31:06 2026 SE Asia Standard Time elapsed time: 3875.054683 seconds (0d 1h 4m 35s)

---------------  T H R E A D  ---------------

Current thread (0x000001d8b6b953d0):  JavaThread "C2 CompilerThread0" daemon [_thread_in_native, id=15164, stack(0x000000b26d200000,0x000000b26d300000) (1024K)]


Current CompileTask:
C2:3875054 37950   !   4       org.springframework.core.type.classreading.SimpleMetadataReaderFactory::getMetadataReader (104 bytes)

Stack: [0x000000b26d200000,0x000000b26d300000]
Native frames: (J=compiled Java code, j=interpreted, Vv=VM code, C=native code)
V  [jvm.dll+0x6d7a39]
V  [jvm.dll+0x8b4b26]
V  [jvm.dll+0x8b70de]
V  [jvm.dll+0x8b77c3]
V  [jvm.dll+0x284346]
V  [jvm.dll+0xc66ed]
V  [jvm.dll+0xc6c31]
V  [jvm.dll+0x3bec3b]
V  [jvm.dll+0x1e3f69]
V  [jvm.dll+0x24c6b3]
V  [jvm.dll+0x24bb40]
V  [jvm.dll+0x1cb34e]
V  [jvm.dll+0x25b85d]
V  [jvm.dll+0x259dea]
V  [jvm.dll+0x3f857e]
V  [jvm.dll+0x85f59d]
V  [jvm.dll+0x6d626d]
C  [ucrtbase.dll+0x29333]
C  [KERNEL32.DLL+0x1259d]
C  [ntdll.dll+0x5af78]


---------------  P R O C E S S  ---------------

Threads class SMR info:
_java_thread_list=0x000001d8fdb125d0, length=19, elements={
0x000001d8b6b80e50, 0x000001d8b6b81b70, 0x000001d8b6b83ae0, 0x000001d8b6b847a0,
0x000001d8b6b86090, 0x000001d8b6b92630, 0x000001d8b6b953d0, 0x000001d8b6b9a2a0,
0x000001d8b778ebd0, 0x000001d8b77b0070, 0x000001d8fdf5e720, 0x000001d8fd979a00,
0x000001d8fd443530, 0x000001d8fee64100, 0x000001d881be8400, 0x000001d8829f9980,
0x000001d8829fad30, 0x000001d8829fb3c0, 0x000001d8814618d0
}

Java Threads: ( => current thread )
  0x000001d8b6b80e50 JavaThread "Reference Handler"          daemon [_thread_blocked, id=8144, stack(0x000000b26cc00000,0x000000b26cd00000) (1024K)]
  0x000001d8b6b81b70 JavaThread "Finalizer"                  daemon [_thread_blocked, id=10144, stack(0x000000b26cd00000,0x000000b26ce00000) (1024K)]
  0x000001d8b6b83ae0 JavaThread "Signal Dispatcher"          daemon [_thread_blocked, id=9144, stack(0x000000b26ce00000,0x000000b26cf00000) (1024K)]
  0x000001d8b6b847a0 JavaThread "Attach Listener"            daemon [_thread_blocked, id=9588, stack(0x000000b26cf00000,0x000000b26d000000) (1024K)]
  0x000001d8b6b86090 JavaThread "Service Thread"             daemon [_thread_blocked, id=19336, stack(0x000000b26d000000,0x000000b26d100000) (1024K)]
  0x000001d8b6b92630 JavaThread "Monitor Deflation Thread"   daemon [_thread_blocked, id=19292, stack(0x000000b26d100000,0x000000b26d200000) (1024K)]
=>0x000001d8b6b953d0 JavaThread "C2 CompilerThread0"         daemon [_thread_in_native, id=15164, stack(0x000000b26d200000,0x000000b26d300000) (1024K)]
  0x000001d8b6b9a2a0 JavaThread "C1 CompilerThread0"         daemon [_thread_in_native, id=19392, stack(0x000000b26d300000,0x000000b26d400000) (1024K)]
  0x000001d8b778ebd0 JavaThread "Notification Thread"        daemon [_thread_blocked, id=19452, stack(0x000000b26d500000,0x000000b26d600000) (1024K)]
  0x000001d8b77b0070 JavaThread "Common-Cleaner"             daemon [_thread_blocked, id=19448, stack(0x000000b26d600000,0x000000b26d700000) (1024K)]
  0x000001d8fdf5e720 JavaThread "RMI TCP Accept-0"           daemon [_thread_in_native, id=17184, stack(0x000000b26d800000,0x000000b26d900000) (1024K)]
  0x000001d8fd979a00 JavaThread "RMI TCP Accept-53447"       daemon [_thread_in_native, id=19364, stack(0x000000b26d900000,0x000000b26da00000) (1024K)]
  0x000001d8fd443530 JavaThread "RMI TCP Accept-0"           daemon [_thread_in_native, id=16544, stack(0x000000b26da00000,0x000000b26db00000) (1024K)]
  0x000001d8fee64100 JavaThread "mysql-cj-abandoned-connection-cleanup" daemon [_thread_blocked, id=6412, stack(0x000000b26e600000,0x000000b26e700000) (1024K)]
  0x000001d881be8400 JavaThread "Live Reload Server"         daemon [_thread_in_native, id=18540, stack(0x000000b26f300000,0x000000b26f400000) (1024K)]
  0x000001d8829f9980 JavaThread "DestroyJavaVM"                     [_thread_blocked, id=11748, stack(0x000000b26c400000,0x000000b26c500000) (1024K)]
  0x000001d8829fad30 JavaThread "Thread-19"                         [_thread_blocked, id=15692, stack(0x000000b26c100000,0x000000b26c200000) (1024K)]
  0x000001d8829fb3c0 JavaThread "restartedMain"                     [_thread_in_Java, id=21956, stack(0x000000b26c200000,0x000000b26c300000) (1024K)]
  0x000001d8814618d0 JavaThread "C2 CompilerThread1"         daemon [_thread_blocked, id=16260, stack(0x000000b26c300000,0x000000b26c400000) (1024K)]
Total: 19

Other Threads:
  0x000001d8b6b69760 VMThread "VM Thread"                           [id=18456, stack(0x000000b26cb00000,0x000000b26cc00000) (1024K)]
  0x000001d8b6b58f70 WatcherThread "VM Periodic Task Thread"        [id=6696, stack(0x000000b26ca00000,0x000000b26cb00000) (1024K)]
  0x000001d89d3797a0 WorkerThread "GC Thread#0"                     [id=19016, stack(0x000000b26c500000,0x000000b26c600000) (1024K)]
  0x000001d8fe01ba50 WorkerThread "GC Thread#1"                     [id=19092, stack(0x000000b26db00000,0x000000b26dc00000) (1024K)]
  0x000001d8fd57d910 WorkerThread "GC Thread#2"                     [id=12956, stack(0x000000b26dc00000,0x000000b26dd00000) (1024K)]
  0x000001d8fda53b30 WorkerThread "GC Thread#3"                     [id=19136, stack(0x000000b26dd00000,0x000000b26de00000) (1024K)]
  0x000001d8fda53ee0 WorkerThread "GC Thread#4"                     [id=19040, stack(0x000000b26de00000,0x000000b26df00000) (1024K)]
  0x000001d8fd903880 WorkerThread "GC Thread#5"                     [id=9484, stack(0x000000b26df00000,0x000000b26e000000) (1024K)]
  0x000001d8fd9034d0 WorkerThread "GC Thread#6"                     [id=19280, stack(0x000000b26e000000,0x000000b26e100000) (1024K)]
  0x000001d8fd903c30 WorkerThread "GC Thread#7"                     [id=19096, stack(0x000000b26e100000,0x000000b26e200000) (1024K)]
  0x000001d8fd904af0 WorkerThread "GC Thread#8"                     [id=16572, stack(0x000000b26e400000,0x000000b26e500000) (1024K)]
  0x000001d8fd903fe0 WorkerThread "GC Thread#9"                     [id=19356, stack(0x000000b26e500000,0x000000b26e600000) (1024K)]
  0x000001d89d38c240 ConcurrentGCThread "G1 Main Marker"            [id=5160, stack(0x000000b26c600000,0x000000b26c700000) (1024K)]
  0x000001d89d38ce10 WorkerThread "G1 Conc#0"                       [id=14248, stack(0x000000b26c700000,0x000000b26c800000) (1024K)]
  0x000001d8ff678c10 WorkerThread "G1 Conc#1"                       [id=18600, stack(0x000000b26e700000,0x000000b26e800000) (1024K)]
  0x000001d8ff67ad40 WorkerThread "G1 Conc#2"                       [id=18752, stack(0x000000b26e800000,0x000000b26e900000) (1024K)]
  0x000001d8b6aa9960 ConcurrentGCThread "G1 Refine#0"               [id=3828, stack(0x000000b26c800000,0x000000b26c900000) (1024K)]
  0x000001d8b6aac300 ConcurrentGCThread "G1 Service"                [id=17896, stack(0x000000b26c900000,0x000000b26ca00000) (1024K)]
Total: 18

Threads with active compile tasks:
C2 CompilerThread0  3875113 37950   !   4       org.springframework.core.type.classreading.SimpleMetadataReaderFactory::getMetadataReader (104 bytes)
Total: 1

VM state: not at safepoint (normal execution)

VM Mutex/Monitor currently owned by a thread: None

Heap address: 0x0000000704800000, size: 4024 MB, Compressed Oops mode: Zero based, Oop shift amount: 3

CDS archive(s) mapped at: [0x000001d8b8000000-0x000001d8b8ba0000-0x000001d8b8ba0000), size 12189696, SharedBaseAddress: 0x000001d8b8000000, ArchiveRelocationMode: 1.
Compressed class space mapped at: 0x000001d8b9000000-0x000001d8f9000000, reserved size: 1073741824
Narrow klass base: 0x000001d8b8000000, Narrow klass shift: 0, Narrow klass range: 0x100000000

GC Precious Log:
 CardTable entry size: 512
 Card Set container configuration: InlinePtr #cards 4 size 8 Array Of Cards #cards 16 size 48 Howl #buckets 8 coarsen threshold 3686 Howl Bitmap #cards 512 size 80 coarsen threshold 460 Card regions per heap region 1 cards per card region 4096
 CPUs: 12 total, 12 available
 Memory: 16088M
 Large Page Support: Disabled
 NUMA Support: Disabled
 Compressed Oops: Enabled (Zero based)
 Heap Region Size: 2M
 Heap Min Capacity: 8M
 Heap Initial Capacity: 252M
 Heap Max Capacity: 4024M
 Pre-touch: Disabled
 Parallel Workers: 10
 Concurrent Workers: 3
 Concurrent Refinement Workers: 10
 Periodic GC: Disabled

Heap:
 garbage-first heap   total 219136K, used 128990K [0x0000000704800000, 0x0000000800000000)
  region size 2048K, 35 young (71680K), 0 survivors (0K)
 Metaspace       used 128754K, committed 130560K, reserved 1179648K
  class space    used 15786K, committed 16640K, reserved 1048576K

Heap Regions: E=young(eden), S=young(survivor), O=old, HS=humongous(starts), HC=humongous(continues), CS=collection set, F=free, TAMS=top-at-mark-start, PB=parsable bottom
|   0|0x0000000704800000, 0x00000007049ffff8, 0x0000000704a00000| 99%| O|  |TAMS 0x0000000704800000| PB 0x0000000704800000| Untracked 
|   1|0x0000000704a00000, 0x0000000704c00000, 0x0000000704c00000|100%| O|  |TAMS 0x0000000704a00000| PB 0x0000000704a00000| Untracked 
|   2|0x0000000704c00000, 0x0000000704dffff0, 0x0000000704e00000| 99%| O|  |TAMS 0x0000000704c00000| PB 0x0000000704c00000| Untracked 
|   3|0x0000000704e00000, 0x0000000704ffffa8, 0x0000000705000000| 99%| O|  |TAMS 0x0000000704e00000| PB 0x0000000704e00000| Untracked 
|   4|0x0000000705000000, 0x00000007051fffc8, 0x0000000705200000| 99%| O|  |TAMS 0x0000000705000000| PB 0x0000000705000000| Untracked 
|   5|0x0000000705200000, 0x00000007053fffd8, 0x0000000705400000| 99%| O|  |TAMS 0x0000000705200000| PB 0x0000000705200000| Untracked 
|   6|0x0000000705400000, 0x0000000705600000, 0x0000000705600000|100%| O|  |TAMS 0x0000000705400000| PB 0x0000000705400000| Untracked 
|   7|0x0000000705600000, 0x0000000705800000, 0x0000000705800000|100%| O|  |TAMS 0x0000000705600000| PB 0x0000000705600000| Untracked 
|   8|0x0000000705800000, 0x00000007059ffff0, 0x0000000705a00000| 99%| O|  |TAMS 0x0000000705800000| PB 0x0000000705800000| Untracked 
|   9|0x0000000705a00000, 0x0000000705c00000, 0x0000000705c00000|100%| O|  |TAMS 0x0000000705a00000| PB 0x0000000705a00000| Untracked 
|  10|0x0000000705c00000, 0x0000000705dffff8, 0x0000000705e00000| 99%| O|  |TAMS 0x0000000705c00000| PB 0x0000000705c00000| Untracked 
|  11|0x0000000705e00000, 0x0000000706000000, 0x0000000706000000|100%| O|  |TAMS 0x0000000705e00000| PB 0x0000000705e00000| Untracked 
|  12|0x0000000706000000, 0x00000007061ffff0, 0x0000000706200000| 99%| O|  |TAMS 0x0000000706000000| PB 0x0000000706000000| Untracked 
|  13|0x0000000706200000, 0x00000007063fffe8, 0x0000000706400000| 99%| O|  |TAMS 0x0000000706200000| PB 0x0000000706200000| Untracked 
|  14|0x0000000706400000, 0x00000007065fa178, 0x0000000706600000| 98%| O|  |TAMS 0x0000000706400000| PB 0x0000000706400000| Untracked 
|  15|0x0000000706600000, 0x00000007067fffd8, 0x0000000706800000| 99%| O|  |TAMS 0x0000000706600000| PB 0x0000000706600000| Untracked 
|  16|0x0000000706800000, 0x0000000706a00000, 0x0000000706a00000|100%| O|  |TAMS 0x0000000706800000| PB 0x0000000706800000| Untracked 
|  17|0x0000000706a00000, 0x0000000706bfffe8, 0x0000000706c00000| 99%| O|  |TAMS 0x0000000706a00000| PB 0x0000000706a00000| Untracked 
|  18|0x0000000706c00000, 0x0000000706d8b538, 0x0000000706e00000| 77%| O|  |TAMS 0x0000000706c00000| PB 0x0000000706c00000| Untracked 
|  19|0x0000000706e00000, 0x0000000706ffffd8, 0x0000000707000000| 99%| O|  |TAMS 0x0000000706e00000| PB 0x0000000706e00000| Untracked 
|  20|0x0000000707000000, 0x0000000707200000, 0x0000000707200000|100%| O|  |TAMS 0x0000000707000000| PB 0x0000000707000000| Untracked 
|  21|0x0000000707200000, 0x00000007073ffff0, 0x0000000707400000| 99%| O|  |TAMS 0x0000000707200000| PB 0x0000000707200000| Untracked 
|  22|0x0000000707400000, 0x00000007075fffd8, 0x0000000707600000| 99%| O|  |TAMS 0x0000000707400000| PB 0x0000000707400000| Untracked 
|  23|0x0000000707600000, 0x00000007077aefb8, 0x0000000707800000| 84%| O|  |TAMS 0x0000000707600000| PB 0x0000000707600000| Untracked 
|  24|0x0000000707800000, 0x00000007079326b8, 0x0000000707a00000| 59%| O|  |TAMS 0x0000000707800000| PB 0x0000000707800000| Untracked 
|  25|0x0000000707a00000, 0x0000000707be8658, 0x0000000707c00000| 95%| O|  |TAMS 0x0000000707a00000| PB 0x0000000707a00000| Untracked 
|  26|0x0000000707c00000, 0x0000000707dffff8, 0x0000000707e00000| 99%| O|  |TAMS 0x0000000707c00000| PB 0x0000000707c00000| Untracked 
|  27|0x0000000707e00000, 0x0000000707fffff0, 0x0000000708000000| 99%| O|  |TAMS 0x0000000707e00000| PB 0x0000000707e00000| Untracked 
|  28|0x0000000708000000, 0x00000007080f2488, 0x0000000708200000| 47%| O|  |TAMS 0x0000000708000000| PB 0x0000000708000000| Untracked 
|  29|0x0000000708200000, 0x0000000708243008, 0x0000000708400000| 13%| O|  |TAMS 0x0000000708200000| PB 0x0000000708200000| Untracked 
|  30|0x0000000708400000, 0x0000000708400000, 0x0000000708600000|  0%| F|  |TAMS 0x0000000708400000| PB 0x0000000708400000| Untracked 
|  31|0x0000000708600000, 0x0000000708600000, 0x0000000708800000|  0%| F|  |TAMS 0x0000000708600000| PB 0x0000000708600000| Untracked 
|  32|0x0000000708800000, 0x0000000708800000, 0x0000000708a00000|  0%| F|  |TAMS 0x0000000708800000| PB 0x0000000708800000| Untracked 
|  33|0x0000000708a00000, 0x0000000708b05930, 0x0000000708c00000| 51%| O|  |TAMS 0x0000000708a00000| PB 0x0000000708a00000| Untracked 
|  34|0x0000000708c00000, 0x0000000708d6dbe8, 0x0000000708e00000| 71%| O|  |TAMS 0x0000000708c00000| PB 0x0000000708c00000| Untracked 
|  35|0x0000000708e00000, 0x0000000708e00000, 0x0000000709000000|  0%| F|  |TAMS 0x0000000708e00000| PB 0x0000000708e00000| Untracked 
|  36|0x0000000709000000, 0x0000000709000000, 0x0000000709200000|  0%| F|  |TAMS 0x0000000709000000| PB 0x0000000709000000| Untracked 
|  37|0x0000000709200000, 0x0000000709200000, 0x0000000709400000|  0%| F|  |TAMS 0x0000000709200000| PB 0x0000000709200000| Untracked 
|  38|0x0000000709400000, 0x0000000709400000, 0x0000000709600000|  0%| F|  |TAMS 0x0000000709400000| PB 0x0000000709400000| Untracked 
|  39|0x0000000709600000, 0x0000000709600000, 0x0000000709800000|  0%| F|  |TAMS 0x0000000709600000| PB 0x0000000709600000| Untracked 
|  40|0x0000000709800000, 0x0000000709800000, 0x0000000709a00000|  0%| F|  |TAMS 0x0000000709800000| PB 0x0000000709800000| Untracked 
|  41|0x0000000709a00000, 0x0000000709a00000, 0x0000000709c00000|  0%| F|  |TAMS 0x0000000709a00000| PB 0x0000000709a00000| Untracked 
|  42|0x0000000709c00000, 0x0000000709c00000, 0x0000000709e00000|  0%| F|  |TAMS 0x0000000709c00000| PB 0x0000000709c00000| Untracked 
|  43|0x0000000709e00000, 0x0000000709e00000, 0x000000070a000000|  0%| F|  |TAMS 0x0000000709e00000| PB 0x0000000709e00000| Untracked 
|  44|0x000000070a000000, 0x000000070a000000, 0x000000070a200000|  0%| F|  |TAMS 0x000000070a000000| PB 0x000000070a000000| Untracked 
|  45|0x000000070a200000, 0x000000070a200000, 0x000000070a400000|  0%| F|  |TAMS 0x000000070a200000| PB 0x000000070a200000| Untracked 
|  46|0x000000070a400000, 0x000000070a400000, 0x000000070a600000|  0%| F|  |TAMS 0x000000070a400000| PB 0x000000070a400000| Untracked 
|  47|0x000000070a600000, 0x000000070a600000, 0x000000070a800000|  0%| F|  |TAMS 0x000000070a600000| PB 0x000000070a600000| Untracked 
|  48|0x000000070a800000, 0x000000070a800000, 0x000000070aa00000|  0%| F|  |TAMS 0x000000070a800000| PB 0x000000070a800000| Untracked 
|  49|0x000000070aa00000, 0x000000070aa00000, 0x000000070ac00000|  0%| F|  |TAMS 0x000000070aa00000| PB 0x000000070aa00000| Untracked 
|  50|0x000000070ac00000, 0x000000070ac00000, 0x000000070ae00000|  0%| F|  |TAMS 0x000000070ac00000| PB 0x000000070ac00000| Untracked 
|  51|0x000000070ae00000, 0x000000070ae00000, 0x000000070b000000|  0%| F|  |TAMS 0x000000070ae00000| PB 0x000000070ae00000| Untracked 
|  52|0x000000070b000000, 0x000000070b000000, 0x000000070b200000|  0%| F|  |TAMS 0x000000070b000000| PB 0x000000070b000000| Untracked 
|  53|0x000000070b200000, 0x000000070b200000, 0x000000070b400000|  0%| F|  |TAMS 0x000000070b200000| PB 0x000000070b200000| Untracked 
|  54|0x000000070b400000, 0x000000070b400000, 0x000000070b600000|  0%| F|  |TAMS 0x000000070b400000| PB 0x000000070b400000| Untracked 
|  55|0x000000070b600000, 0x000000070b600000, 0x000000070b800000|  0%| F|  |TAMS 0x000000070b600000| PB 0x000000070b600000| Untracked 
|  56|0x000000070b800000, 0x000000070b800000, 0x000000070ba00000|  0%| F|  |TAMS 0x000000070b800000| PB 0x000000070b800000| Untracked 
|  57|0x000000070ba00000, 0x000000070ba00000, 0x000000070bc00000|  0%| F|  |TAMS 0x000000070ba00000| PB 0x000000070ba00000| Untracked 
|  58|0x000000070bc00000, 0x000000070bc00000, 0x000000070be00000|  0%| F|  |TAMS 0x000000070bc00000| PB 0x000000070bc00000| Untracked 
|  59|0x000000070be00000, 0x000000070be00000, 0x000000070c000000|  0%| F|  |TAMS 0x000000070be00000| PB 0x000000070be00000| Untracked 
|  60|0x000000070c000000, 0x000000070c000000, 0x000000070c200000|  0%| F|  |TAMS 0x000000070c000000| PB 0x000000070c000000| Untracked 
|  61|0x000000070c200000, 0x000000070c200000, 0x000000070c400000|  0%| F|  |TAMS 0x000000070c200000| PB 0x000000070c200000| Untracked 
|  62|0x000000070c400000, 0x000000070c400000, 0x000000070c600000|  0%| F|  |TAMS 0x000000070c400000| PB 0x000000070c400000| Untracked 
|  63|0x000000070c600000, 0x000000070c600000, 0x000000070c800000|  0%| F|  |TAMS 0x000000070c600000| PB 0x000000070c600000| Untracked 
|  64|0x000000070c800000, 0x000000070c800000, 0x000000070ca00000|  0%| F|  |TAMS 0x000000070c800000| PB 0x000000070c800000| Untracked 
|  65|0x000000070ca00000, 0x000000070ca00000, 0x000000070cc00000|  0%| F|  |TAMS 0x000000070ca00000| PB 0x000000070ca00000| Untracked 
|  66|0x000000070cc00000, 0x000000070cc00000, 0x000000070ce00000|  0%| F|  |TAMS 0x000000070cc00000| PB 0x000000070cc00000| Untracked 
|  67|0x000000070ce00000, 0x000000070ce00000, 0x000000070d000000|  0%| F|  |TAMS 0x000000070ce00000| PB 0x000000070ce00000| Untracked 
|  68|0x000000070d000000, 0x000000070d000000, 0x000000070d200000|  0%| F|  |TAMS 0x000000070d000000| PB 0x000000070d000000| Untracked 
|  69|0x000000070d200000, 0x000000070d200000, 0x000000070d400000|  0%| F|  |TAMS 0x000000070d200000| PB 0x000000070d200000| Untracked 
|  70|0x000000070d400000, 0x000000070d400000, 0x000000070d600000|  0%| F|  |TAMS 0x000000070d400000| PB 0x000000070d400000| Untracked 
|  71|0x000000070d600000, 0x000000070d600000, 0x000000070d800000|  0%| F|  |TAMS 0x000000070d600000| PB 0x000000070d600000| Untracked 
|  72|0x000000070d800000, 0x000000070d83a098, 0x000000070da00000| 11%| E|  |TAMS 0x000000070d800000| PB 0x000000070d800000| Complete 
|  73|0x000000070da00000, 0x000000070dc00000, 0x000000070dc00000|100%| E|CS|TAMS 0x000000070da00000| PB 0x000000070da00000| Complete 
|  74|0x000000070dc00000, 0x000000070de00000, 0x000000070de00000|100%| E|CS|TAMS 0x000000070dc00000| PB 0x000000070dc00000| Complete 
|  75|0x000000070de00000, 0x000000070e000000, 0x000000070e000000|100%| E|CS|TAMS 0x000000070de00000| PB 0x000000070de00000| Complete 
|  76|0x000000070e000000, 0x000000070e200000, 0x000000070e200000|100%| E|CS|TAMS 0x000000070e000000| PB 0x000000070e000000| Complete 
|  77|0x000000070e200000, 0x000000070e400000, 0x000000070e400000|100%| E|CS|TAMS 0x000000070e200000| PB 0x000000070e200000| Complete 
|  78|0x000000070e400000, 0x000000070e600000, 0x000000070e600000|100%| E|CS|TAMS 0x000000070e400000| PB 0x000000070e400000| Complete 
|  79|0x000000070e600000, 0x000000070e800000, 0x000000070e800000|100%| E|CS|TAMS 0x000000070e600000| PB 0x000000070e600000| Complete 
|  80|0x000000070e800000, 0x000000070ea00000, 0x000000070ea00000|100%| E|CS|TAMS 0x000000070e800000| PB 0x000000070e800000| Complete 
|  81|0x000000070ea00000, 0x000000070ec00000, 0x000000070ec00000|100%| E|CS|TAMS 0x000000070ea00000| PB 0x000000070ea00000| Complete 
|  82|0x000000070ec00000, 0x000000070ee00000, 0x000000070ee00000|100%| E|CS|TAMS 0x000000070ec00000| PB 0x000000070ec00000| Complete 
|  83|0x000000070ee00000, 0x000000070f000000, 0x000000070f000000|100%| E|CS|TAMS 0x000000070ee00000| PB 0x000000070ee00000| Complete 
|  84|0x000000070f000000, 0x000000070f200000, 0x000000070f200000|100%| E|CS|TAMS 0x000000070f000000| PB 0x000000070f000000| Complete 
|  85|0x000000070f200000, 0x000000070f400000, 0x000000070f400000|100%| E|CS|TAMS 0x000000070f200000| PB 0x000000070f200000| Complete 
|  86|0x000000070f400000, 0x000000070f600000, 0x000000070f600000|100%| E|CS|TAMS 0x000000070f400000| PB 0x000000070f400000| Complete 
|  87|0x000000070f600000, 0x000000070f800000, 0x000000070f800000|100%| E|CS|TAMS 0x000000070f600000| PB 0x000000070f600000| Complete 
|  88|0x000000070f800000, 0x000000070fa00000, 0x000000070fa00000|100%| E|CS|TAMS 0x000000070f800000| PB 0x000000070f800000| Complete 
|  89|0x000000070fa00000, 0x000000070fc00000, 0x000000070fc00000|100%| E|CS|TAMS 0x000000070fa00000| PB 0x000000070fa00000| Complete 
|  90|0x000000070fc00000, 0x000000070fe00000, 0x000000070fe00000|100%| E|CS|TAMS 0x000000070fc00000| PB 0x000000070fc00000| Complete 
|  91|0x000000070fe00000, 0x0000000710000000, 0x0000000710000000|100%| E|CS|TAMS 0x000000070fe00000| PB 0x000000070fe00000| Complete 
|  92|0x0000000710000000, 0x0000000710200000, 0x0000000710200000|100%| E|CS|TAMS 0x0000000710000000| PB 0x0000000710000000| Complete 
|  93|0x0000000710200000, 0x0000000710400000, 0x0000000710400000|100%| E|CS|TAMS 0x0000000710200000| PB 0x0000000710200000| Complete 
|  94|0x0000000710400000, 0x0000000710600000, 0x0000000710600000|100%| E|CS|TAMS 0x0000000710400000| PB 0x0000000710400000| Complete 
|  95|0x0000000710600000, 0x0000000710800000, 0x0000000710800000|100%| E|CS|TAMS 0x0000000710600000| PB 0x0000000710600000| Complete 
|  96|0x0000000710800000, 0x0000000710a00000, 0x0000000710a00000|100%| E|CS|TAMS 0x0000000710800000| PB 0x0000000710800000| Complete 
|  97|0x0000000710a00000, 0x0000000710c00000, 0x0000000710c00000|100%| E|CS|TAMS 0x0000000710a00000| PB 0x0000000710a00000| Complete 
|  98|0x0000000710c00000, 0x0000000710e00000, 0x0000000710e00000|100%| E|CS|TAMS 0x0000000710c00000| PB 0x0000000710c00000| Complete 
|  99|0x0000000710e00000, 0x0000000711000000, 0x0000000711000000|100%| E|CS|TAMS 0x0000000710e00000| PB 0x0000000710e00000| Complete 
| 100|0x0000000711000000, 0x0000000711200000, 0x0000000711200000|100%| E|CS|TAMS 0x0000000711000000| PB 0x0000000711000000| Complete 
| 101|0x0000000711200000, 0x0000000711400000, 0x0000000711400000|100%| E|CS|TAMS 0x0000000711200000| PB 0x0000000711200000| Complete 
| 102|0x0000000711400000, 0x0000000711600000, 0x0000000711600000|100%| E|CS|TAMS 0x0000000711400000| PB 0x0000000711400000| Complete 
| 103|0x0000000711600000, 0x0000000711800000, 0x0000000711800000|100%| E|CS|TAMS 0x0000000711600000| PB 0x0000000711600000| Complete 
| 104|0x0000000711800000, 0x0000000711a00000, 0x0000000711a00000|100%| E|CS|TAMS 0x0000000711800000| PB 0x0000000711800000| Complete 
| 105|0x0000000711a00000, 0x0000000711c00000, 0x0000000711c00000|100%| E|CS|TAMS 0x0000000711a00000| PB 0x0000000711a00000| Complete 
| 106|0x0000000711c00000, 0x0000000711e00000, 0x0000000711e00000|100%| E|CS|TAMS 0x0000000711c00000| PB 0x0000000711c00000| Complete 

Card table byte_map: [0x000001d8b0200000,0x000001d8b09e0000] _byte_map_base: 0x000001d8ac9dc000

Marking Bits: (CMBitMap*) 0x000001d89d37add0
 Bits: [0x000001d8b09e0000, 0x000001d8b48c0000)

Polling page: 0x000001d89b080000

Metaspace:

Usage:
  Non-class:    110.32 MB used.
      Class:     15.42 MB used.
       Both:    125.74 MB used.

Virtual space:
  Non-class space:      128.00 MB reserved,     111.25 MB ( 87%) committed,  2 nodes.
      Class space:        1.00 GB reserved,      16.25 MB (  2%) committed,  1 nodes.
             Both:        1.12 GB reserved,     127.50 MB ( 11%) committed. 

Chunk freelists:
   Non-Class:  456.00 KB
       Class:  15.75 MB
        Both:  16.20 MB

MaxMetaspaceSize: unlimited
CompressedClassSpaceSize: 1.00 GB
Initial GC threshold: 21.00 MB
Current GC threshold: 211.06 MB
CDS: on
 - commit_granule_bytes: 65536.
 - commit_granule_words: 8192.
 - virtual_space_node_default_size: 8388608.
 - enlarge_chunks_in_place: 1.
 - use_allocation_guard: 0.


Internal statistics:

num_allocs_failed_limit: 12.
num_arena_births: 3282.
num_arena_deaths: 160.
num_vsnodes_births: 3.
num_vsnodes_deaths: 0.
num_space_committed: 2040.
num_space_uncommitted: 0.
num_chunks_returned_to_freelist: 257.
num_chunks_taken_from_freelist: 8885.
num_chunk_merges: 29.
num_chunk_splits: 5785.
num_chunks_enlarged: 3910.
num_inconsistent_stats: 0.

CodeHeap 'non-profiled nmethods': size=120000Kb used=12960Kb max_used=13590Kb free=107039Kb
 bounds [0x000001d8a7fa0000, 0x000001d8a8d00000, 0x000001d8af4d0000]
CodeHeap 'profiled nmethods': size=120000Kb used=28147Kb max_used=33147Kb free=91852Kb
 bounds [0x000001d8a04d0000, 0x000001d8a2550000, 0x000001d8a7a00000]
CodeHeap 'non-nmethods': size=5760Kb used=2088Kb max_used=2178Kb free=3671Kb
 bounds [0x000001d8a7a00000, 0x000001d8a7c70000, 0x000001d8a7fa0000]
CodeCache: size=245760Kb, used=43195Kb, max_used=48915Kb, free=202562Kb
 total_blobs=13573, nmethods=12635, adapters=839, full_count=0
Compilation: enabled, stopped_count=0, restarted_count=0

Compilation events (20 events):
Event: 3875.027 Thread 0x000001d8814618d0 37987   !   4       org.springframework.core.convert.support.ConversionUtils::invokeConverter (30 bytes)
Event: 3875.028 Thread 0x000001d8814618d0 nmethod 37987 0x000001d8a816e610 code [0x000001d8a816e7a0, 0x000001d8a816e860]
Event: 3875.030 Thread 0x000001d8b6b9a2a0 37990       3       com.sun.beans.TypeResolver::erase (32 bytes)
Event: 3875.030 Thread 0x000001d8b6b9a2a0 nmethod 37990 0x000001d8a068f790 code [0x000001d8a068f960, 0x000001d8a068fd98]
Event: 3875.034 Thread 0x000001d8b6b9a2a0 37991       1       org.aspectj.weaver.patterns.BasicToken::getEnd (5 bytes)
Event: 3875.034 Thread 0x000001d8b6b9a2a0 nmethod 37991 0x000001d8a817ad10 code [0x000001d8a817aea0, 0x000001d8a817af68]
Event: 3875.035 Thread 0x000001d8b6b9a2a0 37992       3       org.springframework.aop.aspectj.AspectJExpressionPointcut::resolveExpression (21 bytes)
Event: 3875.035 Thread 0x000001d8814618d0 37993       4       java.lang.CharacterDataLatin1::isJavaIdentifierPart (20 bytes)
Event: 3875.035 Thread 0x000001d8b6b9a2a0 nmethod 37992 0x000001d8a0c6d710 code [0x000001d8a0c6d8e0, 0x000001d8a0c6dc30]
Event: 3875.035 Thread 0x000001d8b6b9a2a0 37994       1       org.aspectj.weaver.patterns.BasicToken::getStart (5 bytes)
Event: 3875.036 Thread 0x000001d8814618d0 nmethod 37993 0x000001d8a817e010 code [0x000001d8a817e1a0, 0x000001d8a817e268]
Event: 3875.036 Thread 0x000001d8b6b9a2a0 nmethod 37994 0x000001d8a8193290 code [0x000001d8a8193420, 0x000001d8a81934e8]
Event: 3875.040 Thread 0x000001d8814618d0 37995       4       java.util.WeakHashMap::getTable (9 bytes)
Event: 3875.040 Thread 0x000001d8b6b9a2a0 37996       3       java.util.concurrent.CopyOnWriteArrayList$$Lambda/0x000001d8b91fc938::test (9 bytes)
Event: 3875.041 Thread 0x000001d8b6b9a2a0 nmethod 37996 0x000001d8a0a59c90 code [0x000001d8a0a59e40, 0x000001d8a0a5a080]
Event: 3875.041 Thread 0x000001d8814618d0 nmethod 37995 0x000001d8a819e790 code [0x000001d8a819e920, 0x000001d8a819e9e0]
Event: 3875.041 Thread 0x000001d8b6b9a2a0 37997       3       java.util.concurrent.CopyOnWriteArrayList::lambda$removeAll$0 (8 bytes)
Event: 3875.041 Thread 0x000001d8b6b9a2a0 nmethod 37997 0x000001d8a0c20e10 code [0x000001d8a0c20fc0, 0x000001d8a0c21178]
Event: 3875.050 Thread 0x000001d8b6b9a2a0 37998       3       java.util.WeakHashMap::transfer (104 bytes)
Event: 3875.050 Thread 0x000001d8b6b9a2a0 nmethod 37998 0x000001d8a0b6fa90 code [0x000001d8a0b6fca0, 0x000001d8a0b70558]

GC Heap History (20 events):
Event: 3750.991 GC heap before
{Heap before GC invocations=107 (full 3):
 garbage-first heap   total 212992K, used 119933K [0x0000000704800000, 0x0000000800000000)
  region size 2048K, 31 young (63488K), 0 survivors (0K)
 Metaspace       used 121565K, committed 123200K, reserved 1179648K
  class space    used 15222K, committed 16000K, reserved 1048576K
}
Event: 3750.996 GC heap after
{Heap after GC invocations=108 (full 3):
 garbage-first heap   total 212992K, used 63189K [0x0000000704800000, 0x0000000800000000)
  region size 2048K, 4 young (8192K), 4 survivors (8192K)
 Metaspace       used 121565K, committed 123200K, reserved 1179648K
  class space    used 15222K, committed 16000K, reserved 1048576K
}
Event: 3752.908 GC heap before
{Heap before GC invocations=109 (full 3):
 garbage-first heap   total 212992K, used 130773K [0x0000000704800000, 0x0000000800000000)
  region size 2048K, 37 young (75776K), 4 survivors (8192K)
 Metaspace       used 121988K, committed 123584K, reserved 1179648K
  class space    used 15263K, committed 16064K, reserved 1048576K
}
Event: 3752.915 GC heap after
{Heap after GC invocations=110 (full 3):
 garbage-first heap   total 212992K, used 66959K [0x0000000704800000, 0x0000000800000000)
  region size 2048K, 3 young (6144K), 3 survivors (6144K)
 Metaspace       used 121988K, committed 123584K, reserved 1179648K
  class space    used 15263K, committed 16064K, reserved 1048576K
}
Event: 3755.178 GC heap before
{Heap before GC invocations=110 (full 3):
 garbage-first heap   total 212992K, used 138639K [0x0000000704800000, 0x0000000800000000)
  region size 2048K, 38 young (77824K), 3 survivors (6144K)
 Metaspace       used 122694K, committed 124288K, reserved 1179648K
  class space    used 15301K, committed 16064K, reserved 1048576K
}
Event: 3755.182 GC heap after
{Heap after GC invocations=111 (full 3):
 garbage-first heap   total 212992K, used 71040K [0x0000000704800000, 0x0000000800000000)
  region size 2048K, 4 young (8192K), 4 survivors (8192K)
 Metaspace       used 122694K, committed 124288K, reserved 1179648K
  class space    used 15301K, committed 16064K, reserved 1048576K
}
Event: 3755.925 GC heap before
{Heap before GC invocations=111 (full 3):
 garbage-first heap   total 212992K, used 148864K [0x0000000704800000, 0x0000000800000000)
  region size 2048K, 42 young (86016K), 4 survivors (8192K)
 Metaspace       used 124104K, committed 125888K, reserved 1179648K
  class space    used 15425K, committed 16256K, reserved 1048576K
}
Event: 3755.931 GC heap after
{Heap after GC invocations=112 (full 3):
 garbage-first heap   total 212992K, used 75251K [0x0000000704800000, 0x0000000800000000)
  region size 2048K, 4 young (8192K), 4 survivors (8192K)
 Metaspace       used 124104K, committed 125888K, reserved 1179648K
  class space    used 15425K, committed 16256K, reserved 1048576K
}
Event: 3763.192 GC heap before
{Heap before GC invocations=113 (full 3):
 garbage-first heap   total 227328K, used 208371K [0x0000000704800000, 0x0000000800000000)
  region size 2048K, 30 young (61440K), 4 survivors (8192K)
 Metaspace       used 124200K, committed 125952K, reserved 1179648K
  class space    used 15439K, committed 16256K, reserved 1048576K
}
Event: 3763.275 GC heap after
{Heap after GC invocations=114 (full 4):
 garbage-first heap   total 225280K, used 57435K [0x0000000704800000, 0x0000000800000000)
  region size 2048K, 0 young (0K), 0 survivors (0K)
 Metaspace       used 124131K, committed 125952K, reserved 1179648K
  class space    used 15429K, committed 16256K, reserved 1048576K
}
Event: 3764.502 GC heap before
{Heap before GC invocations=114 (full 4):
 garbage-first heap   total 225280K, used 149595K [0x0000000704800000, 0x0000000800000000)
  region size 2048K, 46 young (94208K), 0 survivors (0K)
 Metaspace       used 125205K, committed 126976K, reserved 1179648K
  class space    used 15511K, committed 16384K, reserved 1048576K
}
Event: 3764.509 GC heap after
{Heap after GC invocations=115 (full 4):
 garbage-first heap   total 225280K, used 66584K [0x0000000704800000, 0x0000000800000000)
  region size 2048K, 5 young (10240K), 5 survivors (10240K)
 Metaspace       used 125205K, committed 126976K, reserved 1179648K
  class space    used 15511K, committed 16384K, reserved 1048576K
}
Event: 3765.610 GC heap before
{Heap before GC invocations=116 (full 4):
 garbage-first heap   total 225280K, used 160792K [0x0000000704800000, 0x0000000800000000)
  region size 2048K, 51 young (104448K), 5 survivors (10240K)
 Metaspace       used 126186K, committed 127936K, reserved 1179648K
  class space    used 15581K, committed 16448K, reserved 1048576K
}
Event: 3765.616 GC heap after
{Heap after GC invocations=117 (full 4):
 garbage-first heap   total 225280K, used 70831K [0x0000000704800000, 0x0000000800000000)
  region size 2048K, 3 young (6144K), 3 survivors (6144K)
 Metaspace       used 126186K, committed 127936K, reserved 1179648K
  class space    used 15581K, committed 16448K, reserved 1048576K
}
Event: 3766.673 GC heap before
{Heap before GC invocations=117 (full 4):
 garbage-first heap   total 225280K, used 167087K [0x0000000704800000, 0x0000000800000000)
  region size 2048K, 50 young (102400K), 3 survivors (6144K)
 Metaspace       used 127740K, committed 129600K, reserved 1179648K
  class space    used 15712K, committed 16576K, reserved 1048576K
}
Event: 3766.678 GC heap after
{Heap after GC invocations=118 (full 4):
 garbage-first heap   total 225280K, used 76310K [0x0000000704800000, 0x0000000800000000)
  region size 2048K, 5 young (10240K), 5 survivors (10240K)
 Metaspace       used 127740K, committed 129600K, reserved 1179648K
  class space    used 15712K, committed 16576K, reserved 1048576K
}
Event: 3873.488 GC heap before
{Heap before GC invocations=118 (full 4):
 garbage-first heap   total 225280K, used 141846K [0x0000000704800000, 0x0000000800000000)
  region size 2048K, 38 young (77824K), 5 survivors (10240K)
 Metaspace       used 127814K, committed 129664K, reserved 1179648K
  class space    used 15718K, committed 16576K, reserved 1048576K
}
Event: 3873.494 GC heap after
{Heap after GC invocations=119 (full 4):
 garbage-first heap   total 225280K, used 90533K [0x0000000704800000, 0x0000000800000000)
  region size 2048K, 7 young (14336K), 7 survivors (14336K)
 Metaspace       used 127814K, committed 129664K, reserved 1179648K
  class space    used 15718K, committed 16576K, reserved 1048576K
}
Event: 3873.882 GC heap before
{Heap before GC invocations=120 (full 4):
 garbage-first heap   total 253952K, used 149925K [0x0000000704800000, 0x0000000800000000)
  region size 2048K, 10 young (20480K), 7 survivors (14336K)
 Metaspace       used 127844K, committed 129664K, reserved 1179648K
  class space    used 15719K, committed 16576K, reserved 1048576K
}
Event: 3873.971 GC heap after
{Heap after GC invocations=121 (full 5):
 garbage-first heap   total 219136K, used 59358K [0x0000000704800000, 0x0000000800000000)
  region size 2048K, 0 young (0K), 0 survivors (0K)
 Metaspace       used 127775K, committed 129664K, reserved 1179648K
  class space    used 15710K, committed 16576K, reserved 1048576K
}

Dll operation events (11 events):
Event: 0.006 Loaded shared library C:\Users\THACH VAN BACH\.vscode\extensions\redhat.java-1.54.0-win32-x64\jre\21.0.10-win32-x86_64\bin\java.dll
Event: 0.027 Loaded shared library C:\Users\THACH VAN BACH\.vscode\extensions\redhat.java-1.54.0-win32-x64\jre\21.0.10-win32-x86_64\bin\zip.dll
Event: 0.100 Loaded shared library C:\Users\THACH VAN BACH\.vscode\extensions\redhat.java-1.54.0-win32-x64\jre\21.0.10-win32-x86_64\bin\jimage.dll
Event: 0.105 Loaded shared library C:\Users\THACH VAN BACH\.vscode\extensions\redhat.java-1.54.0-win32-x64\jre\21.0.10-win32-x86_64\bin\net.dll
Event: 0.107 Loaded shared library C:\Users\THACH VAN BACH\.vscode\extensions\redhat.java-1.54.0-win32-x64\jre\21.0.10-win32-x86_64\bin\nio.dll
Event: 0.108 Loaded shared library C:\Users\THACH VAN BACH\.vscode\extensions\redhat.java-1.54.0-win32-x64\jre\21.0.10-win32-x86_64\bin\zip.dll
Event: 0.172 Loaded shared library C:\Users\THACH VAN BACH\.vscode\extensions\redhat.java-1.54.0-win32-x64\jre\21.0.10-win32-x86_64\bin\management.dll
Event: 0.182 Loaded shared library C:\Users\THACH VAN BACH\.vscode\extensions\redhat.java-1.54.0-win32-x64\jre\21.0.10-win32-x86_64\bin\management_ext.dll
Event: 0.385 Loaded shared library C:\Users\THACH VAN BACH\.vscode\extensions\redhat.java-1.54.0-win32-x64\jre\21.0.10-win32-x86_64\bin\extnet.dll
Event: 0.439 Loaded shared library C:\Users\THACH VAN BACH\.vscode\extensions\redhat.java-1.54.0-win32-x64\jre\21.0.10-win32-x86_64\bin\verify.dll
Event: 1.666 Loaded shared library C:\Users\THACH VAN BACH\.vscode\extensions\redhat.java-1.54.0-win32-x64\jre\21.0.10-win32-x86_64\bin\sunmscapi.dll

Deoptimization events (20 events):
Event: 3837.774 Thread 0x000001d8fee744e0 Uncommon trap: trap_request=0xffffffd6 fr.pc=0x000001d8a8ce0110 relative=0x00000000000019f0
Event: 3837.774 Thread 0x000001d8fee744e0 Uncommon trap: reason=array_check action=maybe_recompile pc=0x000001d8a8ce0110 method=java.util.concurrent.ScheduledThreadPoolExecutor$DelayedWorkQueue.siftDown(ILjava/util/concurrent/RunnableScheduledFuture;)V @ 93 c2
Event: 3837.774 Thread 0x000001d8fee744e0 DEOPT PACKING pc=0x000001d8a8ce0110 sp=0x000000b26eaff3a0
Event: 3837.774 Thread 0x000001d8fee744e0 DEOPT UNPACKING pc=0x000001d8a7a54422 sp=0x000000b26eaff178 mode 2
Event: 3838.774 Thread 0x000001d8fee744e0 Uncommon trap: trap_request=0xffffffd6 fr.pc=0x000001d8a8ce0110 relative=0x00000000000019f0
Event: 3838.774 Thread 0x000001d8fee744e0 Uncommon trap: reason=array_check action=maybe_recompile pc=0x000001d8a8ce0110 method=java.util.concurrent.ScheduledThreadPoolExecutor$DelayedWorkQueue.siftDown(ILjava/util/concurrent/RunnableScheduledFuture;)V @ 93 c2
Event: 3838.774 Thread 0x000001d8fee744e0 DEOPT PACKING pc=0x000001d8a8ce0110 sp=0x000000b26eaff3a0
Event: 3838.774 Thread 0x000001d8fee744e0 DEOPT UNPACKING pc=0x000001d8a7a54422 sp=0x000000b26eaff178 mode 2
Event: 3839.767 Thread 0x000001d8fee70340 Uncommon trap: trap_request=0xffffffd6 fr.pc=0x000001d8a8ce0110 relative=0x00000000000019f0
Event: 3839.767 Thread 0x000001d8fee70340 Uncommon trap: reason=array_check action=maybe_recompile pc=0x000001d8a8ce0110 method=java.util.concurrent.ScheduledThreadPoolExecutor$DelayedWorkQueue.siftDown(ILjava/util/concurrent/RunnableScheduledFuture;)V @ 93 c2
Event: 3839.767 Thread 0x000001d8fee70340 DEOPT PACKING pc=0x000001d8a8ce0110 sp=0x000000b26d4ff170
Event: 3839.767 Thread 0x000001d8fee70340 DEOPT UNPACKING pc=0x000001d8a7a54422 sp=0x000000b26d4fef48 mode 2
Event: 3854.476 Thread 0x000001d8fee75890 Uncommon trap: trap_request=0xffffffd6 fr.pc=0x000001d8a8ce41e8 relative=0x0000000000000548
Event: 3854.476 Thread 0x000001d8fee75890 Uncommon trap: reason=array_check action=maybe_recompile pc=0x000001d8a8ce41e8 method=java.util.concurrent.ScheduledThreadPoolExecutor$DelayedWorkQueue.siftDown(ILjava/util/concurrent/RunnableScheduledFuture;)V @ 112 c2
Event: 3854.476 Thread 0x000001d8fee75890 DEOPT PACKING pc=0x000001d8a8ce41e8 sp=0x000000b26e2feca0
Event: 3854.476 Thread 0x000001d8fee75890 DEOPT UNPACKING pc=0x000001d8a7a54422 sp=0x000000b26e2fec48 mode 2
Event: 3854.774 Thread 0x000001d8fee744e0 Uncommon trap: trap_request=0xffffffd6 fr.pc=0x000001d8a8ce41e8 relative=0x0000000000000548
Event: 3854.774 Thread 0x000001d8fee744e0 Uncommon trap: reason=array_check action=maybe_recompile pc=0x000001d8a8ce41e8 method=java.util.concurrent.ScheduledThreadPoolExecutor$DelayedWorkQueue.siftDown(ILjava/util/concurrent/RunnableScheduledFuture;)V @ 112 c2
Event: 3854.774 Thread 0x000001d8fee744e0 DEOPT PACKING pc=0x000001d8a8ce41e8 sp=0x000000b26eaff180
Event: 3854.774 Thread 0x000001d8fee744e0 DEOPT UNPACKING pc=0x000001d8a7a54422 sp=0x000000b26eaff128 mode 2

Classes loaded (20 events):
Event: 166.501 Loading class java/io/OutputStream$1
Event: 166.502 Loading class java/io/OutputStream$1 done
Event: 750.755 Loading class sun/util/locale/LocaleExtensions
Event: 750.756 Loading class sun/util/locale/LocaleExtensions done
Event: 779.254 Loading class java/util/concurrent/locks/AbstractQueuedSynchronizer$SharedNode
Event: 779.254 Loading class java/util/concurrent/locks/AbstractQueuedSynchronizer$SharedNode done
Event: 780.263 Loading class sun/security/ssl/Alert
Event: 780.264 Loading class sun/security/ssl/Alert done
Event: 780.264 Loading class sun/security/ssl/Alert$AlertConsumer
Event: 780.264 Loading class sun/security/ssl/Alert$AlertConsumer done
Event: 780.264 Loading class sun/security/ssl/Alert$Level
Event: 780.264 Loading class sun/security/ssl/Alert$Level done
Event: 780.265 Loading class javax/crypto/AEADBadTagException
Event: 780.265 Loading class javax/crypto/BadPaddingException
Event: 780.265 Loading class javax/crypto/BadPaddingException done
Event: 780.265 Loading class javax/crypto/AEADBadTagException done
Event: 780.559 Loading class java/lang/ref/Finalizer$2
Event: 780.560 Loading class java/lang/ref/Finalizer$2 done
Event: 780.560 Loading class java/lang/ref/Finalizer$1
Event: 780.560 Loading class java/lang/ref/Finalizer$1 done

Classes unloaded (20 events):
Event: 3763.214 Thread 0x000001d8b6b69760 Unloading class 0x000001d8b9fb4000 'jdk/internal/reflect/GeneratedSerializationConstructorAccessor49'
Event: 3763.214 Thread 0x000001d8b6b69760 Unloading class 0x000001d8b9f3cb50 'org/apache/catalina/loader/JdbcLeakPrevention'
Event: 3763.214 Thread 0x000001d8b6b69760 Unloading class 0x000001d8b9f3c800 'jdk/proxy9/$Proxy248'
Event: 3873.905 Thread 0x000001d8b6b69760 Unloading class 0x000001d8ba02ac00 'jdk/internal/reflect/GeneratedSerializationConstructorAccessor78'
Event: 3873.905 Thread 0x000001d8b6b69760 Unloading class 0x000001d8ba02a800 'jdk/internal/reflect/GeneratedSerializationConstructorAccessor77'
Event: 3873.905 Thread 0x000001d8b6b69760 Unloading class 0x000001d8ba029400 'jdk/internal/reflect/GeneratedSerializationConstructorAccessor76'
Event: 3873.905 Thread 0x000001d8b6b69760 Unloading class 0x000001d8ba025400 'jdk/internal/reflect/GeneratedSerializationConstructorAccessor75'
Event: 3873.905 Thread 0x000001d8b6b69760 Unloading class 0x000001d8ba025000 'jdk/internal/reflect/GeneratedSerializationConstructorAccessor74'
Event: 3873.905 Thread 0x000001d8b6b69760 Unloading class 0x000001d8ba024c00 'jdk/internal/reflect/GeneratedSerializationConstructorAccessor73'
Event: 3873.905 Thread 0x000001d8b6b69760 Unloading class 0x000001d8ba024800 'jdk/internal/reflect/GeneratedSerializationConstructorAccessor72'
Event: 3873.905 Thread 0x000001d8b6b69760 Unloading class 0x000001d8ba023800 'jdk/internal/reflect/GeneratedSerializationConstructorAccessor71'
Event: 3873.905 Thread 0x000001d8b6b69760 Unloading class 0x000001d8ba01bc00 'jdk/internal/reflect/GeneratedSerializationConstructorAccessor70'
Event: 3873.905 Thread 0x000001d8b6b69760 Unloading class 0x000001d8ba019c00 'jdk/internal/reflect/GeneratedSerializationConstructorAccessor69'
Event: 3873.905 Thread 0x000001d8b6b69760 Unloading class 0x000001d8ba013400 'jdk/internal/reflect/GeneratedSerializationConstructorAccessor68'
Event: 3873.905 Thread 0x000001d8b6b69760 Unloading class 0x000001d8ba010800 'jdk/internal/reflect/GeneratedSerializationConstructorAccessor67'
Event: 3873.905 Thread 0x000001d8b6b69760 Unloading class 0x000001d8ba009800 'jdk/internal/reflect/GeneratedSerializationConstructorAccessor66'
Event: 3873.905 Thread 0x000001d8b6b69760 Unloading class 0x000001d8ba009400 'jdk/internal/reflect/GeneratedSerializationConstructorAccessor65'
Event: 3873.905 Thread 0x000001d8b6b69760 Unloading class 0x000001d8ba009000 'jdk/internal/reflect/GeneratedSerializationConstructorAccessor64'
Event: 3873.905 Thread 0x000001d8b6b69760 Unloading class 0x000001d8b9fa8350 'org/apache/catalina/loader/JdbcLeakPrevention'
Event: 3873.905 Thread 0x000001d8b6b69760 Unloading class 0x000001d8b9fa8000 'jdk/proxy11/$Proxy278'

Classes redefined (0 events):
No events

Internal exceptions (20 events):
Event: 3791.962 Thread 0x000001d8fee72aa0 Exception <a 'sun/nio/fs/WindowsException'{0x00000007118aa0b0}> (0x00000007118aa0b0) 
thrown [s\src\hotspot\share\prims\jni.cpp, line 520]
Event: 3791.962 Thread 0x000001d8fee72aa0 Exception <a 'java/io/FileNotFoundException'{0x00000007118ab8a8}> (0x00000007118ab8a8) 
thrown [s\src\hotspot\share\prims\jni.cpp, line 520]
Event: 3791.962 Thread 0x000001d8fee72aa0 Exception <a 'sun/nio/fs/WindowsException'{0x00000007118ad268}> (0x00000007118ad268) 
thrown [s\src\hotspot\share\prims\jni.cpp, line 520]
Event: 3791.962 Thread 0x000001d8fee72aa0 Exception <a 'java/io/FileNotFoundException'{0x00000007118aea40}> (0x00000007118aea40) 
thrown [s\src\hotspot\share\prims\jni.cpp, line 520]
Event: 3851.953 Thread 0x000001d881bedfe0 Exception <a 'sun/nio/fs/WindowsException'{0x00000007119f77a8}> (0x00000007119f77a8) 
thrown [s\src\hotspot\share\prims\jni.cpp, line 520]
Event: 3851.954 Thread 0x000001d881bedfe0 Exception <a 'java/io/FileNotFoundException'{0x00000007119f8fa0}> (0x00000007119f8fa0) 
thrown [s\src\hotspot\share\prims\jni.cpp, line 520]
Event: 3851.954 Thread 0x000001d881bedfe0 Exception <a 'sun/nio/fs/WindowsException'{0x00000007119fa960}> (0x00000007119fa960) 
thrown [s\src\hotspot\share\prims\jni.cpp, line 520]
Event: 3851.954 Thread 0x000001d881bedfe0 Exception <a 'java/io/FileNotFoundException'{0x00000007119fc138}> (0x00000007119fc138) 
thrown [s\src\hotspot\share\prims\jni.cpp, line 520]
Event: 3873.881 Thread 0x000001d8fee77960 Exception <a 'java/lang/InterruptedException'{0x0000000713c00040}: sleep interrupted> (0x0000000713c00040) 
thrown [s\src\hotspot\share\prims\jvm.cpp, line 3087]
Event: 3873.995 Thread 0x000001d8829fb3c0 Exception <a 'sun/nio/fs/WindowsException'{0x0000000711cbf6b8}> (0x0000000711cbf6b8) 
thrown [s\src\hotspot\share\prims\jni.cpp, line 520]
Event: 3874.989 Thread 0x000001d8829fb3c0 Exception <a 'java/lang/NoClassDefFoundError'{0x000000070e24fea8}: org/flywaydb/core/Flyway> (0x000000070e24fea8) 
thrown [s\src\hotspot\share\oops\constantPool.cpp, line 873]
Event: 3874.989 Thread 0x000001d8829fb3c0 Exception <a 'java/lang/NoClassDefFoundError'{0x000000070e250508}: liquibase/integration/spring/SpringLiquibase> (0x000000070e250508) 
thrown [s\src\hotspot\share\oops\constantPool.cpp, line 873]
Event: 3874.992 Thread 0x000001d8829fb3c0 Exception <a 'java/lang/NoClassDefFoundError'{0x000000070e2b7640}: org/jooq/DSLContext> (0x000000070e2b7640) 
thrown [s\src\hotspot\share\oops\constantPool.cpp, line 873]
Event: 3875.002 Thread 0x000001d8829fb3c0 Exception <a 'java/lang/NoClassDefFoundError'{0x000000070e3706a0}: org/springframework/batch/core/repository/JobRepository> (0x000000070e3706a0) 
thrown [s\src\hotspot\share\oops\constantPool.cpp, line 873]
Event: 3875.002 Thread 0x000001d8829fb3c0 Exception <a 'java/lang/NoClassDefFoundError'{0x000000070e370cf8}: org/quartz/Scheduler> (0x000000070e370cf8) 
thrown [s\src\hotspot\share\oops\constantPool.cpp, line 873]
Event: 3875.002 Thread 0x000001d8829fb3c0 Exception <a 'java/lang/NoClassDefFoundError'{0x000000070e371378}: org/springframework/session/jdbc/JdbcIndexedSessionRepository> (0x000000070e371378) 
thrown [s\src\hotspot\share\oops\constantPool.cpp, line 873]
Event: 3875.034 Thread 0x000001d8829fb3c0 Exception <a 'java/lang/ArrayIndexOutOfBoundsException'{0x000000070e17c3c8}> (0x000000070e17c3c8) 
thrown [s\src\hotspot\share\runtime\sharedRuntime.cpp, line 625]
Event: 3875.034 Thread 0x000001d8829fb3c0 Exception <a 'java/lang/ArrayIndexOutOfBoundsException'{0x000000070e17c9a0}> (0x000000070e17c9a0) 
thrown [s\src\hotspot\share\runtime\sharedRuntime.cpp, line 625]
Event: 3875.036 Thread 0x000001d8829fb3c0 Exception <a 'java/lang/ArrayIndexOutOfBoundsException'{0x000000070e189538}> (0x000000070e189538) 
thrown [s\src\hotspot\share\runtime\sharedRuntime.cpp, line 625]
Event: 3875.036 Thread 0x000001d8829fb3c0 Exception <a 'java/lang/ArrayIndexOutOfBoundsException'{0x000000070e189b10}> (0x000000070e189b10) 
thrown [s\src\hotspot\share\runtime\sharedRuntime.cpp, line 625]

ZGC Phase Switch (0 events):
No events

VM Operations (20 events):
Event: 3792.907 Executing safepoint VM operation: Cleanup
Event: 3792.907 Executing safepoint VM operation: Cleanup done
Event: 3849.024 Executing non-safepoint VM operation: HandshakeAllThreads (HandshakeForDeflation)
Event: 3849.024 Executing non-safepoint VM operation: HandshakeAllThreads (HandshakeForDeflation) done
Event: 3849.024 Executing non-safepoint VM operation: RendezvousGCThreads
Event: 3849.024 Executing non-safepoint VM operation: RendezvousGCThreads done
Event: 3852.055 Executing safepoint VM operation: Cleanup
Event: 3852.055 Executing safepoint VM operation: Cleanup done
Event: 3864.171 Executing safepoint VM operation: Cleanup
Event: 3864.171 Executing safepoint VM operation: Cleanup done
Event: 3873.488 Executing safepoint VM operation: G1TryInitiateConcMark (G1 Humongous Allocation)
Event: 3873.494 Executing safepoint VM operation: G1TryInitiateConcMark (G1 Humongous Allocation) done
Event: 3873.548 Executing safepoint VM operation: G1PauseRemark
Event: 3873.561 Executing safepoint VM operation: G1PauseRemark done
Event: 3873.582 Executing safepoint VM operation: G1PauseCleanup
Event: 3873.583 Executing safepoint VM operation: G1PauseCleanup done
Event: 3873.882 Executing safepoint VM operation: G1CollectFull (System.gc())
Event: 3873.971 Executing safepoint VM operation: G1CollectFull (System.gc()) done
Event: 3874.976 Executing safepoint VM operation: Cleanup
Event: 3874.976 Executing safepoint VM operation: Cleanup done

Memory protections (0 events):
No events

Nmethod flushes (20 events):
Event: 3873.923 Thread 0x000001d8b6b69760 flushing  nmethod 0x000001d8a0cf5a10
Event: 3873.923 Thread 0x000001d8b6b69760 flushing  nmethod 0x000001d8a0da6310
Event: 3873.923 Thread 0x000001d8b6b69760 flushing  nmethod 0x000001d8a0df8890
Event: 3873.923 Thread 0x000001d8b6b69760 flushing  nmethod 0x000001d8a0f2fe90
Event: 3873.923 Thread 0x000001d8b6b69760 flushing  nmethod 0x000001d8a102d990
Event: 3873.923 Thread 0x000001d8b6b69760 flushing  nmethod 0x000001d8a1031110
Event: 3873.923 Thread 0x000001d8b6b69760 flushing  nmethod 0x000001d8a10e9510
Event: 3873.923 Thread 0x000001d8b6b69760 flushing  nmethod 0x000001d8a1473790
Event: 3873.923 Thread 0x000001d8b6b69760 flushing  nmethod 0x000001d8a1661e90
Event: 3873.923 Thread 0x000001d8b6b69760 flushing  nmethod 0x000001d8a16adf10
Event: 3873.923 Thread 0x000001d8b6b69760 flushing  nmethod 0x000001d8a16b2190
Event: 3873.923 Thread 0x000001d8b6b69760 flushing  nmethod 0x000001d8a16c6890
Event: 3873.923 Thread 0x000001d8b6b69760 flushing  nmethod 0x000001d8a179db10
Event: 3873.923 Thread 0x000001d8b6b69760 flushing  nmethod 0x000001d8a17e1010
Event: 3873.923 Thread 0x000001d8b6b69760 flushing  nmethod 0x000001d8a1a42e10
Event: 3873.923 Thread 0x000001d8b6b69760 flushing  nmethod 0x000001d8a1e7a310
Event: 3873.923 Thread 0x000001d8b6b69760 flushing  nmethod 0x000001d8a1ee2890
Event: 3873.923 Thread 0x000001d8b6b69760 flushing  nmethod 0x000001d8a1fb2c10
Event: 3873.923 Thread 0x000001d8b6b69760 flushing  nmethod 0x000001d8a217b490
Event: 3873.923 Thread 0x000001d8b6b69760 flushing  nmethod 0x000001d8a21cbb90

Events (20 events):
Event: 3873.865 Thread 0x000001d881be7050 Thread exited: 0x000001d881be7050
Event: 3873.866 Thread 0x000001d881be7d70 Thread exited: 0x000001d881be7d70
Event: 3873.866 Thread 0x000001d881bebf10 Thread exited: 0x000001d881bebf10
Event: 3873.866 Thread 0x000001d8fee72aa0 Thread exited: 0x000001d8fee72aa0
Event: 3873.866 Thread 0x000001d8fee72410 Thread exited: 0x000001d8fee72410
Event: 3873.866 Thread 0x000001d881be76e0 Thread exited: 0x000001d881be76e0
Event: 3873.870 Thread 0x000001d8829fad30 Thread added: 0x000001d8829f8c60
Event: 3873.871 Thread 0x000001d8fee75890 Thread exited: 0x000001d8fee75890
Event: 3873.875 Thread 0x000001d8fee73130 Thread exited: 0x000001d8fee73130
Event: 3873.875 Thread 0x000001d8829f8c60 Thread exited: 0x000001d8829f8c60
Event: 3873.881 Thread 0x000001d8fee70340 Thread exited: 0x000001d8fee70340
Event: 3873.881 Thread 0x000001d8fee77960 Thread exited: 0x000001d8fee77960
Event: 3873.971 Thread 0x000001d8829fad30 Thread added: 0x000001d8829fb3c0
Event: 3873.971 Thread 0x000001d8fee744e0 Thread exited: 0x000001d8fee744e0
Event: 3873.971 Thread 0x000001d8fee71d80 Thread exited: 0x000001d8fee71d80
Event: 3873.976 Thread 0x000001d8829fb3c0 Thread exited: 0x000001d8829fb3c0
Event: 3873.976 Thread 0x000001d8829fad30 Thread added: 0x000001d8829fb3c0
Event: 3874.036 Thread 0x000001d8b6b9a2a0 Thread added: 0x000001d8814618d0
Event: 3874.222 Thread 0x000001d8829fb3c0 Thread added: 0x000001d8829fce00
Event: 3874.248 Thread 0x000001d8829fce00 Thread exited: 0x000001d8829fce00


Dynamic libraries:
0x00007ff7f1bc0000 - 0x00007ff7f1bce000 	C:\Users\THACH VAN BACH\.vscode\extensions\redhat.java-1.54.0-win32-x64\jre\21.0.10-win32-x86_64\bin\java.exe
0x00007ffbfd170000 - 0x00007ffbfd388000 	C:\Windows\SYSTEM32\ntdll.dll
0x00007ffbfc550000 - 0x00007ffbfc614000 	C:\Windows\System32\KERNEL32.DLL
0x00007ffbfa890000 - 0x00007ffbfac63000 	C:\Windows\System32\KERNELBASE.dll
0x00007ffbfa3f0000 - 0x00007ffbfa501000 	C:\Windows\System32\ucrtbase.dll
0x00007ffb93dc0000 - 0x00007ffb93dd8000 	C:\Users\THACH VAN BACH\.vscode\extensions\redhat.java-1.54.0-win32-x64\jre\21.0.10-win32-x86_64\bin\jli.dll
0x00007ffb93de0000 - 0x00007ffb93dfe000 	C:\Users\THACH VAN BACH\.vscode\extensions\redhat.java-1.54.0-win32-x64\jre\21.0.10-win32-x86_64\bin\VCRUNTIME140.dll
0x00007ffbfcf70000 - 0x00007ffbfd122000 	C:\Windows\System32\USER32.dll
0x00007ffbfa860000 - 0x00007ffbfa886000 	C:\Windows\System32\win32u.dll
0x00007ffbe0530000 - 0x00007ffbe07cc000 	C:\Windows\WinSxS\amd64_microsoft.windows.common-controls_6595b64144ccf1df_6.0.22621.6060_none_2712eda17382d24b\COMCTL32.dll
0x00007ffbfca40000 - 0x00007ffbfca69000 	C:\Windows\System32\GDI32.dll
0x00007ffbfcec0000 - 0x00007ffbfcf67000 	C:\Windows\System32\msvcrt.dll
0x00007ffbfa740000 - 0x00007ffbfa85b000 	C:\Windows\System32\gdi32full.dll
0x00007ffbfacf0000 - 0x00007ffbfad8a000 	C:\Windows\System32\msvcp_win.dll
0x00007ffbfc170000 - 0x00007ffbfc1a1000 	C:\Windows\System32\IMM32.DLL
0x00000000666f0000 - 0x00000000666fd000 	C:\Program Files (x86)\360\Total Security\safemon\SafeWrapper.dll
0x00007ffbfb3e0000 - 0x00007ffbfb491000 	C:\Windows\System32\ADVAPI32.dll
0x00007ffbfc990000 - 0x00007ffbfca38000 	C:\Windows\System32\sechost.dll
0x00007ffbfa510000 - 0x00007ffbfa538000 	C:\Windows\System32\bcrypt.dll
0x00007ffbfcb50000 - 0x00007ffbfcc68000 	C:\Windows\System32\RPCRT4.dll
0x00007ffbef450000 - 0x00007ffbef555000 	C:\Program Files (x86)\360\Total Security\safemon\libzdtp64.dll
0x00007ffbfb620000 - 0x00007ffbfbebc000 	C:\Windows\System32\SHELL32.dll
0x00007ffbfa540000 - 0x00007ffbfa67f000 	C:\Windows\System32\wintypes.dll
0x00007ffbfc1b0000 - 0x00007ffbfc541000 	C:\Windows\System32\combase.dll
0x00007ffbfc6a0000 - 0x00007ffbfc709000 	C:\Windows\System32\SHLWAPI.dll
0x00007ffbf9ee0000 - 0x00007ffbf9eea000 	C:\Windows\SYSTEM32\VERSION.dll
0x00007ffbc3610000 - 0x00007ffbc361c000 	C:\Users\THACH VAN BACH\.vscode\extensions\redhat.java-1.54.0-win32-x64\jre\21.0.10-win32-x86_64\bin\vcruntime140_1.dll
0x00007ffb5e430000 - 0x00007ffb5e4bd000 	C:\Users\THACH VAN BACH\.vscode\extensions\redhat.java-1.54.0-win32-x64\jre\21.0.10-win32-x86_64\bin\msvcp140.dll
0x00007ffb56070000 - 0x00007ffb56e11000 	C:\Users\THACH VAN BACH\.vscode\extensions\redhat.java-1.54.0-win32-x64\jre\21.0.10-win32-x86_64\bin\server\jvm.dll
0x00007ffbfcad0000 - 0x00007ffbfcb41000 	C:\Windows\System32\WS2_32.dll
0x00007ffbf0070000 - 0x00007ffbf00a4000 	C:\Windows\SYSTEM32\WINMM.dll
0x00007ffbf9030000 - 0x00007ffbf907d000 	C:\Windows\SYSTEM32\POWRPROF.dll
0x00007ffbf9010000 - 0x00007ffbf9023000 	C:\Windows\SYSTEM32\UMPDC.dll
0x00007ffbf92b0000 - 0x00007ffbf92c8000 	C:\Windows\SYSTEM32\kernel.appcore.dll
0x00007ffbc26c0000 - 0x00007ffbc26ca000 	C:\Users\THACH VAN BACH\.vscode\extensions\redhat.java-1.54.0-win32-x64\jre\21.0.10-win32-x86_64\bin\jimage.dll
0x00007ffbf7b00000 - 0x00007ffbf7d33000 	C:\Windows\SYSTEM32\DBGHELP.DLL
0x00007ffbfbf80000 - 0x00007ffbfc058000 	C:\Windows\System32\OLEAUT32.dll
0x00007ffbe6380000 - 0x00007ffbe63b2000 	C:\Windows\SYSTEM32\dbgcore.DLL
0x00007ffbfac70000 - 0x00007ffbfaceb000 	C:\Windows\System32\bcryptPrimitives.dll
0x00007ffb93da0000 - 0x00007ffb93dc0000 	C:\Users\THACH VAN BACH\.vscode\extensions\redhat.java-1.54.0-win32-x64\jre\21.0.10-win32-x86_64\bin\java.dll
0x00007ffbf80d0000 - 0x00007ffbf89ea000 	C:\Windows\SYSTEM32\windows.storage.dll
0x00007ffbfb2d0000 - 0x00007ffbfb3d4000 	C:\Windows\System32\SHCORE.dll
0x00007ffbfa1b0000 - 0x00007ffbfa1d5000 	C:\Windows\SYSTEM32\profapi.dll
0x00007ffb93d80000 - 0x00007ffb93d98000 	C:\Users\THACH VAN BACH\.vscode\extensions\redhat.java-1.54.0-win32-x64\jre\21.0.10-win32-x86_64\bin\zip.dll
0x00007ffbbe960000 - 0x00007ffbbe970000 	C:\Users\THACH VAN BACH\.vscode\extensions\redhat.java-1.54.0-win32-x64\jre\21.0.10-win32-x86_64\bin\net.dll
0x00007ffbf5a10000 - 0x00007ffbf5b3c000 	C:\Windows\SYSTEM32\WINHTTP.dll
0x00007ffbf97c0000 - 0x00007ffbf9829000 	C:\Windows\system32\mswsock.dll
0x00007ffb93d60000 - 0x00007ffb93d76000 	C:\Users\THACH VAN BACH\.vscode\extensions\redhat.java-1.54.0-win32-x64\jre\21.0.10-win32-x86_64\bin\nio.dll
0x00007ffbbc3e0000 - 0x00007ffbbc3ea000 	C:\Users\THACH VAN BACH\.vscode\extensions\redhat.java-1.54.0-win32-x64\jre\21.0.10-win32-x86_64\bin\management.dll
0x00007ffbb23d0000 - 0x00007ffbb23dc000 	C:\Users\THACH VAN BACH\.vscode\extensions\redhat.java-1.54.0-win32-x64\jre\21.0.10-win32-x86_64\bin\management_ext.dll
0x00007ffbfb600000 - 0x00007ffbfb608000 	C:\Windows\System32\PSAPI.DLL
0x00007ffbcdb90000 - 0x00007ffbcdba7000 	C:\Windows\system32\napinsp.dll
0x00007ffbcd240000 - 0x00007ffbcd25b000 	C:\Windows\system32\pnrpnsp.dll
0x00007ffbf8d30000 - 0x00007ffbf8e28000 	C:\Windows\SYSTEM32\DNSAPI.dll
0x00007ffbf8d00000 - 0x00007ffbf8d2d000 	C:\Windows\SYSTEM32\IPHLPAPI.DLL
0x00007ffbfae20000 - 0x00007ffbfae29000 	C:\Windows\System32\NSI.dll
0x00007ffbcd220000 - 0x00007ffbcd231000 	C:\Windows\System32\winrnr.dll
0x00007ffbf0400000 - 0x00007ffbf0415000 	C:\Windows\system32\wshbth.dll
0x00007ffbcd020000 - 0x00007ffbcd041000 	C:\Windows\system32\nlansp_c.dll
0x00000000666c0000 - 0x00000000666e6000 	C:\Program Files\Bonjour\mdnsNSP.dll
0x00007ffbf03f0000 - 0x00007ffbf03fa000 	C:\Windows\System32\rasadhlp.dll
0x00007ffbefc30000 - 0x00007ffbefcb4000 	C:\Windows\System32\fwpuclnt.dll
0x00007ffbf9a10000 - 0x00007ffbf9a2b000 	C:\Windows\SYSTEM32\CRYPTSP.dll
0x00007ffbf9210000 - 0x00007ffbf9247000 	C:\Windows\system32\rsaenh.dll
0x00007ffbf98b0000 - 0x00007ffbf98d8000 	C:\Windows\SYSTEM32\USERENV.dll
0x00007ffbf9a30000 - 0x00007ffbf9a3c000 	C:\Windows\SYSTEM32\CRYPTBASE.dll
0x00007ffbb23c0000 - 0x00007ffbb23c9000 	C:\Users\THACH VAN BACH\.vscode\extensions\redhat.java-1.54.0-win32-x64\jre\21.0.10-win32-x86_64\bin\extnet.dll
0x00007ffbbdbb0000 - 0x00007ffbbdbc0000 	C:\Users\THACH VAN BACH\.vscode\extensions\redhat.java-1.54.0-win32-x64\jre\21.0.10-win32-x86_64\bin\verify.dll
0x00007ffbc2930000 - 0x00007ffbc293e000 	C:\Users\THACH VAN BACH\.vscode\extensions\redhat.java-1.54.0-win32-x64\jre\21.0.10-win32-x86_64\bin\sunmscapi.dll
0x00007ffbfa280000 - 0x00007ffbfa3e8000 	C:\Windows\System32\CRYPT32.dll
0x00007ffbf9bd0000 - 0x00007ffbf9bfe000 	C:\Windows\SYSTEM32\ncrypt.dll
0x00007ffbf9b90000 - 0x00007ffbf9bc7000 	C:\Windows\SYSTEM32\NTASN1.dll
0x00007ffbf1f60000 - 0x00007ffbf1f68000 	C:\Windows\system32\wshunix.dll

JVMTI agents: none

dbghelp: loaded successfully - version: 4.0.5 - missing functions: none
symbol engine: initialized successfully - sym options: 0x614 - pdb path: .;C:\Users\THACH VAN BACH\.vscode\extensions\redhat.java-1.54.0-win32-x64\jre\21.0.10-win32-x86_64\bin;C:\Windows\SYSTEM32;C:\Windows\WinSxS\amd64_microsoft.windows.common-controls_6595b64144ccf1df_6.0.22621.6060_none_2712eda17382d24b;C:\Program Files (x86)\360\Total Security\safemon;C:\Users\THACH VAN BACH\.vscode\extensions\redhat.java-1.54.0-win32-x64\jre\21.0.10-win32-x86_64\bin\server;C:\Program Files\Bonjour

VM Arguments:
jvm_args: -Dcom.sun.management.jmxremote -Dcom.sun.management.jmxremote.port=53447 -Dcom.sun.management.jmxremote.authenticate=false -Dcom.sun.management.jmxremote.ssl=false -Dspring.jmx.enabled=true -Djava.rmi.server.hostname=localhost -Dspring.application.admin.enabled=true -Dspring.boot.project.name=BE_DUANTOTNGHIEP_BANVEXEMPHIM -XX:+ShowCodeDetailsInExceptionMessages 
java_command: com.fpoly.duan.BeDuantotnghiepBanvexemphimApplication
java_class_path (initial): D:\FPT\DATN\DATN\BE_DUANTOTNGHIEP_BANVEXEMPHIM\target\classes;C:\Users\THACH VAN BACH\.m2\repository\org\springframework\boot\spring-boot-starter-web\3.5.11\spring-boot-starter-web-3.5.11.jar;C:\Users\THACH VAN BACH\.m2\repository\org\springframework\boot\spring-boot-starter\3.5.11\spring-boot-starter-3.5.11.jar;C:\Users\THACH VAN BACH\.m2\repository\org\springframework\boot\spring-boot-starter-logging\3.5.11\spring-boot-starter-logging-3.5.11.jar;C:\Users\THACH VAN BACH\.m2\repository\ch\qos\logback\logback-classic\1.5.32\logback-classic-1.5.32.jar;C:\Users\THACH VAN BACH\.m2\repository\ch\qos\logback\logback-core\1.5.32\logback-core-1.5.32.jar;C:\Users\THACH VAN BACH\.m2\repository\org\apache\logging\log4j\log4j-to-slf4j\2.24.3\log4j-to-slf4j-2.24.3.jar;C:\Users\THACH VAN BACH\.m2\repository\org\apache\logging\log4j\log4j-api\2.24.3\log4j-api-2.24.3.jar;C:\Users\THACH VAN BACH\.m2\repository\org\slf4j\jul-to-slf4j\2.0.17\jul-to-slf4j-2.0.17.jar;C:\Users\THACH VAN BACH\.m2\repository\org\yaml\snakeyaml\2.4\snakeyaml-2.4.jar;C:\Users\THACH VAN BACH\.m2\repository\org\springframework\boot\spring-boot-starter-json\3.5.11\spring-boot-starter-json-3.5.11.jar;C:\Users\THACH VAN BACH\.m2\repository\com\fasterxml\jackson\datatype\jackson-datatype-jdk8\2.19.4\jackson-datatype-jdk8-2.19.4.jar;C:\Users\THACH VAN BACH\.m2\repository\com\fasterxml\jackson\datatype\jackson-datatype-jsr310\2.19.4\jackson-datatype-jsr310-2.19.4.jar;C:\Users\THACH VAN BACH\.m2\repository\com\fasterxml\jackson\module\jackson-module-parameter-names\2.19.4\jackson-module-parameter-names-2.19.4.jar;C:\Users\THACH VAN BACH\.m2\repository\org\springframework\spring-web\6.2.16\spring-web-6.2.16.jar;C:\Users\THACH VAN BACH\.m2\repository\org\springframework\spring-beans\6.2.16\spring-beans-6.2.16.jar;C:\Users\THACH VAN BACH\.m2\repository\io\micrometer\micrometer-observation\1.15.9\micrometer-observation-1.15.9.jar;C:\Users\THACH VAN BACH\.m2\repository\io\micrometer\micrometer-commons\1.15.9\micrometer-commons-1.15.9.jar;C:\Users\THACH VAN BACH\.m2\repository\org\springframework\spring-webmvc\6.2.16\spring-webmvc-6.2.16.jar;C:\Users\THACH VAN BACH\.m2\repository\org\springframework\spring-context\6.2.16\spring-context-6.2.16.jar;C:\Users\THACH VAN BACH\.m2\repository\org\springframework\spring-expression\6.2.16\spring-expression-6.2.16.jar;C:\Users\THACH VAN BACH\.m2\repository\org\springframework\boot\spring-boot-starter-tomcat\3.5.11\spring-boot-starter-tomcat-3.5.11.jar;C:\Users\THACH VAN BACH\.m2\repository\jakarta\annotation\jakarta.annotation-api\2.1.1\jakarta.annotation-api-2.1.1.jar;C:\Users\THACH VAN BACH\.m2\repository\org\apache\tomcat\embed\tomcat-embed-core\10.1.52\tomcat-embed-core-10.1.52.jar;C:\Users\THACH VAN BACH\.m2\repository\org\apache\tomcat\embed\tomcat-embed-el\10.1.52\tomcat-embed-el-10.1.52.jar;C:\Users\THACH VAN BACH\.m2\repository\org\apache\tomcat\embed\tomcat-embed-websocket\10.1.52\tomcat-embed-websocket-10.1.52.jar;C:\Users\THACH VAN BACH\.m2\repository\org\springframework\boot\spring-boot-starter-data-jpa\3.5.11\spring-boot-starter-data-jpa-3.5.11.jar;C:\Users\THACH VAN BACH\.m2\repository\org\springframework\boot\spring-boot-starter-jdbc\3.5.11\spring-boot-starter-jdbc-3.5.11.jar;C:\Users\THACH VAN BACH\.m2\repository\com\zaxxer\HikariCP\6.3.3\HikariCP-6.3.3.jar;C:\Users\THACH VAN BACH\.m2\repository\org\springframework\spring-jdbc\6.2.16\spring-jdbc-6.2.16.jar;C:\Users\THACH VAN BACH\.m2\repository\org\hibernate\orm\hibernate-core\6.6.42.Final\hibernate-core-6.6.42.Final.jar;C:\Users\THACH VAN BACH\.m2\repository\jakarta\persistence\jakarta.persistence-api\3.1.0\jakarta.persistence-api-3.1.0.jar;C:\Users\THACH VAN BACH\.m2\repository\jakarta\transaction\jakarta.transaction-api\2.0.1\jakarta.transaction-api-2.0.1.jar;C:\Users\THACH VAN BACH\.m2\repository\org\jboss\logging\jboss-logging\3.6.2.Final\jboss-logging-3.6.2.Final.jar;C:\Users\THACH VAN BACH\.m2\repository\org\hibernate\common\hibernate-commons-annotations\7.0.3.Final\hibernate-commons-annotations-7.0.3.Final.jar;C:\Users\THACH VAN BACH\.m2\repository\io\smallrye\jandex\3.2.0\jandex-3.2.0.jar;C:\Users\THACH VAN BACH\.m2\repository\com\fasterxml\classmate\1.7.3\classmate-1.7.3.jar;C:\Users\THACH VAN BACH\.m2\repository\net\bytebuddy\byte-buddy\1.17.8\byte-buddy-1.17.8.jar;C:\Users\THACH VAN BACH\.m2\repository\org\glassfish\jaxb\jaxb-runtime\4.0.6\jaxb-runtime-4.0.6.jar;C:\Users\THACH VAN BACH\.m2\repository\org\glassfish\jaxb\jaxb-core\4.0.6\jaxb-core-4.0.6.jar;C:\Users\THACH VAN BACH\.m2\repository\org\glassfish\jaxb\txw2\4.0.6\txw2-4.0.6.jar;C:\Users\THACH VAN BACH\.m2\repository\com\sun\istack\istack-commons-runtime\4.1.2\istack-commons-runtime-4.1.2.jar;C:\Users\THACH VAN BACH\.m2\repository\jakarta\inject\jakarta.inject-api\2.0.1\jakarta.inject-api-2.0.1.jar;C:\Users\THACH VAN BACH\.m2\repository\org\antlr\antlr4-runtime\4.13.0\antlr4-runtime-4.13.0.jar;C:\Users\THACH VAN BACH\.m2\repository\org\springframework\data\spring-data-jpa\3.5.9\spring-data-jpa-3.5.9.jar;C:\Users\THACH VAN BACH\.m2\repository\org\springframework\data\spring-data-commons\3.5.9\spring-data-commons-3.5.9.jar;C:\Users\THACH VAN BACH\.m2\repository\org\springframework\spring-orm\6.2.16\spring-orm-6.2.16.jar;C:\Users\THACH VAN BACH\.m2\repository\org\springframework\spring-tx\6.2.16\spring-tx-6.2.16.jar;C:\Users\THACH VAN BACH\.m2\repository\org\springframework\spring-aspects\6.2.16\spring-aspects-6.2.16.jar;C:\Users\THACH VAN BACH\.m2\repository\org\springframework\boot\spring-boot-starter-validation\3.5.11\spring-boot-starter-validation-3.5.11.jar;C:\Users\THACH VAN BACH\.m2\repository\org\hibernate\validator\hibernate-validator\8.0.3.Final\hibernate-validator-8.0.3.Final.jar;C:\Users\THACH VAN BACH\.m2\repository\jakarta\validation\jakarta.validation-api\3.0.2\jakarta.validation-api-3.0.2.jar;C:\Users\THACH VAN BACH\.m2\repository\org\springframework\boot\spring-boot-starter-security\3.5.11\spring-boot-starter-security-3.5.11.jar;C:\Users\THACH VAN BACH\.m2\repository\org\springframework\spring-aop\6.2.16\spring-aop-6.2.16.jar;C:\Users\THACH VAN BACH\.m2\repository\org\springframework\security\spring-security-config\6.5.8\spring-security-config-6.5.8.jar;C:\Users\THACH VAN BACH\.m2\repository\org\springframework\security\spring-security-core\6.5.8\spring-security-core-6.5.8.jar;C:\Users\THACH VAN BACH\.m2\repository\org\springframework\security\spring-security-crypto\6.5.8\spring-security-crypto-6.5.8.jar;C:\Users\THACH VAN BACH\.m2\repository\org\springframework\security\spring-security-web\6.5.8\spring-security-web-6.5.8.jar;C:\Users\THACH VAN BACH\.m2\repository\org\springframework\boot\spring-boot-starter-aop\3.5.11\spring-boot-starter-aop-3.5.11.jar;C:\Users\THACH VAN BACH\.m2\repository\org\aspectj\aspectjweaver\1.9.25.1\aspectjweaver-1.9.25.1.jar;C:\Users\THACH VAN BACH\.m2\repository\org\springframework\boot\spring-boot-devtools\3.5.11\spring-boot-devtools-3.5.11.jar;C:\Users\THACH VAN BACH\.m2\repository\org\springframework\boot\spring-boot\3.5.11\spring-boot-3.5.11.jar;C:\Users\THACH VAN BACH\.m2\repository\org\springframework\boot\spring-boot-autoconfigure\3.5.11\spring-boot-autoconfigure-3.5.11.jar;C:\Users\THACH VAN BACH\.m2\repository\com\microsoft\sqlserver\mssql-jdbc\12.10.2.jre11\mssql-jdbc-12.10.2.jre11.jar;C:\Users\THACH VAN BACH\.m2\repository\com\mysql\mysql-connector-j\9.6.0\mysql-connector-j-9.6.0.jar;C:\Users\THACH VAN BACH\.m2\repository\org\projectlombok\lombok\1.18.42\lombok-1.18.42.jar;C:\Users\THACH VAN BACH\.m2\repository\io\jsonwebtoken\jjwt-api\0.11.5\jjwt-api-0.11.5.jar;C:\Users\THACH VAN BACH\.m2\repository\io\jsonwebtoken\jjwt-impl\0.11.5\jjwt-impl-0.11.5.jar;C:\Users\THACH VAN BACH\.m2\repository\io\jsonwebtoken\jjwt-jackson\0.11.5\jjwt-jackson-0.11.5.jar;C:\Users\THACH VAN BACH\.m2\repository\com\fasterxml\jackson\core\jackson-databind\2.19.4\jackson-databind-2.19.4.jar;C:\Users\THACH VAN BACH\.m2\repository\com\fasterxml\jackson\core\jackson-annotations\2.19.4\jackson-annotations-2.19.4.jar;C:\Users\THACH VAN BACH\.m2\repository\com\fasterxml\jackson\core\jackson-core\2.19.4\jackson-core-2.19.4.jar;C:\Users\THACH VAN BACH\.m2\repository\com\cloudinary\cloudinary-http44\1.33.0\cloudinary-http44-1.33.0.jar;C:\Users\THACH VAN BACH\.m2\repository\com\cloudinary\cloudinary-core\1.33.0\cloudinary-core-1.33.0.jar;C:\Users\THACH VAN BACH\.m2\repository\org\apache\commons\commons-lang3\3.17.0\commons-lang3-3.17.0.jar;C:\Users\THACH VAN BACH\.m2\repository\org\apache\httpcomponents\httpclient\4.4\httpclient-4.4.jar;C:\Users\THACH VAN BACH\.m2\repository\org\apache\httpcomponents\httpcore\4.4.16\httpcore-4.4.16.jar;C:\Users\THACH VAN BACH\.m2\repository\commons-logging\commons-logging\1.2\commons-logging-1.2.jar;C:\Users\THACH VAN BACH\.m2\repository\commons-codec\commons-codec\1.18.0\commons-codec-1.18.0.jar;C:\Users\THACH VAN BACH\.m2\repository\org\apache\httpcomponents\httpmime\4.4\httpmime-4.4.jar;C:\Users\THACH VAN BACH\.m2\repository\com\squareup\okhttp3\okhttp\4.12.0\okhttp-4.12.0.jar;C:\Users\THACH VAN BACH\.m2\repository\com\squareup\okio\okio\3.6.0\okio-3.6.0.jar;C:\Users\THACH VAN BACH\.m2\repository\com\squareup\okio\okio-jvm\3.6.0\okio-jvm-3.6.0.jar;C:\Users\THACH VAN BACH\.m2\repository\org\jetbrains\kotlin\kotlin-stdlib-common\1.9.25\kotlin-stdlib-common-1.9.25.jar;C:\Users\THACH VAN BACH\.m2\repository\org\jetbrains\kotlin\kotlin-stdlib-jdk8\1.9.25\kotlin-stdlib-jdk8-1.9.25.jar;C:\Users\THACH VAN BACH\.m2\repository\org\jetbrains\kotlin\kotlin-stdlib\1.9.25\kotlin-stdlib-1.9.25.jar;C:\Users\THACH VAN BACH\.m2\repository\org\jetbrains\annotations\13.0\annotations-13.0.jar;C:\Users\THACH VAN BACH\.m2\repository\org\jetbrains\kotlin\kotlin-stdlib-jdk7\1.9.25\kotlin-stdlib-jdk7-1.9.25.jar;C:\Users\THACH VAN BACH\.m2\repository\org\json\json\20231013\json-20231013.jar;C:\Users\THACH VAN BACH\.m2\repository\org\springframework\boot\spring-boot-starter-mail\3.5.11\spring-boot-starter-mail-3.5.11.jar;C:\Users\THACH VAN BACH\.m2\repository\org\springframework\spring-context-support\6.2.16\spring-context-support-6.2.16.jar;C:\Users\THACH VAN BACH\.m2\repository\org\eclipse\angus\jakarta.mail\2.0.5\jakarta.mail-2.0.5.jar;C:\Users\THACH VAN BACH\.m2\repository\jakarta\activation\jakarta.activation-api\2.1.4\jakarta.activation-api-2.1.4.jar;C:\Users\THACH VAN BACH\.m2\repository\org\eclipse\angus\angus-activation\2.0.3\angus-activation-2.0.3.jar;C:\Users\THACH VAN BACH\.m2\repository\org\springframework\boot\spring-boot-starter-thymeleaf\3.5.11\spring-boot-starter-thymeleaf-3.5.11.jar;C:\Users\THACH VAN BACH\.m2\repository\org\thymeleaf\thymeleaf-spring6\3.1.3.RELEASE\thymeleaf-spring6-3.1.3.RELEASE.jar;C:\Users\THACH VAN BACH\.m2\repository\nz\net\ultraq\thymeleaf\thymeleaf-layout-dialect\3.4.0\thymeleaf-layout-dialect-3.4.0.jar;C:\Users\THACH VAN BACH\.m2\repository\org\apache\groovy\groovy\4.0.30\groovy-4.0.30.jar;C:\Users\THACH VAN BACH\.m2\repository\nz\net\ultraq\groovy\groovy-extensions\2.3.3\groovy-extensions-2.3.3.jar;C:\Users\THACH VAN BACH\.m2\repository\nz\net\ultraq\thymeleaf\thymeleaf-expression-processor\3.2.0\thymeleaf-expression-processor-3.2.0.jar;C:\Users\THACH VAN BACH\.m2\repository\org\thymeleaf\thymeleaf\3.1.3.RELEASE\thymeleaf-3.1.3.RELEASE.jar;C:\Users\THACH VAN BACH\.m2\repository\ognl\ognl\3.3.4\ognl-3.3.4.jar;C:\Users\THACH VAN BACH\.m2\repository\org\javassist\javassist\3.29.0-GA\javassist-3.29.0-GA.jar;C:\Users\THACH VAN BACH\.m2\repository\org\attoparser\attoparser\2.0.7.RELEASE\attoparser-2.0.7.RELEASE.jar;C:\Users\THACH VAN BACH\.m2\repository\org\unbescape\unbescape\1.1.6.RELEASE\unbescape-1.1.6.RELEASE.jar;C:\Users\THACH VAN BACH\.m2\repository\org\slf4j\slf4j-api\2.0.17\slf4j-api-2.0.17.jar;C:\Users\THACH VAN BACH\.m2\repository\org\springdoc\springdoc-openapi-starter-webmvc-ui\2.8.5\springdoc-openapi-starter-webmvc-ui-2.8.5.jar;C:\Users\THACH VAN BACH\.m2\repository\org\springdoc\springdoc-openapi-starter-webmvc-api\2.8.5\springdoc-openapi-starter-webmvc-api-2.8.5.jar;C:\Users\THACH VAN BACH\.m2\repository\org\springdoc\springdoc-openapi-starter-common\2.8.5\springdoc-openapi-starter-common-2.8.5.jar;C:\Users\THACH VAN BACH\.m2\repository\io\swagger\core\v3\swagger-core-jakarta\2.2.28\swagger-core-jakarta-2.2.28.jar;C:\Users\THACH VAN BACH\.m2\repository\io\swagger\core\v3\swagger-annotations-jakarta\2.2.28\swagger-annotations-jakarta-2.2.28.jar;C:\Users\THACH VAN BACH\.m2\repository\io\swagger\core\v3\swagger-models-jakarta\2.2.28\swagger-models-jakarta-2.2.28.jar;C:\Users\THACH VAN BACH\.m2\repository\com\fasterxml\jackson\dataformat\jackson-dataformat-yaml\2.19.4\jackson-dataformat-yaml-2.19.4.jar;C:\Users\THACH VAN BACH\.m2\repository\org\webjars\swagger-ui\5.18.3\swagger-ui-5.18.3.jar;C:\Users\THACH VAN BACH\.m2\repository\org\webjars\webjars-locator-lite\1.1.3\webjars-locator-lite-1.1.3.jar;C:\Users\THACH VAN BACH\.m2\repository\org\jspecify\jspecify\1.0.0\jspecify-1.0.0.jar;C:\Users\THACH VAN BACH\.m2\repository\jakarta\xml\bind\jakarta.xml.bind-api\4.0.4\jakarta.xml.bind-api-4.0.4.jar;C:\Users\THACH VAN BACH\.m2\repository\org\springframework\spring-core\6.2.16\spring-core-6.2.16.jar;C:\Users\THACH VAN BACH\.m2\repository\org\springframework\spring-jcl\6.2.16\spring-jcl-6.2.16.jar
Launcher Type: SUN_STANDARD

[Global flags]
     intx CICompilerCount                          = 4                                         {product} {ergonomic}
     uint ConcGCThreads                            = 3                                         {product} {ergonomic}
     uint G1ConcRefinementThreads                  = 10                                        {product} {ergonomic}
   size_t G1HeapRegionSize                         = 2097152                                   {product} {ergonomic}
    uintx GCDrainStackTargetSize                   = 64                                        {product} {ergonomic}
   size_t InitialHeapSize                          = 264241152                                 {product} {ergonomic}
     bool ManagementServer                         = true                                      {product} {command line}
   size_t MarkStackSize                            = 4194304                                   {product} {ergonomic}
   size_t MaxHeapSize                              = 4219469824                                {product} {ergonomic}
   size_t MaxNewSize                               = 2531262464                                {product} {ergonomic}
   size_t MinHeapDeltaBytes                        = 2097152                                   {product} {ergonomic}
   size_t MinHeapSize                              = 8388608                                   {product} {ergonomic}
    uintx NonNMethodCodeHeapSize                   = 5839372                                {pd product} {ergonomic}
    uintx NonProfiledCodeHeapSize                  = 122909434                              {pd product} {ergonomic}
    uintx ProfiledCodeHeapSize                     = 122909434                              {pd product} {ergonomic}
    uintx ReservedCodeCacheSize                    = 251658240                              {pd product} {ergonomic}
     bool SegmentedCodeCache                       = true                                      {product} {ergonomic}
     bool ShowCodeDetailsInExceptionMessages       = true                                   {manageable} {command line}
   size_t SoftMaxHeapSize                          = 4219469824                             {manageable} {ergonomic}
     bool UseCompressedOops                        = true                           {product lp64_product} {ergonomic}
     bool UseG1GC                                  = true                                      {product} {ergonomic}
     bool UseLargePagesIndividualAllocation        = false                                  {pd product} {ergonomic}

Logging:
Log output configuration:
 #0: stdout all=warning uptime,level,tags foldmultilines=false
 #1: stderr all=off uptime,level,tags foldmultilines=false

Release file:
JAVA_VERSION="21.0.10" 
MODULES="java.base java.compiler java.datatransfer java.xml java.prefs java.desktop java.instrument java.logging java.management java.security.sasl java.naming java.rmi java.management.rmi java.net.http java.scripting java.security.jgss java.transaction.xa java.sql java.sql.rowset java.xml.crypto java.se java.smartcardio jdk.accessibility jdk.internal.jvmstat jdk.attach jdk.charsets jdk.internal.opt jdk.zipfs jdk.compiler jdk.crypto.ec jdk.crypto.cryptoki jdk.crypto.mscapi jdk.dynalink jdk.internal.ed jdk.editpad jdk.hotspot.agent jdk.httpserver jdk.internal.le jdk.internal.vm.ci jdk.internal.vm.compiler jdk.internal.vm.compiler.management jdk.jartool jdk.javadoc jdk.jcmd jdk.management jdk.management.agent jdk.jconsole jdk.jdeps jdk.jdwp.agent jdk.jdi jdk.jfr jdk.jshell jdk.jsobject jdk.jstatd jdk.localedata jdk.management.jfr jdk.naming.dns jdk.naming.rmi jdk.net jdk.nio.mapmode jdk.random jdk.sctp jdk.security.auth jdk.security.jgss jdk.unsupported jdk.unsupported.desktop jdk.xml.dom" 

Environment Variables:
PATH=C:\Users\THACH VAN BACH\AppData\Local\Programs\Microsoft VS Code;C:\Program Files\Common Files\Oracle\Java\javapath;C:\Program Files (x86)\Common Files\Oracle\Java\javapath;C:\Windows\system32;C:\Windows;C:\Windows\System32\Wbem;C:\Windows\System32\WindowsPowerShell\v1.0\;C:\Windows\System32\OpenSSH\;C:\Program Files (x86)\NVIDIA Corporation\PhysX\Common;C:\Program Files (x86)\Microsoft SQL Server\160\Tools\Binn\;C:\Program Files\Microsoft SQL Server\160\Tools\Binn\;C:\Program Files\Microsoft SQL Server\Client SDK\ODBC\170\Tools\Binn\;C:\Program Files\Microsoft SQL Server\160\DTS\Binn\;C:\Program Files (x86)\Microsoft SQL Server\160\DTS\Binn\;C:\Program Files\dotnet\;D:\Git\cmd;C:\Program Files\NVIDIA Corporation\NVIDIA App\NvDLISR;C:\Program Files\Cloudflare\Cloudflare WARP\;D:\note\;C:\Users\THACH VAN BACH\AppData\Local\Microsoft\WindowsApps;F:\Azure Data Studio\bin;C:\Users\THACH VAN BACH\AppData\Local\GitHubDesktop\bin;C:\Users\THACH VAN BACH\AppData\Local\Programs\Microsoft VS Code\bin;C:\Users\THACH VAN BACH\AppData\Roaming\npm;C:\Users\THACH VAN BACH\AppData\Local\Python\bin;E:\cursor\cursor\resources\app\bin;c:\Users\THACH VAN BACH\.vscode\extensions\vscjava.vscode-java-debug-0.59.0\bundled\scripts\noConfigScripts
USERNAME=THACH VAN BACH
LANG=en_US.UTF-8
OS=Windows_NT
PROCESSOR_IDENTIFIER=Intel64 Family 6 Model 154 Stepping 3, GenuineIntel
TMP=C:\Users\THACHV~1\AppData\Local\Temp
TEMP=C:\Users\THACHV~1\AppData\Local\Temp




Periodic native trim disabled

---------------  S Y S T E M  ---------------

OS:
 Windows 11 , 64 bit Build 22621 (10.0.22621.5415)
OS uptime: 0 days 1:08 hours
Hyper-V role detected

CPU: total 12 (initial active 12) (6 cores per cpu, 2 threads per core) family 6 model 154 stepping 3 microcode 0x42a, cx8, cmov, fxsr, ht, mmx, 3dnowpref, sse, sse2, sse3, ssse3, sse4.1, sse4.2, popcnt, lzcnt, tsc, tscinvbit, avx, avx2, aes, erms, clmul, bmi1, bmi2, adx, sha, fma, vzeroupper, clflush, clflushopt, clwb, hv, serialize, rdtscp, rdpid, fsrm, f16c, cet_ibt, cet_ss
Processor Information for processor 0
  Max Mhz: 2000, Current Mhz: 2000, Mhz Limit: 2000
Processor Information for processor 1
  Max Mhz: 2000, Current Mhz: 2000, Mhz Limit: 2000
Processor Information for processor 2
  Max Mhz: 2000, Current Mhz: 2000, Mhz Limit: 2000
Processor Information for processor 3
  Max Mhz: 2000, Current Mhz: 2000, Mhz Limit: 2000
Processor Information for processor 4
  Max Mhz: 2000, Current Mhz: 2000, Mhz Limit: 2000
Processor Information for processor 5
  Max Mhz: 2000, Current Mhz: 2000, Mhz Limit: 2000
Processor Information for processor 6
  Max Mhz: 2000, Current Mhz: 2000, Mhz Limit: 2000
Processor Information for processor 7
  Max Mhz: 2000, Current Mhz: 2000, Mhz Limit: 2000
Processor Information for processor 8
  Max Mhz: 2000, Current Mhz: 1500, Mhz Limit: 1500
Processor Information for processor 9
  Max Mhz: 2000, Current Mhz: 1500, Mhz Limit: 1500
Processor Information for processor 10
  Max Mhz: 2000, Current Mhz: 1500, Mhz Limit: 1500
Processor Information for processor 11
  Max Mhz: 2000, Current Mhz: 1500, Mhz Limit: 1500

Memory: 4k page, system-wide physical 16088M (2241M free)
TotalPageFile size 21310M (AvailPageFile size 0M)
current process WorkingSet (physical memory assigned to process): 542M, peak: 893M
current process commit charge ("private bytes"): 594M, peak: 943M

vm_info: OpenJDK 64-Bit Server VM (21.0.10+7-LTS) for windows-amd64 JRE (21.0.10+7-LTS), built on 2026-01-20T00:00:00Z by "admin" with MS VC++ 17.12 (VS2022)

END.
