#
# There is insufficient memory for the Java Runtime Environment to continue.
# Native memory allocation (mmap) failed to map 2097152 bytes. Error detail: G1 virtual space
# Possible reasons:
#   The system is out of physical RAM or swap space
#   This process is running with CompressedOops enabled, and the Java Heap may be blocking the growth of the native heap
# Possible solutions:
#   Reduce memory load on the system
#   Increase physical memory or swap space
#   Check if swap backing store is full
#   Decrease Java heap size (-Xmx/-Xms)
#   Decrease number of Java threads
#   Decrease Java thread stack sizes (-Xss)
#   Set larger code cache with -XX:ReservedCodeCacheSize=
#   JVM is running with Zero Based Compressed Oops mode in which the Java heap is
#     placed in the first 32GB address space. The Java Heap base address is the
#     maximum limit for the native heap growth. Please use -XX:HeapBaseMinAddress
#     to set the Java Heap base and to place the Java Heap above 32GB virtual address.
# This output file may be truncated or incomplete.
#
#  Out of Memory Error (os_windows.cpp:3714), pid=22016, tid=11956
#
# JRE version: OpenJDK Runtime Environment Temurin-21.0.10+7 (21.0.10+7) (build 21.0.10+7-LTS)
# Java VM: OpenJDK 64-Bit Server VM Temurin-21.0.10+7 (21.0.10+7-LTS, mixed mode, sharing, tiered, compressed oops, compressed class ptrs, g1 gc, windows-amd64)
# No core dump will be written. Minidumps are not enabled by default on client versions of Windows
#

---------------  S U M M A R Y ------------

Command Line: -Dcom.sun.management.jmxremote -Dcom.sun.management.jmxremote.port=54405 -Dcom.sun.management.jmxremote.authenticate=false -Dcom.sun.management.jmxremote.ssl=false -Dspring.jmx.enabled=true -Djava.rmi.server.hostname=localhost -Dspring.application.admin.enabled=true -Dspring.boot.project.name=BE_DUANTOTNGHIEP_BANVEXEMPHIM -XX:+ShowCodeDetailsInExceptionMessages com.fpoly.duan.BeDuantotnghiepBanvexemphimApplication

Host: 12th Gen Intel(R) Core(TM) i5-12450H, 12 cores, 15G,  Windows 11 , 64 bit Build 22621 (10.0.22621.5415)
Time: Sun Apr 19 22:16:14 2026 SE Asia Standard Time elapsed time: 100.394690 seconds (0d 0h 1m 40s)

---------------  T H R E A D  ---------------

Current thread (0x0000027071c7a8e0):  WorkerThread "GC Thread#0"    [id=11956, stack(0x000000d163700000,0x000000d163800000) (1024K)]

Stack: [0x000000d163700000,0x000000d163800000]
Native frames: (J=compiled Java code, j=interpreted, Vv=VM code, C=native code)
V  [jvm.dll+0x6d7a39]
V  [jvm.dll+0x8b4b26]
V  [jvm.dll+0x8b70de]
V  [jvm.dll+0x8b77c3]
V  [jvm.dll+0x284346]
V  [jvm.dll+0x6d4355]
V  [jvm.dll+0x6c808a]
V  [jvm.dll+0x35edb8]
V  [jvm.dll+0x3669f6]
V  [jvm.dll+0x3b77ff]
V  [jvm.dll+0x3b7e94]
V  [jvm.dll+0x3b7f5f]
V  [jvm.dll+0x33454c]
V  [jvm.dll+0x3342a5]
V  [jvm.dll+0x322eb6]
V  [jvm.dll+0x323cca]
V  [jvm.dll+0x3240b2]
V  [jvm.dll+0x323b2d]
V  [jvm.dll+0x360bf6]
V  [jvm.dll+0x360f6a]
V  [jvm.dll+0x362053]
V  [jvm.dll+0x361ccb]
V  [jvm.dll+0x375e09]
V  [jvm.dll+0x3764ba]
V  [jvm.dll+0x3765a7]
V  [jvm.dll+0x37745b]
V  [jvm.dll+0x8e2b41]
V  [jvm.dll+0x85f59d]
V  [jvm.dll+0x6d626d]
C  [ucrtbase.dll+0x29333]
C  [KERNEL32.DLL+0x1259d]
C  [ntdll.dll+0x5af78]


---------------  P R O C E S S  ---------------

Threads class SMR info:
_java_thread_list=0x0000027056e28970, length=37, elements={
0x000002707c490f90, 0x000002707c491cb0, 0x000002707c4988d0, 0x000002707c499590,
0x000002707c49a250, 0x000002707c49b010, 0x000002707c49c540, 0x000002707c4bf130,
0x000002707d07d180, 0x000002707d099be0, 0x000002707dac16e0, 0x000002707d775ff0,
0x000002707d8abfc0, 0x000002707f1eb5a0, 0x000002707f1ec950, 0x000002707f1e9b60,
0x000002707e82dc20, 0x000002707e829a80, 0x000002707e82c1e0, 0x000002707e82a110,
0x000002707e82cf00, 0x000002707e82a7a0, 0x000002707d9fda60, 0x000002707d9f8ba0,
0x000002707d9fac70, 0x000002707d9fd3d0, 0x000002707d9fc020, 0x000002707d9fe0f0,
0x000002707d9fe780, 0x000002707d9fb300, 0x0000027058136310, 0x00000270581348d0,
0x0000027058134240, 0x0000027058134f60, 0x00000270581355f0, 0x0000027058137030,
0x0000027057e9d070
}

Java Threads: ( => current thread )
  0x000002707c490f90 JavaThread "Reference Handler"          daemon [_thread_blocked, id=24008, stack(0x000000d163e00000,0x000000d163f00000) (1024K)]
  0x000002707c491cb0 JavaThread "Finalizer"                  daemon [_thread_blocked, id=14608, stack(0x000000d163f00000,0x000000d164000000) (1024K)]
  0x000002707c4988d0 JavaThread "Signal Dispatcher"          daemon [_thread_blocked, id=15464, stack(0x000000d164000000,0x000000d164100000) (1024K)]
  0x000002707c499590 JavaThread "Attach Listener"            daemon [_thread_blocked, id=15592, stack(0x000000d164100000,0x000000d164200000) (1024K)]
  0x000002707c49a250 JavaThread "Service Thread"             daemon [_thread_blocked, id=19476, stack(0x000000d164200000,0x000000d164300000) (1024K)]
  0x000002707c49b010 JavaThread "Monitor Deflation Thread"   daemon [_thread_blocked, id=6724, stack(0x000000d164300000,0x000000d164400000) (1024K)]
  0x000002707c49c540 JavaThread "C2 CompilerThread0"         daemon [_thread_blocked, id=28216, stack(0x000000d164400000,0x000000d164500000) (1024K)]
  0x000002707c4bf130 JavaThread "C1 CompilerThread0"         daemon [_thread_blocked, id=27104, stack(0x000000d164500000,0x000000d164600000) (1024K)]
  0x000002707d07d180 JavaThread "Notification Thread"        daemon [_thread_blocked, id=26840, stack(0x000000d164600000,0x000000d164700000) (1024K)]
  0x000002707d099be0 JavaThread "Common-Cleaner"             daemon [_thread_blocked, id=13624, stack(0x000000d164700000,0x000000d164800000) (1024K)]
  0x000002707dac16e0 JavaThread "RMI TCP Accept-0"           daemon [_thread_in_native, id=21020, stack(0x000000d164a00000,0x000000d164b00000) (1024K)]
  0x000002707d775ff0 JavaThread "RMI TCP Accept-54405"       daemon [_thread_in_native, id=1888, stack(0x000000d164b00000,0x000000d164c00000) (1024K)]
  0x000002707d8abfc0 JavaThread "RMI TCP Accept-0"           daemon [_thread_in_native, id=23136, stack(0x000000d164c00000,0x000000d164d00000) (1024K)]
  0x000002707f1eb5a0 JavaThread "mysql-cj-abandoned-connection-cleanup" daemon [_thread_blocked, id=19400, stack(0x000000d165800000,0x000000d165900000) (1024K)]
  0x000002707f1ec950 JavaThread "mssql-jdbc-shared-timer-core-0" daemon [_thread_blocked, id=1468, stack(0x000000d165c00000,0x000000d165d00000) (1024K)]
  0x000002707f1e9b60 JavaThread "HikariPool-1:housekeeper"   daemon [_thread_blocked, id=16964, stack(0x000000d165d00000,0x000000d165e00000) (1024K)]
  0x000002707e82dc20 JavaThread "Catalina-utility-1"                [_thread_blocked, id=24960, stack(0x000000d165f00000,0x000000d166000000) (1024K)]
  0x000002707e829a80 JavaThread "Catalina-utility-2"                [_thread_blocked, id=24000, stack(0x000000d166000000,0x000000d166100000) (1024K)]
  0x000002707e82c1e0 JavaThread "container-0"                       [_thread_blocked, id=25084, stack(0x000000d166100000,0x000000d166200000) (1024K)]
  0x000002707e82a110 JavaThread "HttpClient-1-SelectorManager" daemon [_thread_in_native, id=13888, stack(0x000000d165e00000,0x000000d165f00000) (1024K)]
  0x000002707e82cf00 JavaThread "File Watcher"               daemon [_thread_blocked, id=14488, stack(0x000000d164800000,0x000000d164900000) (1024K)]
  0x000002707e82a7a0 JavaThread "Live Reload Server"         daemon [_thread_in_native, id=27220, stack(0x000000d166200000,0x000000d166300000) (1024K)]
  0x000002707d9fda60 JavaThread "http-nio-8080-exec-1"       daemon [_thread_blocked, id=17116, stack(0x000000d164900000,0x000000d164a00000) (1024K)]
  0x000002707d9f8ba0 JavaThread "http-nio-8080-exec-2"       daemon [_thread_blocked, id=15168, stack(0x000000d166300000,0x000000d166400000) (1024K)]
  0x000002707d9fac70 JavaThread "http-nio-8080-exec-3"       daemon [_thread_blocked, id=1696, stack(0x000000d166400000,0x000000d166500000) (1024K)]
  0x000002707d9fd3d0 JavaThread "http-nio-8080-exec-4"       daemon [_thread_blocked, id=14332, stack(0x000000d166500000,0x000000d166600000) (1024K)]
  0x000002707d9fc020 JavaThread "http-nio-8080-exec-5"       daemon [_thread_blocked, id=28416, stack(0x000000d166600000,0x000000d166700000) (1024K)]
  0x000002707d9fe0f0 JavaThread "http-nio-8080-exec-6"       daemon [_thread_blocked, id=27268, stack(0x000000d166700000,0x000000d166800000) (1024K)]
  0x000002707d9fe780 JavaThread "http-nio-8080-exec-7"       daemon [_thread_blocked, id=15452, stack(0x000000d166800000,0x000000d166900000) (1024K)]
  0x000002707d9fb300 JavaThread "http-nio-8080-exec-8"       daemon [_thread_blocked, id=16128, stack(0x000000d166900000,0x000000d166a00000) (1024K)]
  0x0000027058136310 JavaThread "http-nio-8080-exec-9"       daemon [_thread_blocked, id=22660, stack(0x000000d166a00000,0x000000d166b00000) (1024K)]
  0x00000270581348d0 JavaThread "http-nio-8080-exec-10"      daemon [_thread_blocked, id=11524, stack(0x000000d166b00000,0x000000d166c00000) (1024K)]
  0x0000027058134240 JavaThread "http-nio-8080-Poller"       daemon [_thread_in_native, id=2240, stack(0x000000d166c00000,0x000000d166d00000) (1024K)]
  0x0000027058134f60 JavaThread "http-nio-8080-Acceptor"     daemon [_thread_in_native, id=14056, stack(0x000000d166d00000,0x000000d166e00000) (1024K)]
  0x00000270581355f0 JavaThread "scheduling-1"                      [_thread_blocked, id=13568, stack(0x000000d166e00000,0x000000d166f00000) (1024K)]
  0x0000027058137030 JavaThread "DestroyJavaVM"                     [_thread_blocked, id=4632, stack(0x000000d163600000,0x000000d163700000) (1024K)]
  0x0000027057e9d070 JavaThread "C2 CompilerThread1"         daemon [_thread_blocked, id=11756, stack(0x000000d163300000,0x000000d163400000) (1024K)]
Total: 37

Other Threads:
  0x000002707c4784d0 VMThread "VM Thread"                           [id=24764, stack(0x000000d163d00000,0x000000d163e00000) (1024K)]
  0x000002707cef09d0 WatcherThread "VM Periodic Task Thread"        [id=26124, stack(0x000000d163c00000,0x000000d163d00000) (1024K)]
=>0x0000027071c7a8e0 WorkerThread "GC Thread#0"                     [id=11956, stack(0x000000d163700000,0x000000d163800000) (1024K)]
  0x000002707d75caf0 WorkerThread "GC Thread#1"                     [id=1164, stack(0x000000d164d00000,0x000000d164e00000) (1024K)]
  0x000002707dd3ecd0 WorkerThread "GC Thread#2"                     [id=18532, stack(0x000000d164e00000,0x000000d164f00000) (1024K)]
  0x000002707dd3f080 WorkerThread "GC Thread#3"                     [id=14152, stack(0x000000d164f00000,0x000000d165000000) (1024K)]
  0x000002707dcff370 WorkerThread "GC Thread#4"                     [id=14072, stack(0x000000d165000000,0x000000d165100000) (1024K)]
  0x000002707dcff720 WorkerThread "GC Thread#5"                     [id=27640, stack(0x000000d165100000,0x000000d165200000) (1024K)]
  0x000002707dd66f80 WorkerThread "GC Thread#6"                     [id=18232, stack(0x000000d165200000,0x000000d165300000) (1024K)]
  0x000002707dd67330 WorkerThread "GC Thread#7"                     [id=1680, stack(0x000000d165300000,0x000000d165400000) (1024K)]
  0x000002707e100f00 WorkerThread "GC Thread#8"                     [id=27364, stack(0x000000d165600000,0x000000d165700000) (1024K)]
  0x000002707e1012b0 WorkerThread "GC Thread#9"                     [id=15960, stack(0x000000d165700000,0x000000d165800000) (1024K)]
  0x0000027071c8b510 ConcurrentGCThread "G1 Main Marker"            [id=7812, stack(0x000000d163800000,0x000000d163900000) (1024K)]
  0x0000027071c8cf40 WorkerThread "G1 Conc#0"                       [id=1552, stack(0x000000d163900000,0x000000d163a00000) (1024K)]
  0x0000027054479570 WorkerThread "G1 Conc#1"                       [id=12892, stack(0x000000d165900000,0x000000d165a00000) (1024K)]
  0x0000027054479920 WorkerThread "G1 Conc#2"                       [id=25928, stack(0x000000d165a00000,0x000000d165b00000) (1024K)]
  0x000002707c3b8fd0 ConcurrentGCThread "G1 Refine#0"               [id=13048, stack(0x000000d163a00000,0x000000d163b00000) (1024K)]
  0x000002707c3b9a60 ConcurrentGCThread "G1 Service"                [id=17696, stack(0x000000d163b00000,0x000000d163c00000) (1024K)]
Total: 18

Threads with active compile tasks:
C2 CompilerThread0  100427 12308   !   4       com.sun.crypto.provider.GaloisCounterMode$GCMDecrypt::doFinal (628 bytes)
C2 CompilerThread1  100427 12327       4       com.sun.crypto.provider.GaloisCounterMode::checkInit (67 bytes)
Total: 2

VM state: at safepoint (normal execution)

VM Mutex/Monitor currently owned by a thread:  ([mutex/lock_event])
[0x00007fff8c00bfe0] FreeList_lock - owner thread: 0x0000027071c7a8e0
[0x00007fff8c00e560] Threads_lock - owner thread: 0x000002707c4784d0
[0x00007fff8c00e660] Heap_lock - owner thread: 0x000002707d9fb300

Heap address: 0x0000000704800000, size: 4024 MB, Compressed Oops mode: Zero based, Oop shift amount: 3

CDS archive(s) mapped at: [0x000002700f000000-0x000002700fba0000-0x000002700fba0000), size 12189696, SharedBaseAddress: 0x000002700f000000, ArchiveRelocationMode: 1.
Compressed class space mapped at: 0x0000027010000000-0x0000027050000000, reserved size: 1073741824
Narrow klass base: 0x000002700f000000, Narrow klass shift: 0, Narrow klass range: 0x100000000

GC Precious Log:
 CardTable entry size: 512
 Card Set container configuration: InlinePtr #cards 4 size 8 Array Of Cards #cards 16 size 48 Howl #buckets 8 coarsen threshold 3686 Howl Bitmap #cards 512 size 80 coarsen threshold 460 Card regions per heap region 1 cards per card region 4096
 CPUs: 12 total, 12 available
 Memory: 16088M
 Large Page Support: Disabled
 NUMA Support: Disabled
 Compressed Oops: Enabled (Zero based)
 Heap Region Size: 2M
 Heap Min Capacity: 8M
 Heap Initial Capacity: 252M
 Heap Max Capacity: 4024M
 Pre-touch: Disabled
 Parallel Workers: 10
 Concurrent Workers: 3
 Concurrent Refinement Workers: 10
 Periodic GC: Disabled

Heap:
 garbage-first heap   total 161792K, used 137394K [0x0000000704800000, 0x0000000800000000)
  region size 2048K, 41 young (83968K), 5 survivors (10240K)
 Metaspace       used 100659K, committed 101696K, reserved 1179648K
  class space    used 13475K, committed 13952K, reserved 1048576K

Heap Regions: E=young(eden), S=young(survivor), O=old, HS=humongous(starts), HC=humongous(continues), CS=collection set, F=free, TAMS=top-at-mark-start, PB=parsable bottom
|   0|0x0000000704800000, 0x0000000704a00000, 0x0000000704a00000|100%| O|  |TAMS 0x0000000704800000| PB 0x0000000704800000| Untracked 
|   1|0x0000000704a00000, 0x0000000704c00000, 0x0000000704c00000|100%| O|  |TAMS 0x0000000704a00000| PB 0x0000000704a00000| Untracked 
|   2|0x0000000704c00000, 0x0000000704e00000, 0x0000000704e00000|100%| O|  |TAMS 0x0000000704c00000| PB 0x0000000704c00000| Untracked 
|   3|0x0000000704e00000, 0x0000000705000000, 0x0000000705000000|100%| O|Cm|TAMS 0x0000000704e00000| PB 0x0000000704e00000| Complete 
|   4|0x0000000705000000, 0x0000000705200000, 0x0000000705200000|100%| O|  |TAMS 0x0000000705000000| PB 0x0000000705000000| Untracked 
|   5|0x0000000705200000, 0x0000000705400000, 0x0000000705400000|100%| O|  |TAMS 0x0000000705200000| PB 0x0000000705200000| Untracked 
|   6|0x0000000705400000, 0x0000000705600000, 0x0000000705600000|100%| O|  |TAMS 0x0000000705400000| PB 0x0000000705400000| Untracked 
|   7|0x0000000705600000, 0x0000000705800000, 0x0000000705800000|100%| O|  |TAMS 0x0000000705600000| PB 0x0000000705600000| Untracked 
|   8|0x0000000705800000, 0x0000000705a00000, 0x0000000705a00000|100%| O|  |TAMS 0x0000000705800000| PB 0x0000000705800000| Untracked 
|   9|0x0000000705a00000, 0x0000000705c00000, 0x0000000705c00000|100%| O|  |TAMS 0x0000000705a00000| PB 0x0000000705a00000| Untracked 
|  10|0x0000000705c00000, 0x0000000705e00000, 0x0000000705e00000|100%| O|  |TAMS 0x0000000705c00000| PB 0x0000000705c00000| Untracked 
|  11|0x0000000705e00000, 0x0000000706000000, 0x0000000706000000|100%| O|  |TAMS 0x0000000705e00000| PB 0x0000000705e00000| Untracked 
|  12|0x0000000706000000, 0x0000000706200000, 0x0000000706200000|100%| O|  |TAMS 0x0000000706000000| PB 0x0000000706000000| Untracked 
|  13|0x0000000706200000, 0x0000000706400000, 0x0000000706400000|100%| O|  |TAMS 0x0000000706200000| PB 0x0000000706200000| Untracked 
|  14|0x0000000706400000, 0x0000000706600000, 0x0000000706600000|100%| O|  |TAMS 0x0000000706400000| PB 0x0000000706400000| Untracked 
|  15|0x0000000706600000, 0x0000000706800000, 0x0000000706800000|100%| O|  |TAMS 0x0000000706600000| PB 0x0000000706600000| Untracked 
|  16|0x0000000706800000, 0x0000000706a00000, 0x0000000706a00000|100%| O|  |TAMS 0x0000000706800000| PB 0x0000000706800000| Untracked 
|  17|0x0000000706a00000, 0x0000000706c00000, 0x0000000706c00000|100%| O|  |TAMS 0x0000000706a00000| PB 0x0000000706a00000| Untracked 
|  18|0x0000000706c00000, 0x0000000706e00000, 0x0000000706e00000|100%| O|  |TAMS 0x0000000706c00000| PB 0x0000000706c00000| Untracked 
|  19|0x0000000706e00000, 0x0000000707000000, 0x0000000707000000|100%| O|  |TAMS 0x0000000706e00000| PB 0x0000000706e00000| Untracked 
|  20|0x0000000707000000, 0x0000000707200000, 0x0000000707200000|100%| O|  |TAMS 0x0000000707000000| PB 0x0000000707000000| Untracked 
|  21|0x0000000707200000, 0x0000000707400000, 0x0000000707400000|100%| O|  |TAMS 0x0000000707200000| PB 0x0000000707200000| Untracked 
|  22|0x0000000707400000, 0x0000000707600000, 0x0000000707600000|100%| E|CS|TAMS 0x0000000707400000| PB 0x0000000707400000| Complete 
|  23|0x0000000707600000, 0x0000000707800000, 0x0000000707800000|100%| O|  |TAMS 0x0000000707600000| PB 0x0000000707600000| Untracked 
|  24|0x0000000707800000, 0x0000000707a00000, 0x0000000707a00000|100%| O|  |TAMS 0x0000000707800000| PB 0x0000000707800000| Untracked 
|  25|0x0000000707a00000, 0x0000000707c00000, 0x0000000707c00000|100%| O|Cm|TAMS 0x0000000707a00000| PB 0x0000000707a00000| Complete 
|  26|0x0000000707c00000, 0x0000000707e00000, 0x0000000707e00000|100%| E|CS|TAMS 0x0000000707c00000| PB 0x0000000707c00000| Complete 
|  27|0x0000000707e00000, 0x0000000708000000, 0x0000000708000000|100%| O|  |TAMS 0x0000000707e00000| PB 0x0000000707e00000| Untracked 
|  28|0x0000000708000000, 0x0000000708200000, 0x0000000708200000|100%| O|  |TAMS 0x0000000708000000| PB 0x0000000708000000| Untracked 
|  29|0x0000000708200000, 0x0000000708400000, 0x0000000708400000|100%| O|  |TAMS 0x0000000708200000| PB 0x0000000708200000| Untracked 
|  30|0x0000000708400000, 0x0000000708600000, 0x0000000708600000|100%| E|CS|TAMS 0x0000000708400000| PB 0x0000000708400000| Complete 
|  31|0x0000000708600000, 0x0000000708800000, 0x0000000708800000|100%| S|  |TAMS 0x0000000708600000| PB 0x0000000708600000| Complete 
|  32|0x0000000708800000, 0x0000000708a00000, 0x0000000708a00000|100%| S|  |TAMS 0x0000000708800000| PB 0x0000000708800000| Complete 
|  33|0x0000000708a00000, 0x0000000708c00000, 0x0000000708c00000|100%| S|  |TAMS 0x0000000708a00000| PB 0x0000000708a00000| Complete 
|  34|0x0000000708c00000, 0x0000000708e00000, 0x0000000708e00000|100%| S|  |TAMS 0x0000000708c00000| PB 0x0000000708c00000| Complete 
|  35|0x0000000708e00000, 0x0000000709000000, 0x0000000709000000|100%| S|  |TAMS 0x0000000708e00000| PB 0x0000000708e00000| Complete 
|  36|0x0000000709000000, 0x0000000709200000, 0x0000000709200000|100%| E|CS|TAMS 0x0000000709000000| PB 0x0000000709000000| Complete 
|  37|0x0000000709200000, 0x0000000709400000, 0x0000000709400000|100%| E|CS|TAMS 0x0000000709200000| PB 0x0000000709200000| Complete 
|  38|0x0000000709400000, 0x0000000709600000, 0x0000000709600000|100%| E|CS|TAMS 0x0000000709400000| PB 0x0000000709400000| Complete 
|  39|0x0000000709600000, 0x0000000709800000, 0x0000000709800000|100%| E|CS|TAMS 0x0000000709600000| PB 0x0000000709600000| Complete 
|  40|0x0000000709800000, 0x0000000709a00000, 0x0000000709a00000|100%| E|CS|TAMS 0x0000000709800000| PB 0x0000000709800000| Complete 
|  41|0x0000000709a00000, 0x0000000709c00000, 0x0000000709c00000|100%| E|CS|TAMS 0x0000000709a00000| PB 0x0000000709a00000| Complete 
|  42|0x0000000709c00000, 0x0000000709e00000, 0x0000000709e00000|100%| E|CS|TAMS 0x0000000709c00000| PB 0x0000000709c00000| Complete 
|  43|0x0000000709e00000, 0x000000070a000000, 0x000000070a000000|100%| E|CS|TAMS 0x0000000709e00000| PB 0x0000000709e00000| Complete 
|  44|0x000000070a000000, 0x000000070a200000, 0x000000070a200000|100%| E|CS|TAMS 0x000000070a000000| PB 0x000000070a000000| Complete 
|  45|0x000000070a200000, 0x000000070a400000, 0x000000070a400000|100%| E|CS|TAMS 0x000000070a200000| PB 0x000000070a200000| Complete 
|  46|0x000000070a400000, 0x000000070a600000, 0x000000070a600000|100%| E|CS|TAMS 0x000000070a400000| PB 0x000000070a400000| Complete 
|  47|0x000000070a600000, 0x000000070a800000, 0x000000070a800000|100%| E|CS|TAMS 0x000000070a600000| PB 0x000000070a600000| Complete 
|  48|0x000000070a800000, 0x000000070aa00000, 0x000000070aa00000|100%| E|CS|TAMS 0x000000070a800000| PB 0x000000070a800000| Complete 
|  49|0x000000070aa00000, 0x000000070ac00000, 0x000000070ac00000|100%| E|CS|TAMS 0x000000070aa00000| PB 0x000000070aa00000| Complete 
|  50|0x000000070ac00000, 0x000000070ae00000, 0x000000070ae00000|100%| E|CS|TAMS 0x000000070ac00000| PB 0x000000070ac00000| Complete 
|  51|0x000000070ae00000, 0x000000070b000000, 0x000000070b000000|100%| E|CS|TAMS 0x000000070ae00000| PB 0x000000070ae00000| Complete 
|  52|0x000000070b000000, 0x000000070b200000, 0x000000070b200000|100%| E|CS|TAMS 0x000000070b000000| PB 0x000000070b000000| Complete 
|  53|0x000000070b200000, 0x000000070b400000, 0x000000070b400000|100%| E|CS|TAMS 0x000000070b200000| PB 0x000000070b200000| Complete 
|  54|0x000000070b400000, 0x000000070b600000, 0x000000070b600000|100%| E|CS|TAMS 0x000000070b400000| PB 0x000000070b400000| Complete 
|  55|0x000000070b600000, 0x000000070b800000, 0x000000070b800000|100%| E|CS|TAMS 0x000000070b600000| PB 0x000000070b600000| Complete 
|  56|0x000000070b800000, 0x000000070ba00000, 0x000000070ba00000|100%| E|CS|TAMS 0x000000070b800000| PB 0x000000070b800000| Complete 
|  57|0x000000070ba00000, 0x000000070bb38180, 0x000000070bc00000| 60%| E|CS|TAMS 0x000000070ba00000| PB 0x000000070ba00000| Complete 
|  58|0x000000070bc00000, 0x000000070be00000, 0x000000070be00000|100%| E|CS|TAMS 0x000000070bc00000| PB 0x000000070bc00000| Complete 
|  59|0x000000070be00000, 0x000000070c000000, 0x000000070c000000|100%| E|CS|TAMS 0x000000070be00000| PB 0x000000070be00000| Complete 
|  60|0x000000070c000000, 0x000000070c200000, 0x000000070c200000|100%| E|CS|TAMS 0x000000070c000000| PB 0x000000070c000000| Complete 
|  61|0x000000070c200000, 0x000000070c400000, 0x000000070c400000|100%| E|CS|TAMS 0x000000070c200000| PB 0x000000070c200000| Complete 
|  62|0x000000070c400000, 0x000000070c600000, 0x000000070c600000|100%| E|CS|TAMS 0x000000070c400000| PB 0x000000070c400000| Complete 
|  63|0x000000070c600000, 0x000000070c800000, 0x000000070c800000|100%| E|CS|TAMS 0x000000070c600000| PB 0x000000070c600000| Complete 
|  64|0x000000070c800000, 0x000000070ca00000, 0x000000070ca00000|100%| E|CS|TAMS 0x000000070c800000| PB 0x000000070c800000| Complete 
|  65|0x000000070ca00000, 0x000000070cc00000, 0x000000070cc00000|100%| E|CS|TAMS 0x000000070ca00000| PB 0x000000070ca00000| Complete 
|  66|0x000000070cc00000, 0x000000070ce00000, 0x000000070ce00000|100%| E|CS|TAMS 0x000000070cc00000| PB 0x000000070cc00000| Complete 
|  67|0x000000070ce00000, 0x000000070d000000, 0x000000070d000000|100%| E|CS|TAMS 0x000000070ce00000| PB 0x000000070ce00000| Complete 
|  68|0x000000070d000000, 0x000000070d200000, 0x000000070d200000|100%| E|CS|TAMS 0x000000070d000000| PB 0x000000070d000000| Complete 
|  69|0x000000070d200000, 0x000000070d400000, 0x000000070d400000|100%| E|CS|TAMS 0x000000070d200000| PB 0x000000070d200000| Complete 
|  70|0x000000070d400000, 0x000000070d600000, 0x000000070d600000|100%| E|CS|TAMS 0x000000070d400000| PB 0x000000070d400000| Complete 
| 125|0x0000000714200000, 0x0000000714400000, 0x0000000714400000|100%| E|CS|TAMS 0x0000000714200000| PB 0x0000000714200000| Complete 
|2005|0x00000007ff200000, 0x00000007ff400000, 0x00000007ff400000|100%| O|  |TAMS 0x00000007ff200000| PB 0x00000007ff200000| Untracked 
|2006|0x00000007ff400000, 0x00000007ff600000, 0x00000007ff600000|100%| O|  |TAMS 0x00000007ff400000| PB 0x00000007ff400000| Untracked 
|2007|0x00000007ff600000, 0x00000007ff800000, 0x00000007ff800000|100%| O|  |TAMS 0x00000007ff600000| PB 0x00000007ff600000| Untracked 
|2008|0x00000007ff800000, 0x00000007ffa00000, 0x00000007ffa00000|100%| O|  |TAMS 0x00000007ff800000| PB 0x00000007ff800000| Untracked 
|2009|0x00000007ffa00000, 0x00000007ffc00000, 0x00000007ffc00000|100%| O|  |TAMS 0x00000007ffa00000| PB 0x00000007ffa00000| Untracked 
|2010|0x00000007ffc00000, 0x00000007ffe00000, 0x00000007ffe00000|100%| O|  |TAMS 0x00000007ffc00000| PB 0x00000007ffc00000| Untracked 
|2011|0x00000007ffe00000, 0x0000000800000000, 0x0000000800000000|100%| E|CS|TAMS 0x00000007ffe00000| PB 0x00000007ffe00000| Complete 

Card table byte_map: [0x0000027075b00000,0x00000270762e0000] _byte_map_base: 0x00000270722dc000

Marking Bits: (CMBitMap*) 0x0000027071c7af00
 Bits: [0x00000270762e0000, 0x000002707a1c0000)

Polling page: 0x000002706f980000

Metaspace:

Usage:
  Non-class:     85.14 MB used.
      Class:     13.16 MB used.
       Both:     98.30 MB used.

Virtual space:
  Non-class space:      128.00 MB reserved,      85.69 MB ( 67%) committed,  2 nodes.
      Class space:        1.00 GB reserved,      13.62 MB (  1%) committed,  1 nodes.
             Both:        1.12 GB reserved,      99.31 MB (  9%) committed. 

Chunk freelists:
   Non-Class:  9.97 MB
       Class:  2.34 MB
        Both:  12.31 MB

MaxMetaspaceSize: unlimited
CompressedClassSpaceSize: 1.00 GB
Initial GC threshold: 21.00 MB
Current GC threshold: 157.31 MB
CDS: on
 - commit_granule_bytes: 65536.
 - commit_granule_words: 8192.
 - virtual_space_node_default_size: 8388608.
 - enlarge_chunks_in_place: 1.
 - use_allocation_guard: 0.


Internal statistics:

num_allocs_failed_limit: 9.
num_arena_births: 1666.
num_arena_deaths: 6.
num_vsnodes_births: 3.
num_vsnodes_deaths: 0.
num_space_committed: 1589.
num_space_uncommitted: 0.
num_chunks_returned_to_freelist: 18.
num_chunks_taken_from_freelist: 5321.
num_chunk_merges: 8.
num_chunk_splits: 3784.
num_chunks_enlarged: 2866.
num_inconsistent_stats: 0.

CodeHeap 'non-profiled nmethods': size=120000Kb used=7808Kb max_used=7808Kb free=112191Kb
 bounds [0x0000027007ad0000, 0x0000027008280000, 0x000002700f000000]
CodeHeap 'profiled nmethods': size=120000Kb used=19812Kb max_used=19812Kb free=100188Kb
 bounds [0x0000027000000000, 0x0000027001360000, 0x0000027007530000]
CodeHeap 'non-nmethods': size=5760Kb used=2051Kb max_used=2104Kb free=3708Kb
 bounds [0x0000027007530000, 0x00000270077a0000, 0x0000027007ad0000]
CodeCache: size=245760Kb, used=29671Kb, max_used=29724Kb, free=216087Kb
 total_blobs=11303, nmethods=10398, adapters=808, full_count=0
Compilation: enabled, stopped_count=0, restarted_count=0

Compilation events (20 events):
Event: 100.346 Thread 0x0000027057e9d070 nmethod 12317 0x000002700826cf10 code [0x000002700826d0c0, 0x000002700826d420]
Event: 100.351 Thread 0x000002707c4bf130 12318       3       sun.nio.ch.NioSocketImpl::park (95 bytes)
Event: 100.351 Thread 0x000002707c4bf130 nmethod 12318 0x0000027001359a10 code [0x0000027001359c40, 0x000002700135a3e0]
Event: 100.353 Thread 0x000002707c4bf130 12319       3       sun.nio.ch.NioSocketImpl::park (8 bytes)
Event: 100.353 Thread 0x000002707c4bf130 nmethod 12319 0x000002700135a690 code [0x000002700135a840, 0x000002700135a980]
Event: 100.355 Thread 0x0000027057e9d070 12320       4       com.sun.crypto.provider.GCTR::update (208 bytes)
Event: 100.363 Thread 0x000002707c4bf130 12324       3       com.microsoft.sqlserver.jdbc.TDSCommand::detach (59 bytes)
Event: 100.364 Thread 0x000002707c4bf130 nmethod 12324 0x000002700135aa10 code [0x000002700135ac20, 0x000002700135b218]
Event: 100.365 Thread 0x0000027057e9d070 nmethod 12320 0x000002700826d790 code [0x000002700826d980, 0x000002700826e1a8]
Event: 100.366 Thread 0x0000027057e9d070 12322       4       java.nio.HeapByteBuffer::duplicate (36 bytes)
Event: 100.369 Thread 0x0000027057e9d070 nmethod 12322 0x000002700826e910 code [0x000002700826eac0, 0x000002700826ef68]
Event: 100.370 Thread 0x0000027057e9d070 12323       4       com.sun.crypto.provider.GCTR::blocksUntilRollover (44 bytes)
Event: 100.372 Thread 0x0000027057e9d070 nmethod 12323 0x000002700826f310 code [0x000002700826f4a0, 0x000002700826f588]
Event: 100.372 Thread 0x0000027057e9d070 12321       4       java.nio.MappedByteBuffer::position (6 bytes)
Event: 100.372 Thread 0x0000027057e9d070 nmethod 12321 0x000002700826f790 code [0x000002700826f920, 0x000002700826fa18]
Event: 100.374 Thread 0x0000027057e9d070 12325   !   4       javax.crypto.Cipher::chooseFirstProvider (302 bytes)
Event: 100.374 Thread 0x0000027057e9d070 nmethod 12325 0x000002700826fb10 code [0x000002700826fca0, 0x000002700826fd48]
Event: 100.376 Thread 0x0000027057e9d070 12326       4       java.nio.MappedByteBuffer::limit (6 bytes)
Event: 100.377 Thread 0x0000027057e9d070 nmethod 12326 0x000002700826fe10 code [0x000002700826ffa0, 0x00000270082700c0]
Event: 100.377 Thread 0x0000027057e9d070 12327       4       com.sun.crypto.provider.GaloisCounterMode::checkInit (67 bytes)

GC Heap History (20 events):
Event: 9.609 GC heap after
{Heap after GC invocations=17 (full 0):
 garbage-first heap   total 96256K, used 43976K [0x0000000704800000, 0x0000000800000000)
  region size 2048K, 3 young (6144K), 3 survivors (6144K)
 Metaspace       used 82150K, committed 82816K, reserved 1179648K
  class space    used 10868K, committed 11136K, reserved 1048576K
}
Event: 10.360 GC heap before
{Heap before GC invocations=18 (full 0):
 garbage-first heap   total 96256K, used 84936K [0x0000000704800000, 0x0000000800000000)
  region size 2048K, 23 young (47104K), 3 survivors (6144K)
 Metaspace       used 85086K, committed 85824K, reserved 1179648K
  class space    used 11449K, committed 11776K, reserved 1048576K
}
Event: 10.374 GC heap after
{Heap after GC invocations=19 (full 0):
 garbage-first heap   total 96256K, used 48285K [0x0000000704800000, 0x0000000800000000)
  region size 2048K, 3 young (6144K), 3 survivors (6144K)
 Metaspace       used 85086K, committed 85824K, reserved 1179648K
  class space    used 11449K, committed 11776K, reserved 1048576K
}
Event: 10.543 GC heap before
{Heap before GC invocations=19 (full 0):
 garbage-first heap   total 96256K, used 85149K [0x0000000704800000, 0x0000000800000000)
  region size 2048K, 21 young (43008K), 3 survivors (6144K)
 Metaspace       used 85210K, committed 85952K, reserved 1179648K
  class space    used 11463K, committed 11776K, reserved 1048576K
}
Event: 10.552 GC heap after
{Heap after GC invocations=20 (full 0):
 garbage-first heap   total 98304K, used 51514K [0x0000000704800000, 0x0000000800000000)
  region size 2048K, 2 young (4096K), 2 survivors (4096K)
 Metaspace       used 85210K, committed 85952K, reserved 1179648K
  class space    used 11463K, committed 11776K, reserved 1048576K
}
Event: 10.670 GC heap before
{Heap before GC invocations=20 (full 0):
 garbage-first heap   total 98304K, used 86330K [0x0000000704800000, 0x0000000800000000)
  region size 2048K, 19 young (38912K), 2 survivors (4096K)
 Metaspace       used 85255K, committed 85952K, reserved 1179648K
  class space    used 11463K, committed 11776K, reserved 1048576K
}
Event: 10.674 GC heap after
{Heap after GC invocations=21 (full 0):
 garbage-first heap   total 118784K, used 51455K [0x0000000704800000, 0x0000000800000000)
  region size 2048K, 2 young (4096K), 2 survivors (4096K)
 Metaspace       used 85255K, committed 85952K, reserved 1179648K
  class space    used 11463K, committed 11776K, reserved 1048576K
}
Event: 10.959 GC heap before
{Heap before GC invocations=22 (full 0):
 garbage-first heap   total 118784K, used 104703K [0x0000000704800000, 0x0000000800000000)
  region size 2048K, 28 young (57344K), 2 survivors (4096K)
 Metaspace       used 85313K, committed 86016K, reserved 1179648K
  class space    used 11477K, committed 11776K, reserved 1048576K
}
Event: 10.963 GC heap after
{Heap after GC invocations=23 (full 0):
 garbage-first heap   total 118784K, used 51713K [0x0000000704800000, 0x0000000800000000)
  region size 2048K, 2 young (4096K), 2 survivors (4096K)
 Metaspace       used 85313K, committed 86016K, reserved 1179648K
  class space    used 11477K, committed 11776K, reserved 1048576K
}
Event: 11.272 GC heap before
{Heap before GC invocations=23 (full 0):
 garbage-first heap   total 118784K, used 109057K [0x0000000704800000, 0x0000000800000000)
  region size 2048K, 30 young (61440K), 2 survivors (4096K)
 Metaspace       used 85418K, committed 86080K, reserved 1179648K
  class space    used 11483K, committed 11776K, reserved 1048576K
}
Event: 11.281 GC heap after
{Heap after GC invocations=24 (full 0):
 garbage-first heap   total 118784K, used 52308K [0x0000000704800000, 0x0000000800000000)
  region size 2048K, 3 young (6144K), 3 survivors (6144K)
 Metaspace       used 85418K, committed 86080K, reserved 1179648K
  class space    used 11483K, committed 11776K, reserved 1048576K
}
Event: 11.808 GC heap before
{Heap before GC invocations=24 (full 0):
 garbage-first heap   total 118784K, used 107604K [0x0000000704800000, 0x0000000800000000)
  region size 2048K, 30 young (61440K), 3 survivors (6144K)
 Metaspace       used 86705K, committed 87552K, reserved 1179648K
  class space    used 11642K, committed 12032K, reserved 1048576K
}
Event: 11.815 GC heap after
{Heap after GC invocations=25 (full 0):
 garbage-first heap   total 118784K, used 54579K [0x0000000704800000, 0x0000000800000000)
  region size 2048K, 3 young (6144K), 3 survivors (6144K)
 Metaspace       used 86705K, committed 87552K, reserved 1179648K
  class space    used 11642K, committed 12032K, reserved 1048576K
}
Event: 12.530 GC heap before
{Heap before GC invocations=26 (full 0):
 garbage-first heap   total 118784K, used 105779K [0x0000000704800000, 0x0000000800000000)
  region size 2048K, 29 young (59392K), 3 survivors (6144K)
 Metaspace       used 88658K, committed 89536K, reserved 1179648K
  class space    used 11863K, committed 12288K, reserved 1048576K
}
Event: 12.538 GC heap after
{Heap after GC invocations=27 (full 0):
 garbage-first heap   total 118784K, used 56791K [0x0000000704800000, 0x0000000800000000)
  region size 2048K, 4 young (8192K), 4 survivors (8192K)
 Metaspace       used 88658K, committed 89536K, reserved 1179648K
  class space    used 11863K, committed 12288K, reserved 1048576K
}
Event: 13.702 GC heap before
{Heap before GC invocations=27 (full 0):
 garbage-first heap   total 118784K, used 107991K [0x0000000704800000, 0x0000000800000000)
  region size 2048K, 29 young (59392K), 4 survivors (8192K)
 Metaspace       used 91421K, committed 92352K, reserved 1179648K
  class space    used 12176K, committed 12608K, reserved 1048576K
}
Event: 13.715 GC heap after
{Heap after GC invocations=28 (full 0):
 garbage-first heap   total 122880K, used 59382K [0x0000000704800000, 0x0000000800000000)
  region size 2048K, 3 young (6144K), 3 survivors (6144K)
 Metaspace       used 91421K, committed 92352K, reserved 1179648K
  class space    used 12176K, committed 12608K, reserved 1048576K
}
Event: 15.284 GC heap before
{Heap before GC invocations=28 (full 0):
 garbage-first heap   total 122880K, used 112630K [0x0000000704800000, 0x0000000800000000)
  region size 2048K, 29 young (59392K), 3 survivors (6144K)
 Metaspace       used 95534K, committed 96640K, reserved 1179648K
  class space    used 12789K, committed 13312K, reserved 1048576K
}
Event: 15.295 GC heap after
{Heap after GC invocations=29 (full 0):
 garbage-first heap   total 151552K, used 63666K [0x0000000704800000, 0x0000000800000000)
  region size 2048K, 4 young (8192K), 4 survivors (8192K)
 Metaspace       used 95534K, committed 96640K, reserved 1179648K
  class space    used 12789K, committed 13312K, reserved 1048576K
}
Event: 100.382 GC heap before
{Heap before GC invocations=30 (full 0):
 garbage-first heap   total 151552K, used 137394K [0x0000000704800000, 0x0000000800000000)
  region size 2048K, 40 young (81920K), 4 survivors (8192K)
 Metaspace       used 100659K, committed 101696K, reserved 1179648K
  class space    used 13475K, committed 13952K, reserved 1048576K
}

Dll operation events (11 events):
Event: 0.006 Loaded shared library C:\Users\THACH VAN BACH\.vscode\extensions\redhat.java-1.54.0-win32-x64\jre\21.0.10-win32-x86_64\bin\java.dll
Event: 0.026 Loaded shared library C:\Users\THACH VAN BACH\.vscode\extensions\redhat.java-1.54.0-win32-x64\jre\21.0.10-win32-x86_64\bin\zip.dll
Event: 0.100 Loaded shared library C:\Users\THACH VAN BACH\.vscode\extensions\redhat.java-1.54.0-win32-x64\jre\21.0.10-win32-x86_64\bin\jimage.dll
Event: 0.105 Loaded shared library C:\Users\THACH VAN BACH\.vscode\extensions\redhat.java-1.54.0-win32-x64\jre\21.0.10-win32-x86_64\bin\net.dll
Event: 0.106 Loaded shared library C:\Users\THACH VAN BACH\.vscode\extensions\redhat.java-1.54.0-win32-x64\jre\21.0.10-win32-x86_64\bin\nio.dll
Event: 0.108 Loaded shared library C:\Users\THACH VAN BACH\.vscode\extensions\redhat.java-1.54.0-win32-x64\jre\21.0.10-win32-x86_64\bin\zip.dll
Event: 0.171 Loaded shared library C:\Users\THACH VAN BACH\.vscode\extensions\redhat.java-1.54.0-win32-x64\jre\21.0.10-win32-x86_64\bin\management.dll
Event: 0.181 Loaded shared library C:\Users\THACH VAN BACH\.vscode\extensions\redhat.java-1.54.0-win32-x64\jre\21.0.10-win32-x86_64\bin\management_ext.dll
Event: 0.388 Loaded shared library C:\Users\THACH VAN BACH\.vscode\extensions\redhat.java-1.54.0-win32-x64\jre\21.0.10-win32-x86_64\bin\extnet.dll
Event: 0.433 Loaded shared library C:\Users\THACH VAN BACH\.vscode\extensions\redhat.java-1.54.0-win32-x64\jre\21.0.10-win32-x86_64\bin\verify.dll
Event: 1.543 Loaded shared library C:\Users\THACH VAN BACH\.vscode\extensions\redhat.java-1.54.0-win32-x64\jre\21.0.10-win32-x86_64\bin\sunmscapi.dll

Deoptimization events (20 events):
Event: 16.187 Thread 0x000002707ddd1250 Uncommon trap: trap_request=0xffffff45 fr.pc=0x0000027007aec9a0 relative=0x0000000000000080
Event: 16.187 Thread 0x000002707ddd1250 Uncommon trap: reason=unstable_if action=reinterpret pc=0x0000027007aec9a0 method=java.lang.CharacterDataLatin1.toLowerCase(I)I @ 23 c2
Event: 16.187 Thread 0x000002707ddd1250 DEOPT PACKING pc=0x0000027007aec9a0 sp=0x000000d1655fdc90
Event: 16.187 Thread 0x000002707ddd1250 DEOPT UNPACKING pc=0x0000027007584422 sp=0x000000d1655fdc20 mode 2
Event: 99.703 Thread 0x000002707d9f8ba0 Uncommon trap: trap_request=0xffffff45 fr.pc=0x0000027007c78458 relative=0x0000000000001538
Event: 99.703 Thread 0x000002707d9f8ba0 Uncommon trap: reason=unstable_if action=reinterpret pc=0x0000027007c78458 method=java.util.concurrent.ConcurrentHashMap.transfer([Ljava/util/concurrent/ConcurrentHashMap$Node;[Ljava/util/concurrent/ConcurrentHashMap$Node;)V @ 352 c2
Event: 99.703 Thread 0x000002707d9f8ba0 DEOPT PACKING pc=0x0000027007c78458 sp=0x000000d1663fd150
Event: 99.703 Thread 0x000002707d9f8ba0 DEOPT UNPACKING pc=0x0000027007584422 sp=0x000000d1663fd0b8 mode 2
Event: 99.771 Thread 0x000002707d9fda60 Uncommon trap: trap_request=0xffffff45 fr.pc=0x0000027008230a7c relative=0x0000000000000d5c
Event: 99.771 Thread 0x000002707d9fda60 Uncommon trap: reason=unstable_if action=reinterpret pc=0x0000027008230a7c method=jdk.internal.util.ReferencedKeyMap.intern(Ljdk/internal/util/ReferencedKeyMap;Ljava/lang/Object;)Ljava/lang/Object; @ 7 c2
Event: 99.771 Thread 0x000002707d9fda60 DEOPT PACKING pc=0x0000027008230a7c sp=0x000000d1649fce40
Event: 99.771 Thread 0x000002707d9fda60 DEOPT UNPACKING pc=0x0000027007584422 sp=0x000000d1649fcd10 mode 2
Event: 99.800 Thread 0x000002707d9fac70 Uncommon trap: trap_request=0xffffff45 fr.pc=0x0000027007d37600 relative=0x00000000000003a0
Event: 99.800 Thread 0x000002707d9fac70 Uncommon trap: reason=unstable_if action=reinterpret pc=0x0000027007d37600 method=org.springframework.util.AntPathMatcher.skipSegment(Ljava/lang/String;ILjava/lang/String;)I @ 60 c2
Event: 99.800 Thread 0x000002707d9fac70 DEOPT PACKING pc=0x0000027007d37600 sp=0x000000d1664fcc00
Event: 99.800 Thread 0x000002707d9fac70 DEOPT UNPACKING pc=0x0000027007584422 sp=0x000000d1664fcb88 mode 2
Event: 100.239 Thread 0x000002707d9fb300 Uncommon trap: trap_request=0xffffff54 fr.pc=0x0000027008039f04 relative=0x0000000000000da4
Event: 100.239 Thread 0x000002707d9fb300 Uncommon trap: reason=speculate_null_assert action=make_not_entrant pc=0x0000027008039f04 method=org.springframework.core.annotation.AnnotationTypeMappings$Cache.get(Ljava/lang/Class;Ljava/util/Set;)Lorg/springframework/core/annotation/AnnotationTypeMappi
Event: 100.239 Thread 0x000002707d9fb300 DEOPT PACKING pc=0x0000027008039f04 sp=0x000000d1669fae90
Event: 100.239 Thread 0x000002707d9fb300 DEOPT UNPACKING pc=0x0000027007584422 sp=0x000000d1669fae68 mode 2

Classes loaded (20 events):
Event: 99.672 Loading class java/nio/channels/SelectionKey
Event: 99.673 Loading class java/nio/channels/SelectionKey done
Event: 99.673 Loading class java/nio/channels/spi/AbstractSelectionKey done
Event: 99.673 Loading class sun/nio/ch/SelectionKeyImpl done
Event: 99.673 Loading class java/lang/invoke/ConstantBootstraps
Event: 99.673 Loading class java/lang/invoke/ConstantBootstraps done
Event: 99.710 Loading class sun/nio/cs/ThreadLocalCoders
Event: 99.710 Loading class sun/nio/cs/ThreadLocalCoders done
Event: 99.710 Loading class sun/nio/cs/ThreadLocalCoders$1
Event: 99.710 Loading class sun/nio/cs/ThreadLocalCoders$Cache
Event: 99.710 Loading class sun/nio/cs/ThreadLocalCoders$Cache done
Event: 99.710 Loading class sun/nio/cs/ThreadLocalCoders$1 done
Event: 99.710 Loading class sun/nio/cs/ThreadLocalCoders$2
Event: 99.711 Loading class sun/nio/cs/ThreadLocalCoders$2 done
Event: 99.742 Loading class java/util/concurrent/locks/ReentrantReadWriteLock$Sync$HoldCounter
Event: 99.743 Loading class java/util/concurrent/locks/ReentrantReadWriteLock$Sync$HoldCounter done
Event: 99.908 Loading class org/w3c/dom/Node
Event: 99.909 Loading class org/w3c/dom/Node done
Event: 99.909 Loading class org/w3c/dom/Document
Event: 99.909 Loading class org/w3c/dom/Document done

Classes unloaded (3 events):
Event: 15.339 Thread 0x000002707c4784d0 Unloading class 0x0000027010ba9000 'jdk/internal/reflect/GeneratedSerializationConstructorAccessor6'
Event: 15.339 Thread 0x000002707c4784d0 Unloading class 0x0000027010b9c400 'jdk/internal/reflect/GeneratedSerializationConstructorAccessor5'
Event: 15.339 Thread 0x000002707c4784d0 Unloading class 0x0000027010b9c000 'jdk/internal/reflect/GeneratedSerializationConstructorAccessor4'

Classes redefined (0 events):
No events

Internal exceptions (20 events):
Event: 14.826 Thread 0x000002707ddd1250 Exception <a 'java/lang/NoSuchMethodError'{0x0000000709806098}: 'java.lang.Object java.lang.invoke.DirectMethodHandle$Holder.invokeVirtual(java.lang.Object, java.lang.Object, java.lang.Object, java.lang.Object, java.lang.Object, java.lang.Object, java.lang.Object, java.lang.Object, java.lang.Object)'> (0x0000000709806098) 
thrown [s\src\hotspot\share\interpreter\linkResolver.cpp, line 773]
Event: 14.876 Thread 0x000002707ddd1250 Exception <a 'java/lang/NoSuchMethodError'{0x00000007099b64c0}: 'java.lang.Object java.lang.invoke.DirectMethodHandle$Holder.invokeVirtual(java.lang.Object, java.lang.Object, java.lang.Object, java.lang.Object, java.lang.Object, java.lang.Object, java.lang.Object)'> (0x00000007099b64c0) 
thrown [s\src\hotspot\share\interpreter\linkResolver.cpp, line 773]
Event: 14.902 Thread 0x000002707ddd1250 Exception <a 'java/lang/NoSuchMethodError'{0x00000007096cead0}: 'java.lang.Object java.lang.invoke.DirectMethodHandle$Holder.invokeVirtual(java.lang.Object, java.lang.Object, java.lang.Object, java.lang.Object, java.lang.Object, java.lang.Object, java.lang.Object, java.lang.Object, java.lang.Object, java.lang.Object)'> (0x00000007096cead0) 
thrown [s\src\hotspot\share\interpreter\linkResolver.cpp, line 773]
Event: 15.005 Thread 0x000002707ddd1250 Exception <a 'java/lang/IncompatibleClassChangeError'{0x0000000709000720}: Found class java.lang.Object, but interface was expected> (0x0000000709000720) 
thrown [s\src\hotspot\share\interpreter\linkResolver.cpp, line 840]
Event: 15.071 Thread 0x000002707ddd1250 Exception <a 'java/lang/NoSuchMethodError'{0x0000000708ed1b90}: 'java.lang.Object java.lang.invoke.Invokers$Holder.invoke_MT(java.lang.Object, java.lang.Object, java.lang.Object, java.lang.Object, java.lang.Object, java.lang.Object, java.lang.Object, java.lang.Object, java.lang.Object, java.lang.Object, java.lang.Object)'> (0x0000000708ed1b90) 
thrown [s\src\hotspot\share\interpreter\linkResolver.cpp, line 773]
Event: 15.446 Thread 0x000002707ddd1250 Exception <a 'java/lang/NoSuchMethodError'{0x0000000714251648}: 'java.lang.Object java.lang.invoke.DirectMethodHandle$Holder.newInvokeSpecial(java.lang.Object, java.lang.Object, int, java.lang.Object, java.lang.Object)'> (0x0000000714251648) 
thrown [s\src\hotspot\share\interpreter\linkResolver.cpp, line 773]
Event: 15.594 Thread 0x000002707ddd1250 Exception <a 'java/lang/IncompatibleClassChangeError'{0x000000070d1d0400}: Found class java.lang.Object, but interface was expected> (0x000000070d1d0400) 
thrown [s\src\hotspot\share\interpreter\linkResolver.cpp, line 840]
Event: 15.594 Thread 0x00000270581355f0 Exception <a 'java/lang/IncompatibleClassChangeError'{0x000000070ce5a820}: Found class java.lang.Object, but interface was expected> (0x000000070ce5a820) 
thrown [s\src\hotspot\share\interpreter\linkResolver.cpp, line 840]
Event: 15.638 Thread 0x000002707ddd1250 Exception <a 'java/lang/NoSuchMethodError'{0x000000070cfd6190}: 'void java.lang.invoke.DirectMethodHandle$Holder.invokeSpecialIFC(java.lang.Object, java.lang.Object, int, java.lang.Object, java.lang.Object, java.lang.Object, java.lang.Object)'> (0x000000070cfd6190) 
thrown [s\src\hotspot\share\interpreter\linkResolver.cpp, line 773]
Event: 15.705 Thread 0x00000270581355f0 Exception <a 'java/lang/IncompatibleClassChangeError'{0x000000070ca2ab78}: Found class java.lang.Object, but interface was expected> (0x000000070ca2ab78) 
thrown [s\src\hotspot\share\interpreter\linkResolver.cpp, line 840]
Event: 15.879 Thread 0x000002707ddd1250 Implicit null exception at 0x0000027007d8d382 to 0x0000027007d8db70
Event: 15.981 Thread 0x000002707ddd1250 Exception <a 'java/lang/IncompatibleClassChangeError'{0x000000070cb58980}: Found class java.lang.Object, but interface was expected> (0x000000070cb58980) 
thrown [s\src\hotspot\share\interpreter\linkResolver.cpp, line 840]
Event: 99.670 Thread 0x0000027058134f60 Exception <a 'java/lang/NoSuchMethodError'{0x000000070d023168}: 'java.lang.Object java.lang.invoke.DirectMethodHandle$Holder.invokeStatic(java.lang.Object, java.lang.Object, java.lang.Object, int, int)'> (0x000000070d023168) 
thrown [s\src\hotspot\share\interpreter\linkResolver.cpp, line 773]
Event: 99.670 Thread 0x0000027058134f60 Exception <a 'java/lang/NoSuchMethodError'{0x000000070d0268f0}: 'java.lang.Object java.lang.invoke.DirectMethodHandle$Holder.invokeStaticInit(java.lang.Object, java.lang.Object, java.lang.Object, int, int)'> (0x000000070d0268f0) 
thrown [s\src\hotspot\share\interpreter\linkResolver.cpp, line 773]
Event: 99.705 Thread 0x000002707d9f8ba0 Exception <a 'java/lang/NoSuchMethodError'{0x000000070ad3f768}: 'java.lang.Object java.lang.invoke.DirectMethodHandle$Holder.invokeSpecial(java.lang.Object, java.lang.Object, java.lang.Object, java.lang.Object, java.lang.Object, long)'> (0x000000070ad3f768) 
thrown [s\src\hotspot\share\interpreter\linkResolver.cpp, line 773]
Event: 99.705 Thread 0x000002707d9f8ba0 Exception <a 'java/lang/NoSuchMethodError'{0x000000070ad42ef0}: 'java.lang.Object java.lang.invoke.Invokers$Holder.linkToTargetMethod(java.lang.Object, java.lang.Object, java.lang.Object, long, java.lang.Object)'> (0x000000070ad42ef0) 
thrown [s\src\hotspot\share\interpreter\linkResolver.cpp, line 773]
Event: 99.829 Thread 0x000002707d9fac70 Exception <a 'sun/nio/fs/WindowsException'{0x000000070a8a4398}> (0x000000070a8a4398) 
thrown [s\src\hotspot\share\prims\jni.cpp, line 520]
Event: 99.829 Thread 0x000002707d9fac70 Exception <a 'java/io/FileNotFoundException'{0x000000070a8a5910}> (0x000000070a8a5910) 
thrown [s\src\hotspot\share\prims\jni.cpp, line 520]
Event: 99.829 Thread 0x000002707d9fac70 Exception <a 'sun/nio/fs/WindowsException'{0x000000070a8a72d0}> (0x000000070a8a72d0) 
thrown [s\src\hotspot\share\prims\jni.cpp, line 520]
Event: 99.829 Thread 0x000002707d9fac70 Exception <a 'java/io/FileNotFoundException'{0x000000070a8a8828}> (0x000000070a8a8828) 
thrown [s\src\hotspot\share\prims\jni.cpp, line 520]

ZGC Phase Switch (0 events):
No events

VM Operations (20 events):
Event: 59.175 Executing safepoint VM operation: Cleanup done
Event: 60.094 Executing non-safepoint VM operation: HandshakeAllThreads (HandshakeForDeflation)
Event: 60.094 Executing non-safepoint VM operation: HandshakeAllThreads (HandshakeForDeflation) done
Event: 60.094 Executing non-safepoint VM operation: RendezvousGCThreads
Event: 60.094 Executing non-safepoint VM operation: RendezvousGCThreads done
Event: 69.174 Executing safepoint VM operation: Cleanup
Event: 69.174 Executing safepoint VM operation: Cleanup done
Event: 99.731 Executing non-safepoint VM operation: HandshakeAllThreads (Deoptimize)
Event: 99.731 Executing non-safepoint VM operation: HandshakeAllThreads (Deoptimize) done
Event: 99.731 Executing safepoint VM operation: Cleanup
Event: 99.731 Executing safepoint VM operation: Cleanup done
Event: 99.733 Executing non-safepoint VM operation: HandshakeAllThreads (Deoptimize)
Event: 99.733 Executing non-safepoint VM operation: HandshakeAllThreads (Deoptimize) done
Event: 99.826 Executing non-safepoint VM operation: HandshakeAllThreads (Deoptimize)
Event: 99.826 Executing non-safepoint VM operation: HandshakeAllThreads (Deoptimize) done
Event: 99.880 Executing non-safepoint VM operation: HandshakeAllThreads (Deoptimize)
Event: 99.880 Executing non-safepoint VM operation: HandshakeAllThreads (Deoptimize) done
Event: 99.896 Executing non-safepoint VM operation: HandshakeAllThreads (Deoptimize)
Event: 99.897 Executing non-safepoint VM operation: HandshakeAllThreads (Deoptimize) done
Event: 100.382 Executing safepoint VM operation: G1CollectForAllocation (G1 Evacuation Pause)

Memory protections (0 events):
No events

Nmethod flushes (20 events):
Event: 15.353 Thread 0x000002707c4784d0 flushing  nmethod 0x0000027000654110
Event: 15.353 Thread 0x000002707c4784d0 flushing  nmethod 0x0000027000655590
Event: 15.353 Thread 0x000002707c4784d0 flushing  nmethod 0x0000027000ee5d10
Event: 15.353 Thread 0x000002707c4784d0 flushing  nmethod 0x0000027000ee7590
Event: 15.353 Thread 0x000002707c4784d0 flushing  nmethod 0x0000027000ee9990
Event: 15.353 Thread 0x000002707c4784d0 flushing  nmethod 0x0000027000f2e110
Event: 15.353 Thread 0x000002707c4784d0 flushing  nmethod 0x0000027000f38510
Event: 15.353 Thread 0x000002707c4784d0 flushing  nmethod 0x0000027007f21d10
Event: 15.353 Thread 0x000002707c4784d0 flushing  nmethod 0x0000027000087610
Event: 15.353 Thread 0x000002707c4784d0 flushing  nmethod 0x0000027000091e90
Event: 15.353 Thread 0x000002707c4784d0 flushing  nmethod 0x0000027000093590
Event: 15.353 Thread 0x000002707c4784d0 flushing  nmethod 0x000002700009cb10
Event: 15.353 Thread 0x000002707c4784d0 flushing  nmethod 0x00000270001ecf90
Event: 15.353 Thread 0x000002707c4784d0 flushing  nmethod 0x0000027000234690
Event: 15.353 Thread 0x000002707c4784d0 flushing  nmethod 0x00000270003cbf90
Event: 15.353 Thread 0x000002707c4784d0 flushing  nmethod 0x00000270003e7010
Event: 15.353 Thread 0x000002707c4784d0 flushing  nmethod 0x0000027000579990
Event: 15.353 Thread 0x000002707c4784d0 flushing  nmethod 0x00000270005a0010
Event: 15.353 Thread 0x000002707c4784d0 flushing  nmethod 0x00000270005b8310
Event: 15.353 Thread 0x000002707c4784d0 flushing  nmethod 0x0000027000a00a90

Events (20 events):
Event: 15.454 Thread 0x000002707ddd1250 Thread added: 0x000002707d9fda60
Event: 15.454 Thread 0x000002707ddd1250 Thread added: 0x000002707d9f8ba0
Event: 15.454 Thread 0x000002707ddd1250 Thread added: 0x000002707d9fac70
Event: 15.454 Thread 0x000002707ddd1250 Thread added: 0x000002707d9fd3d0
Event: 15.454 Thread 0x000002707ddd1250 Thread added: 0x000002707d9fc020
Event: 15.454 Thread 0x000002707ddd1250 Thread added: 0x000002707d9fe0f0
Event: 15.455 Thread 0x000002707ddd1250 Thread added: 0x000002707d9fe780
Event: 15.455 Thread 0x000002707ddd1250 Thread added: 0x000002707d9fb300
Event: 15.455 Thread 0x000002707ddd1250 Thread added: 0x0000027058136310
Event: 15.455 Thread 0x000002707ddd1250 Thread added: 0x00000270581348d0
Event: 15.472 Thread 0x000002707ddd1250 Thread added: 0x0000027058134240
Event: 15.473 Thread 0x000002707ddd1250 Thread added: 0x0000027058134f60
Event: 15.500 Thread 0x000002707ddd1250 Thread added: 0x00000270581355f0
Event: 15.984 Thread 0x000002707c4bf130 Thread added: 0x0000027057e96a40
Event: 16.198 Thread 0x000002707ddd1250 Thread exited: 0x000002707ddd1250
Event: 16.200 Thread 0x000002707dc89f80 Thread exited: 0x000002707dc89f80
Event: 16.202 Thread 0x0000027071c0d160 Thread exited: 0x0000027071c0d160
Event: 16.202 Thread 0x0000027058137030 Thread added: 0x0000027058137030
Event: 16.503 Thread 0x0000027057e96a40 Thread exited: 0x0000027057e96a40
Event: 100.239 Thread 0x000002707c4bf130 Thread added: 0x0000027057e9d070


Dynamic libraries:
0x00007ff7b4c30000 - 0x00007ff7b4c3e000 	C:\Users\THACH VAN BACH\.vscode\extensions\redhat.java-1.54.0-win32-x64\jre\21.0.10-win32-x86_64\bin\java.exe
0x00007ff850cd0000 - 0x00007ff850ee8000 	C:\Windows\SYSTEM32\ntdll.dll
0x00007ff84f480000 - 0x00007ff84f544000 	C:\Windows\System32\KERNEL32.DLL
0x00007ff84e380000 - 0x00007ff84e753000 	C:\Windows\System32\KERNELBASE.dll
0x00007ff84df80000 - 0x00007ff84e091000 	C:\Windows\System32\ucrtbase.dll
0x00007ffff1af0000 - 0x00007ffff1b08000 	C:\Users\THACH VAN BACH\.vscode\extensions\redhat.java-1.54.0-win32-x64\jre\21.0.10-win32-x86_64\bin\jli.dll
0x00007ffff1b10000 - 0x00007ffff1b2e000 	C:\Users\THACH VAN BACH\.vscode\extensions\redhat.java-1.54.0-win32-x64\jre\21.0.10-win32-x86_64\bin\VCRUNTIME140.dll
0x00007ff850110000 - 0x00007ff8502c2000 	C:\Windows\System32\USER32.dll
0x00007ff84e0a0000 - 0x00007ff84e0c6000 	C:\Windows\System32\win32u.dll
0x00007ff84feb0000 - 0x00007ff84fed9000 	C:\Windows\System32\GDI32.dll
0x00007ff830880000 - 0x00007ff830b1c000 	C:\Windows\WinSxS\amd64_microsoft.windows.common-controls_6595b64144ccf1df_6.0.22621.6060_none_2712eda17382d24b\COMCTL32.dll
0x00007ff84dde0000 - 0x00007ff84defb000 	C:\Windows\System32\gdi32full.dll
0x00007ff84e8d0000 - 0x00007ff84e96a000 	C:\Windows\System32\msvcp_win.dll
0x00007ff84eed0000 - 0x00007ff84ef77000 	C:\Windows\System32\msvcrt.dll
0x00007ff850040000 - 0x00007ff850071000 	C:\Windows\System32\IMM32.DLL
0x000000005c5d0000 - 0x000000005c5dd000 	C:\Program Files (x86)\360\Total Security\safemon\SafeWrapper.dll
0x00007ff84ee10000 - 0x00007ff84eec1000 	C:\Windows\System32\ADVAPI32.dll
0x00007ff84f550000 - 0x00007ff84f5f8000 	C:\Windows\System32\sechost.dll
0x00007ff84e0d0000 - 0x00007ff84e0f8000 	C:\Windows\System32\bcrypt.dll
0x00007ff850670000 - 0x00007ff850788000 	C:\Windows\System32\RPCRT4.dll
0x00007ff842e40000 - 0x00007ff842f45000 	C:\Program Files (x86)\360\Total Security\safemon\libzdtp64.dll
0x00007ff84f610000 - 0x00007ff84feac000 	C:\Windows\System32\SHELL32.dll
0x00007ff84e1c0000 - 0x00007ff84e2ff000 	C:\Windows\System32\wintypes.dll
0x00007ff8502d0000 - 0x00007ff850661000 	C:\Windows\System32\combase.dll
0x00007ff84eb20000 - 0x00007ff84eb89000 	C:\Windows\System32\SHLWAPI.dll
0x00007ff84da40000 - 0x00007ff84da4a000 	C:\Windows\SYSTEM32\VERSION.dll
0x00007ff834910000 - 0x00007ff83491c000 	C:\Users\THACH VAN BACH\.vscode\extensions\redhat.java-1.54.0-win32-x64\jre\21.0.10-win32-x86_64\bin\vcruntime140_1.dll
0x00007fffee3e0000 - 0x00007fffee46d000 	C:\Users\THACH VAN BACH\.vscode\extensions\redhat.java-1.54.0-win32-x64\jre\21.0.10-win32-x86_64\bin\msvcp140.dll
0x00007fff8b350000 - 0x00007fff8c0f1000 	C:\Users\THACH VAN BACH\.vscode\extensions\redhat.java-1.54.0-win32-x64\jre\21.0.10-win32-x86_64\bin\server\jvm.dll
0x00007ff84f400000 - 0x00007ff84f471000 	C:\Windows\System32\WS2_32.dll
0x00007ff84cb90000 - 0x00007ff84cbdd000 	C:\Windows\SYSTEM32\POWRPROF.dll
0x00007ff848160000 - 0x00007ff848194000 	C:\Windows\SYSTEM32\WINMM.dll
0x00007ff84cb70000 - 0x00007ff84cb83000 	C:\Windows\SYSTEM32\UMPDC.dll
0x00007ff84ce10000 - 0x00007ff84ce28000 	C:\Windows\SYSTEM32\kernel.appcore.dll
0x00007ff833c40000 - 0x00007ff833c4a000 	C:\Users\THACH VAN BACH\.vscode\extensions\redhat.java-1.54.0-win32-x64\jre\21.0.10-win32-x86_64\bin\jimage.dll
0x00007ff84b1e0000 - 0x00007ff84b413000 	C:\Windows\SYSTEM32\DBGHELP.DLL
0x00007ff8508d0000 - 0x00007ff8509a8000 	C:\Windows\System32\OLEAUT32.dll
0x00007ff83d540000 - 0x00007ff83d572000 	C:\Windows\SYSTEM32\dbgcore.DLL
0x00007ff84df00000 - 0x00007ff84df7b000 	C:\Windows\System32\bcryptPrimitives.dll
0x00007ffff1a40000 - 0x00007ffff1a60000 	C:\Users\THACH VAN BACH\.vscode\extensions\redhat.java-1.54.0-win32-x64\jre\21.0.10-win32-x86_64\bin\java.dll
0x00007ff84bc30000 - 0x00007ff84c54a000 	C:\Windows\SYSTEM32\windows.storage.dll
0x00007ff850a20000 - 0x00007ff850b24000 	C:\Windows\System32\SHCORE.dll
0x00007ff84dd10000 - 0x00007ff84dd35000 	C:\Windows\SYSTEM32\profapi.dll
0x00007ffff1a20000 - 0x00007ffff1a38000 	C:\Users\THACH VAN BACH\.vscode\extensions\redhat.java-1.54.0-win32-x64\jre\21.0.10-win32-x86_64\bin\zip.dll
0x00007ff832800000 - 0x00007ff832810000 	C:\Users\THACH VAN BACH\.vscode\extensions\redhat.java-1.54.0-win32-x64\jre\21.0.10-win32-x86_64\bin\net.dll
0x00007ff8494e0000 - 0x00007ff84960c000 	C:\Windows\SYSTEM32\WINHTTP.dll
0x00007ff84d320000 - 0x00007ff84d389000 	C:\Windows\system32\mswsock.dll
0x00007fffee9a0000 - 0x00007fffee9b6000 	C:\Users\THACH VAN BACH\.vscode\extensions\redhat.java-1.54.0-win32-x64\jre\21.0.10-win32-x86_64\bin\nio.dll
0x00007ff82dfb0000 - 0x00007ff82dfba000 	C:\Users\THACH VAN BACH\.vscode\extensions\redhat.java-1.54.0-win32-x64\jre\21.0.10-win32-x86_64\bin\management.dll
0x00007ff82cde0000 - 0x00007ff82cdec000 	C:\Users\THACH VAN BACH\.vscode\extensions\redhat.java-1.54.0-win32-x64\jre\21.0.10-win32-x86_64\bin\management_ext.dll
0x00007ff84ee00000 - 0x00007ff84ee08000 	C:\Windows\System32\PSAPI.DLL
0x00007ff81e1b0000 - 0x00007ff81e1c7000 	C:\Windows\system32\napinsp.dll
0x00007ff81e190000 - 0x00007ff81e1ab000 	C:\Windows\system32\pnrpnsp.dll
0x00007ff84c8e0000 - 0x00007ff84c9d8000 	C:\Windows\SYSTEM32\DNSAPI.dll
0x00007ff84c8b0000 - 0x00007ff84c8dd000 	C:\Windows\SYSTEM32\IPHLPAPI.DLL
0x00007ff8508c0000 - 0x00007ff8508c9000 	C:\Windows\System32\NSI.dll
0x00007ff81e170000 - 0x00007ff81e181000 	C:\Windows\System32\winrnr.dll
0x00007ff842f50000 - 0x00007ff842f65000 	C:\Windows\system32\wshbth.dll
0x00007ff81e140000 - 0x00007ff81e161000 	C:\Windows\system32\nlansp_c.dll
0x000000005c5a0000 - 0x000000005c5c6000 	C:\Program Files\Bonjour\mdnsNSP.dll
0x00007ff8483b0000 - 0x00007ff8483ba000 	C:\Windows\System32\rasadhlp.dll
0x00007ff845ac0000 - 0x00007ff845b44000 	C:\Windows\System32\fwpuclnt.dll
0x00007ff84d570000 - 0x00007ff84d58b000 	C:\Windows\SYSTEM32\CRYPTSP.dll
0x00007ff84cd70000 - 0x00007ff84cda7000 	C:\Windows\system32\rsaenh.dll
0x00007ff84d410000 - 0x00007ff84d438000 	C:\Windows\SYSTEM32\USERENV.dll
0x00007ff84d590000 - 0x00007ff84d59c000 	C:\Windows\SYSTEM32\CRYPTBASE.dll
0x00007ff8252e0000 - 0x00007ff8252e9000 	C:\Users\THACH VAN BACH\.vscode\extensions\redhat.java-1.54.0-win32-x64\jre\21.0.10-win32-x86_64\bin\extnet.dll
0x00007ff831950000 - 0x00007ff831960000 	C:\Users\THACH VAN BACH\.vscode\extensions\redhat.java-1.54.0-win32-x64\jre\21.0.10-win32-x86_64\bin\verify.dll
0x00007ff82e000000 - 0x00007ff82e00e000 	C:\Users\THACH VAN BACH\.vscode\extensions\redhat.java-1.54.0-win32-x64\jre\21.0.10-win32-x86_64\bin\sunmscapi.dll
0x00007ff84e760000 - 0x00007ff84e8c8000 	C:\Windows\System32\CRYPT32.dll
0x00007ff84d730000 - 0x00007ff84d75e000 	C:\Windows\SYSTEM32\ncrypt.dll
0x00007ff84d6f0000 - 0x00007ff84d727000 	C:\Windows\SYSTEM32\NTASN1.dll
0x00007ff81f4e0000 - 0x00007ff81f4e8000 	C:\Windows\system32\wshunix.dll

JVMTI agents: none

dbghelp: loaded successfully - version: 4.0.5 - missing functions: none
symbol engine: initialized successfully - sym options: 0x614 - pdb path: .;C:\Users\THACH VAN BACH\.vscode\extensions\redhat.java-1.54.0-win32-x64\jre\21.0.10-win32-x86_64\bin;C:\Windows\SYSTEM32;C:\Windows\WinSxS\amd64_microsoft.windows.common-controls_6595b64144ccf1df_6.0.22621.6060_none_2712eda17382d24b;C:\Program Files (x86)\360\Total Security\safemon;C:\Users\THACH VAN BACH\.vscode\extensions\redhat.java-1.54.0-win32-x64\jre\21.0.10-win32-x86_64\bin\server;C:\Program Files\Bonjour

VM Arguments:
jvm_args: -Dcom.sun.management.jmxremote -Dcom.sun.management.jmxremote.port=54405 -Dcom.sun.management.jmxremote.authenticate=false -Dcom.sun.management.jmxremote.ssl=false -Dspring.jmx.enabled=true -Djava.rmi.server.hostname=localhost -Dspring.application.admin.enabled=true -Dspring.boot.project.name=BE_DUANTOTNGHIEP_BANVEXEMPHIM -XX:+ShowCodeDetailsInExceptionMessages 
java_command: com.fpoly.duan.BeDuantotnghiepBanvexemphimApplication
java_class_path (initial): D:\FPT\DATN\DATN\BE_DUANTOTNGHIEP_BANVEXEMPHIM\target\classes;C:\Users\THACH VAN BACH\.m2\repository\org\springframework\boot\spring-boot-starter-web\3.5.11\spring-boot-starter-web-3.5.11.jar;C:\Users\THACH VAN BACH\.m2\repository\org\springframework\boot\spring-boot-starter\3.5.11\spring-boot-starter-3.5.11.jar;C:\Users\THACH VAN BACH\.m2\repository\org\springframework\boot\spring-boot-starter-logging\3.5.11\spring-boot-starter-logging-3.5.11.jar;C:\Users\THACH VAN BACH\.m2\repository\ch\qos\logback\logback-classic\1.5.32\logback-classic-1.5.32.jar;C:\Users\THACH VAN BACH\.m2\repository\ch\qos\logback\logback-core\1.5.32\logback-core-1.5.32.jar;C:\Users\THACH VAN BACH\.m2\repository\org\apache\logging\log4j\log4j-to-slf4j\2.24.3\log4j-to-slf4j-2.24.3.jar;C:\Users\THACH VAN BACH\.m2\repository\org\apache\logging\log4j\log4j-api\2.24.3\log4j-api-2.24.3.jar;C:\Users\THACH VAN BACH\.m2\repository\org\slf4j\jul-to-slf4j\2.0.17\jul-to-slf4j-2.0.17.jar;C:\Users\THACH VAN BACH\.m2\repository\org\yaml\snakeyaml\2.4\snakeyaml-2.4.jar;C:\Users\THACH VAN BACH\.m2\repository\org\springframework\boot\spring-boot-starter-json\3.5.11\spring-boot-starter-json-3.5.11.jar;C:\Users\THACH VAN BACH\.m2\repository\com\fasterxml\jackson\datatype\jackson-datatype-jdk8\2.19.4\jackson-datatype-jdk8-2.19.4.jar;C:\Users\THACH VAN BACH\.m2\repository\com\fasterxml\jackson\datatype\jackson-datatype-jsr310\2.19.4\jackson-datatype-jsr310-2.19.4.jar;C:\Users\THACH VAN BACH\.m2\repository\com\fasterxml\jackson\module\jackson-module-parameter-names\2.19.4\jackson-module-parameter-names-2.19.4.jar;C:\Users\THACH VAN BACH\.m2\repository\org\springframework\spring-web\6.2.16\spring-web-6.2.16.jar;C:\Users\THACH VAN BACH\.m2\repository\org\springframework\spring-beans\6.2.16\spring-beans-6.2.16.jar;C:\Users\THACH VAN BACH\.m2\repository\io\micrometer\micrometer-observation\1.15.9\micrometer-observation-1.15.9.jar;C:\Users\THACH VAN BACH\.m2\repository\io\micrometer\micrometer-commons\1.15.9\micrometer-commons-1.15.9.jar;C:\Users\THACH VAN BACH\.m2\repository\org\springframework\spring-webmvc\6.2.16\spring-webmvc-6.2.16.jar;C:\Users\THACH VAN BACH\.m2\repository\org\springframework\spring-context\6.2.16\spring-context-6.2.16.jar;C:\Users\THACH VAN BACH\.m2\repository\org\springframework\spring-expression\6.2.16\spring-expression-6.2.16.jar;C:\Users\THACH VAN BACH\.m2\repository\org\springframework\boot\spring-boot-starter-tomcat\3.5.11\spring-boot-starter-tomcat-3.5.11.jar;C:\Users\THACH VAN BACH\.m2\repository\jakarta\annotation\jakarta.annotation-api\2.1.1\jakarta.annotation-api-2.1.1.jar;C:\Users\THACH VAN BACH\.m2\repository\org\apache\tomcat\embed\tomcat-embed-core\10.1.52\tomcat-embed-core-10.1.52.jar;C:\Users\THACH VAN BACH\.m2\repository\org\apache\tomcat\embed\tomcat-embed-el\10.1.52\tomcat-embed-el-10.1.52.jar;C:\Users\THACH VAN BACH\.m2\repository\org\apache\tomcat\embed\tomcat-embed-websocket\10.1.52\tomcat-embed-websocket-10.1.52.jar;C:\Users\THACH VAN BACH\.m2\repository\org\springframework\boot\spring-boot-starter-data-jpa\3.5.11\spring-boot-starter-data-jpa-3.5.11.jar;C:\Users\THACH VAN BACH\.m2\repository\org\springframework\boot\spring-boot-starter-jdbc\3.5.11\spring-boot-starter-jdbc-3.5.11.jar;C:\Users\THACH VAN BACH\.m2\repository\com\zaxxer\HikariCP\6.3.3\HikariCP-6.3.3.jar;C:\Users\THACH VAN BACH\.m2\repository\org\springframework\spring-jdbc\6.2.16\spring-jdbc-6.2.16.jar;C:\Users\THACH VAN BACH\.m2\repository\org\hibernate\orm\hibernate-core\6.6.42.Final\hibernate-core-6.6.42.Final.jar;C:\Users\THACH VAN BACH\.m2\repository\jakarta\persistence\jakarta.persistence-api\3.1.0\jakarta.persistence-api-3.1.0.jar;C:\Users\THACH VAN BACH\.m2\repository\jakarta\transaction\jakarta.transaction-api\2.0.1\jakarta.transaction-api-2.0.1.jar;C:\Users\THACH VAN BACH\.m2\repository\org\jboss\logging\jboss-logging\3.6.2.Final\jboss-logging-3.6.2.Final.jar;C:\Users\THACH VAN BACH\.m2\repository\org\hibernate\common\hibernate-commons-annotations\7.0.3.Final\hibernate-commons-annotations-7.0.3.Final.jar;C:\Users\THACH VAN BACH\.m2\repository\io\smallrye\jandex\3.2.0\jandex-3.2.0.jar;C:\Users\THACH VAN BACH\.m2\repository\com\fasterxml\classmate\1.7.3\classmate-1.7.3.jar;C:\Users\THACH VAN BACH\.m2\repository\net\bytebuddy\byte-buddy\1.17.8\byte-buddy-1.17.8.jar;C:\Users\THACH VAN BACH\.m2\repository\org\glassfish\jaxb\jaxb-runtime\4.0.6\jaxb-runtime-4.0.6.jar;C:\Users\THACH VAN BACH\.m2\repository\org\glassfish\jaxb\jaxb-core\4.0.6\jaxb-core-4.0.6.jar;C:\Users\THACH VAN BACH\.m2\repository\org\glassfish\jaxb\txw2\4.0.6\txw2-4.0.6.jar;C:\Users\THACH VAN BACH\.m2\repository\com\sun\istack\istack-commons-runtime\4.1.2\istack-commons-runtime-4.1.2.jar;C:\Users\THACH VAN BACH\.m2\repository\jakarta\inject\jakarta.inject-api\2.0.1\jakarta.inject-api-2.0.1.jar;C:\Users\THACH VAN BACH\.m2\repository\org\antlr\antlr4-runtime\4.13.0\antlr4-runtime-4.13.0.jar;C:\Users\THACH VAN BACH\.m2\repository\org\springframework\data\spring-data-jpa\3.5.9\spring-data-jpa-3.5.9.jar;C:\Users\THACH VAN BACH\.m2\repository\org\springframework\data\spring-data-commons\3.5.9\spring-data-commons-3.5.9.jar;C:\Users\THACH VAN BACH\.m2\repository\org\springframework\spring-orm\6.2.16\spring-orm-6.2.16.jar;C:\Users\THACH VAN BACH\.m2\repository\org\springframework\spring-tx\6.2.16\spring-tx-6.2.16.jar;C:\Users\THACH VAN BACH\.m2\repository\org\springframework\spring-aspects\6.2.16\spring-aspects-6.2.16.jar;C:\Users\THACH VAN BACH\.m2\repository\org\springframework\boot\spring-boot-starter-validation\3.5.11\spring-boot-starter-validation-3.5.11.jar;C:\Users\THACH VAN BACH\.m2\repository\org\hibernate\validator\hibernate-validator\8.0.3.Final\hibernate-validator-8.0.3.Final.jar;C:\Users\THACH VAN BACH\.m2\repository\jakarta\validation\jakarta.validation-api\3.0.2\jakarta.validation-api-3.0.2.jar;C:\Users\THACH VAN BACH\.m2\repository\org\springframework\boot\spring-boot-starter-security\3.5.11\spring-boot-starter-security-3.5.11.jar;C:\Users\THACH VAN BACH\.m2\repository\org\springframework\spring-aop\6.2.16\spring-aop-6.2.16.jar;C:\Users\THACH VAN BACH\.m2\repository\org\springframework\security\spring-security-config\6.5.8\spring-security-config-6.5.8.jar;C:\Users\THACH VAN BACH\.m2\repository\org\springframework\security\spring-security-core\6.5.8\spring-security-core-6.5.8.jar;C:\Users\THACH VAN BACH\.m2\repository\org\springframework\security\spring-security-crypto\6.5.8\spring-security-crypto-6.5.8.jar;C:\Users\THACH VAN BACH\.m2\repository\org\springframework\security\spring-security-web\6.5.8\spring-security-web-6.5.8.jar;C:\Users\THACH VAN BACH\.m2\repository\org\springframework\boot\spring-boot-starter-aop\3.5.11\spring-boot-starter-aop-3.5.11.jar;C:\Users\THACH VAN BACH\.m2\repository\org\aspectj\aspectjweaver\1.9.25.1\aspectjweaver-1.9.25.1.jar;C:\Users\THACH VAN BACH\.m2\repository\org\springframework\boot\spring-boot-devtools\3.5.11\spring-boot-devtools-3.5.11.jar;C:\Users\THACH VAN BACH\.m2\repository\org\springframework\boot\spring-boot\3.5.11\spring-boot-3.5.11.jar;C:\Users\THACH VAN BACH\.m2\repository\org\springframework\boot\spring-boot-autoconfigure\3.5.11\spring-boot-autoconfigure-3.5.11.jar;C:\Users\THACH VAN BACH\.m2\repository\com\microsoft\sqlserver\mssql-jdbc\12.10.2.jre11\mssql-jdbc-12.10.2.jre11.jar;C:\Users\THACH VAN BACH\.m2\repository\com\mysql\mysql-connector-j\9.6.0\mysql-connector-j-9.6.0.jar;C:\Users\THACH VAN BACH\.m2\repository\org\projectlombok\lombok\1.18.42\lombok-1.18.42.jar;C:\Users\THACH VAN BACH\.m2\repository\io\jsonwebtoken\jjwt-api\0.11.5\jjwt-api-0.11.5.jar;C:\Users\THACH VAN BACH\.m2\repository\io\jsonwebtoken\jjwt-impl\0.11.5\jjwt-impl-0.11.5.jar;C:\Users\THACH VAN BACH\.m2\repository\io\jsonwebtoken\jjwt-jackson\0.11.5\jjwt-jackson-0.11.5.jar;C:\Users\THACH VAN BACH\.m2\repository\com\fasterxml\jackson\core\jackson-databind\2.19.4\jackson-databind-2.19.4.jar;C:\Users\THACH VAN BACH\.m2\repository\com\fasterxml\jackson\core\jackson-annotations\2.19.4\jackson-annotations-2.19.4.jar;C:\Users\THACH VAN BACH\.m2\repository\com\fasterxml\jackson\core\jackson-core\2.19.4\jackson-core-2.19.4.jar;C:\Users\THACH VAN BACH\.m2\repository\com\cloudinary\cloudinary-http44\1.33.0\cloudinary-http44-1.33.0.jar;C:\Users\THACH VAN BACH\.m2\repository\com\cloudinary\cloudinary-core\1.33.0\cloudinary-core-1.33.0.jar;C:\Users\THACH VAN BACH\.m2\repository\org\apache\commons\commons-lang3\3.17.0\commons-lang3-3.17.0.jar;C:\Users\THACH VAN BACH\.m2\repository\org\apache\httpcomponents\httpclient\4.4\httpclient-4.4.jar;C:\Users\THACH VAN BACH\.m2\repository\org\apache\httpcomponents\httpcore\4.4.16\httpcore-4.4.16.jar;C:\Users\THACH VAN BACH\.m2\repository\commons-logging\commons-logging\1.2\commons-logging-1.2.jar;C:\Users\THACH VAN BACH\.m2\repository\commons-codec\commons-codec\1.18.0\commons-codec-1.18.0.jar;C:\Users\THACH VAN BACH\.m2\repository\org\apache\httpcomponents\httpmime\4.4\httpmime-4.4.jar;C:\Users\THACH VAN BACH\.m2\repository\com\squareup\okhttp3\okhttp\4.12.0\okhttp-4.12.0.jar;C:\Users\THACH VAN BACH\.m2\repository\com\squareup\okio\okio\3.6.0\okio-3.6.0.jar;C:\Users\THACH VAN BACH\.m2\repository\com\squareup\okio\okio-jvm\3.6.0\okio-jvm-3.6.0.jar;C:\Users\THACH VAN BACH\.m2\repository\org\jetbrains\kotlin\kotlin-stdlib-common\1.9.25\kotlin-stdlib-common-1.9.25.jar;C:\Users\THACH VAN BACH\.m2\repository\org\jetbrains\kotlin\kotlin-stdlib-jdk8\1.9.25\kotlin-stdlib-jdk8-1.9.25.jar;C:\Users\THACH VAN BACH\.m2\repository\org\jetbrains\kotlin\kotlin-stdlib\1.9.25\kotlin-stdlib-1.9.25.jar;C:\Users\THACH VAN BACH\.m2\repository\org\jetbrains\annotations\13.0\annotations-13.0.jar;C:\Users\THACH VAN BACH\.m2\repository\org\jetbrains\kotlin\kotlin-stdlib-jdk7\1.9.25\kotlin-stdlib-jdk7-1.9.25.jar;C:\Users\THACH VAN BACH\.m2\repository\org\json\json\20231013\json-20231013.jar;C:\Users\THACH VAN BACH\.m2\repository\org\springframework\boot\spring-boot-starter-mail\3.5.11\spring-boot-starter-mail-3.5.11.jar;C:\Users\THACH VAN BACH\.m2\repository\org\springframework\spring-context-support\6.2.16\spring-context-support-6.2.16.jar;C:\Users\THACH VAN BACH\.m2\repository\org\eclipse\angus\jakarta.mail\2.0.5\jakarta.mail-2.0.5.jar;C:\Users\THACH VAN BACH\.m2\repository\jakarta\activation\jakarta.activation-api\2.1.4\jakarta.activation-api-2.1.4.jar;C:\Users\THACH VAN BACH\.m2\repository\org\eclipse\angus\angus-activation\2.0.3\angus-activation-2.0.3.jar;C:\Users\THACH VAN BACH\.m2\repository\org\springframework\boot\spring-boot-starter-thymeleaf\3.5.11\spring-boot-starter-thymeleaf-3.5.11.jar;C:\Users\THACH VAN BACH\.m2\repository\org\thymeleaf\thymeleaf-spring6\3.1.3.RELEASE\thymeleaf-spring6-3.1.3.RELEASE.jar;C:\Users\THACH VAN BACH\.m2\repository\nz\net\ultraq\thymeleaf\thymeleaf-layout-dialect\3.4.0\thymeleaf-layout-dialect-3.4.0.jar;C:\Users\THACH VAN BACH\.m2\repository\org\apache\groovy\groovy\4.0.30\groovy-4.0.30.jar;C:\Users\THACH VAN BACH\.m2\repository\nz\net\ultraq\groovy\groovy-extensions\2.3.3\groovy-extensions-2.3.3.jar;C:\Users\THACH VAN BACH\.m2\repository\nz\net\ultraq\thymeleaf\thymeleaf-expression-processor\3.2.0\thymeleaf-expression-processor-3.2.0.jar;C:\Users\THACH VAN BACH\.m2\repository\org\thymeleaf\thymeleaf\3.1.3.RELEASE\thymeleaf-3.1.3.RELEASE.jar;C:\Users\THACH VAN BACH\.m2\repository\ognl\ognl\3.3.4\ognl-3.3.4.jar;C:\Users\THACH VAN BACH\.m2\repository\org\javassist\javassist\3.29.0-GA\javassist-3.29.0-GA.jar;C:\Users\THACH VAN BACH\.m2\repository\org\attoparser\attoparser\2.0.7.RELEASE\attoparser-2.0.7.RELEASE.jar;C:\Users\THACH VAN BACH\.m2\repository\org\unbescape\unbescape\1.1.6.RELEASE\unbescape-1.1.6.RELEASE.jar;C:\Users\THACH VAN BACH\.m2\repository\org\slf4j\slf4j-api\2.0.17\slf4j-api-2.0.17.jar;C:\Users\THACH VAN BACH\.m2\repository\org\springdoc\springdoc-openapi-starter-webmvc-ui\2.8.5\springdoc-openapi-starter-webmvc-ui-2.8.5.jar;C:\Users\THACH VAN BACH\.m2\repository\org\springdoc\springdoc-openapi-starter-webmvc-api\2.8.5\springdoc-openapi-starter-webmvc-api-2.8.5.jar;C:\Users\THACH VAN BACH\.m2\repository\org\springdoc\springdoc-openapi-starter-common\2.8.5\springdoc-openapi-starter-common-2.8.5.jar;C:\Users\THACH VAN BACH\.m2\repository\io\swagger\core\v3\swagger-core-jakarta\2.2.28\swagger-core-jakarta-2.2.28.jar;C:\Users\THACH VAN BACH\.m2\repository\io\swagger\core\v3\swagger-annotations-jakarta\2.2.28\swagger-annotations-jakarta-2.2.28.jar;C:\Users\THACH VAN BACH\.m2\repository\io\swagger\core\v3\swagger-models-jakarta\2.2.28\swagger-models-jakarta-2.2.28.jar;C:\Users\THACH VAN BACH\.m2\repository\com\fasterxml\jackson\dataformat\jackson-dataformat-yaml\2.19.4\jackson-dataformat-yaml-2.19.4.jar;C:\Users\THACH VAN BACH\.m2\repository\org\webjars\swagger-ui\5.18.3\swagger-ui-5.18.3.jar;C:\Users\THACH VAN BACH\.m2\repository\org\webjars\webjars-locator-lite\1.1.3\webjars-locator-lite-1.1.3.jar;C:\Users\THACH VAN BACH\.m2\repository\org\jspecify\jspecify\1.0.0\jspecify-1.0.0.jar;C:\Users\THACH VAN BACH\.m2\repository\jakarta\xml\bind\jakarta.xml.bind-api\4.0.4\jakarta.xml.bind-api-4.0.4.jar;C:\Users\THACH VAN BACH\.m2\repository\org\springframework\spring-core\6.2.16\spring-core-6.2.16.jar;C:\Users\THACH VAN BACH\.m2\repository\org\springframework\spring-jcl\6.2.16\spring-jcl-6.2.16.jar
Launcher Type: SUN_STANDARD

[Global flags]
     intx CICompilerCount                          = 4                                         {product} {ergonomic}
     uint ConcGCThreads                            = 3                                         {product} {ergonomic}
     uint G1ConcRefinementThreads                  = 10                                        {product} {ergonomic}
   size_t G1HeapRegionSize                         = 2097152                                   {product} {ergonomic}
    uintx GCDrainStackTargetSize                   = 64                                        {product} {ergonomic}
   size_t InitialHeapSize                          = 264241152                                 {product} {ergonomic}
     bool ManagementServer                         = true                                      {product} {command line}
   size_t MarkStackSize                            = 4194304                                   {product} {ergonomic}
   size_t MaxHeapSize                              = 4219469824                                {product} {ergonomic}
   size_t MaxNewSize                               = 2531262464                                {product} {ergonomic}
   size_t MinHeapDeltaBytes                        = 2097152                                   {product} {ergonomic}
   size_t MinHeapSize                              = 8388608                                   {product} {ergonomic}
    uintx NonNMethodCodeHeapSize                   = 5839372                                {pd product} {ergonomic}
    uintx NonProfiledCodeHeapSize                  = 122909434                              {pd product} {ergonomic}
    uintx ProfiledCodeHeapSize                     = 122909434                              {pd product} {ergonomic}
    uintx ReservedCodeCacheSize                    = 251658240                              {pd product} {ergonomic}
     bool SegmentedCodeCache                       = true                                      {product} {ergonomic}
     bool ShowCodeDetailsInExceptionMessages       = true                                   {manageable} {command line}
   size_t SoftMaxHeapSize                          = 4219469824                             {manageable} {ergonomic}
     bool UseCompressedOops                        = true                           {product lp64_product} {ergonomic}
     bool UseG1GC                                  = true                                      {product} {ergonomic}
     bool UseLargePagesIndividualAllocation        = false                                  {pd product} {ergonomic}

Logging:
Log output configuration:
 #0: stdout all=warning uptime,level,tags foldmultilines=false
 #1: stderr all=off uptime,level,tags foldmultilines=false

Release file:
JAVA_VERSION="21.0.10" 
MODULES="java.base java.compiler java.datatransfer java.xml java.prefs java.desktop java.instrument java.logging java.management java.security.sasl java.naming java.rmi java.management.rmi java.net.http java.scripting java.security.jgss java.transaction.xa java.sql java.sql.rowset java.xml.crypto java.se java.smartcardio jdk.accessibility jdk.internal.jvmstat jdk.attach jdk.charsets jdk.internal.opt jdk.zipfs jdk.compiler jdk.crypto.ec jdk.crypto.cryptoki jdk.crypto.mscapi jdk.dynalink jdk.internal.ed jdk.editpad jdk.hotspot.agent jdk.httpserver jdk.internal.le jdk.internal.vm.ci jdk.internal.vm.compiler jdk.internal.vm.compiler.management jdk.jartool jdk.javadoc jdk.jcmd jdk.management jdk.management.agent jdk.jconsole jdk.jdeps jdk.jdwp.agent jdk.jdi jdk.jfr jdk.jshell jdk.jsobject jdk.jstatd jdk.localedata jdk.management.jfr jdk.naming.dns jdk.naming.rmi jdk.net jdk.nio.mapmode jdk.random jdk.sctp jdk.security.auth jdk.security.jgss jdk.unsupported jdk.unsupported.desktop jdk.xml.dom" 

Environment Variables:
PATH=C:\Users\THACH VAN BACH\AppData\Local\Programs\Microsoft VS Code;C:\Program Files\Common Files\Oracle\Java\javapath;C:\Program Files (x86)\Common Files\Oracle\Java\javapath;C:\Windows\system32;C:\Windows;C:\Windows\System32\Wbem;C:\Windows\System32\WindowsPowerShell\v1.0\;C:\Windows\System32\OpenSSH\;C:\Program Files (x86)\NVIDIA Corporation\PhysX\Common;C:\Program Files (x86)\Microsoft SQL Server\160\Tools\Binn\;C:\Program Files\Microsoft SQL Server\160\Tools\Binn\;C:\Program Files\Microsoft SQL Server\Client SDK\ODBC\170\Tools\Binn\;C:\Program Files\Microsoft SQL Server\160\DTS\Binn\;C:\Program Files (x86)\Microsoft SQL Server\160\DTS\Binn\;C:\Program Files\dotnet\;D:\Git\cmd;C:\Program Files\NVIDIA Corporation\NVIDIA App\NvDLISR;C:\Program Files\Cloudflare\Cloudflare WARP\;D:\note\;C:\Users\THACH VAN BACH\AppData\Local\Microsoft\WindowsApps;F:\Azure Data Studio\bin;C:\Users\THACH VAN BACH\AppData\Local\GitHubDesktop\bin;C:\Users\THACH VAN BACH\AppData\Local\Programs\Microsoft VS Code\bin;C:\Users\THACH VAN BACH\AppData\Roaming\npm;C:\Users\THACH VAN BACH\AppData\Local\Python\bin;E:\cursor\cursor\resources\app\bin;c:\Users\THACH VAN BACH\.vscode\extensions\vscjava.vscode-java-debug-0.59.0\bundled\scripts\noConfigScripts
USERNAME=THACH VAN BACH
LANG=en_US.UTF-8
OS=Windows_NT
PROCESSOR_IDENTIFIER=Intel64 Family 6 Model 154 Stepping 3, GenuineIntel
TMP=C:\Users\THACHV~1\AppData\Local\Temp
TEMP=C:\Users\THACHV~1\AppData\Local\Temp




Periodic native trim disabled

---------------  S Y S T E M  ---------------

OS:
 Windows 11 , 64 bit Build 22621 (10.0.22621.5415)
OS uptime: 3 days 1:26 hours
Hyper-V role detected

CPU: total 12 (initial active 12) (6 cores per cpu, 2 threads per core) family 6 model 154 stepping 3 microcode 0x42a, cx8, cmov, fxsr, ht, mmx, 3dnowpref, sse, sse2, sse3, ssse3, sse4.1, sse4.2, popcnt, lzcnt, tsc, tscinvbit, avx, avx2, aes, erms, clmul, bmi1, bmi2, adx, sha, fma, vzeroupper, clflush, clflushopt, clwb, hv, serialize, rdtscp, rdpid, fsrm, f16c, cet_ibt, cet_ss
Processor Information for processor 0
  Max Mhz: 2000, Current Mhz: 2000, Mhz Limit: 2000
Processor Information for processor 1
  Max Mhz: 2000, Current Mhz: 2000, Mhz Limit: 2000
Processor Information for processor 2
  Max Mhz: 2000, Current Mhz: 2000, Mhz Limit: 2000
Processor Information for processor 3
  Max Mhz: 2000, Current Mhz: 2000, Mhz Limit: 2000
Processor Information for processor 4
  Max Mhz: 2000, Current Mhz: 2000, Mhz Limit: 2000
Processor Information for processor 5
  Max Mhz: 2000, Current Mhz: 2000, Mhz Limit: 2000
Processor Information for processor 6
  Max Mhz: 2000, Current Mhz: 2000, Mhz Limit: 2000
Processor Information for processor 7
  Max Mhz: 2000, Current Mhz: 2000, Mhz Limit: 2000
Processor Information for processor 8
  Max Mhz: 2000, Current Mhz: 1500, Mhz Limit: 1500
Processor Information for processor 9
  Max Mhz: 2000, Current Mhz: 1500, Mhz Limit: 1500
Processor Information for processor 10
  Max Mhz: 2000, Current Mhz: 1500, Mhz Limit: 1500
Processor Information for processor 11
  Max Mhz: 2000, Current Mhz: 1500, Mhz Limit: 1500

Memory: 4k page, system-wide physical 16088M (2253M free)
TotalPageFile size 20676M (AvailPageFile size 13M)
current process WorkingSet (physical memory assigned to process): 406M, peak: 406M
current process commit charge ("private bytes"): 448M, peak: 456M

vm_info: OpenJDK 64-Bit Server VM (21.0.10+7-LTS) for windows-amd64 JRE (21.0.10+7-LTS), built on 2026-01-20T00:00:00Z by "admin" with MS VC++ 17.12 (VS2022)

END.
